[4.742s] Invoking command in '/home/ros2/ros2_ws/build/sebot_navigation': DEBUGINFOD_URLS=https://debuginfod.ubuntu.com PYTHONPATH=/home/ros2/ros2_ws/build/sebot_navigation/prefix_override:/usr/lib/python3/dist-packages/colcon_core/task/python/colcon_distutils_commands:/home/ros2/ros2_ws/install/sebot_navigation/lib/python3.12/site-packages:${PYTHONPATH} /usr/bin/python3 -W ignore:setup.py install is deprecated -W ignore:easy_install command is deprecated setup.py develop --editable --build-directory /home/ros2/ros2_ws/build/sebot_navigation/build --no-deps symlink_data --force
[6.005s] running develop
[6.962s] running egg_info
[7.017s] writing sebot_navigation.egg-info/PKG-INFO
[7.017s] writing dependency_links to sebot_navigation.egg-info/dependency_links.txt
[7.027s] writing requirements to sebot_navigation.egg-info/requires.txt
[7.027s] writing top-level names to sebot_navigation.egg-info/top_level.txt
[7.183s] reading manifest file 'sebot_navigation.egg-info/SOURCES.txt'
[7.185s] writing manifest file 'sebot_navigation.egg-info/SOURCES.txt'
[7.237s] running build_ext
[7.238s] Creating /home/ros2/ros2_ws/install/sebot_navigation/lib/python3.12/site-packages/sebot-navigation.egg-link (link to .)
[7.241s] 
[7.242s] Installed /home/ros2/ros2_ws/build/sebot_navigation
[7.242s] running symlink_data
[7.244s] symbolically linking /home/ros2/ros2_ws/build/sebot_navigation/resource/sebot_navigation -> /home/ros2/ros2_ws/install/sebot_navigation/share/ament_index/resource_index/packages
[7.244s] symbolically linking /home/ros2/ros2_ws/build/sebot_navigation/package.xml -> /home/ros2/ros2_ws/install/sebot_navigation/share/sebot_navigation
[7.247s] symbolically linking /home/ros2/ros2_ws/build/sebot_navigation/config/slam_toolbox_params.yaml -> /home/ros2/ros2_ws/install/sebot_navigation/share/sebot_navigation/config
[7.248s] symbolically linking /home/ros2/ros2_ws/build/sebot_navigation/config/nav2_params.yaml -> /home/ros2/ros2_ws/install/sebot_navigation/share/sebot_navigation/config
[7.249s] symbolically linking /home/ros2/ros2_ws/build/sebot_navigation/launch/nav2_bringup.launch.py -> /home/ros2/ros2_ws/install/sebot_navigation/share/sebot_navigation/launch
[7.250s] symbolically linking /home/ros2/ros2_ws/build/sebot_navigation/launch/slam_online_async.launch.py -> /home/ros2/ros2_ws/install/sebot_navigation/share/sebot_navigation/launch
[7.254s] symbolically linking /home/ros2/ros2_ws/build/sebot_navigation/launch/sebot_navigation.launch.py -> /home/ros2/ros2_ws/install/sebot_navigation/share/sebot_navigation/launch
[7.414s] Invoked command in '/home/ros2/ros2_ws/build/sebot_navigation' returned '0': DEBUGINFOD_URLS=https://debuginfod.ubuntu.com PYTHONPATH=/home/ros2/ros2_ws/build/sebot_navigation/prefix_override:/usr/lib/python3/dist-packages/colcon_core/task/python/colcon_distutils_commands:/home/ros2/ros2_ws/install/sebot_navigation/lib/python3.12/site-packages:${PYTHONPATH} /usr/bin/python3 -W ignore:setup.py install is deprecated -W ignore:easy_install command is deprecated setup.py develop --editable --build-directory /home/ros2/ros2_ws/build/sebot_navigation/build --no-deps symlink_data --force
