[0.051s] Invoking command in '/home/ros2/ros2_ws/build/citrack_ros_msgs': CMAKE_PREFIX_PATH=${CMAKE_PREFIX_PATH}:/home/ros2/ros2_ws/install/uwb_tracking_ros2:/home/ros2/ros2_ws/install/sebot_navigation:/home/ros2/ros2_ws/install/motordriver:/home/ros2/ros2_ws/install/diffdrive:/opt/ros/jazzy DEBUGINFOD_URLS=https://debuginfod.ubuntu.com /usr/bin/cmake --build /home/ros2/ros2_ws/build/citrack_ros_msgs -- -j4 -l4
[0.969s] [  1%] Built target citrack_ros_msgs__rosidl_generator_type_description
[0.969s] [  1%] Built target ament_cmake_python_symlink_citrack_ros_msgs
[0.970s] [  1%] Built target citrack_ros_msgs__cpp
[0.971s] [ 27%] Built target citrack_ros_msgs__rosidl_generator_c
[0.971s] [ 37%] Built target citrack_ros_msgs__rosidl_typesupport_fastrtps_cpp
[0.971s] [ 47%] Built target citrack_ros_msgs__rosidl_typesupport_fastrtps_c
[0.971s] [ 56%] Built target citrack_ros_msgs__rosidl_typesupport_cpp
[0.972s] [ 66%] Built target citrack_ros_msgs__rosidl_typesupport_c
[0.972s] [ 76%] Built target citrack_ros_msgs__rosidl_typesupport_introspection_c
[0.972s] [ 85%] Built target citrack_ros_msgs__rosidl_typesupport_introspection_cpp
[0.972s] [ 85%] Built target citrack_ros_msgs
[0.972s] [ 86%] Built target citrack_ros_msgs__py
[0.972s] running egg_info
[0.972s] writing citrack_ros_msgs.egg-info/PKG-INFO
[0.972s] writing dependency_links to citrack_ros_msgs.egg-info/dependency_links.txt
[0.972s] writing top-level names to citrack_ros_msgs.egg-info/top_level.txt
[0.972s] [ 95%] Built target citrack_ros_msgs__rosidl_generator_py
[0.973s] [ 97%] Built target citrack_ros_msgs_s__rosidl_typesupport_c
[0.973s] [ 99%] Built target citrack_ros_msgs_s__rosidl_typesupport_introspection_c
[0.973s] [100%] Built target citrack_ros_msgs_s__rosidl_typesupport_fastrtps_c
[0.973s] reading manifest file 'citrack_ros_msgs.egg-info/SOURCES.txt'
[0.973s] writing manifest file 'citrack_ros_msgs.egg-info/SOURCES.txt'
[0.983s] [100%] Built target ament_cmake_python_build_citrack_ros_msgs_egg
[1.022s] Invoked command in '/home/ros2/ros2_ws/build/citrack_ros_msgs' returned '0': CMAKE_PREFIX_PATH=${CMAKE_PREFIX_PATH}:/home/ros2/ros2_ws/install/uwb_tracking_ros2:/home/ros2/ros2_ws/install/sebot_navigation:/home/ros2/ros2_ws/install/motordriver:/home/ros2/ros2_ws/install/diffdrive:/opt/ros/jazzy DEBUGINFOD_URLS=https://debuginfod.ubuntu.com /usr/bin/cmake --build /home/ros2/ros2_ws/build/citrack_ros_msgs -- -j4 -l4
[1.068s] Invoking command in '/home/ros2/ros2_ws/build/citrack_ros_msgs': CMAKE_PREFIX_PATH=${CMAKE_PREFIX_PATH}:/home/ros2/ros2_ws/install/uwb_tracking_ros2:/home/ros2/ros2_ws/install/sebot_navigation:/home/ros2/ros2_ws/install/motordriver:/home/ros2/ros2_ws/install/diffdrive:/opt/ros/jazzy DEBUGINFOD_URLS=https://debuginfod.ubuntu.com /usr/bin/cmake --install /home/ros2/ros2_ws/build/citrack_ros_msgs
[1.109s] -- Install configuration: ""
[1.112s] -- Execute custom install script
[1.112s] -- Up-to-date symlink: /home/ros2/ros2_ws/install/citrack_ros_msgs/share/ament_index/resource_index/rosidl_interfaces/citrack_ros_msgs
[1.112s] -- Up-to-date symlink: /home/ros2/ros2_ws/install/citrack_ros_msgs/share/citrack_ros_msgs/msg/ViconPosition.json
[1.115s] -- Up-to-date symlink: /home/ros2/ros2_ws/install/citrack_ros_msgs/share/citrack_ros_msgs/msg/UwbAnchor.json
[1.115s] -- Up-to-date symlink: /home/ros2/ros2_ws/install/citrack_ros_msgs/share/citrack_ros_msgs/msg/UwbTag.json
[1.118s] -- Up-to-date symlink: /home/ros2/ros2_ws/install/citrack_ros_msgs/share/citrack_ros_msgs/msg/UwbTags.json
[1.118s] -- Up-to-date symlink: /home/ros2/ros2_ws/install/citrack_ros_msgs/share/citrack_ros_msgs/msg/UwbRange.json
[1.118s] -- Up-to-date symlink: /home/ros2/ros2_ws/install/citrack_ros_msgs/share/citrack_ros_msgs/msg/DarknetBoundingBox.json
[1.119s] -- Up-to-date symlink: /home/ros2/ros2_ws/install/citrack_ros_msgs/share/citrack_ros_msgs/msg/DarknetBoundingBoxes.json
[1.119s] -- Up-to-date symlink: /home/ros2/ros2_ws/install/citrack_ros_msgs/share/citrack_ros_msgs/msg/DarknetObjectCount.json
[1.124s] -- Up-to-date symlink: /home/ros2/ros2_ws/install/citrack_ros_msgs/share/citrack_ros_msgs/msg/RvizBirdsEyeParam.json
[1.124s] -- Up-to-date symlink: /home/ros2/ros2_ws/install/citrack_ros_msgs/share/citrack_ros_msgs/msg/CustomTag.json
[1.125s] -- Up-to-date symlink: /home/ros2/ros2_ws/install/citrack_ros_msgs/share/citrack_ros_msgs/msg/MultiTags.json
[1.125s] -- Up-to-date symlink: /home/ros2/ros2_ws/install/citrack_ros_msgs/share/citrack_ros_msgs/action/DarknetCheckForObjects.json
[1.132s] -- Up-to-date symlink: /home/ros2/ros2_ws/install/citrack_ros_msgs/include/citrack_ros_msgs/citrack_ros_msgs/action/darknet_check_for_objects.h
[1.133s] -- Up-to-date symlink: /home/ros2/ros2_ws/install/citrack_ros_msgs/include/citrack_ros_msgs/citrack_ros_msgs/action/detail/darknet_check_for_objects__functions.h
[1.138s] -- Up-to-date symlink: /home/ros2/ros2_ws/install/citrack_ros_msgs/include/citrack_ros_msgs/citrack_ros_msgs/action/detail/darknet_check_for_objects__struct.h
[1.138s] -- Up-to-date symlink: /home/ros2/ros2_ws/install/citrack_ros_msgs/include/citrack_ros_msgs/citrack_ros_msgs/action/detail/darknet_check_for_objects__type_support.h
[1.138s] -- Up-to-date symlink: /home/ros2/ros2_ws/install/citrack_ros_msgs/include/citrack_ros_msgs/citrack_ros_msgs/msg/custom_tag.h
[1.138s] -- Up-to-date symlink: /home/ros2/ros2_ws/install/citrack_ros_msgs/include/citrack_ros_msgs/citrack_ros_msgs/msg/darknet_bounding_box.h
[1.144s] -- Up-to-date symlink: /home/ros2/ros2_ws/install/citrack_ros_msgs/include/citrack_ros_msgs/citrack_ros_msgs/msg/darknet_bounding_boxes.h
[1.144s] -- Up-to-date symlink: /home/ros2/ros2_ws/install/citrack_ros_msgs/include/citrack_ros_msgs/citrack_ros_msgs/msg/darknet_object_count.h
[1.145s] -- Up-to-date symlink: /home/ros2/ros2_ws/install/citrack_ros_msgs/include/citrack_ros_msgs/citrack_ros_msgs/msg/detail/custom_tag__functions.h
[1.145s] -- Up-to-date symlink: /home/ros2/ros2_ws/install/citrack_ros_msgs/include/citrack_ros_msgs/citrack_ros_msgs/msg/detail/custom_tag__struct.h
[1.145s] -- Up-to-date symlink: /home/ros2/ros2_ws/install/citrack_ros_msgs/include/citrack_ros_msgs/citrack_ros_msgs/msg/detail/custom_tag__type_support.h
[1.145s] -- Up-to-date symlink: /home/ros2/ros2_ws/install/citrack_ros_msgs/include/citrack_ros_msgs/citrack_ros_msgs/msg/detail/darknet_bounding_box__functions.h
[1.148s] -- Up-to-date symlink: /home/ros2/ros2_ws/install/citrack_ros_msgs/include/citrack_ros_msgs/citrack_ros_msgs/msg/detail/darknet_bounding_box__struct.h
[1.148s] -- Up-to-date symlink: /home/ros2/ros2_ws/install/citrack_ros_msgs/include/citrack_ros_msgs/citrack_ros_msgs/msg/detail/darknet_bounding_box__type_support.h
[1.148s] -- Up-to-date symlink: /home/ros2/ros2_ws/install/citrack_ros_msgs/include/citrack_ros_msgs/citrack_ros_msgs/msg/detail/darknet_bounding_boxes__functions.h
[1.148s] -- Up-to-date symlink: /home/ros2/ros2_ws/install/citrack_ros_msgs/include/citrack_ros_msgs/citrack_ros_msgs/msg/detail/darknet_bounding_boxes__struct.h
[1.152s] -- Up-to-date symlink: /home/ros2/ros2_ws/install/citrack_ros_msgs/include/citrack_ros_msgs/citrack_ros_msgs/msg/detail/darknet_bounding_boxes__type_support.h
[1.153s] -- Up-to-date symlink: /home/ros2/ros2_ws/install/citrack_ros_msgs/include/citrack_ros_msgs/citrack_ros_msgs/msg/detail/darknet_object_count__functions.h
[1.153s] -- Up-to-date symlink: /home/ros2/ros2_ws/install/citrack_ros_msgs/include/citrack_ros_msgs/citrack_ros_msgs/msg/detail/darknet_object_count__struct.h
[1.153s] -- Up-to-date symlink: /home/ros2/ros2_ws/install/citrack_ros_msgs/include/citrack_ros_msgs/citrack_ros_msgs/msg/detail/darknet_object_count__type_support.h
[1.155s] -- Up-to-date symlink: /home/ros2/ros2_ws/install/citrack_ros_msgs/include/citrack_ros_msgs/citrack_ros_msgs/msg/detail/multi_tags__functions.h
[1.159s] -- Up-to-date symlink: /home/ros2/ros2_ws/install/citrack_ros_msgs/include/citrack_ros_msgs/citrack_ros_msgs/msg/detail/multi_tags__struct.h
[1.160s] -- Up-to-date symlink: /home/ros2/ros2_ws/install/citrack_ros_msgs/include/citrack_ros_msgs/citrack_ros_msgs/msg/detail/multi_tags__type_support.h
[1.166s] -- Up-to-date symlink: /home/ros2/ros2_ws/install/citrack_ros_msgs/include/citrack_ros_msgs/citrack_ros_msgs/msg/detail/rviz_birds_eye_param__functions.h
[1.166s] -- Up-to-date symlink: /home/ros2/ros2_ws/install/citrack_ros_msgs/include/citrack_ros_msgs/citrack_ros_msgs/msg/detail/rviz_birds_eye_param__struct.h
[1.166s] -- Up-to-date symlink: /home/ros2/ros2_ws/install/citrack_ros_msgs/include/citrack_ros_msgs/citrack_ros_msgs/msg/detail/rviz_birds_eye_param__type_support.h
[1.166s] -- Up-to-date symlink: /home/ros2/ros2_ws/install/citrack_ros_msgs/include/citrack_ros_msgs/citrack_ros_msgs/msg/detail/uwb_anchor__functions.h
[1.167s] -- Up-to-date symlink: /home/ros2/ros2_ws/install/citrack_ros_msgs/include/citrack_ros_msgs/citrack_ros_msgs/msg/detail/uwb_anchor__struct.h
[1.168s] -- Up-to-date symlink: /home/ros2/ros2_ws/install/citrack_ros_msgs/include/citrack_ros_msgs/citrack_ros_msgs/msg/detail/uwb_anchor__type_support.h
[1.171s] -- Up-to-date symlink: /home/ros2/ros2_ws/install/citrack_ros_msgs/include/citrack_ros_msgs/citrack_ros_msgs/msg/detail/uwb_range__functions.h
[1.171s] -- Up-to-date symlink: /home/ros2/ros2_ws/install/citrack_ros_msgs/include/citrack_ros_msgs/citrack_ros_msgs/msg/detail/uwb_range__struct.h
[1.171s] -- Up-to-date symlink: /home/ros2/ros2_ws/install/citrack_ros_msgs/include/citrack_ros_msgs/citrack_ros_msgs/msg/detail/uwb_range__type_support.h
[1.176s] -- Up-to-date symlink: /home/ros2/ros2_ws/install/citrack_ros_msgs/include/citrack_ros_msgs/citrack_ros_msgs/msg/detail/uwb_tag__functions.h
[1.176s] -- Up-to-date symlink: /home/ros2/ros2_ws/install/citrack_ros_msgs/include/citrack_ros_msgs/citrack_ros_msgs/msg/detail/uwb_tag__struct.h
[1.176s] -- Up-to-date symlink: /home/ros2/ros2_ws/install/citrack_ros_msgs/include/citrack_ros_msgs/citrack_ros_msgs/msg/detail/uwb_tag__type_support.h
[1.176s] -- Up-to-date symlink: /home/ros2/ros2_ws/install/citrack_ros_msgs/include/citrack_ros_msgs/citrack_ros_msgs/msg/detail/uwb_tags__functions.h
[1.181s] -- Up-to-date symlink: /home/ros2/ros2_ws/install/citrack_ros_msgs/include/citrack_ros_msgs/citrack_ros_msgs/msg/detail/uwb_tags__struct.h
[1.182s] -- Up-to-date symlink: /home/ros2/ros2_ws/install/citrack_ros_msgs/include/citrack_ros_msgs/citrack_ros_msgs/msg/detail/uwb_tags__type_support.h
[1.182s] -- Up-to-date symlink: /home/ros2/ros2_ws/install/citrack_ros_msgs/include/citrack_ros_msgs/citrack_ros_msgs/msg/detail/vicon_position__functions.h
[1.182s] -- Up-to-date symlink: /home/ros2/ros2_ws/install/citrack_ros_msgs/include/citrack_ros_msgs/citrack_ros_msgs/msg/detail/vicon_position__struct.h
[1.183s] -- Up-to-date symlink: /home/ros2/ros2_ws/install/citrack_ros_msgs/include/citrack_ros_msgs/citrack_ros_msgs/msg/detail/vicon_position__type_support.h
[1.184s] -- Up-to-date symlink: /home/ros2/ros2_ws/install/citrack_ros_msgs/include/citrack_ros_msgs/citrack_ros_msgs/msg/multi_tags.h
[1.185s] -- Up-to-date symlink: /home/ros2/ros2_ws/install/citrack_ros_msgs/include/citrack_ros_msgs/citrack_ros_msgs/msg/rosidl_generator_c__visibility_control.h
[1.185s] -- Up-to-date symlink: /home/ros2/ros2_ws/install/citrack_ros_msgs/include/citrack_ros_msgs/citrack_ros_msgs/msg/rviz_birds_eye_param.h
[1.185s] -- Up-to-date symlink: /home/ros2/ros2_ws/install/citrack_ros_msgs/include/citrack_ros_msgs/citrack_ros_msgs/msg/uwb_anchor.h
[1.189s] -- Up-to-date symlink: /home/ros2/ros2_ws/install/citrack_ros_msgs/include/citrack_ros_msgs/citrack_ros_msgs/msg/uwb_range.h
[1.189s] -- Up-to-date symlink: /home/ros2/ros2_ws/install/citrack_ros_msgs/include/citrack_ros_msgs/citrack_ros_msgs/msg/uwb_tag.h
[1.190s] -- Up-to-date symlink: /home/ros2/ros2_ws/install/citrack_ros_msgs/include/citrack_ros_msgs/citrack_ros_msgs/msg/uwb_tags.h
[1.197s] -- Up-to-date symlink: /home/ros2/ros2_ws/install/citrack_ros_msgs/include/citrack_ros_msgs/citrack_ros_msgs/msg/vicon_position.h
[1.198s] -- Up-to-date symlink: /home/ros2/ros2_ws/install/citrack_ros_msgs/share/citrack_ros_msgs/environment/library_path.sh
[1.204s] -- Up-to-date symlink: /home/ros2/ros2_ws/install/citrack_ros_msgs/share/citrack_ros_msgs/environment/library_path.dsv
[1.208s] -- Up-to-date symlink: /home/ros2/ros2_ws/install/citrack_ros_msgs/include/citrack_ros_msgs/citrack_ros_msgs/action/detail/darknet_check_for_objects__rosidl_typesupport_fastrtps_c.h
[1.208s] -- Up-to-date symlink: /home/ros2/ros2_ws/install/citrack_ros_msgs/include/citrack_ros_msgs/citrack_ros_msgs/msg/detail/custom_tag__rosidl_typesupport_fastrtps_c.h
[1.210s] -- Up-to-date symlink: /home/ros2/ros2_ws/install/citrack_ros_msgs/include/citrack_ros_msgs/citrack_ros_msgs/msg/detail/darknet_bounding_box__rosidl_typesupport_fastrtps_c.h
[1.211s] -- Up-to-date symlink: /home/ros2/ros2_ws/install/citrack_ros_msgs/include/citrack_ros_msgs/citrack_ros_msgs/msg/detail/darknet_bounding_boxes__rosidl_typesupport_fastrtps_c.h
[1.212s] -- Up-to-date symlink: /home/ros2/ros2_ws/install/citrack_ros_msgs/include/citrack_ros_msgs/citrack_ros_msgs/msg/detail/darknet_object_count__rosidl_typesupport_fastrtps_c.h
[1.212s] -- Up-to-date symlink: /home/ros2/ros2_ws/install/citrack_ros_msgs/include/citrack_ros_msgs/citrack_ros_msgs/msg/detail/multi_tags__rosidl_typesupport_fastrtps_c.h
[1.217s] -- Up-to-date symlink: /home/ros2/ros2_ws/install/citrack_ros_msgs/include/citrack_ros_msgs/citrack_ros_msgs/msg/detail/rviz_birds_eye_param__rosidl_typesupport_fastrtps_c.h
[1.218s] -- Up-to-date symlink: /home/ros2/ros2_ws/install/citrack_ros_msgs/include/citrack_ros_msgs/citrack_ros_msgs/msg/detail/uwb_anchor__rosidl_typesupport_fastrtps_c.h
[1.218s] -- Up-to-date symlink: /home/ros2/ros2_ws/install/citrack_ros_msgs/include/citrack_ros_msgs/citrack_ros_msgs/msg/detail/uwb_range__rosidl_typesupport_fastrtps_c.h
[1.218s] -- Up-to-date symlink: /home/ros2/ros2_ws/install/citrack_ros_msgs/include/citrack_ros_msgs/citrack_ros_msgs/msg/detail/uwb_tag__rosidl_typesupport_fastrtps_c.h
[1.222s] -- Up-to-date symlink: /home/ros2/ros2_ws/install/citrack_ros_msgs/include/citrack_ros_msgs/citrack_ros_msgs/msg/detail/uwb_tags__rosidl_typesupport_fastrtps_c.h
[1.225s] -- Up-to-date symlink: /home/ros2/ros2_ws/install/citrack_ros_msgs/include/citrack_ros_msgs/citrack_ros_msgs/msg/detail/vicon_position__rosidl_typesupport_fastrtps_c.h
[1.226s] -- Up-to-date symlink: /home/ros2/ros2_ws/install/citrack_ros_msgs/include/citrack_ros_msgs/citrack_ros_msgs/msg/rosidl_typesupport_fastrtps_c__visibility_control.h
[1.233s] -- Up-to-date symlink: /home/ros2/ros2_ws/install/citrack_ros_msgs/include/citrack_ros_msgs/citrack_ros_msgs/action/darknet_check_for_objects.hpp
[1.233s] -- Up-to-date symlink: /home/ros2/ros2_ws/install/citrack_ros_msgs/include/citrack_ros_msgs/citrack_ros_msgs/action/detail/darknet_check_for_objects__builder.hpp
[1.234s] -- Up-to-date symlink: /home/ros2/ros2_ws/install/citrack_ros_msgs/include/citrack_ros_msgs/citrack_ros_msgs/action/detail/darknet_check_for_objects__struct.hpp
[1.236s] -- Up-to-date symlink: /home/ros2/ros2_ws/install/citrack_ros_msgs/include/citrack_ros_msgs/citrack_ros_msgs/action/detail/darknet_check_for_objects__traits.hpp
[1.237s] -- Up-to-date symlink: /home/ros2/ros2_ws/install/citrack_ros_msgs/include/citrack_ros_msgs/citrack_ros_msgs/action/detail/darknet_check_for_objects__type_support.hpp
[1.237s] -- Up-to-date symlink: /home/ros2/ros2_ws/install/citrack_ros_msgs/include/citrack_ros_msgs/citrack_ros_msgs/msg/custom_tag.hpp
[1.239s] -- Up-to-date symlink: /home/ros2/ros2_ws/install/citrack_ros_msgs/include/citrack_ros_msgs/citrack_ros_msgs/msg/darknet_bounding_box.hpp
[1.240s] -- Up-to-date symlink: /home/ros2/ros2_ws/install/citrack_ros_msgs/include/citrack_ros_msgs/citrack_ros_msgs/msg/darknet_bounding_boxes.hpp
[1.240s] -- Up-to-date symlink: /home/ros2/ros2_ws/install/citrack_ros_msgs/include/citrack_ros_msgs/citrack_ros_msgs/msg/darknet_object_count.hpp
[1.240s] -- Up-to-date symlink: /home/ros2/ros2_ws/install/citrack_ros_msgs/include/citrack_ros_msgs/citrack_ros_msgs/msg/detail/custom_tag__builder.hpp
[1.240s] -- Up-to-date symlink: /home/ros2/ros2_ws/install/citrack_ros_msgs/include/citrack_ros_msgs/citrack_ros_msgs/msg/detail/custom_tag__struct.hpp
[1.241s] -- Up-to-date symlink: /home/ros2/ros2_ws/install/citrack_ros_msgs/include/citrack_ros_msgs/citrack_ros_msgs/msg/detail/custom_tag__traits.hpp
[1.241s] -- Up-to-date symlink: /home/ros2/ros2_ws/install/citrack_ros_msgs/include/citrack_ros_msgs/citrack_ros_msgs/msg/detail/custom_tag__type_support.hpp
[1.241s] -- Up-to-date symlink: /home/ros2/ros2_ws/install/citrack_ros_msgs/include/citrack_ros_msgs/citrack_ros_msgs/msg/detail/darknet_bounding_box__builder.hpp
[1.241s] -- Up-to-date symlink: /home/ros2/ros2_ws/install/citrack_ros_msgs/include/citrack_ros_msgs/citrack_ros_msgs/msg/detail/darknet_bounding_box__struct.hpp
[1.241s] -- Up-to-date symlink: /home/ros2/ros2_ws/install/citrack_ros_msgs/include/citrack_ros_msgs/citrack_ros_msgs/msg/detail/darknet_bounding_box__traits.hpp
[1.241s] -- Up-to-date symlink: /home/ros2/ros2_ws/install/citrack_ros_msgs/include/citrack_ros_msgs/citrack_ros_msgs/msg/detail/darknet_bounding_box__type_support.hpp
[1.242s] -- Up-to-date symlink: /home/ros2/ros2_ws/install/citrack_ros_msgs/include/citrack_ros_msgs/citrack_ros_msgs/msg/detail/darknet_bounding_boxes__builder.hpp
[1.242s] -- Up-to-date symlink: /home/ros2/ros2_ws/install/citrack_ros_msgs/include/citrack_ros_msgs/citrack_ros_msgs/msg/detail/darknet_bounding_boxes__struct.hpp
[1.242s] -- Up-to-date symlink: /home/ros2/ros2_ws/install/citrack_ros_msgs/include/citrack_ros_msgs/citrack_ros_msgs/msg/detail/darknet_bounding_boxes__traits.hpp
[1.242s] -- Up-to-date symlink: /home/ros2/ros2_ws/install/citrack_ros_msgs/include/citrack_ros_msgs/citrack_ros_msgs/msg/detail/darknet_bounding_boxes__type_support.hpp
[1.245s] -- Up-to-date symlink: /home/ros2/ros2_ws/install/citrack_ros_msgs/include/citrack_ros_msgs/citrack_ros_msgs/msg/detail/darknet_object_count__builder.hpp
[1.246s] -- Up-to-date symlink: /home/ros2/ros2_ws/install/citrack_ros_msgs/include/citrack_ros_msgs/citrack_ros_msgs/msg/detail/darknet_object_count__struct.hpp
[1.246s] -- Up-to-date symlink: /home/ros2/ros2_ws/install/citrack_ros_msgs/include/citrack_ros_msgs/citrack_ros_msgs/msg/detail/darknet_object_count__traits.hpp
[1.246s] -- Up-to-date symlink: /home/ros2/ros2_ws/install/citrack_ros_msgs/include/citrack_ros_msgs/citrack_ros_msgs/msg/detail/darknet_object_count__type_support.hpp
[1.246s] -- Up-to-date symlink: /home/ros2/ros2_ws/install/citrack_ros_msgs/include/citrack_ros_msgs/citrack_ros_msgs/msg/detail/multi_tags__builder.hpp
[1.247s] -- Up-to-date symlink: /home/ros2/ros2_ws/install/citrack_ros_msgs/include/citrack_ros_msgs/citrack_ros_msgs/msg/detail/multi_tags__struct.hpp
[1.248s] -- Up-to-date symlink: /home/ros2/ros2_ws/install/citrack_ros_msgs/include/citrack_ros_msgs/citrack_ros_msgs/msg/detail/multi_tags__traits.hpp
[1.249s] -- Up-to-date symlink: /home/ros2/ros2_ws/install/citrack_ros_msgs/include/citrack_ros_msgs/citrack_ros_msgs/msg/detail/multi_tags__type_support.hpp
[1.250s] -- Up-to-date symlink: /home/ros2/ros2_ws/install/citrack_ros_msgs/include/citrack_ros_msgs/citrack_ros_msgs/msg/detail/rviz_birds_eye_param__builder.hpp
[1.250s] -- Up-to-date symlink: /home/ros2/ros2_ws/install/citrack_ros_msgs/include/citrack_ros_msgs/citrack_ros_msgs/msg/detail/rviz_birds_eye_param__struct.hpp
[1.252s] -- Up-to-date symlink: /home/ros2/ros2_ws/install/citrack_ros_msgs/include/citrack_ros_msgs/citrack_ros_msgs/msg/detail/rviz_birds_eye_param__traits.hpp
[1.253s] -- Up-to-date symlink: /home/ros2/ros2_ws/install/citrack_ros_msgs/include/citrack_ros_msgs/citrack_ros_msgs/msg/detail/rviz_birds_eye_param__type_support.hpp
[1.253s] -- Up-to-date symlink: /home/ros2/ros2_ws/install/citrack_ros_msgs/include/citrack_ros_msgs/citrack_ros_msgs/msg/detail/uwb_anchor__builder.hpp
[1.253s] -- Up-to-date symlink: /home/ros2/ros2_ws/install/citrack_ros_msgs/include/citrack_ros_msgs/citrack_ros_msgs/msg/detail/uwb_anchor__struct.hpp
[1.253s] -- Up-to-date symlink: /home/ros2/ros2_ws/install/citrack_ros_msgs/include/citrack_ros_msgs/citrack_ros_msgs/msg/detail/uwb_anchor__traits.hpp
[1.253s] -- Up-to-date symlink: /home/ros2/ros2_ws/install/citrack_ros_msgs/include/citrack_ros_msgs/citrack_ros_msgs/msg/detail/uwb_anchor__type_support.hpp
[1.253s] -- Up-to-date symlink: /home/ros2/ros2_ws/install/citrack_ros_msgs/include/citrack_ros_msgs/citrack_ros_msgs/msg/detail/uwb_range__builder.hpp
[1.253s] -- Up-to-date symlink: /home/ros2/ros2_ws/install/citrack_ros_msgs/include/citrack_ros_msgs/citrack_ros_msgs/msg/detail/uwb_range__struct.hpp
[1.253s] -- Up-to-date symlink: /home/ros2/ros2_ws/install/citrack_ros_msgs/include/citrack_ros_msgs/citrack_ros_msgs/msg/detail/uwb_range__traits.hpp
[1.254s] -- Up-to-date symlink: /home/ros2/ros2_ws/install/citrack_ros_msgs/include/citrack_ros_msgs/citrack_ros_msgs/msg/detail/uwb_range__type_support.hpp
[1.254s] -- Up-to-date symlink: /home/ros2/ros2_ws/install/citrack_ros_msgs/include/citrack_ros_msgs/citrack_ros_msgs/msg/detail/uwb_tag__builder.hpp
[1.254s] -- Up-to-date symlink: /home/ros2/ros2_ws/install/citrack_ros_msgs/include/citrack_ros_msgs/citrack_ros_msgs/msg/detail/uwb_tag__struct.hpp
[1.254s] -- Up-to-date symlink: /home/ros2/ros2_ws/install/citrack_ros_msgs/include/citrack_ros_msgs/citrack_ros_msgs/msg/detail/uwb_tag__traits.hpp
[1.254s] -- Up-to-date symlink: /home/ros2/ros2_ws/install/citrack_ros_msgs/include/citrack_ros_msgs/citrack_ros_msgs/msg/detail/uwb_tag__type_support.hpp
[1.254s] -- Up-to-date symlink: /home/ros2/ros2_ws/install/citrack_ros_msgs/include/citrack_ros_msgs/citrack_ros_msgs/msg/detail/uwb_tags__builder.hpp
[1.255s] -- Up-to-date symlink: /home/ros2/ros2_ws/install/citrack_ros_msgs/include/citrack_ros_msgs/citrack_ros_msgs/msg/detail/uwb_tags__struct.hpp
[1.255s] -- Up-to-date symlink: /home/ros2/ros2_ws/install/citrack_ros_msgs/include/citrack_ros_msgs/citrack_ros_msgs/msg/detail/uwb_tags__traits.hpp
[1.255s] -- Up-to-date symlink: /home/ros2/ros2_ws/install/citrack_ros_msgs/include/citrack_ros_msgs/citrack_ros_msgs/msg/detail/uwb_tags__type_support.hpp
[1.256s] -- Up-to-date symlink: /home/ros2/ros2_ws/install/citrack_ros_msgs/include/citrack_ros_msgs/citrack_ros_msgs/msg/detail/vicon_position__builder.hpp
[1.256s] -- Up-to-date symlink: /home/ros2/ros2_ws/install/citrack_ros_msgs/include/citrack_ros_msgs/citrack_ros_msgs/msg/detail/vicon_position__struct.hpp
[1.257s] -- Up-to-date symlink: /home/ros2/ros2_ws/install/citrack_ros_msgs/include/citrack_ros_msgs/citrack_ros_msgs/msg/detail/vicon_position__traits.hpp
[1.257s] -- Up-to-date symlink: /home/ros2/ros2_ws/install/citrack_ros_msgs/include/citrack_ros_msgs/citrack_ros_msgs/msg/detail/vicon_position__type_support.hpp
[1.257s] -- Up-to-date symlink: /home/ros2/ros2_ws/install/citrack_ros_msgs/include/citrack_ros_msgs/citrack_ros_msgs/msg/multi_tags.hpp
[1.257s] -- Up-to-date symlink: /home/ros2/ros2_ws/install/citrack_ros_msgs/include/citrack_ros_msgs/citrack_ros_msgs/msg/rosidl_generator_cpp__visibility_control.hpp
[1.260s] -- Up-to-date symlink: /home/ros2/ros2_ws/install/citrack_ros_msgs/include/citrack_ros_msgs/citrack_ros_msgs/msg/rviz_birds_eye_param.hpp
[1.260s] -- Up-to-date symlink: /home/ros2/ros2_ws/install/citrack_ros_msgs/include/citrack_ros_msgs/citrack_ros_msgs/msg/uwb_anchor.hpp
[1.260s] -- Up-to-date symlink: /home/ros2/ros2_ws/install/citrack_ros_msgs/include/citrack_ros_msgs/citrack_ros_msgs/msg/uwb_range.hpp
[1.260s] -- Up-to-date symlink: /home/ros2/ros2_ws/install/citrack_ros_msgs/include/citrack_ros_msgs/citrack_ros_msgs/msg/uwb_tag.hpp
[1.260s] -- Up-to-date symlink: /home/ros2/ros2_ws/install/citrack_ros_msgs/include/citrack_ros_msgs/citrack_ros_msgs/msg/uwb_tags.hpp
[1.261s] -- Up-to-date symlink: /home/ros2/ros2_ws/install/citrack_ros_msgs/include/citrack_ros_msgs/citrack_ros_msgs/msg/vicon_position.hpp
[1.264s] -- Up-to-date symlink: /home/ros2/ros2_ws/install/citrack_ros_msgs/include/citrack_ros_msgs/citrack_ros_msgs/action/detail/darknet_check_for_objects__rosidl_typesupport_fastrtps_cpp.hpp
[1.265s] -- Up-to-date symlink: /home/ros2/ros2_ws/install/citrack_ros_msgs/include/citrack_ros_msgs/citrack_ros_msgs/msg/detail/custom_tag__rosidl_typesupport_fastrtps_cpp.hpp
[1.265s] -- Up-to-date symlink: /home/ros2/ros2_ws/install/citrack_ros_msgs/include/citrack_ros_msgs/citrack_ros_msgs/msg/detail/darknet_bounding_box__rosidl_typesupport_fastrtps_cpp.hpp
[1.268s] -- Up-to-date symlink: /home/ros2/ros2_ws/install/citrack_ros_msgs/include/citrack_ros_msgs/citrack_ros_msgs/msg/detail/darknet_bounding_boxes__rosidl_typesupport_fastrtps_cpp.hpp
[1.268s] -- Up-to-date symlink: /home/ros2/ros2_ws/install/citrack_ros_msgs/include/citrack_ros_msgs/citrack_ros_msgs/msg/detail/darknet_object_count__rosidl_typesupport_fastrtps_cpp.hpp
[1.268s] -- Up-to-date symlink: /home/ros2/ros2_ws/install/citrack_ros_msgs/include/citrack_ros_msgs/citrack_ros_msgs/msg/detail/multi_tags__rosidl_typesupport_fastrtps_cpp.hpp
[1.268s] -- Up-to-date symlink: /home/ros2/ros2_ws/install/citrack_ros_msgs/include/citrack_ros_msgs/citrack_ros_msgs/msg/detail/rviz_birds_eye_param__rosidl_typesupport_fastrtps_cpp.hpp
[1.269s] -- Up-to-date symlink: /home/ros2/ros2_ws/install/citrack_ros_msgs/include/citrack_ros_msgs/citrack_ros_msgs/msg/detail/uwb_anchor__rosidl_typesupport_fastrtps_cpp.hpp
[1.270s] -- Up-to-date symlink: /home/ros2/ros2_ws/install/citrack_ros_msgs/include/citrack_ros_msgs/citrack_ros_msgs/msg/detail/uwb_range__rosidl_typesupport_fastrtps_cpp.hpp
[1.271s] -- Up-to-date symlink: /home/ros2/ros2_ws/install/citrack_ros_msgs/include/citrack_ros_msgs/citrack_ros_msgs/msg/detail/uwb_tag__rosidl_typesupport_fastrtps_cpp.hpp
[1.271s] -- Up-to-date symlink: /home/ros2/ros2_ws/install/citrack_ros_msgs/include/citrack_ros_msgs/citrack_ros_msgs/msg/detail/uwb_tags__rosidl_typesupport_fastrtps_cpp.hpp
[1.271s] -- Up-to-date symlink: /home/ros2/ros2_ws/install/citrack_ros_msgs/include/citrack_ros_msgs/citrack_ros_msgs/msg/detail/vicon_position__rosidl_typesupport_fastrtps_cpp.hpp
[1.271s] -- Up-to-date symlink: /home/ros2/ros2_ws/install/citrack_ros_msgs/include/citrack_ros_msgs/citrack_ros_msgs/msg/rosidl_typesupport_fastrtps_cpp__visibility_control.h
[1.271s] -- Up-to-date symlink: /home/ros2/ros2_ws/install/citrack_ros_msgs/include/citrack_ros_msgs/citrack_ros_msgs/action/detail/darknet_check_for_objects__rosidl_typesupport_introspection_c.h
[1.272s] -- Up-to-date symlink: /home/ros2/ros2_ws/install/citrack_ros_msgs/include/citrack_ros_msgs/citrack_ros_msgs/msg/detail/custom_tag__rosidl_typesupport_introspection_c.h
[1.272s] -- Up-to-date symlink: /home/ros2/ros2_ws/install/citrack_ros_msgs/include/citrack_ros_msgs/citrack_ros_msgs/msg/detail/darknet_bounding_box__rosidl_typesupport_introspection_c.h
[1.272s] -- Up-to-date symlink: /home/ros2/ros2_ws/install/citrack_ros_msgs/include/citrack_ros_msgs/citrack_ros_msgs/msg/detail/darknet_bounding_boxes__rosidl_typesupport_introspection_c.h
[1.276s] -- Up-to-date symlink: /home/ros2/ros2_ws/install/citrack_ros_msgs/include/citrack_ros_msgs/citrack_ros_msgs/msg/detail/darknet_object_count__rosidl_typesupport_introspection_c.h
[1.278s] -- Up-to-date symlink: /home/ros2/ros2_ws/install/citrack_ros_msgs/include/citrack_ros_msgs/citrack_ros_msgs/msg/detail/multi_tags__rosidl_typesupport_introspection_c.h
[1.278s] -- Up-to-date symlink: /home/ros2/ros2_ws/install/citrack_ros_msgs/include/citrack_ros_msgs/citrack_ros_msgs/msg/detail/rviz_birds_eye_param__rosidl_typesupport_introspection_c.h
[1.278s] -- Up-to-date symlink: /home/ros2/ros2_ws/install/citrack_ros_msgs/include/citrack_ros_msgs/citrack_ros_msgs/msg/detail/uwb_anchor__rosidl_typesupport_introspection_c.h
[1.278s] -- Up-to-date symlink: /home/ros2/ros2_ws/install/citrack_ros_msgs/include/citrack_ros_msgs/citrack_ros_msgs/msg/detail/uwb_range__rosidl_typesupport_introspection_c.h
[1.279s] -- Up-to-date symlink: /home/ros2/ros2_ws/install/citrack_ros_msgs/include/citrack_ros_msgs/citrack_ros_msgs/msg/detail/uwb_tag__rosidl_typesupport_introspection_c.h
[1.279s] -- Up-to-date symlink: /home/ros2/ros2_ws/install/citrack_ros_msgs/include/citrack_ros_msgs/citrack_ros_msgs/msg/detail/uwb_tags__rosidl_typesupport_introspection_c.h
[1.279s] -- Up-to-date symlink: /home/ros2/ros2_ws/install/citrack_ros_msgs/include/citrack_ros_msgs/citrack_ros_msgs/msg/detail/vicon_position__rosidl_typesupport_introspection_c.h
[1.279s] -- Up-to-date symlink: /home/ros2/ros2_ws/install/citrack_ros_msgs/include/citrack_ros_msgs/citrack_ros_msgs/msg/rosidl_typesupport_introspection_c__visibility_control.h
[1.286s] -- Up-to-date symlink: /home/ros2/ros2_ws/install/citrack_ros_msgs/include/citrack_ros_msgs/citrack_ros_msgs/action/detail/darknet_check_for_objects__rosidl_typesupport_introspection_cpp.hpp
[1.286s] -- Up-to-date symlink: /home/ros2/ros2_ws/install/citrack_ros_msgs/include/citrack_ros_msgs/citrack_ros_msgs/msg/detail/custom_tag__rosidl_typesupport_introspection_cpp.hpp
[1.286s] -- Up-to-date symlink: /home/ros2/ros2_ws/install/citrack_ros_msgs/include/citrack_ros_msgs/citrack_ros_msgs/msg/detail/darknet_bounding_box__rosidl_typesupport_introspection_cpp.hpp
[1.286s] -- Up-to-date symlink: /home/ros2/ros2_ws/install/citrack_ros_msgs/include/citrack_ros_msgs/citrack_ros_msgs/msg/detail/darknet_bounding_boxes__rosidl_typesupport_introspection_cpp.hpp
[1.286s] -- Up-to-date symlink: /home/ros2/ros2_ws/install/citrack_ros_msgs/include/citrack_ros_msgs/citrack_ros_msgs/msg/detail/darknet_object_count__rosidl_typesupport_introspection_cpp.hpp
[1.286s] -- Up-to-date symlink: /home/ros2/ros2_ws/install/citrack_ros_msgs/include/citrack_ros_msgs/citrack_ros_msgs/msg/detail/multi_tags__rosidl_typesupport_introspection_cpp.hpp
[1.286s] -- Up-to-date symlink: /home/ros2/ros2_ws/install/citrack_ros_msgs/include/citrack_ros_msgs/citrack_ros_msgs/msg/detail/rviz_birds_eye_param__rosidl_typesupport_introspection_cpp.hpp
[1.287s] -- Up-to-date symlink: /home/ros2/ros2_ws/install/citrack_ros_msgs/include/citrack_ros_msgs/citrack_ros_msgs/msg/detail/uwb_anchor__rosidl_typesupport_introspection_cpp.hpp
[1.287s] -- Up-to-date symlink: /home/ros2/ros2_ws/install/citrack_ros_msgs/include/citrack_ros_msgs/citrack_ros_msgs/msg/detail/uwb_range__rosidl_typesupport_introspection_cpp.hpp
[1.287s] -- Up-to-date symlink: /home/ros2/ros2_ws/install/citrack_ros_msgs/include/citrack_ros_msgs/citrack_ros_msgs/msg/detail/uwb_tag__rosidl_typesupport_introspection_cpp.hpp
[1.287s] -- Up-to-date symlink: /home/ros2/ros2_ws/install/citrack_ros_msgs/include/citrack_ros_msgs/citrack_ros_msgs/msg/detail/uwb_tags__rosidl_typesupport_introspection_cpp.hpp
[1.287s] -- Up-to-date symlink: /home/ros2/ros2_ws/install/citrack_ros_msgs/include/citrack_ros_msgs/citrack_ros_msgs/msg/detail/vicon_position__rosidl_typesupport_introspection_cpp.hpp
[1.287s] -- Up-to-date symlink: /home/ros2/ros2_ws/install/citrack_ros_msgs/share/citrack_ros_msgs/environment/pythonpath.sh
[1.287s] -- Up-to-date symlink: /home/ros2/ros2_ws/install/citrack_ros_msgs/share/citrack_ros_msgs/environment/pythonpath.dsv
[1.288s] -- Up-to-date symlink: /home/ros2/ros2_ws/install/citrack_ros_msgs/lib/python3.12/site-packages/citrack_ros_msgs-0.1.0-py3.12.egg-info/PKG-INFO
[1.288s] -- Up-to-date symlink: /home/ros2/ros2_ws/install/citrack_ros_msgs/lib/python3.12/site-packages/citrack_ros_msgs-0.1.0-py3.12.egg-info/SOURCES.txt
[1.288s] -- Up-to-date symlink: /home/ros2/ros2_ws/install/citrack_ros_msgs/lib/python3.12/site-packages/citrack_ros_msgs-0.1.0-py3.12.egg-info/dependency_links.txt
[1.288s] -- Up-to-date symlink: /home/ros2/ros2_ws/install/citrack_ros_msgs/lib/python3.12/site-packages/citrack_ros_msgs-0.1.0-py3.12.egg-info/top_level.txt
[1.291s] -- Up-to-date symlink: /home/ros2/ros2_ws/install/citrack_ros_msgs/lib/python3.12/site-packages/citrack_ros_msgs/__init__.py
[1.292s] -- Up-to-date symlink: /home/ros2/ros2_ws/install/citrack_ros_msgs/lib/python3.12/site-packages/citrack_ros_msgs/_citrack_ros_msgs_s.ep.rosidl_typesupport_c.c
[1.295s] -- Up-to-date symlink: /home/ros2/ros2_ws/install/citrack_ros_msgs/lib/python3.12/site-packages/citrack_ros_msgs/_citrack_ros_msgs_s.ep.rosidl_typesupport_fastrtps_c.c
[1.295s] -- Up-to-date symlink: /home/ros2/ros2_ws/install/citrack_ros_msgs/lib/python3.12/site-packages/citrack_ros_msgs/_citrack_ros_msgs_s.ep.rosidl_typesupport_introspection_c.c
[1.295s] -- Up-to-date symlink: /home/ros2/ros2_ws/install/citrack_ros_msgs/lib/python3.12/site-packages/citrack_ros_msgs/action/__init__.py
[1.295s] -- Up-to-date symlink: /home/ros2/ros2_ws/install/citrack_ros_msgs/lib/python3.12/site-packages/citrack_ros_msgs/action/_darknet_check_for_objects.py
[1.296s] -- Up-to-date symlink: /home/ros2/ros2_ws/install/citrack_ros_msgs/lib/python3.12/site-packages/citrack_ros_msgs/action/_darknet_check_for_objects_s.c
[1.297s] -- Up-to-date symlink: /home/ros2/ros2_ws/install/citrack_ros_msgs/lib/python3.12/site-packages/citrack_ros_msgs/citrack_ros_msgs_s__rosidl_typesupport_c.so
[1.298s] -- Up-to-date symlink: /home/ros2/ros2_ws/install/citrack_ros_msgs/lib/python3.12/site-packages/citrack_ros_msgs/citrack_ros_msgs_s__rosidl_typesupport_fastrtps_c.so
[1.298s] -- Up-to-date symlink: /home/ros2/ros2_ws/install/citrack_ros_msgs/lib/python3.12/site-packages/citrack_ros_msgs/citrack_ros_msgs_s__rosidl_typesupport_introspection_c.so
[1.298s] -- Up-to-date symlink: /home/ros2/ros2_ws/install/citrack_ros_msgs/lib/python3.12/site-packages/citrack_ros_msgs/msg/__init__.py
[1.299s] -- Up-to-date symlink: /home/ros2/ros2_ws/install/citrack_ros_msgs/lib/python3.12/site-packages/citrack_ros_msgs/msg/_custom_tag.py
[1.299s] -- Up-to-date symlink: /home/ros2/ros2_ws/install/citrack_ros_msgs/lib/python3.12/site-packages/citrack_ros_msgs/msg/_custom_tag_s.c
[1.299s] -- Up-to-date symlink: /home/ros2/ros2_ws/install/citrack_ros_msgs/lib/python3.12/site-packages/citrack_ros_msgs/msg/_darknet_bounding_box.py
[1.299s] -- Up-to-date symlink: /home/ros2/ros2_ws/install/citrack_ros_msgs/lib/python3.12/site-packages/citrack_ros_msgs/msg/_darknet_bounding_box_s.c
[1.299s] -- Up-to-date symlink: /home/ros2/ros2_ws/install/citrack_ros_msgs/lib/python3.12/site-packages/citrack_ros_msgs/msg/_darknet_bounding_boxes.py
[1.299s] -- Up-to-date symlink: /home/ros2/ros2_ws/install/citrack_ros_msgs/lib/python3.12/site-packages/citrack_ros_msgs/msg/_darknet_bounding_boxes_s.c
[1.299s] -- Up-to-date symlink: /home/ros2/ros2_ws/install/citrack_ros_msgs/lib/python3.12/site-packages/citrack_ros_msgs/msg/_darknet_object_count.py
[1.302s] -- Up-to-date symlink: /home/ros2/ros2_ws/install/citrack_ros_msgs/lib/python3.12/site-packages/citrack_ros_msgs/msg/_darknet_object_count_s.c
[1.303s] -- Up-to-date symlink: /home/ros2/ros2_ws/install/citrack_ros_msgs/lib/python3.12/site-packages/citrack_ros_msgs/msg/_multi_tags.py
[1.303s] -- Up-to-date symlink: /home/ros2/ros2_ws/install/citrack_ros_msgs/lib/python3.12/site-packages/citrack_ros_msgs/msg/_multi_tags_s.c
[1.303s] -- Up-to-date symlink: /home/ros2/ros2_ws/install/citrack_ros_msgs/lib/python3.12/site-packages/citrack_ros_msgs/msg/_rviz_birds_eye_param.py
[1.303s] -- Up-to-date symlink: /home/ros2/ros2_ws/install/citrack_ros_msgs/lib/python3.12/site-packages/citrack_ros_msgs/msg/_rviz_birds_eye_param_s.c
[1.303s] -- Up-to-date symlink: /home/ros2/ros2_ws/install/citrack_ros_msgs/lib/python3.12/site-packages/citrack_ros_msgs/msg/_uwb_anchor.py
[1.303s] -- Up-to-date symlink: /home/ros2/ros2_ws/install/citrack_ros_msgs/lib/python3.12/site-packages/citrack_ros_msgs/msg/_uwb_anchor_s.c
[1.303s] -- Up-to-date symlink: /home/ros2/ros2_ws/install/citrack_ros_msgs/lib/python3.12/site-packages/citrack_ros_msgs/msg/_uwb_range.py
[1.303s] -- Up-to-date symlink: /home/ros2/ros2_ws/install/citrack_ros_msgs/lib/python3.12/site-packages/citrack_ros_msgs/msg/_uwb_range_s.c
[1.303s] -- Up-to-date symlink: /home/ros2/ros2_ws/install/citrack_ros_msgs/lib/python3.12/site-packages/citrack_ros_msgs/msg/_uwb_tag.py
[1.303s] -- Up-to-date symlink: /home/ros2/ros2_ws/install/citrack_ros_msgs/lib/python3.12/site-packages/citrack_ros_msgs/msg/_uwb_tag_s.c
[1.304s] -- Up-to-date symlink: /home/ros2/ros2_ws/install/citrack_ros_msgs/lib/python3.12/site-packages/citrack_ros_msgs/msg/_uwb_tags.py
[1.304s] -- Up-to-date symlink: /home/ros2/ros2_ws/install/citrack_ros_msgs/lib/python3.12/site-packages/citrack_ros_msgs/msg/_uwb_tags_s.c
[1.304s] -- Up-to-date symlink: /home/ros2/ros2_ws/install/citrack_ros_msgs/lib/python3.12/site-packages/citrack_ros_msgs/msg/_vicon_position.py
[1.304s] -- Up-to-date symlink: /home/ros2/ros2_ws/install/citrack_ros_msgs/lib/python3.12/site-packages/citrack_ros_msgs/msg/_vicon_position_s.c
[1.312s] -- Up-to-date symlink: /home/ros2/ros2_ws/install/citrack_ros_msgs/lib/python3.12/site-packages/citrack_ros_msgs/citrack_ros_msgs_s__rosidl_typesupport_fastrtps_c.so
[1.312s] -- Up-to-date symlink: /home/ros2/ros2_ws/install/citrack_ros_msgs/lib/python3.12/site-packages/citrack_ros_msgs/citrack_ros_msgs_s__rosidl_typesupport_introspection_c.so
[1.313s] -- Up-to-date symlink: /home/ros2/ros2_ws/install/citrack_ros_msgs/lib/python3.12/site-packages/citrack_ros_msgs/citrack_ros_msgs_s__rosidl_typesupport_c.so
[1.313s] -- Up-to-date symlink: /home/ros2/ros2_ws/install/citrack_ros_msgs/share/citrack_ros_msgs/msg/ViconPosition.idl
[1.313s] -- Up-to-date symlink: /home/ros2/ros2_ws/install/citrack_ros_msgs/share/citrack_ros_msgs/msg/UwbAnchor.idl
[1.313s] -- Up-to-date symlink: /home/ros2/ros2_ws/install/citrack_ros_msgs/share/citrack_ros_msgs/msg/UwbTag.idl
[1.313s] -- Up-to-date symlink: /home/ros2/ros2_ws/install/citrack_ros_msgs/share/citrack_ros_msgs/msg/UwbTags.idl
[1.313s] -- Up-to-date symlink: /home/ros2/ros2_ws/install/citrack_ros_msgs/share/citrack_ros_msgs/msg/UwbRange.idl
[1.316s] -- Up-to-date symlink: /home/ros2/ros2_ws/install/citrack_ros_msgs/share/citrack_ros_msgs/msg/DarknetBoundingBox.idl
[1.317s] -- Up-to-date symlink: /home/ros2/ros2_ws/install/citrack_ros_msgs/share/citrack_ros_msgs/msg/DarknetBoundingBoxes.idl
[1.321s] -- Up-to-date symlink: /home/ros2/ros2_ws/install/citrack_ros_msgs/share/citrack_ros_msgs/msg/DarknetObjectCount.idl
[1.322s] -- Up-to-date symlink: /home/ros2/ros2_ws/install/citrack_ros_msgs/share/citrack_ros_msgs/msg/RvizBirdsEyeParam.idl
[1.322s] -- Up-to-date symlink: /home/ros2/ros2_ws/install/citrack_ros_msgs/share/citrack_ros_msgs/msg/CustomTag.idl
[1.322s] -- Up-to-date symlink: /home/ros2/ros2_ws/install/citrack_ros_msgs/share/citrack_ros_msgs/msg/MultiTags.idl
[1.322s] -- Up-to-date symlink: /home/ros2/ros2_ws/install/citrack_ros_msgs/share/citrack_ros_msgs/action/DarknetCheckForObjects.idl
[1.322s] -- Up-to-date symlink: /home/ros2/ros2_ws/install/citrack_ros_msgs/share/citrack_ros_msgs/msg/ViconPosition.msg
[1.323s] -- Up-to-date symlink: /home/ros2/ros2_ws/install/citrack_ros_msgs/share/citrack_ros_msgs/msg/UwbAnchor.msg
[1.323s] -- Up-to-date symlink: /home/ros2/ros2_ws/install/citrack_ros_msgs/share/citrack_ros_msgs/msg/UwbTag.msg
[1.323s] -- Up-to-date symlink: /home/ros2/ros2_ws/install/citrack_ros_msgs/share/citrack_ros_msgs/msg/UwbTags.msg
[1.324s] -- Up-to-date symlink: /home/ros2/ros2_ws/install/citrack_ros_msgs/share/citrack_ros_msgs/msg/UwbRange.msg
[1.325s] -- Up-to-date symlink: /home/ros2/ros2_ws/install/citrack_ros_msgs/share/citrack_ros_msgs/msg/DarknetBoundingBox.msg
[1.326s] -- Up-to-date symlink: /home/ros2/ros2_ws/install/citrack_ros_msgs/share/citrack_ros_msgs/msg/DarknetBoundingBoxes.msg
[1.326s] -- Up-to-date symlink: /home/ros2/ros2_ws/install/citrack_ros_msgs/share/citrack_ros_msgs/msg/DarknetObjectCount.msg
[1.331s] -- Up-to-date symlink: /home/ros2/ros2_ws/install/citrack_ros_msgs/share/citrack_ros_msgs/msg/RvizBirdsEyeParam.msg
[1.331s] -- Up-to-date symlink: /home/ros2/ros2_ws/install/citrack_ros_msgs/share/citrack_ros_msgs/msg/CustomTag.msg
[1.331s] -- Up-to-date symlink: /home/ros2/ros2_ws/install/citrack_ros_msgs/share/citrack_ros_msgs/msg/MultiTags.msg
[1.331s] -- Up-to-date symlink: /home/ros2/ros2_ws/install/citrack_ros_msgs/share/citrack_ros_msgs/action/DarknetCheckForObjects.action
[1.332s] -- Up-to-date symlink: /home/ros2/ros2_ws/install/citrack_ros_msgs/share/ament_index/resource_index/package_run_dependencies/citrack_ros_msgs
[1.332s] -- Up-to-date symlink: /home/ros2/ros2_ws/install/citrack_ros_msgs/share/ament_index/resource_index/parent_prefix_path/citrack_ros_msgs
[1.332s] -- Up-to-date symlink: /home/ros2/ros2_ws/install/citrack_ros_msgs/share/citrack_ros_msgs/environment/ament_prefix_path.sh
[1.332s] -- Up-to-date symlink: /home/ros2/ros2_ws/install/citrack_ros_msgs/share/citrack_ros_msgs/environment/ament_prefix_path.dsv
[1.335s] -- Up-to-date symlink: /home/ros2/ros2_ws/install/citrack_ros_msgs/share/citrack_ros_msgs/environment/path.sh
[1.336s] -- Up-to-date symlink: /home/ros2/ros2_ws/install/citrack_ros_msgs/share/citrack_ros_msgs/environment/path.dsv
[1.336s] -- Up-to-date symlink: /home/ros2/ros2_ws/install/citrack_ros_msgs/share/citrack_ros_msgs/local_setup.bash
[1.336s] -- Up-to-date symlink: /home/ros2/ros2_ws/install/citrack_ros_msgs/share/citrack_ros_msgs/local_setup.sh
[1.336s] -- Up-to-date symlink: /home/ros2/ros2_ws/install/citrack_ros_msgs/share/citrack_ros_msgs/local_setup.zsh
[1.336s] -- Up-to-date symlink: /home/ros2/ros2_ws/install/citrack_ros_msgs/share/citrack_ros_msgs/local_setup.dsv
[1.336s] -- Symlinking: /home/ros2/ros2_ws/install/citrack_ros_msgs/share/citrack_ros_msgs/package.dsv
[1.383s] -- Up-to-date symlink: /home/ros2/ros2_ws/install/citrack_ros_msgs/share/ament_index/resource_index/packages/citrack_ros_msgs
[1.384s] -- Up-to-date symlink: /home/ros2/ros2_ws/install/citrack_ros_msgs/share/citrack_ros_msgs/cmake/rosidl_cmake-extras.cmake
[1.385s] -- Up-to-date symlink: /home/ros2/ros2_ws/install/citrack_ros_msgs/share/citrack_ros_msgs/cmake/ament_cmake_export_dependencies-extras.cmake
[1.386s] -- Up-to-date symlink: /home/ros2/ros2_ws/install/citrack_ros_msgs/share/citrack_ros_msgs/cmake/ament_cmake_export_include_directories-extras.cmake
[1.388s] -- Up-to-date symlink: /home/ros2/ros2_ws/install/citrack_ros_msgs/share/citrack_ros_msgs/cmake/ament_cmake_export_libraries-extras.cmake
[1.390s] -- Up-to-date symlink: /home/ros2/ros2_ws/install/citrack_ros_msgs/share/citrack_ros_msgs/cmake/ament_cmake_export_targets-extras.cmake
[1.390s] -- Up-to-date symlink: /home/ros2/ros2_ws/install/citrack_ros_msgs/share/citrack_ros_msgs/cmake/rosidl_cmake_export_typesupport_targets-extras.cmake
[1.390s] -- Up-to-date symlink: /home/ros2/ros2_ws/install/citrack_ros_msgs/share/citrack_ros_msgs/cmake/rosidl_cmake_export_typesupport_libraries-extras.cmake
[1.390s] -- Up-to-date symlink: /home/ros2/ros2_ws/install/citrack_ros_msgs/share/citrack_ros_msgs/cmake/citrack_ros_msgsConfig.cmake
[1.393s] -- Up-to-date symlink: /home/ros2/ros2_ws/install/citrack_ros_msgs/share/citrack_ros_msgs/cmake/citrack_ros_msgsConfig-version.cmake
[1.393s] -- Up-to-date symlink: /home/ros2/ros2_ws/install/citrack_ros_msgs/share/citrack_ros_msgs/package.xml
[1.396s] -- Up-to-date: /home/ros2/ros2_ws/install/citrack_ros_msgs/lib/libcitrack_ros_msgs__rosidl_generator_c.so
[1.397s] -- Up-to-date: /home/ros2/ros2_ws/install/citrack_ros_msgs/lib/libcitrack_ros_msgs__rosidl_typesupport_fastrtps_c.so
[1.399s] -- Up-to-date: /home/ros2/ros2_ws/install/citrack_ros_msgs/lib/libcitrack_ros_msgs__rosidl_typesupport_fastrtps_cpp.so
[1.401s] -- Up-to-date: /home/ros2/ros2_ws/install/citrack_ros_msgs/lib/libcitrack_ros_msgs__rosidl_typesupport_introspection_c.so
[1.404s] -- Up-to-date: /home/ros2/ros2_ws/install/citrack_ros_msgs/lib/libcitrack_ros_msgs__rosidl_typesupport_c.so
[1.410s] -- Up-to-date: /home/ros2/ros2_ws/install/citrack_ros_msgs/lib/libcitrack_ros_msgs__rosidl_typesupport_introspection_cpp.so
[1.420s] -- Up-to-date: /home/ros2/ros2_ws/install/citrack_ros_msgs/lib/libcitrack_ros_msgs__rosidl_typesupport_cpp.so
[1.579s] Listing '/home/ros2/ros2_ws/install/citrack_ros_msgs/lib/python3.12/site-packages/citrack_ros_msgs'...
[1.586s] Listing '/home/ros2/ros2_ws/install/citrack_ros_msgs/lib/python3.12/site-packages/citrack_ros_msgs/action'...
[1.587s] Listing '/home/ros2/ros2_ws/install/citrack_ros_msgs/lib/python3.12/site-packages/citrack_ros_msgs/msg'...
[1.614s] -- Up-to-date: /home/ros2/ros2_ws/install/citrack_ros_msgs/lib/libcitrack_ros_msgs__rosidl_generator_py.so
[1.616s] -- Up-to-date: /home/ros2/ros2_ws/install/citrack_ros_msgs/share/citrack_ros_msgs/cmake/export_citrack_ros_msgs__rosidl_generator_cExport.cmake
[1.616s] -- Up-to-date: /home/ros2/ros2_ws/install/citrack_ros_msgs/share/citrack_ros_msgs/cmake/export_citrack_ros_msgs__rosidl_generator_cExport-noconfig.cmake
[1.624s] -- Up-to-date: /home/ros2/ros2_ws/install/citrack_ros_msgs/share/citrack_ros_msgs/cmake/export_citrack_ros_msgs__rosidl_typesupport_fastrtps_cExport.cmake
[1.628s] -- Up-to-date: /home/ros2/ros2_ws/install/citrack_ros_msgs/share/citrack_ros_msgs/cmake/export_citrack_ros_msgs__rosidl_typesupport_fastrtps_cExport-noconfig.cmake
[1.628s] -- Up-to-date: /home/ros2/ros2_ws/install/citrack_ros_msgs/share/citrack_ros_msgs/cmake/export_citrack_ros_msgs__rosidl_generator_cppExport.cmake
[1.633s] -- Up-to-date: /home/ros2/ros2_ws/install/citrack_ros_msgs/share/citrack_ros_msgs/cmake/export_citrack_ros_msgs__rosidl_typesupport_fastrtps_cppExport.cmake
[1.638s] -- Up-to-date: /home/ros2/ros2_ws/install/citrack_ros_msgs/share/citrack_ros_msgs/cmake/export_citrack_ros_msgs__rosidl_typesupport_fastrtps_cppExport-noconfig.cmake
[1.639s] -- Up-to-date: /home/ros2/ros2_ws/install/citrack_ros_msgs/share/citrack_ros_msgs/cmake/citrack_ros_msgs__rosidl_typesupport_introspection_cExport.cmake
[1.640s] -- Up-to-date: /home/ros2/ros2_ws/install/citrack_ros_msgs/share/citrack_ros_msgs/cmake/citrack_ros_msgs__rosidl_typesupport_introspection_cExport-noconfig.cmake
[1.640s] -- Up-to-date: /home/ros2/ros2_ws/install/citrack_ros_msgs/share/citrack_ros_msgs/cmake/citrack_ros_msgs__rosidl_typesupport_cExport.cmake
[1.640s] -- Up-to-date: /home/ros2/ros2_ws/install/citrack_ros_msgs/share/citrack_ros_msgs/cmake/citrack_ros_msgs__rosidl_typesupport_cExport-noconfig.cmake
[1.640s] -- Up-to-date: /home/ros2/ros2_ws/install/citrack_ros_msgs/share/citrack_ros_msgs/cmake/citrack_ros_msgs__rosidl_typesupport_introspection_cppExport.cmake
[1.640s] -- Up-to-date: /home/ros2/ros2_ws/install/citrack_ros_msgs/share/citrack_ros_msgs/cmake/citrack_ros_msgs__rosidl_typesupport_introspection_cppExport-noconfig.cmake
[1.640s] -- Up-to-date: /home/ros2/ros2_ws/install/citrack_ros_msgs/share/citrack_ros_msgs/cmake/citrack_ros_msgs__rosidl_typesupport_cppExport.cmake
[1.640s] -- Up-to-date: /home/ros2/ros2_ws/install/citrack_ros_msgs/share/citrack_ros_msgs/cmake/citrack_ros_msgs__rosidl_typesupport_cppExport-noconfig.cmake
[1.640s] -- Up-to-date: /home/ros2/ros2_ws/install/citrack_ros_msgs/share/citrack_ros_msgs/cmake/export_citrack_ros_msgs__rosidl_generator_pyExport.cmake
[1.641s] -- Up-to-date: /home/ros2/ros2_ws/install/citrack_ros_msgs/share/citrack_ros_msgs/cmake/export_citrack_ros_msgs__rosidl_generator_pyExport-noconfig.cmake
[1.666s] Invoked command in '/home/ros2/ros2_ws/build/citrack_ros_msgs' returned '0': CMAKE_PREFIX_PATH=${CMAKE_PREFIX_PATH}:/home/ros2/ros2_ws/install/uwb_tracking_ros2:/home/ros2/ros2_ws/install/sebot_navigation:/home/ros2/ros2_ws/install/motordriver:/home/ros2/ros2_ws/install/diffdrive:/opt/ros/jazzy DEBUGINFOD_URLS=https://debuginfod.ubuntu.com /usr/bin/cmake --install /home/ros2/ros2_ws/build/citrack_ros_msgs
