[0.101s] Invoking command in '/home/ros2/ros2_ws/build/citrack_ros_msgs': CMAKE_PREFIX_PATH=${CMAKE_PREFIX_PATH}:/home/ros2/ros2_ws/install/uwb_tracking_ros2:/home/ros2/ros2_ws/install/sebot_navigation:/home/ros2/ros2_ws/install/motordriver:/home/ros2/ros2_ws/install/diffdrive:/opt/ros/jazzy DEBUGINFOD_URLS=https://debuginfod.ubuntu.com /usr/bin/cmake --build /home/ros2/ros2_ws/build/citrack_ros_msgs -- -j4 -l4
[1.392s] [  1%] Built target citrack_ros_msgs__rosidl_generator_type_description
[1.392s] [  1%] Built target ament_cmake_python_symlink_citrack_ros_msgs
[1.392s] [ 27%] Built target citrack_ros_msgs__rosidl_generator_c
[1.392s] running egg_info
[1.392s] writing citrack_ros_msgs.egg-info/PKG-INFO
[1.392s] writing dependency_links to citrack_ros_msgs.egg-info/dependency_links.txt
[1.393s] writing top-level names to citrack_ros_msgs.egg-info/top_level.txt
[1.518s] reading manifest file 'citrack_ros_msgs.egg-info/SOURCES.txt'
[1.521s] writing manifest file 'citrack_ros_msgs.egg-info/SOURCES.txt'
[1.697s] [ 27%] Built target ament_cmake_python_build_citrack_ros_msgs_egg
[1.824s] [ 37%] Built target citrack_ros_msgs__rosidl_typesupport_introspection_c
[1.950s] [ 47%] Built target citrack_ros_msgs__rosidl_typesupport_c
[2.073s] [ 57%] Built target citrack_ros_msgs__rosidl_typesupport_fastrtps_c
[2.158s] [ 57%] Built target citrack_ros_msgs__cpp
[2.318s] [ 66%] Built target citrack_ros_msgs__rosidl_typesupport_cpp
[2.477s] [ 75%] Built target citrack_ros_msgs__rosidl_typesupport_introspection_cpp
[2.669s] [ 85%] Built target citrack_ros_msgs__rosidl_typesupport_fastrtps_cpp
[2.811s] [ 85%] Built target citrack_ros_msgs
[2.947s] [ 86%] Built target citrack_ros_msgs__py
[3.089s] [ 95%] Built target citrack_ros_msgs__rosidl_generator_py
[3.214s] [ 96%] Built target citrack_ros_msgs_s__rosidl_typesupport_fastrtps_c
[3.324s] [ 98%] Built target citrack_ros_msgs_s__rosidl_typesupport_c
[3.404s] [100%] Built target citrack_ros_msgs_s__rosidl_typesupport_introspection_c
[3.462s] Invoked command in '/home/ros2/ros2_ws/build/citrack_ros_msgs' returned '0': CMAKE_PREFIX_PATH=${CMAKE_PREFIX_PATH}:/home/ros2/ros2_ws/install/uwb_tracking_ros2:/home/ros2/ros2_ws/install/sebot_navigation:/home/ros2/ros2_ws/install/motordriver:/home/ros2/ros2_ws/install/diffdrive:/opt/ros/jazzy DEBUGINFOD_URLS=https://debuginfod.ubuntu.com /usr/bin/cmake --build /home/ros2/ros2_ws/build/citrack_ros_msgs -- -j4 -l4
[3.497s] Invoking command in '/home/ros2/ros2_ws/build/citrack_ros_msgs': CMAKE_PREFIX_PATH=${CMAKE_PREFIX_PATH}:/home/ros2/ros2_ws/install/uwb_tracking_ros2:/home/ros2/ros2_ws/install/sebot_navigation:/home/ros2/ros2_ws/install/motordriver:/home/ros2/ros2_ws/install/diffdrive:/opt/ros/jazzy DEBUGINFOD_URLS=https://debuginfod.ubuntu.com /usr/bin/cmake --install /home/ros2/ros2_ws/build/citrack_ros_msgs
[3.529s] -- Install configuration: ""
[3.534s] -- Execute custom install script
[3.538s] -- Up-to-date symlink: /home/ros2/ros2_ws/install/citrack_ros_msgs/share/ament_index/resource_index/rosidl_interfaces/citrack_ros_msgs
[3.541s] -- Up-to-date symlink: /home/ros2/ros2_ws/install/citrack_ros_msgs/share/citrack_ros_msgs/msg/ViconPosition.json
[3.543s] -- Up-to-date symlink: /home/ros2/ros2_ws/install/citrack_ros_msgs/share/citrack_ros_msgs/msg/UwbAnchor.json
[3.545s] -- Up-to-date symlink: /home/ros2/ros2_ws/install/citrack_ros_msgs/share/citrack_ros_msgs/msg/UwbTag.json
[3.546s] -- Up-to-date symlink: /home/ros2/ros2_ws/install/citrack_ros_msgs/share/citrack_ros_msgs/msg/UwbTags.json
[3.547s] -- Up-to-date symlink: /home/ros2/ros2_ws/install/citrack_ros_msgs/share/citrack_ros_msgs/msg/UwbRange.json
[3.547s] -- Up-to-date symlink: /home/ros2/ros2_ws/install/citrack_ros_msgs/share/citrack_ros_msgs/msg/DarknetBoundingBox.json
[3.547s] -- Up-to-date symlink: /home/ros2/ros2_ws/install/citrack_ros_msgs/share/citrack_ros_msgs/msg/DarknetBoundingBoxes.json
[3.547s] -- Up-to-date symlink: /home/ros2/ros2_ws/install/citrack_ros_msgs/share/citrack_ros_msgs/msg/DarknetObjectCount.json
[3.547s] -- Up-to-date symlink: /home/ros2/ros2_ws/install/citrack_ros_msgs/share/citrack_ros_msgs/msg/RvizBirdsEyeParam.json
[3.547s] -- Up-to-date symlink: /home/ros2/ros2_ws/install/citrack_ros_msgs/share/citrack_ros_msgs/msg/CustomTag.json
[3.548s] -- Up-to-date symlink: /home/ros2/ros2_ws/install/citrack_ros_msgs/share/citrack_ros_msgs/msg/MultiTags.json
[3.548s] -- Up-to-date symlink: /home/ros2/ros2_ws/install/citrack_ros_msgs/share/citrack_ros_msgs/action/DarknetCheckForObjects.json
[3.551s] -- Up-to-date symlink: /home/ros2/ros2_ws/install/citrack_ros_msgs/include/citrack_ros_msgs/citrack_ros_msgs/action/darknet_check_for_objects.h
[3.553s] -- Up-to-date symlink: /home/ros2/ros2_ws/install/citrack_ros_msgs/include/citrack_ros_msgs/citrack_ros_msgs/action/detail/darknet_check_for_objects__functions.h
[3.553s] -- Up-to-date symlink: /home/ros2/ros2_ws/install/citrack_ros_msgs/include/citrack_ros_msgs/citrack_ros_msgs/action/detail/darknet_check_for_objects__struct.h
[3.555s] -- Up-to-date symlink: /home/ros2/ros2_ws/install/citrack_ros_msgs/include/citrack_ros_msgs/citrack_ros_msgs/action/detail/darknet_check_for_objects__type_support.h
[3.555s] -- Up-to-date symlink: /home/ros2/ros2_ws/install/citrack_ros_msgs/include/citrack_ros_msgs/citrack_ros_msgs/msg/custom_tag.h
[3.555s] -- Up-to-date symlink: /home/ros2/ros2_ws/install/citrack_ros_msgs/include/citrack_ros_msgs/citrack_ros_msgs/msg/darknet_bounding_box.h
[3.555s] -- Up-to-date symlink: /home/ros2/ros2_ws/install/citrack_ros_msgs/include/citrack_ros_msgs/citrack_ros_msgs/msg/darknet_bounding_boxes.h
[3.555s] -- Up-to-date symlink: /home/ros2/ros2_ws/install/citrack_ros_msgs/include/citrack_ros_msgs/citrack_ros_msgs/msg/darknet_object_count.h
[3.555s] -- Up-to-date symlink: /home/ros2/ros2_ws/install/citrack_ros_msgs/include/citrack_ros_msgs/citrack_ros_msgs/msg/detail/custom_tag__functions.h
[3.556s] -- Up-to-date symlink: /home/ros2/ros2_ws/install/citrack_ros_msgs/include/citrack_ros_msgs/citrack_ros_msgs/msg/detail/custom_tag__struct.h
[3.556s] -- Up-to-date symlink: /home/ros2/ros2_ws/install/citrack_ros_msgs/include/citrack_ros_msgs/citrack_ros_msgs/msg/detail/custom_tag__type_support.h
[3.556s] -- Up-to-date symlink: /home/ros2/ros2_ws/install/citrack_ros_msgs/include/citrack_ros_msgs/citrack_ros_msgs/msg/detail/darknet_bounding_box__functions.h
[3.556s] -- Up-to-date symlink: /home/ros2/ros2_ws/install/citrack_ros_msgs/include/citrack_ros_msgs/citrack_ros_msgs/msg/detail/darknet_bounding_box__struct.h
[3.564s] -- Up-to-date symlink: /home/ros2/ros2_ws/install/citrack_ros_msgs/include/citrack_ros_msgs/citrack_ros_msgs/msg/detail/darknet_bounding_box__type_support.h
[3.565s] -- Up-to-date symlink: /home/ros2/ros2_ws/install/citrack_ros_msgs/include/citrack_ros_msgs/citrack_ros_msgs/msg/detail/darknet_bounding_boxes__functions.h
[3.567s] -- Up-to-date symlink: /home/ros2/ros2_ws/install/citrack_ros_msgs/include/citrack_ros_msgs/citrack_ros_msgs/msg/detail/darknet_bounding_boxes__struct.h
[3.567s] -- Up-to-date symlink: /home/ros2/ros2_ws/install/citrack_ros_msgs/include/citrack_ros_msgs/citrack_ros_msgs/msg/detail/darknet_bounding_boxes__type_support.h
[3.568s] -- Up-to-date symlink: /home/ros2/ros2_ws/install/citrack_ros_msgs/include/citrack_ros_msgs/citrack_ros_msgs/msg/detail/darknet_object_count__functions.h
[3.568s] -- Up-to-date symlink: /home/ros2/ros2_ws/install/citrack_ros_msgs/include/citrack_ros_msgs/citrack_ros_msgs/msg/detail/darknet_object_count__struct.h
[3.568s] -- Up-to-date symlink: /home/ros2/ros2_ws/install/citrack_ros_msgs/include/citrack_ros_msgs/citrack_ros_msgs/msg/detail/darknet_object_count__type_support.h
[3.568s] -- Up-to-date symlink: /home/ros2/ros2_ws/install/citrack_ros_msgs/include/citrack_ros_msgs/citrack_ros_msgs/msg/detail/multi_tags__functions.h
[3.570s] -- Up-to-date symlink: /home/ros2/ros2_ws/install/citrack_ros_msgs/include/citrack_ros_msgs/citrack_ros_msgs/msg/detail/multi_tags__struct.h
[3.571s] -- Up-to-date symlink: /home/ros2/ros2_ws/install/citrack_ros_msgs/include/citrack_ros_msgs/citrack_ros_msgs/msg/detail/multi_tags__type_support.h
[3.572s] -- Up-to-date symlink: /home/ros2/ros2_ws/install/citrack_ros_msgs/include/citrack_ros_msgs/citrack_ros_msgs/msg/detail/rviz_birds_eye_param__functions.h
[3.572s] -- Up-to-date symlink: /home/ros2/ros2_ws/install/citrack_ros_msgs/include/citrack_ros_msgs/citrack_ros_msgs/msg/detail/rviz_birds_eye_param__struct.h
[3.572s] -- Up-to-date symlink: /home/ros2/ros2_ws/install/citrack_ros_msgs/include/citrack_ros_msgs/citrack_ros_msgs/msg/detail/rviz_birds_eye_param__type_support.h
[3.572s] -- Up-to-date symlink: /home/ros2/ros2_ws/install/citrack_ros_msgs/include/citrack_ros_msgs/citrack_ros_msgs/msg/detail/uwb_anchor__functions.h
[3.576s] -- Up-to-date symlink: /home/ros2/ros2_ws/install/citrack_ros_msgs/include/citrack_ros_msgs/citrack_ros_msgs/msg/detail/uwb_anchor__struct.h
[3.577s] -- Up-to-date symlink: /home/ros2/ros2_ws/install/citrack_ros_msgs/include/citrack_ros_msgs/citrack_ros_msgs/msg/detail/uwb_anchor__type_support.h
[3.578s] -- Up-to-date symlink: /home/ros2/ros2_ws/install/citrack_ros_msgs/include/citrack_ros_msgs/citrack_ros_msgs/msg/detail/uwb_range__functions.h
[3.578s] -- Up-to-date symlink: /home/ros2/ros2_ws/install/citrack_ros_msgs/include/citrack_ros_msgs/citrack_ros_msgs/msg/detail/uwb_range__struct.h
[3.578s] -- Up-to-date symlink: /home/ros2/ros2_ws/install/citrack_ros_msgs/include/citrack_ros_msgs/citrack_ros_msgs/msg/detail/uwb_range__type_support.h
[3.578s] -- Up-to-date symlink: /home/ros2/ros2_ws/install/citrack_ros_msgs/include/citrack_ros_msgs/citrack_ros_msgs/msg/detail/uwb_tag__functions.h
[3.578s] -- Up-to-date symlink: /home/ros2/ros2_ws/install/citrack_ros_msgs/include/citrack_ros_msgs/citrack_ros_msgs/msg/detail/uwb_tag__struct.h
[3.579s] -- Up-to-date symlink: /home/ros2/ros2_ws/install/citrack_ros_msgs/include/citrack_ros_msgs/citrack_ros_msgs/msg/detail/uwb_tag__type_support.h
[3.579s] -- Up-to-date symlink: /home/ros2/ros2_ws/install/citrack_ros_msgs/include/citrack_ros_msgs/citrack_ros_msgs/msg/detail/uwb_tags__functions.h
[3.579s] -- Up-to-date symlink: /home/ros2/ros2_ws/install/citrack_ros_msgs/include/citrack_ros_msgs/citrack_ros_msgs/msg/detail/uwb_tags__struct.h
[3.579s] -- Up-to-date symlink: /home/ros2/ros2_ws/install/citrack_ros_msgs/include/citrack_ros_msgs/citrack_ros_msgs/msg/detail/uwb_tags__type_support.h
[3.579s] -- Up-to-date symlink: /home/ros2/ros2_ws/install/citrack_ros_msgs/include/citrack_ros_msgs/citrack_ros_msgs/msg/detail/vicon_position__functions.h
[3.579s] -- Up-to-date symlink: /home/ros2/ros2_ws/install/citrack_ros_msgs/include/citrack_ros_msgs/citrack_ros_msgs/msg/detail/vicon_position__struct.h
[3.580s] -- Up-to-date symlink: /home/ros2/ros2_ws/install/citrack_ros_msgs/include/citrack_ros_msgs/citrack_ros_msgs/msg/detail/vicon_position__type_support.h
[3.580s] -- Up-to-date symlink: /home/ros2/ros2_ws/install/citrack_ros_msgs/include/citrack_ros_msgs/citrack_ros_msgs/msg/multi_tags.h
[3.580s] -- Up-to-date symlink: /home/ros2/ros2_ws/install/citrack_ros_msgs/include/citrack_ros_msgs/citrack_ros_msgs/msg/rosidl_generator_c__visibility_control.h
[3.580s] -- Up-to-date symlink: /home/ros2/ros2_ws/install/citrack_ros_msgs/include/citrack_ros_msgs/citrack_ros_msgs/msg/rviz_birds_eye_param.h
[3.580s] -- Up-to-date symlink: /home/ros2/ros2_ws/install/citrack_ros_msgs/include/citrack_ros_msgs/citrack_ros_msgs/msg/uwb_anchor.h
[3.580s] -- Up-to-date symlink: /home/ros2/ros2_ws/install/citrack_ros_msgs/include/citrack_ros_msgs/citrack_ros_msgs/msg/uwb_range.h
[3.580s] -- Up-to-date symlink: /home/ros2/ros2_ws/install/citrack_ros_msgs/include/citrack_ros_msgs/citrack_ros_msgs/msg/uwb_tag.h
[3.581s] -- Up-to-date symlink: /home/ros2/ros2_ws/install/citrack_ros_msgs/include/citrack_ros_msgs/citrack_ros_msgs/msg/uwb_tags.h
[3.582s] -- Up-to-date symlink: /home/ros2/ros2_ws/install/citrack_ros_msgs/include/citrack_ros_msgs/citrack_ros_msgs/msg/vicon_position.h
[3.582s] -- Up-to-date symlink: /home/ros2/ros2_ws/install/citrack_ros_msgs/share/citrack_ros_msgs/environment/library_path.sh
[3.583s] -- Up-to-date symlink: /home/ros2/ros2_ws/install/citrack_ros_msgs/share/citrack_ros_msgs/environment/library_path.dsv
[3.583s] -- Up-to-date symlink: /home/ros2/ros2_ws/install/citrack_ros_msgs/include/citrack_ros_msgs/citrack_ros_msgs/action/detail/darknet_check_for_objects__rosidl_typesupport_fastrtps_c.h
[3.584s] -- Up-to-date symlink: /home/ros2/ros2_ws/install/citrack_ros_msgs/include/citrack_ros_msgs/citrack_ros_msgs/msg/detail/custom_tag__rosidl_typesupport_fastrtps_c.h
[3.587s] -- Up-to-date symlink: /home/ros2/ros2_ws/install/citrack_ros_msgs/include/citrack_ros_msgs/citrack_ros_msgs/msg/detail/darknet_bounding_box__rosidl_typesupport_fastrtps_c.h
[3.587s] -- Up-to-date symlink: /home/ros2/ros2_ws/install/citrack_ros_msgs/include/citrack_ros_msgs/citrack_ros_msgs/msg/detail/darknet_bounding_boxes__rosidl_typesupport_fastrtps_c.h
[3.587s] -- Up-to-date symlink: /home/ros2/ros2_ws/install/citrack_ros_msgs/include/citrack_ros_msgs/citrack_ros_msgs/msg/detail/darknet_object_count__rosidl_typesupport_fastrtps_c.h
[3.587s] -- Up-to-date symlink: /home/ros2/ros2_ws/install/citrack_ros_msgs/include/citrack_ros_msgs/citrack_ros_msgs/msg/detail/multi_tags__rosidl_typesupport_fastrtps_c.h
[3.587s] -- Up-to-date symlink: /home/ros2/ros2_ws/install/citrack_ros_msgs/include/citrack_ros_msgs/citrack_ros_msgs/msg/detail/rviz_birds_eye_param__rosidl_typesupport_fastrtps_c.h
[3.588s] -- Up-to-date symlink: /home/ros2/ros2_ws/install/citrack_ros_msgs/include/citrack_ros_msgs/citrack_ros_msgs/msg/detail/uwb_anchor__rosidl_typesupport_fastrtps_c.h
[3.593s] -- Up-to-date symlink: /home/ros2/ros2_ws/install/citrack_ros_msgs/include/citrack_ros_msgs/citrack_ros_msgs/msg/detail/uwb_range__rosidl_typesupport_fastrtps_c.h
[3.595s] -- Up-to-date symlink: /home/ros2/ros2_ws/install/citrack_ros_msgs/include/citrack_ros_msgs/citrack_ros_msgs/msg/detail/uwb_tag__rosidl_typesupport_fastrtps_c.h
[3.595s] -- Up-to-date symlink: /home/ros2/ros2_ws/install/citrack_ros_msgs/include/citrack_ros_msgs/citrack_ros_msgs/msg/detail/uwb_tags__rosidl_typesupport_fastrtps_c.h
[3.595s] -- Up-to-date symlink: /home/ros2/ros2_ws/install/citrack_ros_msgs/include/citrack_ros_msgs/citrack_ros_msgs/msg/detail/vicon_position__rosidl_typesupport_fastrtps_c.h
[3.595s] -- Up-to-date symlink: /home/ros2/ros2_ws/install/citrack_ros_msgs/include/citrack_ros_msgs/citrack_ros_msgs/msg/rosidl_typesupport_fastrtps_c__visibility_control.h
[3.599s] -- Up-to-date symlink: /home/ros2/ros2_ws/install/citrack_ros_msgs/include/citrack_ros_msgs/citrack_ros_msgs/action/darknet_check_for_objects.hpp
[3.600s] -- Up-to-date symlink: /home/ros2/ros2_ws/install/citrack_ros_msgs/include/citrack_ros_msgs/citrack_ros_msgs/action/detail/darknet_check_for_objects__builder.hpp
[3.600s] -- Up-to-date symlink: /home/ros2/ros2_ws/install/citrack_ros_msgs/include/citrack_ros_msgs/citrack_ros_msgs/action/detail/darknet_check_for_objects__struct.hpp
[3.601s] -- Up-to-date symlink: /home/ros2/ros2_ws/install/citrack_ros_msgs/include/citrack_ros_msgs/citrack_ros_msgs/action/detail/darknet_check_for_objects__traits.hpp
[3.601s] -- Up-to-date symlink: /home/ros2/ros2_ws/install/citrack_ros_msgs/include/citrack_ros_msgs/citrack_ros_msgs/action/detail/darknet_check_for_objects__type_support.hpp
[3.601s] -- Up-to-date symlink: /home/ros2/ros2_ws/install/citrack_ros_msgs/include/citrack_ros_msgs/citrack_ros_msgs/msg/custom_tag.hpp
[3.601s] -- Up-to-date symlink: /home/ros2/ros2_ws/install/citrack_ros_msgs/include/citrack_ros_msgs/citrack_ros_msgs/msg/darknet_bounding_box.hpp
[3.602s] -- Up-to-date symlink: /home/ros2/ros2_ws/install/citrack_ros_msgs/include/citrack_ros_msgs/citrack_ros_msgs/msg/darknet_bounding_boxes.hpp
[3.602s] -- Up-to-date symlink: /home/ros2/ros2_ws/install/citrack_ros_msgs/include/citrack_ros_msgs/citrack_ros_msgs/msg/darknet_object_count.hpp
[3.603s] -- Up-to-date symlink: /home/ros2/ros2_ws/install/citrack_ros_msgs/include/citrack_ros_msgs/citrack_ros_msgs/msg/detail/custom_tag__builder.hpp
[3.604s] -- Up-to-date symlink: /home/ros2/ros2_ws/install/citrack_ros_msgs/include/citrack_ros_msgs/citrack_ros_msgs/msg/detail/custom_tag__struct.hpp
[3.604s] -- Up-to-date symlink: /home/ros2/ros2_ws/install/citrack_ros_msgs/include/citrack_ros_msgs/citrack_ros_msgs/msg/detail/custom_tag__traits.hpp
[3.605s] -- Up-to-date symlink: /home/ros2/ros2_ws/install/citrack_ros_msgs/include/citrack_ros_msgs/citrack_ros_msgs/msg/detail/custom_tag__type_support.hpp
[3.606s] -- Up-to-date symlink: /home/ros2/ros2_ws/install/citrack_ros_msgs/include/citrack_ros_msgs/citrack_ros_msgs/msg/detail/darknet_bounding_box__builder.hpp
[3.606s] -- Up-to-date symlink: /home/ros2/ros2_ws/install/citrack_ros_msgs/include/citrack_ros_msgs/citrack_ros_msgs/msg/detail/darknet_bounding_box__struct.hpp
[3.607s] -- Up-to-date symlink: /home/ros2/ros2_ws/install/citrack_ros_msgs/include/citrack_ros_msgs/citrack_ros_msgs/msg/detail/darknet_bounding_box__traits.hpp
[3.607s] -- Up-to-date symlink: /home/ros2/ros2_ws/install/citrack_ros_msgs/include/citrack_ros_msgs/citrack_ros_msgs/msg/detail/darknet_bounding_box__type_support.hpp
[3.608s] -- Up-to-date symlink: /home/ros2/ros2_ws/install/citrack_ros_msgs/include/citrack_ros_msgs/citrack_ros_msgs/msg/detail/darknet_bounding_boxes__builder.hpp
[3.608s] -- Up-to-date symlink: /home/ros2/ros2_ws/install/citrack_ros_msgs/include/citrack_ros_msgs/citrack_ros_msgs/msg/detail/darknet_bounding_boxes__struct.hpp
[3.609s] -- Up-to-date symlink: /home/ros2/ros2_ws/install/citrack_ros_msgs/include/citrack_ros_msgs/citrack_ros_msgs/msg/detail/darknet_bounding_boxes__traits.hpp
[3.609s] -- Up-to-date symlink: /home/ros2/ros2_ws/install/citrack_ros_msgs/include/citrack_ros_msgs/citrack_ros_msgs/msg/detail/darknet_bounding_boxes__type_support.hpp
[3.610s] -- Up-to-date symlink: /home/ros2/ros2_ws/install/citrack_ros_msgs/include/citrack_ros_msgs/citrack_ros_msgs/msg/detail/darknet_object_count__builder.hpp
[3.610s] -- Up-to-date symlink: /home/ros2/ros2_ws/install/citrack_ros_msgs/include/citrack_ros_msgs/citrack_ros_msgs/msg/detail/darknet_object_count__struct.hpp
[3.611s] -- Up-to-date symlink: /home/ros2/ros2_ws/install/citrack_ros_msgs/include/citrack_ros_msgs/citrack_ros_msgs/msg/detail/darknet_object_count__traits.hpp
[3.611s] -- Up-to-date symlink: /home/ros2/ros2_ws/install/citrack_ros_msgs/include/citrack_ros_msgs/citrack_ros_msgs/msg/detail/darknet_object_count__type_support.hpp
[3.611s] -- Up-to-date symlink: /home/ros2/ros2_ws/install/citrack_ros_msgs/include/citrack_ros_msgs/citrack_ros_msgs/msg/detail/multi_tags__builder.hpp
[3.611s] -- Up-to-date symlink: /home/ros2/ros2_ws/install/citrack_ros_msgs/include/citrack_ros_msgs/citrack_ros_msgs/msg/detail/multi_tags__struct.hpp
[3.611s] -- Up-to-date symlink: /home/ros2/ros2_ws/install/citrack_ros_msgs/include/citrack_ros_msgs/citrack_ros_msgs/msg/detail/multi_tags__traits.hpp
[3.611s] -- Up-to-date symlink: /home/ros2/ros2_ws/install/citrack_ros_msgs/include/citrack_ros_msgs/citrack_ros_msgs/msg/detail/multi_tags__type_support.hpp
[3.611s] -- Up-to-date symlink: /home/ros2/ros2_ws/install/citrack_ros_msgs/include/citrack_ros_msgs/citrack_ros_msgs/msg/detail/rviz_birds_eye_param__builder.hpp
[3.612s] -- Up-to-date symlink: /home/ros2/ros2_ws/install/citrack_ros_msgs/include/citrack_ros_msgs/citrack_ros_msgs/msg/detail/rviz_birds_eye_param__struct.hpp
[3.613s] -- Up-to-date symlink: /home/ros2/ros2_ws/install/citrack_ros_msgs/include/citrack_ros_msgs/citrack_ros_msgs/msg/detail/rviz_birds_eye_param__traits.hpp
[3.614s] -- Up-to-date symlink: /home/ros2/ros2_ws/install/citrack_ros_msgs/include/citrack_ros_msgs/citrack_ros_msgs/msg/detail/rviz_birds_eye_param__type_support.hpp
[3.614s] -- Up-to-date symlink: /home/ros2/ros2_ws/install/citrack_ros_msgs/include/citrack_ros_msgs/citrack_ros_msgs/msg/detail/uwb_anchor__builder.hpp
[3.614s] -- Up-to-date symlink: /home/ros2/ros2_ws/install/citrack_ros_msgs/include/citrack_ros_msgs/citrack_ros_msgs/msg/detail/uwb_anchor__struct.hpp
[3.615s] -- Up-to-date symlink: /home/ros2/ros2_ws/install/citrack_ros_msgs/include/citrack_ros_msgs/citrack_ros_msgs/msg/detail/uwb_anchor__traits.hpp
[3.615s] -- Up-to-date symlink: /home/ros2/ros2_ws/install/citrack_ros_msgs/include/citrack_ros_msgs/citrack_ros_msgs/msg/detail/uwb_anchor__type_support.hpp
[3.615s] -- Up-to-date symlink: /home/ros2/ros2_ws/install/citrack_ros_msgs/include/citrack_ros_msgs/citrack_ros_msgs/msg/detail/uwb_range__builder.hpp
[3.616s] -- Up-to-date symlink: /home/ros2/ros2_ws/install/citrack_ros_msgs/include/citrack_ros_msgs/citrack_ros_msgs/msg/detail/uwb_range__struct.hpp
[3.616s] -- Up-to-date symlink: /home/ros2/ros2_ws/install/citrack_ros_msgs/include/citrack_ros_msgs/citrack_ros_msgs/msg/detail/uwb_range__traits.hpp
[3.617s] -- Up-to-date symlink: /home/ros2/ros2_ws/install/citrack_ros_msgs/include/citrack_ros_msgs/citrack_ros_msgs/msg/detail/uwb_range__type_support.hpp
[3.617s] -- Up-to-date symlink: /home/ros2/ros2_ws/install/citrack_ros_msgs/include/citrack_ros_msgs/citrack_ros_msgs/msg/detail/uwb_tag__builder.hpp
[3.618s] -- Up-to-date symlink: /home/ros2/ros2_ws/install/citrack_ros_msgs/include/citrack_ros_msgs/citrack_ros_msgs/msg/detail/uwb_tag__struct.hpp
[3.618s] -- Up-to-date symlink: /home/ros2/ros2_ws/install/citrack_ros_msgs/include/citrack_ros_msgs/citrack_ros_msgs/msg/detail/uwb_tag__traits.hpp
[3.618s] -- Up-to-date symlink: /home/ros2/ros2_ws/install/citrack_ros_msgs/include/citrack_ros_msgs/citrack_ros_msgs/msg/detail/uwb_tag__type_support.hpp
[3.618s] -- Up-to-date symlink: /home/ros2/ros2_ws/install/citrack_ros_msgs/include/citrack_ros_msgs/citrack_ros_msgs/msg/detail/uwb_tags__builder.hpp
[3.618s] -- Up-to-date symlink: /home/ros2/ros2_ws/install/citrack_ros_msgs/include/citrack_ros_msgs/citrack_ros_msgs/msg/detail/uwb_tags__struct.hpp
[3.618s] -- Up-to-date symlink: /home/ros2/ros2_ws/install/citrack_ros_msgs/include/citrack_ros_msgs/citrack_ros_msgs/msg/detail/uwb_tags__traits.hpp
[3.620s] -- Up-to-date symlink: /home/ros2/ros2_ws/install/citrack_ros_msgs/include/citrack_ros_msgs/citrack_ros_msgs/msg/detail/uwb_tags__type_support.hpp
[3.620s] -- Up-to-date symlink: /home/ros2/ros2_ws/install/citrack_ros_msgs/include/citrack_ros_msgs/citrack_ros_msgs/msg/detail/vicon_position__builder.hpp
[3.621s] -- Up-to-date symlink: /home/ros2/ros2_ws/install/citrack_ros_msgs/include/citrack_ros_msgs/citrack_ros_msgs/msg/detail/vicon_position__struct.hpp
[3.622s] -- Up-to-date symlink: /home/ros2/ros2_ws/install/citrack_ros_msgs/include/citrack_ros_msgs/citrack_ros_msgs/msg/detail/vicon_position__traits.hpp
[3.622s] -- Up-to-date symlink: /home/ros2/ros2_ws/install/citrack_ros_msgs/include/citrack_ros_msgs/citrack_ros_msgs/msg/detail/vicon_position__type_support.hpp
[3.622s] -- Up-to-date symlink: /home/ros2/ros2_ws/install/citrack_ros_msgs/include/citrack_ros_msgs/citrack_ros_msgs/msg/multi_tags.hpp
[3.622s] -- Up-to-date symlink: /home/ros2/ros2_ws/install/citrack_ros_msgs/include/citrack_ros_msgs/citrack_ros_msgs/msg/rosidl_generator_cpp__visibility_control.hpp
[3.623s] -- Up-to-date symlink: /home/ros2/ros2_ws/install/citrack_ros_msgs/include/citrack_ros_msgs/citrack_ros_msgs/msg/rviz_birds_eye_param.hpp
[3.623s] -- Up-to-date symlink: /home/ros2/ros2_ws/install/citrack_ros_msgs/include/citrack_ros_msgs/citrack_ros_msgs/msg/uwb_anchor.hpp
[3.625s] -- Up-to-date symlink: /home/ros2/ros2_ws/install/citrack_ros_msgs/include/citrack_ros_msgs/citrack_ros_msgs/msg/uwb_range.hpp
[3.625s] -- Up-to-date symlink: /home/ros2/ros2_ws/install/citrack_ros_msgs/include/citrack_ros_msgs/citrack_ros_msgs/msg/uwb_tag.hpp
[3.625s] -- Up-to-date symlink: /home/ros2/ros2_ws/install/citrack_ros_msgs/include/citrack_ros_msgs/citrack_ros_msgs/msg/uwb_tags.hpp
[3.625s] -- Up-to-date symlink: /home/ros2/ros2_ws/install/citrack_ros_msgs/include/citrack_ros_msgs/citrack_ros_msgs/msg/vicon_position.hpp
[3.626s] -- Up-to-date symlink: /home/ros2/ros2_ws/install/citrack_ros_msgs/include/citrack_ros_msgs/citrack_ros_msgs/action/detail/darknet_check_for_objects__rosidl_typesupport_fastrtps_cpp.hpp
[3.626s] -- Up-to-date symlink: /home/ros2/ros2_ws/install/citrack_ros_msgs/include/citrack_ros_msgs/citrack_ros_msgs/msg/detail/custom_tag__rosidl_typesupport_fastrtps_cpp.hpp
[3.626s] -- Up-to-date symlink: /home/ros2/ros2_ws/install/citrack_ros_msgs/include/citrack_ros_msgs/citrack_ros_msgs/msg/detail/darknet_bounding_box__rosidl_typesupport_fastrtps_cpp.hpp
[3.626s] -- Up-to-date symlink: /home/ros2/ros2_ws/install/citrack_ros_msgs/include/citrack_ros_msgs/citrack_ros_msgs/msg/detail/darknet_bounding_boxes__rosidl_typesupport_fastrtps_cpp.hpp
[3.627s] -- Up-to-date symlink: /home/ros2/ros2_ws/install/citrack_ros_msgs/include/citrack_ros_msgs/citrack_ros_msgs/msg/detail/darknet_object_count__rosidl_typesupport_fastrtps_cpp.hpp
[3.629s] -- Up-to-date symlink: /home/ros2/ros2_ws/install/citrack_ros_msgs/include/citrack_ros_msgs/citrack_ros_msgs/msg/detail/multi_tags__rosidl_typesupport_fastrtps_cpp.hpp
[3.630s] -- Up-to-date symlink: /home/ros2/ros2_ws/install/citrack_ros_msgs/include/citrack_ros_msgs/citrack_ros_msgs/msg/detail/rviz_birds_eye_param__rosidl_typesupport_fastrtps_cpp.hpp
[3.633s] -- Up-to-date symlink: /home/ros2/ros2_ws/install/citrack_ros_msgs/include/citrack_ros_msgs/citrack_ros_msgs/msg/detail/uwb_anchor__rosidl_typesupport_fastrtps_cpp.hpp
[3.633s] -- Up-to-date symlink: /home/ros2/ros2_ws/install/citrack_ros_msgs/include/citrack_ros_msgs/citrack_ros_msgs/msg/detail/uwb_range__rosidl_typesupport_fastrtps_cpp.hpp
[3.634s] -- Up-to-date symlink: /home/ros2/ros2_ws/install/citrack_ros_msgs/include/citrack_ros_msgs/citrack_ros_msgs/msg/detail/uwb_tag__rosidl_typesupport_fastrtps_cpp.hpp
[3.634s] -- Up-to-date symlink: /home/ros2/ros2_ws/install/citrack_ros_msgs/include/citrack_ros_msgs/citrack_ros_msgs/msg/detail/uwb_tags__rosidl_typesupport_fastrtps_cpp.hpp
[3.634s] -- Up-to-date symlink: /home/ros2/ros2_ws/install/citrack_ros_msgs/include/citrack_ros_msgs/citrack_ros_msgs/msg/detail/vicon_position__rosidl_typesupport_fastrtps_cpp.hpp
[3.634s] -- Up-to-date symlink: /home/ros2/ros2_ws/install/citrack_ros_msgs/include/citrack_ros_msgs/citrack_ros_msgs/msg/rosidl_typesupport_fastrtps_cpp__visibility_control.h
[3.634s] -- Up-to-date symlink: /home/ros2/ros2_ws/install/citrack_ros_msgs/include/citrack_ros_msgs/citrack_ros_msgs/action/detail/darknet_check_for_objects__rosidl_typesupport_introspection_c.h
[3.634s] -- Up-to-date symlink: /home/ros2/ros2_ws/install/citrack_ros_msgs/include/citrack_ros_msgs/citrack_ros_msgs/msg/detail/custom_tag__rosidl_typesupport_introspection_c.h
[3.634s] -- Up-to-date symlink: /home/ros2/ros2_ws/install/citrack_ros_msgs/include/citrack_ros_msgs/citrack_ros_msgs/msg/detail/darknet_bounding_box__rosidl_typesupport_introspection_c.h
[3.634s] -- Up-to-date symlink: /home/ros2/ros2_ws/install/citrack_ros_msgs/include/citrack_ros_msgs/citrack_ros_msgs/msg/detail/darknet_bounding_boxes__rosidl_typesupport_introspection_c.h
[3.635s] -- Up-to-date symlink: /home/ros2/ros2_ws/install/citrack_ros_msgs/include/citrack_ros_msgs/citrack_ros_msgs/msg/detail/darknet_object_count__rosidl_typesupport_introspection_c.h
[3.635s] -- Up-to-date symlink: /home/ros2/ros2_ws/install/citrack_ros_msgs/include/citrack_ros_msgs/citrack_ros_msgs/msg/detail/multi_tags__rosidl_typesupport_introspection_c.h
[3.635s] -- Up-to-date symlink: /home/ros2/ros2_ws/install/citrack_ros_msgs/include/citrack_ros_msgs/citrack_ros_msgs/msg/detail/rviz_birds_eye_param__rosidl_typesupport_introspection_c.h
[3.635s] -- Up-to-date symlink: /home/ros2/ros2_ws/install/citrack_ros_msgs/include/citrack_ros_msgs/citrack_ros_msgs/msg/detail/uwb_anchor__rosidl_typesupport_introspection_c.h
[3.635s] -- Up-to-date symlink: /home/ros2/ros2_ws/install/citrack_ros_msgs/include/citrack_ros_msgs/citrack_ros_msgs/msg/detail/uwb_range__rosidl_typesupport_introspection_c.h
[3.635s] -- Up-to-date symlink: /home/ros2/ros2_ws/install/citrack_ros_msgs/include/citrack_ros_msgs/citrack_ros_msgs/msg/detail/uwb_tag__rosidl_typesupport_introspection_c.h
[3.641s] -- Up-to-date symlink: /home/ros2/ros2_ws/install/citrack_ros_msgs/include/citrack_ros_msgs/citrack_ros_msgs/msg/detail/uwb_tags__rosidl_typesupport_introspection_c.h
[3.641s] -- Up-to-date symlink: /home/ros2/ros2_ws/install/citrack_ros_msgs/include/citrack_ros_msgs/citrack_ros_msgs/msg/detail/vicon_position__rosidl_typesupport_introspection_c.h
[3.642s] -- Up-to-date symlink: /home/ros2/ros2_ws/install/citrack_ros_msgs/include/citrack_ros_msgs/citrack_ros_msgs/msg/rosidl_typesupport_introspection_c__visibility_control.h
[3.642s] -- Up-to-date symlink: /home/ros2/ros2_ws/install/citrack_ros_msgs/include/citrack_ros_msgs/citrack_ros_msgs/action/detail/darknet_check_for_objects__rosidl_typesupport_introspection_cpp.hpp
[3.642s] -- Up-to-date symlink: /home/ros2/ros2_ws/install/citrack_ros_msgs/include/citrack_ros_msgs/citrack_ros_msgs/msg/detail/custom_tag__rosidl_typesupport_introspection_cpp.hpp
[3.642s] -- Up-to-date symlink: /home/ros2/ros2_ws/install/citrack_ros_msgs/include/citrack_ros_msgs/citrack_ros_msgs/msg/detail/darknet_bounding_box__rosidl_typesupport_introspection_cpp.hpp
[3.642s] -- Up-to-date symlink: /home/ros2/ros2_ws/install/citrack_ros_msgs/include/citrack_ros_msgs/citrack_ros_msgs/msg/detail/darknet_bounding_boxes__rosidl_typesupport_introspection_cpp.hpp
[3.642s] -- Up-to-date symlink: /home/ros2/ros2_ws/install/citrack_ros_msgs/include/citrack_ros_msgs/citrack_ros_msgs/msg/detail/darknet_object_count__rosidl_typesupport_introspection_cpp.hpp
[3.644s] -- Up-to-date symlink: /home/ros2/ros2_ws/install/citrack_ros_msgs/include/citrack_ros_msgs/citrack_ros_msgs/msg/detail/multi_tags__rosidl_typesupport_introspection_cpp.hpp
[3.645s] -- Up-to-date symlink: /home/ros2/ros2_ws/install/citrack_ros_msgs/include/citrack_ros_msgs/citrack_ros_msgs/msg/detail/rviz_birds_eye_param__rosidl_typesupport_introspection_cpp.hpp
[3.645s] -- Up-to-date symlink: /home/ros2/ros2_ws/install/citrack_ros_msgs/include/citrack_ros_msgs/citrack_ros_msgs/msg/detail/uwb_anchor__rosidl_typesupport_introspection_cpp.hpp
[3.645s] -- Up-to-date symlink: /home/ros2/ros2_ws/install/citrack_ros_msgs/include/citrack_ros_msgs/citrack_ros_msgs/msg/detail/uwb_range__rosidl_typesupport_introspection_cpp.hpp
[3.645s] -- Up-to-date symlink: /home/ros2/ros2_ws/install/citrack_ros_msgs/include/citrack_ros_msgs/citrack_ros_msgs/msg/detail/uwb_tag__rosidl_typesupport_introspection_cpp.hpp
[3.645s] -- Up-to-date symlink: /home/ros2/ros2_ws/install/citrack_ros_msgs/include/citrack_ros_msgs/citrack_ros_msgs/msg/detail/uwb_tags__rosidl_typesupport_introspection_cpp.hpp
[3.645s] -- Up-to-date symlink: /home/ros2/ros2_ws/install/citrack_ros_msgs/include/citrack_ros_msgs/citrack_ros_msgs/msg/detail/vicon_position__rosidl_typesupport_introspection_cpp.hpp
[3.650s] -- Up-to-date symlink: /home/ros2/ros2_ws/install/citrack_ros_msgs/share/citrack_ros_msgs/environment/pythonpath.sh
[3.652s] -- Up-to-date symlink: /home/ros2/ros2_ws/install/citrack_ros_msgs/share/citrack_ros_msgs/environment/pythonpath.dsv
[3.658s] -- Up-to-date symlink: /home/ros2/ros2_ws/install/citrack_ros_msgs/lib/python3.12/site-packages/citrack_ros_msgs-0.1.0-py3.12.egg-info/PKG-INFO
[3.658s] -- Up-to-date symlink: /home/ros2/ros2_ws/install/citrack_ros_msgs/lib/python3.12/site-packages/citrack_ros_msgs-0.1.0-py3.12.egg-info/SOURCES.txt
[3.658s] -- Up-to-date symlink: /home/ros2/ros2_ws/install/citrack_ros_msgs/lib/python3.12/site-packages/citrack_ros_msgs-0.1.0-py3.12.egg-info/dependency_links.txt
[3.658s] -- Up-to-date symlink: /home/ros2/ros2_ws/install/citrack_ros_msgs/lib/python3.12/site-packages/citrack_ros_msgs-0.1.0-py3.12.egg-info/top_level.txt
[3.658s] -- Up-to-date symlink: /home/ros2/ros2_ws/install/citrack_ros_msgs/lib/python3.12/site-packages/citrack_ros_msgs/__init__.py
[3.658s] -- Up-to-date symlink: /home/ros2/ros2_ws/install/citrack_ros_msgs/lib/python3.12/site-packages/citrack_ros_msgs/_citrack_ros_msgs_s.ep.rosidl_typesupport_c.c
[3.658s] -- Up-to-date symlink: /home/ros2/ros2_ws/install/citrack_ros_msgs/lib/python3.12/site-packages/citrack_ros_msgs/_citrack_ros_msgs_s.ep.rosidl_typesupport_fastrtps_c.c
[3.658s] -- Up-to-date symlink: /home/ros2/ros2_ws/install/citrack_ros_msgs/lib/python3.12/site-packages/citrack_ros_msgs/_citrack_ros_msgs_s.ep.rosidl_typesupport_introspection_c.c
[3.659s] -- Up-to-date symlink: /home/ros2/ros2_ws/install/citrack_ros_msgs/lib/python3.12/site-packages/citrack_ros_msgs/action/__init__.py
[3.659s] -- Up-to-date symlink: /home/ros2/ros2_ws/install/citrack_ros_msgs/lib/python3.12/site-packages/citrack_ros_msgs/action/_darknet_check_for_objects.py
[3.659s] -- Up-to-date symlink: /home/ros2/ros2_ws/install/citrack_ros_msgs/lib/python3.12/site-packages/citrack_ros_msgs/action/_darknet_check_for_objects_s.c
[3.659s] -- Up-to-date symlink: /home/ros2/ros2_ws/install/citrack_ros_msgs/lib/python3.12/site-packages/citrack_ros_msgs/citrack_ros_msgs_s__rosidl_typesupport_c.so
[3.659s] -- Up-to-date symlink: /home/ros2/ros2_ws/install/citrack_ros_msgs/lib/python3.12/site-packages/citrack_ros_msgs/citrack_ros_msgs_s__rosidl_typesupport_fastrtps_c.so
[3.659s] -- Up-to-date symlink: /home/ros2/ros2_ws/install/citrack_ros_msgs/lib/python3.12/site-packages/citrack_ros_msgs/citrack_ros_msgs_s__rosidl_typesupport_introspection_c.so
[3.659s] -- Up-to-date symlink: /home/ros2/ros2_ws/install/citrack_ros_msgs/lib/python3.12/site-packages/citrack_ros_msgs/msg/__init__.py
[3.667s] -- Up-to-date symlink: /home/ros2/ros2_ws/install/citrack_ros_msgs/lib/python3.12/site-packages/citrack_ros_msgs/msg/_custom_tag.py
[3.667s] -- Up-to-date symlink: /home/ros2/ros2_ws/install/citrack_ros_msgs/lib/python3.12/site-packages/citrack_ros_msgs/msg/_custom_tag_s.c
[3.667s] -- Up-to-date symlink: /home/ros2/ros2_ws/install/citrack_ros_msgs/lib/python3.12/site-packages/citrack_ros_msgs/msg/_darknet_bounding_box.py
[3.667s] -- Up-to-date symlink: /home/ros2/ros2_ws/install/citrack_ros_msgs/lib/python3.12/site-packages/citrack_ros_msgs/msg/_darknet_bounding_box_s.c
[3.667s] -- Up-to-date symlink: /home/ros2/ros2_ws/install/citrack_ros_msgs/lib/python3.12/site-packages/citrack_ros_msgs/msg/_darknet_bounding_boxes.py
[3.667s] -- Up-to-date symlink: /home/ros2/ros2_ws/install/citrack_ros_msgs/lib/python3.12/site-packages/citrack_ros_msgs/msg/_darknet_bounding_boxes_s.c
[3.668s] -- Up-to-date symlink: /home/ros2/ros2_ws/install/citrack_ros_msgs/lib/python3.12/site-packages/citrack_ros_msgs/msg/_darknet_object_count.py
[3.668s] -- Up-to-date symlink: /home/ros2/ros2_ws/install/citrack_ros_msgs/lib/python3.12/site-packages/citrack_ros_msgs/msg/_darknet_object_count_s.c
[3.668s] -- Up-to-date symlink: /home/ros2/ros2_ws/install/citrack_ros_msgs/lib/python3.12/site-packages/citrack_ros_msgs/msg/_multi_tags.py
[3.668s] -- Up-to-date symlink: /home/ros2/ros2_ws/install/citrack_ros_msgs/lib/python3.12/site-packages/citrack_ros_msgs/msg/_multi_tags_s.c
[3.668s] -- Up-to-date symlink: /home/ros2/ros2_ws/install/citrack_ros_msgs/lib/python3.12/site-packages/citrack_ros_msgs/msg/_rviz_birds_eye_param.py
[3.668s] -- Up-to-date symlink: /home/ros2/ros2_ws/install/citrack_ros_msgs/lib/python3.12/site-packages/citrack_ros_msgs/msg/_rviz_birds_eye_param_s.c
[3.668s] -- Up-to-date symlink: /home/ros2/ros2_ws/install/citrack_ros_msgs/lib/python3.12/site-packages/citrack_ros_msgs/msg/_uwb_anchor.py
[3.669s] -- Up-to-date symlink: /home/ros2/ros2_ws/install/citrack_ros_msgs/lib/python3.12/site-packages/citrack_ros_msgs/msg/_uwb_anchor_s.c
[3.669s] -- Up-to-date symlink: /home/ros2/ros2_ws/install/citrack_ros_msgs/lib/python3.12/site-packages/citrack_ros_msgs/msg/_uwb_range.py
[3.669s] -- Up-to-date symlink: /home/ros2/ros2_ws/install/citrack_ros_msgs/lib/python3.12/site-packages/citrack_ros_msgs/msg/_uwb_range_s.c
[3.669s] -- Up-to-date symlink: /home/ros2/ros2_ws/install/citrack_ros_msgs/lib/python3.12/site-packages/citrack_ros_msgs/msg/_uwb_tag.py
[3.669s] -- Up-to-date symlink: /home/ros2/ros2_ws/install/citrack_ros_msgs/lib/python3.12/site-packages/citrack_ros_msgs/msg/_uwb_tag_s.c
[3.669s] -- Up-to-date symlink: /home/ros2/ros2_ws/install/citrack_ros_msgs/lib/python3.12/site-packages/citrack_ros_msgs/msg/_uwb_tags.py
[3.669s] -- Up-to-date symlink: /home/ros2/ros2_ws/install/citrack_ros_msgs/lib/python3.12/site-packages/citrack_ros_msgs/msg/_uwb_tags_s.c
[3.678s] -- Up-to-date symlink: /home/ros2/ros2_ws/install/citrack_ros_msgs/lib/python3.12/site-packages/citrack_ros_msgs/msg/_vicon_position.py
[3.681s] -- Up-to-date symlink: /home/ros2/ros2_ws/install/citrack_ros_msgs/lib/python3.12/site-packages/citrack_ros_msgs/msg/_vicon_position_s.c
[3.681s] -- Up-to-date symlink: /home/ros2/ros2_ws/install/citrack_ros_msgs/lib/python3.12/site-packages/citrack_ros_msgs/citrack_ros_msgs_s__rosidl_typesupport_fastrtps_c.so
[3.681s] -- Up-to-date symlink: /home/ros2/ros2_ws/install/citrack_ros_msgs/lib/python3.12/site-packages/citrack_ros_msgs/citrack_ros_msgs_s__rosidl_typesupport_introspection_c.so
[3.681s] -- Up-to-date symlink: /home/ros2/ros2_ws/install/citrack_ros_msgs/lib/python3.12/site-packages/citrack_ros_msgs/citrack_ros_msgs_s__rosidl_typesupport_c.so
[3.682s] -- Up-to-date symlink: /home/ros2/ros2_ws/install/citrack_ros_msgs/share/citrack_ros_msgs/msg/ViconPosition.idl
[3.682s] -- Up-to-date symlink: /home/ros2/ros2_ws/install/citrack_ros_msgs/share/citrack_ros_msgs/msg/UwbAnchor.idl
[3.682s] -- Up-to-date symlink: /home/ros2/ros2_ws/install/citrack_ros_msgs/share/citrack_ros_msgs/msg/UwbTag.idl
[3.682s] -- Up-to-date symlink: /home/ros2/ros2_ws/install/citrack_ros_msgs/share/citrack_ros_msgs/msg/UwbTags.idl
[3.682s] -- Up-to-date symlink: /home/ros2/ros2_ws/install/citrack_ros_msgs/share/citrack_ros_msgs/msg/UwbRange.idl
[3.682s] -- Up-to-date symlink: /home/ros2/ros2_ws/install/citrack_ros_msgs/share/citrack_ros_msgs/msg/DarknetBoundingBox.idl
[3.682s] -- Up-to-date symlink: /home/ros2/ros2_ws/install/citrack_ros_msgs/share/citrack_ros_msgs/msg/DarknetBoundingBoxes.idl
[3.682s] -- Up-to-date symlink: /home/ros2/ros2_ws/install/citrack_ros_msgs/share/citrack_ros_msgs/msg/DarknetObjectCount.idl
[3.682s] -- Up-to-date symlink: /home/ros2/ros2_ws/install/citrack_ros_msgs/share/citrack_ros_msgs/msg/RvizBirdsEyeParam.idl
[3.682s] -- Up-to-date symlink: /home/ros2/ros2_ws/install/citrack_ros_msgs/share/citrack_ros_msgs/msg/CustomTag.idl
[3.682s] -- Up-to-date symlink: /home/ros2/ros2_ws/install/citrack_ros_msgs/share/citrack_ros_msgs/msg/MultiTags.idl
[3.683s] -- Up-to-date symlink: /home/ros2/ros2_ws/install/citrack_ros_msgs/share/citrack_ros_msgs/action/DarknetCheckForObjects.idl
[3.683s] -- Up-to-date symlink: /home/ros2/ros2_ws/install/citrack_ros_msgs/share/citrack_ros_msgs/msg/ViconPosition.msg
[3.683s] -- Up-to-date symlink: /home/ros2/ros2_ws/install/citrack_ros_msgs/share/citrack_ros_msgs/msg/UwbAnchor.msg
[3.683s] -- Up-to-date symlink: /home/ros2/ros2_ws/install/citrack_ros_msgs/share/citrack_ros_msgs/msg/UwbTag.msg
[3.683s] -- Up-to-date symlink: /home/ros2/ros2_ws/install/citrack_ros_msgs/share/citrack_ros_msgs/msg/UwbTags.msg
[3.683s] -- Up-to-date symlink: /home/ros2/ros2_ws/install/citrack_ros_msgs/share/citrack_ros_msgs/msg/UwbRange.msg
[3.683s] -- Up-to-date symlink: /home/ros2/ros2_ws/install/citrack_ros_msgs/share/citrack_ros_msgs/msg/DarknetBoundingBox.msg
[3.683s] -- Up-to-date symlink: /home/ros2/ros2_ws/install/citrack_ros_msgs/share/citrack_ros_msgs/msg/DarknetBoundingBoxes.msg
[3.687s] -- Up-to-date symlink: /home/ros2/ros2_ws/install/citrack_ros_msgs/share/citrack_ros_msgs/msg/DarknetObjectCount.msg
[3.687s] -- Up-to-date symlink: /home/ros2/ros2_ws/install/citrack_ros_msgs/share/citrack_ros_msgs/msg/RvizBirdsEyeParam.msg
[3.687s] -- Up-to-date symlink: /home/ros2/ros2_ws/install/citrack_ros_msgs/share/citrack_ros_msgs/msg/CustomTag.msg
[3.687s] -- Up-to-date symlink: /home/ros2/ros2_ws/install/citrack_ros_msgs/share/citrack_ros_msgs/msg/MultiTags.msg
[3.687s] -- Up-to-date symlink: /home/ros2/ros2_ws/install/citrack_ros_msgs/share/citrack_ros_msgs/action/DarknetCheckForObjects.action
[3.687s] -- Up-to-date symlink: /home/ros2/ros2_ws/install/citrack_ros_msgs/share/ament_index/resource_index/package_run_dependencies/citrack_ros_msgs
[3.687s] -- Up-to-date symlink: /home/ros2/ros2_ws/install/citrack_ros_msgs/share/ament_index/resource_index/parent_prefix_path/citrack_ros_msgs
[3.688s] -- Up-to-date symlink: /home/ros2/ros2_ws/install/citrack_ros_msgs/share/citrack_ros_msgs/environment/ament_prefix_path.sh
[3.688s] -- Up-to-date symlink: /home/ros2/ros2_ws/install/citrack_ros_msgs/share/citrack_ros_msgs/environment/ament_prefix_path.dsv
[3.688s] -- Up-to-date symlink: /home/ros2/ros2_ws/install/citrack_ros_msgs/share/citrack_ros_msgs/environment/path.sh
[3.688s] -- Up-to-date symlink: /home/ros2/ros2_ws/install/citrack_ros_msgs/share/citrack_ros_msgs/environment/path.dsv
[3.688s] -- Up-to-date symlink: /home/ros2/ros2_ws/install/citrack_ros_msgs/share/citrack_ros_msgs/local_setup.bash
[3.688s] -- Up-to-date symlink: /home/ros2/ros2_ws/install/citrack_ros_msgs/share/citrack_ros_msgs/local_setup.sh
[3.688s] -- Up-to-date symlink: /home/ros2/ros2_ws/install/citrack_ros_msgs/share/citrack_ros_msgs/local_setup.zsh
[3.688s] -- Up-to-date symlink: /home/ros2/ros2_ws/install/citrack_ros_msgs/share/citrack_ros_msgs/local_setup.dsv
[3.688s] -- Symlinking: /home/ros2/ros2_ws/install/citrack_ros_msgs/share/citrack_ros_msgs/package.dsv
[3.688s] -- Up-to-date symlink: /home/ros2/ros2_ws/install/citrack_ros_msgs/share/ament_index/resource_index/packages/citrack_ros_msgs
[3.688s] -- Up-to-date symlink: /home/ros2/ros2_ws/install/citrack_ros_msgs/share/citrack_ros_msgs/cmake/rosidl_cmake-extras.cmake
[3.689s] -- Up-to-date symlink: /home/ros2/ros2_ws/install/citrack_ros_msgs/share/citrack_ros_msgs/cmake/ament_cmake_export_dependencies-extras.cmake
[3.689s] -- Up-to-date symlink: /home/ros2/ros2_ws/install/citrack_ros_msgs/share/citrack_ros_msgs/cmake/ament_cmake_export_include_directories-extras.cmake
[3.689s] -- Up-to-date symlink: /home/ros2/ros2_ws/install/citrack_ros_msgs/share/citrack_ros_msgs/cmake/ament_cmake_export_libraries-extras.cmake
[3.689s] -- Up-to-date symlink: /home/ros2/ros2_ws/install/citrack_ros_msgs/share/citrack_ros_msgs/cmake/ament_cmake_export_targets-extras.cmake
[3.689s] -- Up-to-date symlink: /home/ros2/ros2_ws/install/citrack_ros_msgs/share/citrack_ros_msgs/cmake/rosidl_cmake_export_typesupport_targets-extras.cmake
[3.689s] -- Up-to-date symlink: /home/ros2/ros2_ws/install/citrack_ros_msgs/share/citrack_ros_msgs/cmake/rosidl_cmake_export_typesupport_libraries-extras.cmake
[3.690s] -- Up-to-date symlink: /home/ros2/ros2_ws/install/citrack_ros_msgs/share/citrack_ros_msgs/cmake/citrack_ros_msgsConfig.cmake
[3.690s] -- Up-to-date symlink: /home/ros2/ros2_ws/install/citrack_ros_msgs/share/citrack_ros_msgs/cmake/citrack_ros_msgsConfig-version.cmake
[3.690s] -- Up-to-date symlink: /home/ros2/ros2_ws/install/citrack_ros_msgs/share/citrack_ros_msgs/package.xml
[3.690s] -- Up-to-date: /home/ros2/ros2_ws/install/citrack_ros_msgs/lib/libcitrack_ros_msgs__rosidl_generator_c.so
[3.695s] -- Up-to-date: /home/ros2/ros2_ws/install/citrack_ros_msgs/lib/libcitrack_ros_msgs__rosidl_typesupport_fastrtps_c.so
[3.702s] -- Up-to-date: /home/ros2/ros2_ws/install/citrack_ros_msgs/lib/libcitrack_ros_msgs__rosidl_typesupport_fastrtps_cpp.so
[3.727s] -- Up-to-date: /home/ros2/ros2_ws/install/citrack_ros_msgs/lib/libcitrack_ros_msgs__rosidl_typesupport_introspection_c.so
[3.737s] -- Up-to-date: /home/ros2/ros2_ws/install/citrack_ros_msgs/lib/libcitrack_ros_msgs__rosidl_typesupport_c.so
[3.737s] -- Up-to-date: /home/ros2/ros2_ws/install/citrack_ros_msgs/lib/libcitrack_ros_msgs__rosidl_typesupport_introspection_cpp.so
[3.737s] -- Up-to-date: /home/ros2/ros2_ws/install/citrack_ros_msgs/lib/libcitrack_ros_msgs__rosidl_typesupport_cpp.so
[3.930s] Listing '/home/ros2/ros2_ws/install/citrack_ros_msgs/lib/python3.12/site-packages/citrack_ros_msgs'...
[3.930s] Listing '/home/ros2/ros2_ws/install/citrack_ros_msgs/lib/python3.12/site-packages/citrack_ros_msgs/action'...
[3.930s] Listing '/home/ros2/ros2_ws/install/citrack_ros_msgs/lib/python3.12/site-packages/citrack_ros_msgs/msg'...
[3.974s] -- Up-to-date: /home/ros2/ros2_ws/install/citrack_ros_msgs/lib/libcitrack_ros_msgs__rosidl_generator_py.so
[3.981s] -- Up-to-date: /home/ros2/ros2_ws/install/citrack_ros_msgs/share/citrack_ros_msgs/cmake/export_citrack_ros_msgs__rosidl_generator_cExport.cmake
[3.981s] -- Up-to-date: /home/ros2/ros2_ws/install/citrack_ros_msgs/share/citrack_ros_msgs/cmake/export_citrack_ros_msgs__rosidl_generator_cExport-noconfig.cmake
[3.983s] -- Up-to-date: /home/ros2/ros2_ws/install/citrack_ros_msgs/share/citrack_ros_msgs/cmake/export_citrack_ros_msgs__rosidl_typesupport_fastrtps_cExport.cmake
[3.983s] -- Up-to-date: /home/ros2/ros2_ws/install/citrack_ros_msgs/share/citrack_ros_msgs/cmake/export_citrack_ros_msgs__rosidl_typesupport_fastrtps_cExport-noconfig.cmake
[3.988s] -- Up-to-date: /home/ros2/ros2_ws/install/citrack_ros_msgs/share/citrack_ros_msgs/cmake/export_citrack_ros_msgs__rosidl_generator_cppExport.cmake
[3.998s] -- Up-to-date: /home/ros2/ros2_ws/install/citrack_ros_msgs/share/citrack_ros_msgs/cmake/export_citrack_ros_msgs__rosidl_typesupport_fastrtps_cppExport.cmake
[3.998s] -- Up-to-date: /home/ros2/ros2_ws/install/citrack_ros_msgs/share/citrack_ros_msgs/cmake/export_citrack_ros_msgs__rosidl_typesupport_fastrtps_cppExport-noconfig.cmake
[3.999s] -- Up-to-date: /home/ros2/ros2_ws/install/citrack_ros_msgs/share/citrack_ros_msgs/cmake/citrack_ros_msgs__rosidl_typesupport_introspection_cExport.cmake
[3.999s] -- Up-to-date: /home/ros2/ros2_ws/install/citrack_ros_msgs/share/citrack_ros_msgs/cmake/citrack_ros_msgs__rosidl_typesupport_introspection_cExport-noconfig.cmake
[4.008s] -- Up-to-date: /home/ros2/ros2_ws/install/citrack_ros_msgs/share/citrack_ros_msgs/cmake/citrack_ros_msgs__rosidl_typesupport_cExport.cmake
[4.008s] -- Up-to-date: /home/ros2/ros2_ws/install/citrack_ros_msgs/share/citrack_ros_msgs/cmake/citrack_ros_msgs__rosidl_typesupport_cExport-noconfig.cmake
[4.008s] -- Up-to-date: /home/ros2/ros2_ws/install/citrack_ros_msgs/share/citrack_ros_msgs/cmake/citrack_ros_msgs__rosidl_typesupport_introspection_cppExport.cmake
[4.008s] -- Up-to-date: /home/ros2/ros2_ws/install/citrack_ros_msgs/share/citrack_ros_msgs/cmake/citrack_ros_msgs__rosidl_typesupport_introspection_cppExport-noconfig.cmake
[4.013s] -- Up-to-date: /home/ros2/ros2_ws/install/citrack_ros_msgs/share/citrack_ros_msgs/cmake/citrack_ros_msgs__rosidl_typesupport_cppExport.cmake
[4.014s] -- Up-to-date: /home/ros2/ros2_ws/install/citrack_ros_msgs/share/citrack_ros_msgs/cmake/citrack_ros_msgs__rosidl_typesupport_cppExport-noconfig.cmake
[4.018s] -- Up-to-date: /home/ros2/ros2_ws/install/citrack_ros_msgs/share/citrack_ros_msgs/cmake/export_citrack_ros_msgs__rosidl_generator_pyExport.cmake
[4.018s] -- Up-to-date: /home/ros2/ros2_ws/install/citrack_ros_msgs/share/citrack_ros_msgs/cmake/export_citrack_ros_msgs__rosidl_generator_pyExport-noconfig.cmake
[4.044s] Invoked command in '/home/ros2/ros2_ws/build/citrack_ros_msgs' returned '0': CMAKE_PREFIX_PATH=${CMAKE_PREFIX_PATH}:/home/ros2/ros2_ws/install/uwb_tracking_ros2:/home/ros2/ros2_ws/install/sebot_navigation:/home/ros2/ros2_ws/install/motordriver:/home/ros2/ros2_ws/install/diffdrive:/opt/ros/jazzy DEBUGINFOD_URLS=https://debuginfod.ubuntu.com /usr/bin/cmake --install /home/ros2/ros2_ws/build/citrack_ros_msgs
