running develop
Removing /home/ros2/ros2_ws/install/sebot_navigation/lib/python3.12/site-packages/sebot-navigation.egg-link (link to .)
running egg_info
writing ../../build/sebot_navigation/sebot_navigation.egg-info/PKG-INFO
writing dependency_links to ../../build/sebot_navigation/sebot_navigation.egg-info/dependency_links.txt
writing requirements to ../../build/sebot_navigation/sebot_navigation.egg-info/requires.txt
writing top-level names to ../../build/sebot_navigation/sebot_navigation.egg-info/top_level.txt
reading manifest file '../../build/sebot_navigation/sebot_navigation.egg-info/SOURCES.txt'
writing manifest file '../../build/sebot_navigation/sebot_navigation.egg-info/SOURCES.txt'
running build
running build_py
running install
running install_lib
creating /home/ros2/ros2_ws/install/sebot_navigation/lib/python3.12/site-packages/sebot_navigation
copying /home/ros2/ros2_ws/build/sebot_navigation/build/lib/sebot_navigation/__init__.py -> /home/ros2/ros2_ws/install/sebot_navigation/lib/python3.12/site-packages/sebot_navigation
byte-compiling /home/ros2/ros2_ws/install/sebot_navigation/lib/python3.12/site-packages/sebot_navigation/__init__.py to __init__.cpython-312.pyc
running install_data
copying resource/sebot_navigation -> /home/ros2/ros2_ws/install/sebot_navigation/share/ament_index/resource_index/packages
copying package.xml -> /home/ros2/ros2_ws/install/sebot_navigation/share/sebot_navigation
copying config/slam_toolbox_params.yaml -> /home/ros2/ros2_ws/install/sebot_navigation/share/sebot_navigation/config
copying config/nav2_params.yaml -> /home/ros2/ros2_ws/install/sebot_navigation/share/sebot_navigation/config
copying launch/nav2_bringup.launch.py -> /home/ros2/ros2_ws/install/sebot_navigation/share/sebot_navigation/launch
copying launch/slam_online_async.launch.py -> /home/ros2/ros2_ws/install/sebot_navigation/share/sebot_navigation/launch
copying launch/sebot_navigation.launch.py -> /home/ros2/ros2_ws/install/sebot_navigation/share/sebot_navigation/launch
running install_egg_info
Copying ../../build/sebot_navigation/sebot_navigation.egg-info to /home/ros2/ros2_ws/install/sebot_navigation/lib/python3.12/site-packages/sebot_navigation-0.0.0-py3.12.egg-info
running install_scripts
writing list of installed files to '/home/ros2/ros2_ws/build/sebot_navigation/install.log'
