running develop
Removing /home/ros2/ros2_ws/install/diffdrive/lib/python3.12/site-packages/diffdrive.egg-link (link to .)
running egg_info
writing ../../build/diffdrive/diffdrive.egg-info/PKG-INFO
writing dependency_links to ../../build/diffdrive/diffdrive.egg-info/dependency_links.txt
writing entry points to ../../build/diffdrive/diffdrive.egg-info/entry_points.txt
writing requirements to ../../build/diffdrive/diffdrive.egg-info/requires.txt
writing top-level names to ../../build/diffdrive/diffdrive.egg-info/top_level.txt
reading manifest file '../../build/diffdrive/diffdrive.egg-info/SOURCES.txt'
writing manifest file '../../build/diffdrive/diffdrive.egg-info/SOURCES.txt'
running build
running build_py
copying diffdrive/odom_origin.py -> /home/ros2/ros2_ws/build/diffdrive/build/lib/diffdrive
copying diffdrive/odom.py -> /home/ros2/ros2_ws/build/diffdrive/build/lib/diffdrive
running install
running install_lib
creating /home/ros2/ros2_ws/install/diffdrive/lib/python3.12/site-packages/diffdrive
copying /home/ros2/ros2_ws/build/diffdrive/build/lib/diffdrive/odom_origin.py -> /home/ros2/ros2_ws/install/diffdrive/lib/python3.12/site-packages/diffdrive
copying /home/ros2/ros2_ws/build/diffdrive/build/lib/diffdrive/encoder.py -> /home/ros2/ros2_ws/install/diffdrive/lib/python3.12/site-packages/diffdrive
copying /home/ros2/ros2_ws/build/diffdrive/build/lib/diffdrive/__init__.py -> /home/ros2/ros2_ws/install/diffdrive/lib/python3.12/site-packages/diffdrive
copying /home/ros2/ros2_ws/build/diffdrive/build/lib/diffdrive/DataLogger.py -> /home/ros2/ros2_ws/install/diffdrive/lib/python3.12/site-packages/diffdrive
copying /home/ros2/ros2_ws/build/diffdrive/build/lib/diffdrive/odom_imu.py -> /home/ros2/ros2_ws/install/diffdrive/lib/python3.12/site-packages/diffdrive
copying /home/ros2/ros2_ws/build/diffdrive/build/lib/diffdrive/odom.py -> /home/ros2/ros2_ws/install/diffdrive/lib/python3.12/site-packages/diffdrive
copying /home/ros2/ros2_ws/build/diffdrive/build/lib/diffdrive/cmd_vel.py -> /home/ros2/ros2_ws/install/diffdrive/lib/python3.12/site-packages/diffdrive
byte-compiling /home/ros2/ros2_ws/install/diffdrive/lib/python3.12/site-packages/diffdrive/odom_origin.py to odom_origin.cpython-312.pyc
byte-compiling /home/ros2/ros2_ws/install/diffdrive/lib/python3.12/site-packages/diffdrive/encoder.py to encoder.cpython-312.pyc
byte-compiling /home/ros2/ros2_ws/install/diffdrive/lib/python3.12/site-packages/diffdrive/__init__.py to __init__.cpython-312.pyc
byte-compiling /home/ros2/ros2_ws/install/diffdrive/lib/python3.12/site-packages/diffdrive/DataLogger.py to DataLogger.cpython-312.pyc
byte-compiling /home/ros2/ros2_ws/install/diffdrive/lib/python3.12/site-packages/diffdrive/odom_imu.py to odom_imu.cpython-312.pyc
byte-compiling /home/ros2/ros2_ws/install/diffdrive/lib/python3.12/site-packages/diffdrive/odom.py to odom.cpython-312.pyc
byte-compiling /home/ros2/ros2_ws/install/diffdrive/lib/python3.12/site-packages/diffdrive/cmd_vel.py to cmd_vel.cpython-312.pyc
running install_data
copying resource/diffdrive -> /home/ros2/ros2_ws/install/diffdrive/share/ament_index/resource_index/packages
copying package.xml -> /home/ros2/ros2_ws/install/diffdrive/share/diffdrive
copying launch/odom.launch.py -> /home/ros2/ros2_ws/install/diffdrive/share/diffdrive/launch
copying launch/diffdrive.launch.py -> /home/ros2/ros2_ws/install/diffdrive/share/diffdrive/launch
running install_egg_info
Copying ../../build/diffdrive/diffdrive.egg-info to /home/ros2/ros2_ws/install/diffdrive/lib/python3.12/site-packages/diffdrive-0.0.0-py3.12.egg-info
running install_scripts
Installing DataLogger script to /home/ros2/ros2_ws/install/diffdrive/lib/diffdrive
Installing cmd_vel script to /home/ros2/ros2_ws/install/diffdrive/lib/diffdrive
Installing odom script to /home/ros2/ros2_ws/install/diffdrive/lib/diffdrive
Installing odom_imu script to /home/ros2/ros2_ws/install/diffdrive/lib/diffdrive
Installing odom_origin script to /home/ros2/ros2_ws/install/diffdrive/lib/diffdrive
writing list of installed files to '/home/ros2/ros2_ws/build/diffdrive/install.log'
