-- The C compiler identification is GNU 13.3.0
-- The CXX compiler identification is GNU 13.3.0
-- Detecting C compiler ABI info
-- Detecting C compiler ABI info - done
-- Check for working C compiler: /usr/bin/cc - skipped
-- Detecting C compile features
-- Detecting C compile features - done
-- Detecting CXX compiler ABI info
-- Detecting CXX compiler ABI info - done
-- Check for working CXX compiler: /usr/bin/c++ - skipped
-- Detecting CXX compile features
-- Detecting CXX compile features - done
-- Found ament_cmake: 2.5.3 (/opt/ros/jazzy/share/ament_cmake/cmake)
-- Found Python3: /usr/bin/python3 (found version "3.12.3") found components: Interpreter 
-- Override CMake install command with custom implementation using symlinks instead of copying resources
-- Found builtin_interfaces: 2.0.2 (/opt/ros/jazzy/share/builtin_interfaces/cmake)
-- Found rosidl_generator_c: 4.6.5 (/opt/ros/jazzy/share/rosidl_generator_c/cmake)
-- Found rosidl_generator_cpp: 4.6.5 (/opt/ros/jazzy/share/rosidl_generator_cpp/cmake)
-- Using all available rosidl_typesupport_c: rosidl_typesupport_fastrtps_c;rosidl_typesupport_introspection_c
-- Using all available rosidl_typesupport_cpp: rosidl_typesupport_fastrtps_cpp;rosidl_typesupport_introspection_cpp
-- Found rosidl_default_generators: 1.6.0 (/opt/ros/jazzy/share/rosidl_default_generators/cmake)
-- Found rosidl_adapter: 4.6.5 (/opt/ros/jazzy/share/rosidl_adapter/cmake)
-- Found std_msgs: 5.3.5 (/opt/ros/jazzy/share/std_msgs/cmake)
-- Found geometry_msgs: 5.3.5 (/opt/ros/jazzy/share/geometry_msgs/cmake)
-- Found sensor_msgs: 5.3.5 (/opt/ros/jazzy/share/sensor_msgs/cmake)
-- Found action_msgs: 2.0.2 (/opt/ros/jazzy/share/action_msgs/cmake)
-- Found ament_cmake_cppcheck: 0.17.1 (/opt/ros/jazzy/share/ament_cmake_cppcheck/cmake)
-- Found ament_cmake_cpplint: 0.17.1 (/opt/ros/jazzy/share/ament_cmake_cpplint/cmake)
-- Found ament_cmake_uncrustify: 0.17.1 (/opt/ros/jazzy/share/ament_cmake_uncrustify/cmake)
-- Found ament_cmake_ros: 0.12.0 (/opt/ros/jazzy/share/ament_cmake_ros/cmake)
-- Using all available rosidl_typesupport_c: rosidl_typesupport_fastrtps_c;rosidl_typesupport_introspection_c
-- Using all available rosidl_typesupport_cpp: rosidl_typesupport_fastrtps_cpp;rosidl_typesupport_introspection_cpp
-- Found python_cmake_module: 0.11.1 (/opt/ros/jazzy/share/python_cmake_module/cmake)
-- Found PythonExtra: /usr/bin/python3  
-- Found Python3: /usr/bin/python3 (found version "3.12.3") found components: Interpreter Development NumPy Development.Module Development.Embed 
-- Found ament_cmake_flake8: 0.17.1 (/opt/ros/jazzy/share/ament_cmake_flake8/cmake)
-- Found ament_cmake_pep257: 0.17.1 (/opt/ros/jazzy/share/ament_cmake_pep257/cmake)
-- Found ament_lint_auto: 0.17.1 (/opt/ros/jazzy/share/ament_lint_auto/cmake)
-- Added test 'lint_cmake' to check CMake code style
-- Added test 'xmllint' to check XML markup files
-- Configuring done (15.0s)
-- Generating done (0.3s)
-- Build files have been written to: /home/ros2/ros2_ws/build/citrack_ros_msgs
[  1%] [34m[1mGenerating type hashes for ROS interfaces[0m
[  1%] Built target ament_cmake_python_symlink_citrack_ros_msgs
running egg_info
creating citrack_ros_msgs.egg-info
writing citrack_ros_msgs.egg-info/PKG-INFO
writing dependency_links to citrack_ros_msgs.egg-info/dependency_links.txt
writing top-level names to citrack_ros_msgs.egg-info/top_level.txt
writing manifest file 'citrack_ros_msgs.egg-info/SOURCES.txt'
reading manifest file 'citrack_ros_msgs.egg-info/SOURCES.txt'
writing manifest file 'citrack_ros_msgs.egg-info/SOURCES.txt'
[  1%] Built target ament_cmake_python_build_citrack_ros_msgs_egg
[  1%] Built target citrack_ros_msgs__rosidl_generator_type_description
[  2%] [34m[1mGenerating C code for ROS interfaces[0m
[  2%] [34m[1mGenerating C++ code for ROS interfaces[0m
[  2%] Built target citrack_ros_msgs__cpp
[  3%] [32mBuilding C object CMakeFiles/citrack_ros_msgs__rosidl_generator_c.dir/rosidl_generator_c/citrack_ros_msgs/msg/detail/vicon_position__description.c.o[0m
[  3%] [32mBuilding C object CMakeFiles/citrack_ros_msgs__rosidl_generator_c.dir/rosidl_generator_c/citrack_ros_msgs/msg/detail/vicon_position__functions.c.o[0m
[  3%] [32mBuilding C object CMakeFiles/citrack_ros_msgs__rosidl_generator_c.dir/rosidl_generator_c/citrack_ros_msgs/msg/detail/uwb_anchor__description.c.o[0m
[  4%] [32mBuilding C object CMakeFiles/citrack_ros_msgs__rosidl_generator_c.dir/rosidl_generator_c/citrack_ros_msgs/msg/detail/vicon_position__type_support.c.o[0m
[  5%] [32mBuilding C object CMakeFiles/citrack_ros_msgs__rosidl_generator_c.dir/rosidl_generator_c/citrack_ros_msgs/msg/detail/uwb_anchor__functions.c.o[0m
[  6%] [32mBuilding C object CMakeFiles/citrack_ros_msgs__rosidl_generator_c.dir/rosidl_generator_c/citrack_ros_msgs/msg/detail/uwb_anchor__type_support.c.o[0m
[  6%] [32mBuilding C object CMakeFiles/citrack_ros_msgs__rosidl_generator_c.dir/rosidl_generator_c/citrack_ros_msgs/msg/detail/uwb_tag__description.c.o[0m
[  7%] [32mBuilding C object CMakeFiles/citrack_ros_msgs__rosidl_generator_c.dir/rosidl_generator_c/citrack_ros_msgs/msg/detail/uwb_tag__functions.c.o[0m
[  8%] [32mBuilding C object CMakeFiles/citrack_ros_msgs__rosidl_generator_c.dir/rosidl_generator_c/citrack_ros_msgs/msg/detail/uwb_tag__type_support.c.o[0m
[  9%] [32mBuilding C object CMakeFiles/citrack_ros_msgs__rosidl_generator_c.dir/rosidl_generator_c/citrack_ros_msgs/msg/detail/uwb_tags__description.c.o[0m
[  9%] [32mBuilding C object CMakeFiles/citrack_ros_msgs__rosidl_generator_c.dir/rosidl_generator_c/citrack_ros_msgs/msg/detail/uwb_tags__functions.c.o[0m
[ 10%] [32mBuilding C object CMakeFiles/citrack_ros_msgs__rosidl_generator_c.dir/rosidl_generator_c/citrack_ros_msgs/msg/detail/uwb_tags__type_support.c.o[0m
[ 11%] [32mBuilding C object CMakeFiles/citrack_ros_msgs__rosidl_generator_c.dir/rosidl_generator_c/citrack_ros_msgs/msg/detail/uwb_range__description.c.o[0m
[ 11%] [32mBuilding C object CMakeFiles/citrack_ros_msgs__rosidl_generator_c.dir/rosidl_generator_c/citrack_ros_msgs/msg/detail/uwb_range__functions.c.o[0m
[ 12%] [32mBuilding C object CMakeFiles/citrack_ros_msgs__rosidl_generator_c.dir/rosidl_generator_c/citrack_ros_msgs/msg/detail/uwb_range__type_support.c.o[0m
[ 13%] [32mBuilding C object CMakeFiles/citrack_ros_msgs__rosidl_generator_c.dir/rosidl_generator_c/citrack_ros_msgs/msg/detail/darknet_bounding_box__description.c.o[0m
[ 14%] [32mBuilding C object CMakeFiles/citrack_ros_msgs__rosidl_generator_c.dir/rosidl_generator_c/citrack_ros_msgs/msg/detail/darknet_bounding_box__type_support.c.o[0m
[ 14%] [32mBuilding C object CMakeFiles/citrack_ros_msgs__rosidl_generator_c.dir/rosidl_generator_c/citrack_ros_msgs/msg/detail/darknet_bounding_box__functions.c.o[0m
[ 15%] [32mBuilding C object CMakeFiles/citrack_ros_msgs__rosidl_generator_c.dir/rosidl_generator_c/citrack_ros_msgs/msg/detail/darknet_bounding_boxes__description.c.o[0m
[ 15%] [32mBuilding C object CMakeFiles/citrack_ros_msgs__rosidl_generator_c.dir/rosidl_generator_c/citrack_ros_msgs/msg/detail/darknet_bounding_boxes__functions.c.o[0m
[ 16%] [32mBuilding C object CMakeFiles/citrack_ros_msgs__rosidl_generator_c.dir/rosidl_generator_c/citrack_ros_msgs/msg/detail/darknet_bounding_boxes__type_support.c.o[0m
[ 17%] [32mBuilding C object CMakeFiles/citrack_ros_msgs__rosidl_generator_c.dir/rosidl_generator_c/citrack_ros_msgs/msg/detail/darknet_object_count__description.c.o[0m
[ 18%] [32mBuilding C object CMakeFiles/citrack_ros_msgs__rosidl_generator_c.dir/rosidl_generator_c/citrack_ros_msgs/msg/detail/darknet_object_count__functions.c.o[0m
[ 18%] [32mBuilding C object CMakeFiles/citrack_ros_msgs__rosidl_generator_c.dir/rosidl_generator_c/citrack_ros_msgs/msg/detail/darknet_object_count__type_support.c.o[0m
[ 19%] [32mBuilding C object CMakeFiles/citrack_ros_msgs__rosidl_generator_c.dir/rosidl_generator_c/citrack_ros_msgs/msg/detail/rviz_birds_eye_param__description.c.o[0m
[ 20%] [32mBuilding C object CMakeFiles/citrack_ros_msgs__rosidl_generator_c.dir/rosidl_generator_c/citrack_ros_msgs/msg/detail/rviz_birds_eye_param__functions.c.o[0m
[ 20%] [32mBuilding C object CMakeFiles/citrack_ros_msgs__rosidl_generator_c.dir/rosidl_generator_c/citrack_ros_msgs/msg/detail/rviz_birds_eye_param__type_support.c.o[0m
[ 21%] [32mBuilding C object CMakeFiles/citrack_ros_msgs__rosidl_generator_c.dir/rosidl_generator_c/citrack_ros_msgs/msg/detail/custom_tag__description.c.o[0m
[ 22%] [32mBuilding C object CMakeFiles/citrack_ros_msgs__rosidl_generator_c.dir/rosidl_generator_c/citrack_ros_msgs/msg/detail/custom_tag__functions.c.o[0m
[ 22%] [32mBuilding C object CMakeFiles/citrack_ros_msgs__rosidl_generator_c.dir/rosidl_generator_c/citrack_ros_msgs/msg/detail/custom_tag__type_support.c.o[0m
[ 23%] [32mBuilding C object CMakeFiles/citrack_ros_msgs__rosidl_generator_c.dir/rosidl_generator_c/citrack_ros_msgs/msg/detail/multi_tags__description.c.o[0m
[ 24%] [32mBuilding C object CMakeFiles/citrack_ros_msgs__rosidl_generator_c.dir/rosidl_generator_c/citrack_ros_msgs/msg/detail/multi_tags__functions.c.o[0m
[ 25%] [32mBuilding C object CMakeFiles/citrack_ros_msgs__rosidl_generator_c.dir/rosidl_generator_c/citrack_ros_msgs/msg/detail/multi_tags__type_support.c.o[0m
[ 25%] [32mBuilding C object CMakeFiles/citrack_ros_msgs__rosidl_generator_c.dir/rosidl_generator_c/citrack_ros_msgs/action/detail/darknet_check_for_objects__description.c.o[0m
[ 26%] [32mBuilding C object CMakeFiles/citrack_ros_msgs__rosidl_generator_c.dir/rosidl_generator_c/citrack_ros_msgs/action/detail/darknet_check_for_objects__functions.c.o[0m
[ 27%] [32mBuilding C object CMakeFiles/citrack_ros_msgs__rosidl_generator_c.dir/rosidl_generator_c/citrack_ros_msgs/action/detail/darknet_check_for_objects__type_support.c.o[0m
[ 27%] [32m[1mLinking C shared library libcitrack_ros_msgs__rosidl_generator_c.so[0m
[ 27%] Built target citrack_ros_msgs__rosidl_generator_c
[ 27%] [34m[1mGenerating C++ type support dispatch for ROS interfaces[0m
[ 28%] [32mBuilding CXX object CMakeFiles/citrack_ros_msgs__rosidl_typesupport_cpp.dir/rosidl_typesupport_cpp/citrack_ros_msgs/msg/vicon_position__type_support.cpp.o[0m
[ 29%] [32mBuilding CXX object CMakeFiles/citrack_ros_msgs__rosidl_typesupport_cpp.dir/rosidl_typesupport_cpp/citrack_ros_msgs/msg/uwb_anchor__type_support.cpp.o[0m
[ 30%] [32mBuilding CXX object CMakeFiles/citrack_ros_msgs__rosidl_typesupport_cpp.dir/rosidl_typesupport_cpp/citrack_ros_msgs/msg/uwb_tag__type_support.cpp.o[0m
[ 30%] [32mBuilding CXX object CMakeFiles/citrack_ros_msgs__rosidl_typesupport_cpp.dir/rosidl_typesupport_cpp/citrack_ros_msgs/msg/uwb_tags__type_support.cpp.o[0m
[ 31%] [32mBuilding CXX object CMakeFiles/citrack_ros_msgs__rosidl_typesupport_cpp.dir/rosidl_typesupport_cpp/citrack_ros_msgs/msg/uwb_range__type_support.cpp.o[0m
[ 32%] [32mBuilding CXX object CMakeFiles/citrack_ros_msgs__rosidl_typesupport_cpp.dir/rosidl_typesupport_cpp/citrack_ros_msgs/msg/darknet_bounding_box__type_support.cpp.o[0m
[ 32%] [32mBuilding CXX object CMakeFiles/citrack_ros_msgs__rosidl_typesupport_cpp.dir/rosidl_typesupport_cpp/citrack_ros_msgs/msg/darknet_bounding_boxes__type_support.cpp.o[0m
[ 33%] [32mBuilding CXX object CMakeFiles/citrack_ros_msgs__rosidl_typesupport_cpp.dir/rosidl_typesupport_cpp/citrack_ros_msgs/msg/darknet_object_count__type_support.cpp.o[0m
[ 34%] [32mBuilding CXX object CMakeFiles/citrack_ros_msgs__rosidl_typesupport_cpp.dir/rosidl_typesupport_cpp/citrack_ros_msgs/msg/rviz_birds_eye_param__type_support.cpp.o[0m
[ 34%] [32mBuilding CXX object CMakeFiles/citrack_ros_msgs__rosidl_typesupport_cpp.dir/rosidl_typesupport_cpp/citrack_ros_msgs/msg/custom_tag__type_support.cpp.o[0m
[ 35%] [32mBuilding CXX object CMakeFiles/citrack_ros_msgs__rosidl_typesupport_cpp.dir/rosidl_typesupport_cpp/citrack_ros_msgs/msg/multi_tags__type_support.cpp.o[0m
[ 36%] [32mBuilding CXX object CMakeFiles/citrack_ros_msgs__rosidl_typesupport_cpp.dir/rosidl_typesupport_cpp/citrack_ros_msgs/action/darknet_check_for_objects__type_support.cpp.o[0m
[ 36%] [32m[1mLinking CXX shared library libcitrack_ros_msgs__rosidl_typesupport_cpp.so[0m
[ 36%] Built target citrack_ros_msgs__rosidl_typesupport_cpp
[ 37%] [34m[1mGenerating C introspection for ROS interfaces[0m
[ 37%] [32mBuilding C object CMakeFiles/citrack_ros_msgs__rosidl_typesupport_introspection_c.dir/rosidl_typesupport_introspection_c/citrack_ros_msgs/msg/detail/vicon_position__type_support.c.o[0m
[ 38%] [32mBuilding C object CMakeFiles/citrack_ros_msgs__rosidl_typesupport_introspection_c.dir/rosidl_typesupport_introspection_c/citrack_ros_msgs/msg/detail/uwb_anchor__type_support.c.o[0m
[ 39%] [32mBuilding C object CMakeFiles/citrack_ros_msgs__rosidl_typesupport_introspection_c.dir/rosidl_typesupport_introspection_c/citrack_ros_msgs/msg/detail/uwb_tag__type_support.c.o[0m
[ 39%] [32mBuilding C object CMakeFiles/citrack_ros_msgs__rosidl_typesupport_introspection_c.dir/rosidl_typesupport_introspection_c/citrack_ros_msgs/msg/detail/uwb_tags__type_support.c.o[0m
[ 40%] [32mBuilding C object CMakeFiles/citrack_ros_msgs__rosidl_typesupport_introspection_c.dir/rosidl_typesupport_introspection_c/citrack_ros_msgs/msg/detail/uwb_range__type_support.c.o[0m
[ 41%] [32mBuilding C object CMakeFiles/citrack_ros_msgs__rosidl_typesupport_introspection_c.dir/rosidl_typesupport_introspection_c/citrack_ros_msgs/msg/detail/darknet_bounding_box__type_support.c.o[0m
[ 41%] [32mBuilding C object CMakeFiles/citrack_ros_msgs__rosidl_typesupport_introspection_c.dir/rosidl_typesupport_introspection_c/citrack_ros_msgs/msg/detail/darknet_bounding_boxes__type_support.c.o[0m
[ 42%] [32mBuilding C object CMakeFiles/citrack_ros_msgs__rosidl_typesupport_introspection_c.dir/rosidl_typesupport_introspection_c/citrack_ros_msgs/msg/detail/darknet_object_count__type_support.c.o[0m
[ 43%] [32mBuilding C object CMakeFiles/citrack_ros_msgs__rosidl_typesupport_introspection_c.dir/rosidl_typesupport_introspection_c/citrack_ros_msgs/msg/detail/rviz_birds_eye_param__type_support.c.o[0m
[ 44%] [32mBuilding C object CMakeFiles/citrack_ros_msgs__rosidl_typesupport_introspection_c.dir/rosidl_typesupport_introspection_c/citrack_ros_msgs/msg/detail/custom_tag__type_support.c.o[0m
[ 44%] [32mBuilding C object CMakeFiles/citrack_ros_msgs__rosidl_typesupport_introspection_c.dir/rosidl_typesupport_introspection_c/citrack_ros_msgs/msg/detail/multi_tags__type_support.c.o[0m
[ 45%] [32mBuilding C object CMakeFiles/citrack_ros_msgs__rosidl_typesupport_introspection_c.dir/rosidl_typesupport_introspection_c/citrack_ros_msgs/action/detail/darknet_check_for_objects__type_support.c.o[0m
[ 46%] [32m[1mLinking C shared library libcitrack_ros_msgs__rosidl_typesupport_introspection_c.so[0m
[ 46%] Built target citrack_ros_msgs__rosidl_typesupport_introspection_c
[ 47%] [34m[1mGenerating C type support dispatch for ROS interfaces[0m
[ 47%] [32mBuilding CXX object CMakeFiles/citrack_ros_msgs__rosidl_typesupport_c.dir/rosidl_typesupport_c/citrack_ros_msgs/msg/vicon_position__type_support.cpp.o[0m
[ 48%] [32mBuilding CXX object CMakeFiles/citrack_ros_msgs__rosidl_typesupport_c.dir/rosidl_typesupport_c/citrack_ros_msgs/msg/uwb_anchor__type_support.cpp.o[0m
[ 49%] [32mBuilding CXX object CMakeFiles/citrack_ros_msgs__rosidl_typesupport_c.dir/rosidl_typesupport_c/citrack_ros_msgs/msg/uwb_tag__type_support.cpp.o[0m
[ 49%] [32mBuilding CXX object CMakeFiles/citrack_ros_msgs__rosidl_typesupport_c.dir/rosidl_typesupport_c/citrack_ros_msgs/msg/uwb_tags__type_support.cpp.o[0m
[ 50%] [32mBuilding CXX object CMakeFiles/citrack_ros_msgs__rosidl_typesupport_c.dir/rosidl_typesupport_c/citrack_ros_msgs/msg/uwb_range__type_support.cpp.o[0m
[ 51%] [32mBuilding CXX object CMakeFiles/citrack_ros_msgs__rosidl_typesupport_c.dir/rosidl_typesupport_c/citrack_ros_msgs/msg/darknet_bounding_box__type_support.cpp.o[0m
[ 52%] [32mBuilding CXX object CMakeFiles/citrack_ros_msgs__rosidl_typesupport_c.dir/rosidl_typesupport_c/citrack_ros_msgs/msg/darknet_bounding_boxes__type_support.cpp.o[0m
[ 52%] [32mBuilding CXX object CMakeFiles/citrack_ros_msgs__rosidl_typesupport_c.dir/rosidl_typesupport_c/citrack_ros_msgs/msg/darknet_object_count__type_support.cpp.o[0m
[ 53%] [32mBuilding CXX object CMakeFiles/citrack_ros_msgs__rosidl_typesupport_c.dir/rosidl_typesupport_c/citrack_ros_msgs/msg/rviz_birds_eye_param__type_support.cpp.o[0m
[ 54%] [32mBuilding CXX object CMakeFiles/citrack_ros_msgs__rosidl_typesupport_c.dir/rosidl_typesupport_c/citrack_ros_msgs/msg/custom_tag__type_support.cpp.o[0m
[ 54%] [32mBuilding CXX object CMakeFiles/citrack_ros_msgs__rosidl_typesupport_c.dir/rosidl_typesupport_c/citrack_ros_msgs/msg/multi_tags__type_support.cpp.o[0m
[ 55%] [32mBuilding CXX object CMakeFiles/citrack_ros_msgs__rosidl_typesupport_c.dir/rosidl_typesupport_c/citrack_ros_msgs/action/darknet_check_for_objects__type_support.cpp.o[0m
[ 56%] [32m[1mLinking CXX shared library libcitrack_ros_msgs__rosidl_typesupport_c.so[0m
[ 56%] Built target citrack_ros_msgs__rosidl_typesupport_c
[ 56%] [34m[1mGenerating C++ introspection for ROS interfaces[0m
[ 57%] [32mBuilding CXX object CMakeFiles/citrack_ros_msgs__rosidl_typesupport_introspection_cpp.dir/rosidl_typesupport_introspection_cpp/citrack_ros_msgs/msg/detail/vicon_position__type_support.cpp.o[0m
[ 58%] [32mBuilding CXX object CMakeFiles/citrack_ros_msgs__rosidl_typesupport_introspection_cpp.dir/rosidl_typesupport_introspection_cpp/citrack_ros_msgs/msg/detail/uwb_anchor__type_support.cpp.o[0m
[ 58%] [32mBuilding CXX object CMakeFiles/citrack_ros_msgs__rosidl_typesupport_introspection_cpp.dir/rosidl_typesupport_introspection_cpp/citrack_ros_msgs/msg/detail/uwb_tag__type_support.cpp.o[0m
[ 59%] [32mBuilding CXX object CMakeFiles/citrack_ros_msgs__rosidl_typesupport_introspection_cpp.dir/rosidl_typesupport_introspection_cpp/citrack_ros_msgs/msg/detail/uwb_tags__type_support.cpp.o[0m
[ 60%] [32mBuilding CXX object CMakeFiles/citrack_ros_msgs__rosidl_typesupport_introspection_cpp.dir/rosidl_typesupport_introspection_cpp/citrack_ros_msgs/msg/detail/uwb_range__type_support.cpp.o[0m
[ 60%] [32mBuilding CXX object CMakeFiles/citrack_ros_msgs__rosidl_typesupport_introspection_cpp.dir/rosidl_typesupport_introspection_cpp/citrack_ros_msgs/msg/detail/darknet_bounding_box__type_support.cpp.o[0m
[ 61%] [32mBuilding CXX object CMakeFiles/citrack_ros_msgs__rosidl_typesupport_introspection_cpp.dir/rosidl_typesupport_introspection_cpp/citrack_ros_msgs/msg/detail/darknet_bounding_boxes__type_support.cpp.o[0m
[ 62%] [32mBuilding CXX object CMakeFiles/citrack_ros_msgs__rosidl_typesupport_introspection_cpp.dir/rosidl_typesupport_introspection_cpp/citrack_ros_msgs/msg/detail/darknet_object_count__type_support.cpp.o[0m
[ 63%] [32mBuilding CXX object CMakeFiles/citrack_ros_msgs__rosidl_typesupport_introspection_cpp.dir/rosidl_typesupport_introspection_cpp/citrack_ros_msgs/msg/detail/rviz_birds_eye_param__type_support.cpp.o[0m
[ 63%] [32mBuilding CXX object CMakeFiles/citrack_ros_msgs__rosidl_typesupport_introspection_cpp.dir/rosidl_typesupport_introspection_cpp/citrack_ros_msgs/msg/detail/custom_tag__type_support.cpp.o[0m
[ 64%] [32mBuilding CXX object CMakeFiles/citrack_ros_msgs__rosidl_typesupport_introspection_cpp.dir/rosidl_typesupport_introspection_cpp/citrack_ros_msgs/msg/detail/multi_tags__type_support.cpp.o[0m
[ 65%] [32mBuilding CXX object CMakeFiles/citrack_ros_msgs__rosidl_typesupport_introspection_cpp.dir/rosidl_typesupport_introspection_cpp/citrack_ros_msgs/action/detail/darknet_check_for_objects__type_support.cpp.o[0m
[ 65%] [32m[1mLinking CXX shared library libcitrack_ros_msgs__rosidl_typesupport_introspection_cpp.so[0m
[ 65%] Built target citrack_ros_msgs__rosidl_typesupport_introspection_cpp
[ 66%] [34m[1mGenerating C++ type support for eProsima Fast-RTPS[0m
[ 67%] [32mBuilding CXX object CMakeFiles/citrack_ros_msgs__rosidl_typesupport_fastrtps_cpp.dir/rosidl_typesupport_fastrtps_cpp/citrack_ros_msgs/msg/detail/dds_fastrtps/vicon_position__type_support.cpp.o[0m
[ 68%] [32mBuilding CXX object CMakeFiles/citrack_ros_msgs__rosidl_typesupport_fastrtps_cpp.dir/rosidl_typesupport_fastrtps_cpp/citrack_ros_msgs/msg/detail/dds_fastrtps/uwb_tag__type_support.cpp.o[0m
[ 69%] [32mBuilding CXX object CMakeFiles/citrack_ros_msgs__rosidl_typesupport_fastrtps_cpp.dir/rosidl_typesupport_fastrtps_cpp/citrack_ros_msgs/msg/detail/dds_fastrtps/uwb_tags__type_support.cpp.o[0m
[ 69%] [32mBuilding CXX object CMakeFiles/citrack_ros_msgs__rosidl_typesupport_fastrtps_cpp.dir/rosidl_typesupport_fastrtps_cpp/citrack_ros_msgs/msg/detail/dds_fastrtps/uwb_range__type_support.cpp.o[0m
[ 70%] [32mBuilding CXX object CMakeFiles/citrack_ros_msgs__rosidl_typesupport_fastrtps_cpp.dir/rosidl_typesupport_fastrtps_cpp/citrack_ros_msgs/msg/detail/dds_fastrtps/darknet_bounding_box__type_support.cpp.o[0m
[ 71%] [32mBuilding CXX object CMakeFiles/citrack_ros_msgs__rosidl_typesupport_fastrtps_cpp.dir/rosidl_typesupport_fastrtps_cpp/citrack_ros_msgs/msg/detail/dds_fastrtps/darknet_bounding_boxes__type_support.cpp.o[0m
[ 71%] [32mBuilding CXX object CMakeFiles/citrack_ros_msgs__rosidl_typesupport_fastrtps_cpp.dir/rosidl_typesupport_fastrtps_cpp/citrack_ros_msgs/msg/detail/dds_fastrtps/darknet_object_count__type_support.cpp.o[0m
[ 72%] [32mBuilding CXX object CMakeFiles/citrack_ros_msgs__rosidl_typesupport_fastrtps_cpp.dir/rosidl_typesupport_fastrtps_cpp/citrack_ros_msgs/msg/detail/dds_fastrtps/rviz_birds_eye_param__type_support.cpp.o[0m
[ 73%] [32mBuilding CXX object CMakeFiles/citrack_ros_msgs__rosidl_typesupport_fastrtps_cpp.dir/rosidl_typesupport_fastrtps_cpp/citrack_ros_msgs/msg/detail/dds_fastrtps/custom_tag__type_support.cpp.o[0m
[ 74%] [32mBuilding CXX object CMakeFiles/citrack_ros_msgs__rosidl_typesupport_fastrtps_cpp.dir/rosidl_typesupport_fastrtps_cpp/citrack_ros_msgs/msg/detail/dds_fastrtps/multi_tags__type_support.cpp.o[0m
[ 74%] [32mBuilding CXX object CMakeFiles/citrack_ros_msgs__rosidl_typesupport_fastrtps_cpp.dir/rosidl_typesupport_fastrtps_cpp/citrack_ros_msgs/action/detail/dds_fastrtps/darknet_check_for_objects__type_support.cpp.o[0m
[ 74%] [32mBuilding CXX object CMakeFiles/citrack_ros_msgs__rosidl_typesupport_fastrtps_cpp.dir/rosidl_typesupport_fastrtps_cpp/citrack_ros_msgs/msg/detail/dds_fastrtps/uwb_anchor__type_support.cpp.o[0m
[ 75%] [32m[1mLinking CXX shared library libcitrack_ros_msgs__rosidl_typesupport_fastrtps_cpp.so[0m
[ 75%] Built target citrack_ros_msgs__rosidl_typesupport_fastrtps_cpp
[ 76%] [34m[1mGenerating C type support for eProsima Fast-RTPS[0m
[ 77%] [32mBuilding CXX object CMakeFiles/citrack_ros_msgs__rosidl_typesupport_fastrtps_c.dir/rosidl_typesupport_fastrtps_c/citrack_ros_msgs/msg/detail/vicon_position__type_support_c.cpp.o[0m
[ 78%] [32mBuilding CXX object CMakeFiles/citrack_ros_msgs__rosidl_typesupport_fastrtps_c.dir/rosidl_typesupport_fastrtps_c/citrack_ros_msgs/msg/detail/uwb_tags__type_support_c.cpp.o[0m
[ 79%] [32mBuilding CXX object CMakeFiles/citrack_ros_msgs__rosidl_typesupport_fastrtps_c.dir/rosidl_typesupport_fastrtps_c/citrack_ros_msgs/msg/detail/uwb_range__type_support_c.cpp.o[0m
[ 79%] [32mBuilding CXX object CMakeFiles/citrack_ros_msgs__rosidl_typesupport_fastrtps_c.dir/rosidl_typesupport_fastrtps_c/citrack_ros_msgs/msg/detail/darknet_bounding_box__type_support_c.cpp.o[0m
[ 80%] [32mBuilding CXX object CMakeFiles/citrack_ros_msgs__rosidl_typesupport_fastrtps_c.dir/rosidl_typesupport_fastrtps_c/citrack_ros_msgs/msg/detail/darknet_bounding_boxes__type_support_c.cpp.o[0m
[ 81%] [32mBuilding CXX object CMakeFiles/citrack_ros_msgs__rosidl_typesupport_fastrtps_c.dir/rosidl_typesupport_fastrtps_c/citrack_ros_msgs/msg/detail/darknet_object_count__type_support_c.cpp.o[0m
[ 81%] [32mBuilding CXX object CMakeFiles/citrack_ros_msgs__rosidl_typesupport_fastrtps_c.dir/rosidl_typesupport_fastrtps_c/citrack_ros_msgs/msg/detail/uwb_tag__type_support_c.cpp.o[0m
[ 81%] [32mBuilding CXX object CMakeFiles/citrack_ros_msgs__rosidl_typesupport_fastrtps_c.dir/rosidl_typesupport_fastrtps_c/citrack_ros_msgs/msg/detail/rviz_birds_eye_param__type_support_c.cpp.o[0m
[ 82%] [32mBuilding CXX object CMakeFiles/citrack_ros_msgs__rosidl_typesupport_fastrtps_c.dir/rosidl_typesupport_fastrtps_c/citrack_ros_msgs/msg/detail/custom_tag__type_support_c.cpp.o[0m
[ 83%] [32mBuilding CXX object CMakeFiles/citrack_ros_msgs__rosidl_typesupport_fastrtps_c.dir/rosidl_typesupport_fastrtps_c/citrack_ros_msgs/msg/detail/multi_tags__type_support_c.cpp.o[0m
[ 83%] [32mBuilding CXX object CMakeFiles/citrack_ros_msgs__rosidl_typesupport_fastrtps_c.dir/rosidl_typesupport_fastrtps_c/citrack_ros_msgs/action/detail/darknet_check_for_objects__type_support_c.cpp.o[0m
[ 84%] [32mBuilding CXX object CMakeFiles/citrack_ros_msgs__rosidl_typesupport_fastrtps_c.dir/rosidl_typesupport_fastrtps_c/citrack_ros_msgs/msg/detail/uwb_anchor__type_support_c.cpp.o[0m
[ 85%] [32m[1mLinking CXX shared library libcitrack_ros_msgs__rosidl_typesupport_fastrtps_c.so[0m
[ 85%] Built target citrack_ros_msgs__rosidl_typesupport_fastrtps_c
[ 85%] Built target citrack_ros_msgs
[ 86%] [34m[1mGenerating Python code for ROS interfaces[0m
[ 86%] Built target citrack_ros_msgs__py
[ 87%] [32mBuilding C object CMakeFiles/citrack_ros_msgs__rosidl_generator_py.dir/rosidl_generator_py/citrack_ros_msgs/msg/_vicon_position_s.c.o[0m
[ 88%] [32mBuilding C object CMakeFiles/citrack_ros_msgs__rosidl_generator_py.dir/rosidl_generator_py/citrack_ros_msgs/msg/_uwb_anchor_s.c.o[0m
[ 89%] [32mBuilding C object CMakeFiles/citrack_ros_msgs__rosidl_generator_py.dir/rosidl_generator_py/citrack_ros_msgs/msg/_uwb_tags_s.c.o[0m
[ 90%] [32mBuilding C object CMakeFiles/citrack_ros_msgs__rosidl_generator_py.dir/rosidl_generator_py/citrack_ros_msgs/msg/_uwb_range_s.c.o[0m
[ 90%] [32mBuilding C object CMakeFiles/citrack_ros_msgs__rosidl_generator_py.dir/rosidl_generator_py/citrack_ros_msgs/msg/_darknet_bounding_box_s.c.o[0m
[ 91%] [32mBuilding C object CMakeFiles/citrack_ros_msgs__rosidl_generator_py.dir/rosidl_generator_py/citrack_ros_msgs/msg/_darknet_bounding_boxes_s.c.o[0m
[ 92%] [32mBuilding C object CMakeFiles/citrack_ros_msgs__rosidl_generator_py.dir/rosidl_generator_py/citrack_ros_msgs/msg/_darknet_object_count_s.c.o[0m
[ 93%] [32mBuilding C object CMakeFiles/citrack_ros_msgs__rosidl_generator_py.dir/rosidl_generator_py/citrack_ros_msgs/msg/_rviz_birds_eye_param_s.c.o[0m
[ 93%] [32mBuilding C object CMakeFiles/citrack_ros_msgs__rosidl_generator_py.dir/rosidl_generator_py/citrack_ros_msgs/msg/_custom_tag_s.c.o[0m
[ 94%] [32mBuilding C object CMakeFiles/citrack_ros_msgs__rosidl_generator_py.dir/rosidl_generator_py/citrack_ros_msgs/msg/_multi_tags_s.c.o[0m
[ 95%] [32mBuilding C object CMakeFiles/citrack_ros_msgs__rosidl_generator_py.dir/rosidl_generator_py/citrack_ros_msgs/action/_darknet_check_for_objects_s.c.o[0m
[ 95%] [32mBuilding C object CMakeFiles/citrack_ros_msgs__rosidl_generator_py.dir/rosidl_generator_py/citrack_ros_msgs/msg/_uwb_tag_s.c.o[0m
[ 95%] [32m[1mLinking C shared library libcitrack_ros_msgs__rosidl_generator_py.so[0m
[ 95%] Built target citrack_ros_msgs__rosidl_generator_py
[ 95%] [32mBuilding C object CMakeFiles/citrack_ros_msgs_s__rosidl_typesupport_fastrtps_c.dir/rosidl_generator_py/citrack_ros_msgs/_citrack_ros_msgs_s.ep.rosidl_typesupport_fastrtps_c.c.o[0m
[ 96%] [32m[1mLinking C shared module rosidl_generator_py/citrack_ros_msgs/citrack_ros_msgs_s__rosidl_typesupport_fastrtps_c.so[0m
[ 96%] Built target citrack_ros_msgs_s__rosidl_typesupport_fastrtps_c
[ 97%] [32mBuilding C object CMakeFiles/citrack_ros_msgs_s__rosidl_typesupport_c.dir/rosidl_generator_py/citrack_ros_msgs/_citrack_ros_msgs_s.ep.rosidl_typesupport_c.c.o[0m
[ 98%] [32m[1mLinking C shared module rosidl_generator_py/citrack_ros_msgs/citrack_ros_msgs_s__rosidl_typesupport_c.so[0m
[ 98%] Built target citrack_ros_msgs_s__rosidl_typesupport_c
[ 99%] [32mBuilding C object CMakeFiles/citrack_ros_msgs_s__rosidl_typesupport_introspection_c.dir/rosidl_generator_py/citrack_ros_msgs/_citrack_ros_msgs_s.ep.rosidl_typesupport_introspection_c.c.o[0m
[100%] [32m[1mLinking C shared module rosidl_generator_py/citrack_ros_msgs/citrack_ros_msgs_s__rosidl_typesupport_introspection_c.so[0m
[100%] Built target citrack_ros_msgs_s__rosidl_typesupport_introspection_c
-- Install configuration: ""
-- Execute custom install script
-- Symlinking: /home/ros2/ros2_ws/install/citrack_ros_msgs/share/ament_index/resource_index/rosidl_interfaces/citrack_ros_msgs
-- Symlinking: /home/ros2/ros2_ws/install/citrack_ros_msgs/share/citrack_ros_msgs/msg/ViconPosition.json
-- Symlinking: /home/ros2/ros2_ws/install/citrack_ros_msgs/share/citrack_ros_msgs/msg/UwbAnchor.json
-- Symlinking: /home/ros2/ros2_ws/install/citrack_ros_msgs/share/citrack_ros_msgs/msg/UwbTag.json
-- Symlinking: /home/ros2/ros2_ws/install/citrack_ros_msgs/share/citrack_ros_msgs/msg/UwbTags.json
-- Symlinking: /home/ros2/ros2_ws/install/citrack_ros_msgs/share/citrack_ros_msgs/msg/UwbRange.json
-- Symlinking: /home/ros2/ros2_ws/install/citrack_ros_msgs/share/citrack_ros_msgs/msg/DarknetBoundingBox.json
-- Symlinking: /home/ros2/ros2_ws/install/citrack_ros_msgs/share/citrack_ros_msgs/msg/DarknetBoundingBoxes.json
-- Symlinking: /home/ros2/ros2_ws/install/citrack_ros_msgs/share/citrack_ros_msgs/msg/DarknetObjectCount.json
-- Symlinking: /home/ros2/ros2_ws/install/citrack_ros_msgs/share/citrack_ros_msgs/msg/RvizBirdsEyeParam.json
-- Symlinking: /home/ros2/ros2_ws/install/citrack_ros_msgs/share/citrack_ros_msgs/msg/CustomTag.json
-- Symlinking: /home/ros2/ros2_ws/install/citrack_ros_msgs/share/citrack_ros_msgs/msg/MultiTags.json
-- Symlinking: /home/ros2/ros2_ws/install/citrack_ros_msgs/share/citrack_ros_msgs/action/DarknetCheckForObjects.json
-- Symlinking: /home/ros2/ros2_ws/install/citrack_ros_msgs/include/citrack_ros_msgs/citrack_ros_msgs/action/darknet_check_for_objects.h
-- Symlinking: /home/ros2/ros2_ws/install/citrack_ros_msgs/include/citrack_ros_msgs/citrack_ros_msgs/action/detail/darknet_check_for_objects__functions.h
-- Symlinking: /home/ros2/ros2_ws/install/citrack_ros_msgs/include/citrack_ros_msgs/citrack_ros_msgs/action/detail/darknet_check_for_objects__struct.h
-- Symlinking: /home/ros2/ros2_ws/install/citrack_ros_msgs/include/citrack_ros_msgs/citrack_ros_msgs/action/detail/darknet_check_for_objects__type_support.h
-- Symlinking: /home/ros2/ros2_ws/install/citrack_ros_msgs/include/citrack_ros_msgs/citrack_ros_msgs/msg/custom_tag.h
-- Symlinking: /home/ros2/ros2_ws/install/citrack_ros_msgs/include/citrack_ros_msgs/citrack_ros_msgs/msg/darknet_bounding_box.h
-- Symlinking: /home/ros2/ros2_ws/install/citrack_ros_msgs/include/citrack_ros_msgs/citrack_ros_msgs/msg/darknet_bounding_boxes.h
-- Symlinking: /home/ros2/ros2_ws/install/citrack_ros_msgs/include/citrack_ros_msgs/citrack_ros_msgs/msg/darknet_object_count.h
-- Symlinking: /home/ros2/ros2_ws/install/citrack_ros_msgs/include/citrack_ros_msgs/citrack_ros_msgs/msg/detail/custom_tag__functions.h
-- Symlinking: /home/ros2/ros2_ws/install/citrack_ros_msgs/include/citrack_ros_msgs/citrack_ros_msgs/msg/detail/custom_tag__struct.h
-- Symlinking: /home/ros2/ros2_ws/install/citrack_ros_msgs/include/citrack_ros_msgs/citrack_ros_msgs/msg/detail/custom_tag__type_support.h
-- Symlinking: /home/ros2/ros2_ws/install/citrack_ros_msgs/include/citrack_ros_msgs/citrack_ros_msgs/msg/detail/darknet_bounding_box__functions.h
-- Symlinking: /home/ros2/ros2_ws/install/citrack_ros_msgs/include/citrack_ros_msgs/citrack_ros_msgs/msg/detail/darknet_bounding_box__struct.h
-- Symlinking: /home/ros2/ros2_ws/install/citrack_ros_msgs/include/citrack_ros_msgs/citrack_ros_msgs/msg/detail/darknet_bounding_box__type_support.h
-- Symlinking: /home/ros2/ros2_ws/install/citrack_ros_msgs/include/citrack_ros_msgs/citrack_ros_msgs/msg/detail/darknet_bounding_boxes__functions.h
-- Symlinking: /home/ros2/ros2_ws/install/citrack_ros_msgs/include/citrack_ros_msgs/citrack_ros_msgs/msg/detail/darknet_bounding_boxes__struct.h
-- Symlinking: /home/ros2/ros2_ws/install/citrack_ros_msgs/include/citrack_ros_msgs/citrack_ros_msgs/msg/detail/darknet_bounding_boxes__type_support.h
-- Symlinking: /home/ros2/ros2_ws/install/citrack_ros_msgs/include/citrack_ros_msgs/citrack_ros_msgs/msg/detail/darknet_object_count__functions.h
-- Symlinking: /home/ros2/ros2_ws/install/citrack_ros_msgs/include/citrack_ros_msgs/citrack_ros_msgs/msg/detail/darknet_object_count__struct.h
-- Symlinking: /home/ros2/ros2_ws/install/citrack_ros_msgs/include/citrack_ros_msgs/citrack_ros_msgs/msg/detail/darknet_object_count__type_support.h
-- Symlinking: /home/ros2/ros2_ws/install/citrack_ros_msgs/include/citrack_ros_msgs/citrack_ros_msgs/msg/detail/multi_tags__functions.h
-- Symlinking: /home/ros2/ros2_ws/install/citrack_ros_msgs/include/citrack_ros_msgs/citrack_ros_msgs/msg/detail/multi_tags__struct.h
-- Symlinking: /home/ros2/ros2_ws/install/citrack_ros_msgs/include/citrack_ros_msgs/citrack_ros_msgs/msg/detail/multi_tags__type_support.h
-- Symlinking: /home/ros2/ros2_ws/install/citrack_ros_msgs/include/citrack_ros_msgs/citrack_ros_msgs/msg/detail/rviz_birds_eye_param__functions.h
-- Symlinking: /home/ros2/ros2_ws/install/citrack_ros_msgs/include/citrack_ros_msgs/citrack_ros_msgs/msg/detail/rviz_birds_eye_param__struct.h
-- Symlinking: /home/ros2/ros2_ws/install/citrack_ros_msgs/include/citrack_ros_msgs/citrack_ros_msgs/msg/detail/rviz_birds_eye_param__type_support.h
-- Symlinking: /home/ros2/ros2_ws/install/citrack_ros_msgs/include/citrack_ros_msgs/citrack_ros_msgs/msg/detail/uwb_anchor__functions.h
-- Symlinking: /home/ros2/ros2_ws/install/citrack_ros_msgs/include/citrack_ros_msgs/citrack_ros_msgs/msg/detail/uwb_anchor__struct.h
-- Symlinking: /home/ros2/ros2_ws/install/citrack_ros_msgs/include/citrack_ros_msgs/citrack_ros_msgs/msg/detail/uwb_anchor__type_support.h
-- Symlinking: /home/ros2/ros2_ws/install/citrack_ros_msgs/include/citrack_ros_msgs/citrack_ros_msgs/msg/detail/uwb_range__functions.h
-- Symlinking: /home/ros2/ros2_ws/install/citrack_ros_msgs/include/citrack_ros_msgs/citrack_ros_msgs/msg/detail/uwb_range__struct.h
-- Symlinking: /home/ros2/ros2_ws/install/citrack_ros_msgs/include/citrack_ros_msgs/citrack_ros_msgs/msg/detail/uwb_range__type_support.h
-- Symlinking: /home/ros2/ros2_ws/install/citrack_ros_msgs/include/citrack_ros_msgs/citrack_ros_msgs/msg/detail/uwb_tag__functions.h
-- Symlinking: /home/ros2/ros2_ws/install/citrack_ros_msgs/include/citrack_ros_msgs/citrack_ros_msgs/msg/detail/uwb_tag__struct.h
-- Symlinking: /home/ros2/ros2_ws/install/citrack_ros_msgs/include/citrack_ros_msgs/citrack_ros_msgs/msg/detail/uwb_tag__type_support.h
-- Symlinking: /home/ros2/ros2_ws/install/citrack_ros_msgs/include/citrack_ros_msgs/citrack_ros_msgs/msg/detail/uwb_tags__functions.h
-- Symlinking: /home/ros2/ros2_ws/install/citrack_ros_msgs/include/citrack_ros_msgs/citrack_ros_msgs/msg/detail/uwb_tags__struct.h
-- Symlinking: /home/ros2/ros2_ws/install/citrack_ros_msgs/include/citrack_ros_msgs/citrack_ros_msgs/msg/detail/uwb_tags__type_support.h
-- Symlinking: /home/ros2/ros2_ws/install/citrack_ros_msgs/include/citrack_ros_msgs/citrack_ros_msgs/msg/detail/vicon_position__functions.h
-- Symlinking: /home/ros2/ros2_ws/install/citrack_ros_msgs/include/citrack_ros_msgs/citrack_ros_msgs/msg/detail/vicon_position__struct.h
-- Symlinking: /home/ros2/ros2_ws/install/citrack_ros_msgs/include/citrack_ros_msgs/citrack_ros_msgs/msg/detail/vicon_position__type_support.h
-- Symlinking: /home/ros2/ros2_ws/install/citrack_ros_msgs/include/citrack_ros_msgs/citrack_ros_msgs/msg/multi_tags.h
-- Symlinking: /home/ros2/ros2_ws/install/citrack_ros_msgs/include/citrack_ros_msgs/citrack_ros_msgs/msg/rosidl_generator_c__visibility_control.h
-- Symlinking: /home/ros2/ros2_ws/install/citrack_ros_msgs/include/citrack_ros_msgs/citrack_ros_msgs/msg/rviz_birds_eye_param.h
-- Symlinking: /home/ros2/ros2_ws/install/citrack_ros_msgs/include/citrack_ros_msgs/citrack_ros_msgs/msg/uwb_anchor.h
-- Symlinking: /home/ros2/ros2_ws/install/citrack_ros_msgs/include/citrack_ros_msgs/citrack_ros_msgs/msg/uwb_range.h
-- Symlinking: /home/ros2/ros2_ws/install/citrack_ros_msgs/include/citrack_ros_msgs/citrack_ros_msgs/msg/uwb_tag.h
-- Symlinking: /home/ros2/ros2_ws/install/citrack_ros_msgs/include/citrack_ros_msgs/citrack_ros_msgs/msg/uwb_tags.h
-- Symlinking: /home/ros2/ros2_ws/install/citrack_ros_msgs/include/citrack_ros_msgs/citrack_ros_msgs/msg/vicon_position.h
-- Symlinking: /home/ros2/ros2_ws/install/citrack_ros_msgs/share/citrack_ros_msgs/environment/library_path.sh
-- Symlinking: /home/ros2/ros2_ws/install/citrack_ros_msgs/share/citrack_ros_msgs/environment/library_path.dsv
-- Symlinking: /home/ros2/ros2_ws/install/citrack_ros_msgs/include/citrack_ros_msgs/citrack_ros_msgs/action/detail/darknet_check_for_objects__rosidl_typesupport_fastrtps_c.h
-- Symlinking: /home/ros2/ros2_ws/install/citrack_ros_msgs/include/citrack_ros_msgs/citrack_ros_msgs/msg/detail/custom_tag__rosidl_typesupport_fastrtps_c.h
-- Symlinking: /home/ros2/ros2_ws/install/citrack_ros_msgs/include/citrack_ros_msgs/citrack_ros_msgs/msg/detail/darknet_bounding_box__rosidl_typesupport_fastrtps_c.h
-- Symlinking: /home/ros2/ros2_ws/install/citrack_ros_msgs/include/citrack_ros_msgs/citrack_ros_msgs/msg/detail/darknet_bounding_boxes__rosidl_typesupport_fastrtps_c.h
-- Symlinking: /home/ros2/ros2_ws/install/citrack_ros_msgs/include/citrack_ros_msgs/citrack_ros_msgs/msg/detail/darknet_object_count__rosidl_typesupport_fastrtps_c.h
-- Symlinking: /home/ros2/ros2_ws/install/citrack_ros_msgs/include/citrack_ros_msgs/citrack_ros_msgs/msg/detail/multi_tags__rosidl_typesupport_fastrtps_c.h
-- Symlinking: /home/ros2/ros2_ws/install/citrack_ros_msgs/include/citrack_ros_msgs/citrack_ros_msgs/msg/detail/rviz_birds_eye_param__rosidl_typesupport_fastrtps_c.h
-- Symlinking: /home/ros2/ros2_ws/install/citrack_ros_msgs/include/citrack_ros_msgs/citrack_ros_msgs/msg/detail/uwb_anchor__rosidl_typesupport_fastrtps_c.h
-- Symlinking: /home/ros2/ros2_ws/install/citrack_ros_msgs/include/citrack_ros_msgs/citrack_ros_msgs/msg/detail/uwb_range__rosidl_typesupport_fastrtps_c.h
-- Symlinking: /home/ros2/ros2_ws/install/citrack_ros_msgs/include/citrack_ros_msgs/citrack_ros_msgs/msg/detail/uwb_tag__rosidl_typesupport_fastrtps_c.h
-- Symlinking: /home/ros2/ros2_ws/install/citrack_ros_msgs/include/citrack_ros_msgs/citrack_ros_msgs/msg/detail/uwb_tags__rosidl_typesupport_fastrtps_c.h
-- Symlinking: /home/ros2/ros2_ws/install/citrack_ros_msgs/include/citrack_ros_msgs/citrack_ros_msgs/msg/detail/vicon_position__rosidl_typesupport_fastrtps_c.h
-- Symlinking: /home/ros2/ros2_ws/install/citrack_ros_msgs/include/citrack_ros_msgs/citrack_ros_msgs/msg/rosidl_typesupport_fastrtps_c__visibility_control.h
-- Symlinking: /home/ros2/ros2_ws/install/citrack_ros_msgs/include/citrack_ros_msgs/citrack_ros_msgs/action/darknet_check_for_objects.hpp
-- Symlinking: /home/ros2/ros2_ws/install/citrack_ros_msgs/include/citrack_ros_msgs/citrack_ros_msgs/action/detail/darknet_check_for_objects__builder.hpp
-- Symlinking: /home/ros2/ros2_ws/install/citrack_ros_msgs/include/citrack_ros_msgs/citrack_ros_msgs/action/detail/darknet_check_for_objects__struct.hpp
-- Symlinking: /home/ros2/ros2_ws/install/citrack_ros_msgs/include/citrack_ros_msgs/citrack_ros_msgs/action/detail/darknet_check_for_objects__traits.hpp
-- Symlinking: /home/ros2/ros2_ws/install/citrack_ros_msgs/include/citrack_ros_msgs/citrack_ros_msgs/action/detail/darknet_check_for_objects__type_support.hpp
-- Symlinking: /home/ros2/ros2_ws/install/citrack_ros_msgs/include/citrack_ros_msgs/citrack_ros_msgs/msg/custom_tag.hpp
-- Symlinking: /home/ros2/ros2_ws/install/citrack_ros_msgs/include/citrack_ros_msgs/citrack_ros_msgs/msg/darknet_bounding_box.hpp
-- Symlinking: /home/ros2/ros2_ws/install/citrack_ros_msgs/include/citrack_ros_msgs/citrack_ros_msgs/msg/darknet_bounding_boxes.hpp
-- Symlinking: /home/ros2/ros2_ws/install/citrack_ros_msgs/include/citrack_ros_msgs/citrack_ros_msgs/msg/darknet_object_count.hpp
-- Symlinking: /home/ros2/ros2_ws/install/citrack_ros_msgs/include/citrack_ros_msgs/citrack_ros_msgs/msg/detail/custom_tag__builder.hpp
-- Symlinking: /home/ros2/ros2_ws/install/citrack_ros_msgs/include/citrack_ros_msgs/citrack_ros_msgs/msg/detail/custom_tag__struct.hpp
-- Symlinking: /home/ros2/ros2_ws/install/citrack_ros_msgs/include/citrack_ros_msgs/citrack_ros_msgs/msg/detail/custom_tag__traits.hpp
-- Symlinking: /home/ros2/ros2_ws/install/citrack_ros_msgs/include/citrack_ros_msgs/citrack_ros_msgs/msg/detail/custom_tag__type_support.hpp
-- Symlinking: /home/ros2/ros2_ws/install/citrack_ros_msgs/include/citrack_ros_msgs/citrack_ros_msgs/msg/detail/darknet_bounding_box__builder.hpp
-- Symlinking: /home/ros2/ros2_ws/install/citrack_ros_msgs/include/citrack_ros_msgs/citrack_ros_msgs/msg/detail/darknet_bounding_box__struct.hpp
-- Symlinking: /home/ros2/ros2_ws/install/citrack_ros_msgs/include/citrack_ros_msgs/citrack_ros_msgs/msg/detail/darknet_bounding_box__traits.hpp
-- Symlinking: /home/ros2/ros2_ws/install/citrack_ros_msgs/include/citrack_ros_msgs/citrack_ros_msgs/msg/detail/darknet_bounding_box__type_support.hpp
-- Symlinking: /home/ros2/ros2_ws/install/citrack_ros_msgs/include/citrack_ros_msgs/citrack_ros_msgs/msg/detail/darknet_bounding_boxes__builder.hpp
-- Symlinking: /home/ros2/ros2_ws/install/citrack_ros_msgs/include/citrack_ros_msgs/citrack_ros_msgs/msg/detail/darknet_bounding_boxes__struct.hpp
-- Symlinking: /home/ros2/ros2_ws/install/citrack_ros_msgs/include/citrack_ros_msgs/citrack_ros_msgs/msg/detail/darknet_bounding_boxes__traits.hpp
-- Symlinking: /home/ros2/ros2_ws/install/citrack_ros_msgs/include/citrack_ros_msgs/citrack_ros_msgs/msg/detail/darknet_bounding_boxes__type_support.hpp
-- Symlinking: /home/ros2/ros2_ws/install/citrack_ros_msgs/include/citrack_ros_msgs/citrack_ros_msgs/msg/detail/darknet_object_count__builder.hpp
-- Symlinking: /home/ros2/ros2_ws/install/citrack_ros_msgs/include/citrack_ros_msgs/citrack_ros_msgs/msg/detail/darknet_object_count__struct.hpp
-- Symlinking: /home/ros2/ros2_ws/install/citrack_ros_msgs/include/citrack_ros_msgs/citrack_ros_msgs/msg/detail/darknet_object_count__traits.hpp
-- Symlinking: /home/ros2/ros2_ws/install/citrack_ros_msgs/include/citrack_ros_msgs/citrack_ros_msgs/msg/detail/darknet_object_count__type_support.hpp
-- Symlinking: /home/ros2/ros2_ws/install/citrack_ros_msgs/include/citrack_ros_msgs/citrack_ros_msgs/msg/detail/multi_tags__builder.hpp
-- Symlinking: /home/ros2/ros2_ws/install/citrack_ros_msgs/include/citrack_ros_msgs/citrack_ros_msgs/msg/detail/multi_tags__struct.hpp
-- Symlinking: /home/ros2/ros2_ws/install/citrack_ros_msgs/include/citrack_ros_msgs/citrack_ros_msgs/msg/detail/multi_tags__traits.hpp
-- Symlinking: /home/ros2/ros2_ws/install/citrack_ros_msgs/include/citrack_ros_msgs/citrack_ros_msgs/msg/detail/multi_tags__type_support.hpp
-- Symlinking: /home/ros2/ros2_ws/install/citrack_ros_msgs/include/citrack_ros_msgs/citrack_ros_msgs/msg/detail/rviz_birds_eye_param__builder.hpp
-- Symlinking: /home/ros2/ros2_ws/install/citrack_ros_msgs/include/citrack_ros_msgs/citrack_ros_msgs/msg/detail/rviz_birds_eye_param__struct.hpp
-- Symlinking: /home/ros2/ros2_ws/install/citrack_ros_msgs/include/citrack_ros_msgs/citrack_ros_msgs/msg/detail/rviz_birds_eye_param__traits.hpp
-- Symlinking: /home/ros2/ros2_ws/install/citrack_ros_msgs/include/citrack_ros_msgs/citrack_ros_msgs/msg/detail/rviz_birds_eye_param__type_support.hpp
-- Symlinking: /home/ros2/ros2_ws/install/citrack_ros_msgs/include/citrack_ros_msgs/citrack_ros_msgs/msg/detail/uwb_anchor__builder.hpp
-- Symlinking: /home/ros2/ros2_ws/install/citrack_ros_msgs/include/citrack_ros_msgs/citrack_ros_msgs/msg/detail/uwb_anchor__struct.hpp
-- Symlinking: /home/ros2/ros2_ws/install/citrack_ros_msgs/include/citrack_ros_msgs/citrack_ros_msgs/msg/detail/uwb_anchor__traits.hpp
-- Symlinking: /home/ros2/ros2_ws/install/citrack_ros_msgs/include/citrack_ros_msgs/citrack_ros_msgs/msg/detail/uwb_anchor__type_support.hpp
-- Symlinking: /home/ros2/ros2_ws/install/citrack_ros_msgs/include/citrack_ros_msgs/citrack_ros_msgs/msg/detail/uwb_range__builder.hpp
-- Symlinking: /home/ros2/ros2_ws/install/citrack_ros_msgs/include/citrack_ros_msgs/citrack_ros_msgs/msg/detail/uwb_range__struct.hpp
-- Symlinking: /home/ros2/ros2_ws/install/citrack_ros_msgs/include/citrack_ros_msgs/citrack_ros_msgs/msg/detail/uwb_range__traits.hpp
-- Symlinking: /home/ros2/ros2_ws/install/citrack_ros_msgs/include/citrack_ros_msgs/citrack_ros_msgs/msg/detail/uwb_range__type_support.hpp
-- Symlinking: /home/ros2/ros2_ws/install/citrack_ros_msgs/include/citrack_ros_msgs/citrack_ros_msgs/msg/detail/uwb_tag__builder.hpp
-- Symlinking: /home/ros2/ros2_ws/install/citrack_ros_msgs/include/citrack_ros_msgs/citrack_ros_msgs/msg/detail/uwb_tag__struct.hpp
-- Symlinking: /home/ros2/ros2_ws/install/citrack_ros_msgs/include/citrack_ros_msgs/citrack_ros_msgs/msg/detail/uwb_tag__traits.hpp
-- Symlinking: /home/ros2/ros2_ws/install/citrack_ros_msgs/include/citrack_ros_msgs/citrack_ros_msgs/msg/detail/uwb_tag__type_support.hpp
-- Symlinking: /home/ros2/ros2_ws/install/citrack_ros_msgs/include/citrack_ros_msgs/citrack_ros_msgs/msg/detail/uwb_tags__builder.hpp
-- Symlinking: /home/ros2/ros2_ws/install/citrack_ros_msgs/include/citrack_ros_msgs/citrack_ros_msgs/msg/detail/uwb_tags__struct.hpp
-- Symlinking: /home/ros2/ros2_ws/install/citrack_ros_msgs/include/citrack_ros_msgs/citrack_ros_msgs/msg/detail/uwb_tags__traits.hpp
-- Symlinking: /home/ros2/ros2_ws/install/citrack_ros_msgs/include/citrack_ros_msgs/citrack_ros_msgs/msg/detail/uwb_tags__type_support.hpp
-- Symlinking: /home/ros2/ros2_ws/install/citrack_ros_msgs/include/citrack_ros_msgs/citrack_ros_msgs/msg/detail/vicon_position__builder.hpp
-- Symlinking: /home/ros2/ros2_ws/install/citrack_ros_msgs/include/citrack_ros_msgs/citrack_ros_msgs/msg/detail/vicon_position__struct.hpp
-- Symlinking: /home/ros2/ros2_ws/install/citrack_ros_msgs/include/citrack_ros_msgs/citrack_ros_msgs/msg/detail/vicon_position__traits.hpp
-- Symlinking: /home/ros2/ros2_ws/install/citrack_ros_msgs/include/citrack_ros_msgs/citrack_ros_msgs/msg/detail/vicon_position__type_support.hpp
-- Symlinking: /home/ros2/ros2_ws/install/citrack_ros_msgs/include/citrack_ros_msgs/citrack_ros_msgs/msg/multi_tags.hpp
-- Symlinking: /home/ros2/ros2_ws/install/citrack_ros_msgs/include/citrack_ros_msgs/citrack_ros_msgs/msg/rosidl_generator_cpp__visibility_control.hpp
-- Symlinking: /home/ros2/ros2_ws/install/citrack_ros_msgs/include/citrack_ros_msgs/citrack_ros_msgs/msg/rviz_birds_eye_param.hpp
-- Symlinking: /home/ros2/ros2_ws/install/citrack_ros_msgs/include/citrack_ros_msgs/citrack_ros_msgs/msg/uwb_anchor.hpp
-- Symlinking: /home/ros2/ros2_ws/install/citrack_ros_msgs/include/citrack_ros_msgs/citrack_ros_msgs/msg/uwb_range.hpp
-- Symlinking: /home/ros2/ros2_ws/install/citrack_ros_msgs/include/citrack_ros_msgs/citrack_ros_msgs/msg/uwb_tag.hpp
-- Symlinking: /home/ros2/ros2_ws/install/citrack_ros_msgs/include/citrack_ros_msgs/citrack_ros_msgs/msg/uwb_tags.hpp
-- Symlinking: /home/ros2/ros2_ws/install/citrack_ros_msgs/include/citrack_ros_msgs/citrack_ros_msgs/msg/vicon_position.hpp
-- Symlinking: /home/ros2/ros2_ws/install/citrack_ros_msgs/include/citrack_ros_msgs/citrack_ros_msgs/action/detail/darknet_check_for_objects__rosidl_typesupport_fastrtps_cpp.hpp
-- Symlinking: /home/ros2/ros2_ws/install/citrack_ros_msgs/include/citrack_ros_msgs/citrack_ros_msgs/msg/detail/custom_tag__rosidl_typesupport_fastrtps_cpp.hpp
-- Symlinking: /home/ros2/ros2_ws/install/citrack_ros_msgs/include/citrack_ros_msgs/citrack_ros_msgs/msg/detail/darknet_bounding_box__rosidl_typesupport_fastrtps_cpp.hpp
-- Symlinking: /home/ros2/ros2_ws/install/citrack_ros_msgs/include/citrack_ros_msgs/citrack_ros_msgs/msg/detail/darknet_bounding_boxes__rosidl_typesupport_fastrtps_cpp.hpp
-- Symlinking: /home/ros2/ros2_ws/install/citrack_ros_msgs/include/citrack_ros_msgs/citrack_ros_msgs/msg/detail/darknet_object_count__rosidl_typesupport_fastrtps_cpp.hpp
-- Symlinking: /home/ros2/ros2_ws/install/citrack_ros_msgs/include/citrack_ros_msgs/citrack_ros_msgs/msg/detail/multi_tags__rosidl_typesupport_fastrtps_cpp.hpp
-- Symlinking: /home/ros2/ros2_ws/install/citrack_ros_msgs/include/citrack_ros_msgs/citrack_ros_msgs/msg/detail/rviz_birds_eye_param__rosidl_typesupport_fastrtps_cpp.hpp
-- Symlinking: /home/ros2/ros2_ws/install/citrack_ros_msgs/include/citrack_ros_msgs/citrack_ros_msgs/msg/detail/uwb_anchor__rosidl_typesupport_fastrtps_cpp.hpp
-- Symlinking: /home/ros2/ros2_ws/install/citrack_ros_msgs/include/citrack_ros_msgs/citrack_ros_msgs/msg/detail/uwb_range__rosidl_typesupport_fastrtps_cpp.hpp
-- Symlinking: /home/ros2/ros2_ws/install/citrack_ros_msgs/include/citrack_ros_msgs/citrack_ros_msgs/msg/detail/uwb_tag__rosidl_typesupport_fastrtps_cpp.hpp
-- Symlinking: /home/ros2/ros2_ws/install/citrack_ros_msgs/include/citrack_ros_msgs/citrack_ros_msgs/msg/detail/uwb_tags__rosidl_typesupport_fastrtps_cpp.hpp
-- Symlinking: /home/ros2/ros2_ws/install/citrack_ros_msgs/include/citrack_ros_msgs/citrack_ros_msgs/msg/detail/vicon_position__rosidl_typesupport_fastrtps_cpp.hpp
-- Symlinking: /home/ros2/ros2_ws/install/citrack_ros_msgs/include/citrack_ros_msgs/citrack_ros_msgs/msg/rosidl_typesupport_fastrtps_cpp__visibility_control.h
-- Symlinking: /home/ros2/ros2_ws/install/citrack_ros_msgs/include/citrack_ros_msgs/citrack_ros_msgs/action/detail/darknet_check_for_objects__rosidl_typesupport_introspection_c.h
-- Symlinking: /home/ros2/ros2_ws/install/citrack_ros_msgs/include/citrack_ros_msgs/citrack_ros_msgs/msg/detail/custom_tag__rosidl_typesupport_introspection_c.h
-- Symlinking: /home/ros2/ros2_ws/install/citrack_ros_msgs/include/citrack_ros_msgs/citrack_ros_msgs/msg/detail/darknet_bounding_box__rosidl_typesupport_introspection_c.h
-- Symlinking: /home/ros2/ros2_ws/install/citrack_ros_msgs/include/citrack_ros_msgs/citrack_ros_msgs/msg/detail/darknet_bounding_boxes__rosidl_typesupport_introspection_c.h
-- Symlinking: /home/ros2/ros2_ws/install/citrack_ros_msgs/include/citrack_ros_msgs/citrack_ros_msgs/msg/detail/darknet_object_count__rosidl_typesupport_introspection_c.h
-- Symlinking: /home/ros2/ros2_ws/install/citrack_ros_msgs/include/citrack_ros_msgs/citrack_ros_msgs/msg/detail/multi_tags__rosidl_typesupport_introspection_c.h
-- Symlinking: /home/ros2/ros2_ws/install/citrack_ros_msgs/include/citrack_ros_msgs/citrack_ros_msgs/msg/detail/rviz_birds_eye_param__rosidl_typesupport_introspection_c.h
-- Symlinking: /home/ros2/ros2_ws/install/citrack_ros_msgs/include/citrack_ros_msgs/citrack_ros_msgs/msg/detail/uwb_anchor__rosidl_typesupport_introspection_c.h
-- Symlinking: /home/ros2/ros2_ws/install/citrack_ros_msgs/include/citrack_ros_msgs/citrack_ros_msgs/msg/detail/uwb_range__rosidl_typesupport_introspection_c.h
-- Symlinking: /home/ros2/ros2_ws/install/citrack_ros_msgs/include/citrack_ros_msgs/citrack_ros_msgs/msg/detail/uwb_tag__rosidl_typesupport_introspection_c.h
-- Symlinking: /home/ros2/ros2_ws/install/citrack_ros_msgs/include/citrack_ros_msgs/citrack_ros_msgs/msg/detail/uwb_tags__rosidl_typesupport_introspection_c.h
-- Symlinking: /home/ros2/ros2_ws/install/citrack_ros_msgs/include/citrack_ros_msgs/citrack_ros_msgs/msg/detail/vicon_position__rosidl_typesupport_introspection_c.h
-- Symlinking: /home/ros2/ros2_ws/install/citrack_ros_msgs/include/citrack_ros_msgs/citrack_ros_msgs/msg/rosidl_typesupport_introspection_c__visibility_control.h
-- Symlinking: /home/ros2/ros2_ws/install/citrack_ros_msgs/include/citrack_ros_msgs/citrack_ros_msgs/action/detail/darknet_check_for_objects__rosidl_typesupport_introspection_cpp.hpp
-- Symlinking: /home/ros2/ros2_ws/install/citrack_ros_msgs/include/citrack_ros_msgs/citrack_ros_msgs/msg/detail/custom_tag__rosidl_typesupport_introspection_cpp.hpp
-- Symlinking: /home/ros2/ros2_ws/install/citrack_ros_msgs/include/citrack_ros_msgs/citrack_ros_msgs/msg/detail/darknet_bounding_box__rosidl_typesupport_introspection_cpp.hpp
-- Symlinking: /home/ros2/ros2_ws/install/citrack_ros_msgs/include/citrack_ros_msgs/citrack_ros_msgs/msg/detail/darknet_bounding_boxes__rosidl_typesupport_introspection_cpp.hpp
-- Symlinking: /home/ros2/ros2_ws/install/citrack_ros_msgs/include/citrack_ros_msgs/citrack_ros_msgs/msg/detail/darknet_object_count__rosidl_typesupport_introspection_cpp.hpp
-- Symlinking: /home/ros2/ros2_ws/install/citrack_ros_msgs/include/citrack_ros_msgs/citrack_ros_msgs/msg/detail/multi_tags__rosidl_typesupport_introspection_cpp.hpp
-- Symlinking: /home/ros2/ros2_ws/install/citrack_ros_msgs/include/citrack_ros_msgs/citrack_ros_msgs/msg/detail/rviz_birds_eye_param__rosidl_typesupport_introspection_cpp.hpp
-- Symlinking: /home/ros2/ros2_ws/install/citrack_ros_msgs/include/citrack_ros_msgs/citrack_ros_msgs/msg/detail/uwb_anchor__rosidl_typesupport_introspection_cpp.hpp
-- Symlinking: /home/ros2/ros2_ws/install/citrack_ros_msgs/include/citrack_ros_msgs/citrack_ros_msgs/msg/detail/uwb_range__rosidl_typesupport_introspection_cpp.hpp
-- Symlinking: /home/ros2/ros2_ws/install/citrack_ros_msgs/include/citrack_ros_msgs/citrack_ros_msgs/msg/detail/uwb_tag__rosidl_typesupport_introspection_cpp.hpp
-- Symlinking: /home/ros2/ros2_ws/install/citrack_ros_msgs/include/citrack_ros_msgs/citrack_ros_msgs/msg/detail/uwb_tags__rosidl_typesupport_introspection_cpp.hpp
-- Symlinking: /home/ros2/ros2_ws/install/citrack_ros_msgs/include/citrack_ros_msgs/citrack_ros_msgs/msg/detail/vicon_position__rosidl_typesupport_introspection_cpp.hpp
-- Symlinking: /home/ros2/ros2_ws/install/citrack_ros_msgs/share/citrack_ros_msgs/environment/pythonpath.sh
-- Symlinking: /home/ros2/ros2_ws/install/citrack_ros_msgs/share/citrack_ros_msgs/environment/pythonpath.dsv
-- Symlinking: /home/ros2/ros2_ws/install/citrack_ros_msgs/lib/python3.12/site-packages/citrack_ros_msgs-0.1.0-py3.12.egg-info/PKG-INFO
-- Symlinking: /home/ros2/ros2_ws/install/citrack_ros_msgs/lib/python3.12/site-packages/citrack_ros_msgs-0.1.0-py3.12.egg-info/SOURCES.txt
-- Symlinking: /home/ros2/ros2_ws/install/citrack_ros_msgs/lib/python3.12/site-packages/citrack_ros_msgs-0.1.0-py3.12.egg-info/dependency_links.txt
-- Symlinking: /home/ros2/ros2_ws/install/citrack_ros_msgs/lib/python3.12/site-packages/citrack_ros_msgs-0.1.0-py3.12.egg-info/top_level.txt
-- Symlinking: /home/ros2/ros2_ws/install/citrack_ros_msgs/lib/python3.12/site-packages/citrack_ros_msgs/__init__.py
-- Symlinking: /home/ros2/ros2_ws/install/citrack_ros_msgs/lib/python3.12/site-packages/citrack_ros_msgs/_citrack_ros_msgs_s.ep.rosidl_typesupport_c.c
-- Symlinking: /home/ros2/ros2_ws/install/citrack_ros_msgs/lib/python3.12/site-packages/citrack_ros_msgs/_citrack_ros_msgs_s.ep.rosidl_typesupport_fastrtps_c.c
-- Symlinking: /home/ros2/ros2_ws/install/citrack_ros_msgs/lib/python3.12/site-packages/citrack_ros_msgs/_citrack_ros_msgs_s.ep.rosidl_typesupport_introspection_c.c
-- Symlinking: /home/ros2/ros2_ws/install/citrack_ros_msgs/lib/python3.12/site-packages/citrack_ros_msgs/action/__init__.py
-- Symlinking: /home/ros2/ros2_ws/install/citrack_ros_msgs/lib/python3.12/site-packages/citrack_ros_msgs/action/_darknet_check_for_objects.py
-- Symlinking: /home/ros2/ros2_ws/install/citrack_ros_msgs/lib/python3.12/site-packages/citrack_ros_msgs/action/_darknet_check_for_objects_s.c
-- Symlinking: /home/ros2/ros2_ws/install/citrack_ros_msgs/lib/python3.12/site-packages/citrack_ros_msgs/citrack_ros_msgs_s__rosidl_typesupport_c.so
-- Symlinking: /home/ros2/ros2_ws/install/citrack_ros_msgs/lib/python3.12/site-packages/citrack_ros_msgs/citrack_ros_msgs_s__rosidl_typesupport_fastrtps_c.so
-- Symlinking: /home/ros2/ros2_ws/install/citrack_ros_msgs/lib/python3.12/site-packages/citrack_ros_msgs/citrack_ros_msgs_s__rosidl_typesupport_introspection_c.so
-- Symlinking: /home/ros2/ros2_ws/install/citrack_ros_msgs/lib/python3.12/site-packages/citrack_ros_msgs/msg/__init__.py
-- Symlinking: /home/ros2/ros2_ws/install/citrack_ros_msgs/lib/python3.12/site-packages/citrack_ros_msgs/msg/_custom_tag.py
-- Symlinking: /home/ros2/ros2_ws/install/citrack_ros_msgs/lib/python3.12/site-packages/citrack_ros_msgs/msg/_custom_tag_s.c
-- Symlinking: /home/ros2/ros2_ws/install/citrack_ros_msgs/lib/python3.12/site-packages/citrack_ros_msgs/msg/_darknet_bounding_box.py
-- Symlinking: /home/ros2/ros2_ws/install/citrack_ros_msgs/lib/python3.12/site-packages/citrack_ros_msgs/msg/_darknet_bounding_box_s.c
-- Symlinking: /home/ros2/ros2_ws/install/citrack_ros_msgs/lib/python3.12/site-packages/citrack_ros_msgs/msg/_darknet_bounding_boxes.py
-- Symlinking: /home/ros2/ros2_ws/install/citrack_ros_msgs/lib/python3.12/site-packages/citrack_ros_msgs/msg/_darknet_bounding_boxes_s.c
-- Symlinking: /home/ros2/ros2_ws/install/citrack_ros_msgs/lib/python3.12/site-packages/citrack_ros_msgs/msg/_darknet_object_count.py
-- Symlinking: /home/ros2/ros2_ws/install/citrack_ros_msgs/lib/python3.12/site-packages/citrack_ros_msgs/msg/_darknet_object_count_s.c
-- Symlinking: /home/ros2/ros2_ws/install/citrack_ros_msgs/lib/python3.12/site-packages/citrack_ros_msgs/msg/_multi_tags.py
-- Symlinking: /home/ros2/ros2_ws/install/citrack_ros_msgs/lib/python3.12/site-packages/citrack_ros_msgs/msg/_multi_tags_s.c
-- Symlinking: /home/ros2/ros2_ws/install/citrack_ros_msgs/lib/python3.12/site-packages/citrack_ros_msgs/msg/_rviz_birds_eye_param.py
-- Symlinking: /home/ros2/ros2_ws/install/citrack_ros_msgs/lib/python3.12/site-packages/citrack_ros_msgs/msg/_rviz_birds_eye_param_s.c
-- Symlinking: /home/ros2/ros2_ws/install/citrack_ros_msgs/lib/python3.12/site-packages/citrack_ros_msgs/msg/_uwb_anchor.py
-- Symlinking: /home/ros2/ros2_ws/install/citrack_ros_msgs/lib/python3.12/site-packages/citrack_ros_msgs/msg/_uwb_anchor_s.c
-- Symlinking: /home/ros2/ros2_ws/install/citrack_ros_msgs/lib/python3.12/site-packages/citrack_ros_msgs/msg/_uwb_range.py
-- Symlinking: /home/ros2/ros2_ws/install/citrack_ros_msgs/lib/python3.12/site-packages/citrack_ros_msgs/msg/_uwb_range_s.c
-- Symlinking: /home/ros2/ros2_ws/install/citrack_ros_msgs/lib/python3.12/site-packages/citrack_ros_msgs/msg/_uwb_tag.py
-- Symlinking: /home/ros2/ros2_ws/install/citrack_ros_msgs/lib/python3.12/site-packages/citrack_ros_msgs/msg/_uwb_tag_s.c
-- Symlinking: /home/ros2/ros2_ws/install/citrack_ros_msgs/lib/python3.12/site-packages/citrack_ros_msgs/msg/_uwb_tags.py
-- Symlinking: /home/ros2/ros2_ws/install/citrack_ros_msgs/lib/python3.12/site-packages/citrack_ros_msgs/msg/_uwb_tags_s.c
-- Symlinking: /home/ros2/ros2_ws/install/citrack_ros_msgs/lib/python3.12/site-packages/citrack_ros_msgs/msg/_vicon_position.py
-- Symlinking: /home/ros2/ros2_ws/install/citrack_ros_msgs/lib/python3.12/site-packages/citrack_ros_msgs/msg/_vicon_position_s.c
-- Up-to-date symlink: /home/ros2/ros2_ws/install/citrack_ros_msgs/lib/python3.12/site-packages/citrack_ros_msgs/citrack_ros_msgs_s__rosidl_typesupport_fastrtps_c.so
-- Up-to-date symlink: /home/ros2/ros2_ws/install/citrack_ros_msgs/lib/python3.12/site-packages/citrack_ros_msgs/citrack_ros_msgs_s__rosidl_typesupport_introspection_c.so
-- Up-to-date symlink: /home/ros2/ros2_ws/install/citrack_ros_msgs/lib/python3.12/site-packages/citrack_ros_msgs/citrack_ros_msgs_s__rosidl_typesupport_c.so
-- Symlinking: /home/ros2/ros2_ws/install/citrack_ros_msgs/share/citrack_ros_msgs/msg/ViconPosition.idl
-- Symlinking: /home/ros2/ros2_ws/install/citrack_ros_msgs/share/citrack_ros_msgs/msg/UwbAnchor.idl
-- Symlinking: /home/ros2/ros2_ws/install/citrack_ros_msgs/share/citrack_ros_msgs/msg/UwbTag.idl
-- Symlinking: /home/ros2/ros2_ws/install/citrack_ros_msgs/share/citrack_ros_msgs/msg/UwbTags.idl
-- Symlinking: /home/ros2/ros2_ws/install/citrack_ros_msgs/share/citrack_ros_msgs/msg/UwbRange.idl
-- Symlinking: /home/ros2/ros2_ws/install/citrack_ros_msgs/share/citrack_ros_msgs/msg/DarknetBoundingBox.idl
-- Symlinking: /home/ros2/ros2_ws/install/citrack_ros_msgs/share/citrack_ros_msgs/msg/DarknetBoundingBoxes.idl
-- Symlinking: /home/ros2/ros2_ws/install/citrack_ros_msgs/share/citrack_ros_msgs/msg/DarknetObjectCount.idl
-- Symlinking: /home/ros2/ros2_ws/install/citrack_ros_msgs/share/citrack_ros_msgs/msg/RvizBirdsEyeParam.idl
-- Symlinking: /home/ros2/ros2_ws/install/citrack_ros_msgs/share/citrack_ros_msgs/msg/CustomTag.idl
-- Symlinking: /home/ros2/ros2_ws/install/citrack_ros_msgs/share/citrack_ros_msgs/msg/MultiTags.idl
-- Symlinking: /home/ros2/ros2_ws/install/citrack_ros_msgs/share/citrack_ros_msgs/action/DarknetCheckForObjects.idl
-- Symlinking: /home/ros2/ros2_ws/install/citrack_ros_msgs/share/citrack_ros_msgs/msg/ViconPosition.msg
-- Symlinking: /home/ros2/ros2_ws/install/citrack_ros_msgs/share/citrack_ros_msgs/msg/UwbAnchor.msg
-- Symlinking: /home/ros2/ros2_ws/install/citrack_ros_msgs/share/citrack_ros_msgs/msg/UwbTag.msg
-- Symlinking: /home/ros2/ros2_ws/install/citrack_ros_msgs/share/citrack_ros_msgs/msg/UwbTags.msg
-- Symlinking: /home/ros2/ros2_ws/install/citrack_ros_msgs/share/citrack_ros_msgs/msg/UwbRange.msg
-- Symlinking: /home/ros2/ros2_ws/install/citrack_ros_msgs/share/citrack_ros_msgs/msg/DarknetBoundingBox.msg
-- Symlinking: /home/ros2/ros2_ws/install/citrack_ros_msgs/share/citrack_ros_msgs/msg/DarknetBoundingBoxes.msg
-- Symlinking: /home/ros2/ros2_ws/install/citrack_ros_msgs/share/citrack_ros_msgs/msg/DarknetObjectCount.msg
-- Symlinking: /home/ros2/ros2_ws/install/citrack_ros_msgs/share/citrack_ros_msgs/msg/RvizBirdsEyeParam.msg
-- Symlinking: /home/ros2/ros2_ws/install/citrack_ros_msgs/share/citrack_ros_msgs/msg/CustomTag.msg
-- Symlinking: /home/ros2/ros2_ws/install/citrack_ros_msgs/share/citrack_ros_msgs/msg/MultiTags.msg
-- Symlinking: /home/ros2/ros2_ws/install/citrack_ros_msgs/share/citrack_ros_msgs/action/DarknetCheckForObjects.action
-- Symlinking: /home/ros2/ros2_ws/install/citrack_ros_msgs/share/ament_index/resource_index/package_run_dependencies/citrack_ros_msgs
-- Symlinking: /home/ros2/ros2_ws/install/citrack_ros_msgs/share/ament_index/resource_index/parent_prefix_path/citrack_ros_msgs
-- Symlinking: /home/ros2/ros2_ws/install/citrack_ros_msgs/share/citrack_ros_msgs/environment/ament_prefix_path.sh
-- Symlinking: /home/ros2/ros2_ws/install/citrack_ros_msgs/share/citrack_ros_msgs/environment/ament_prefix_path.dsv
-- Symlinking: /home/ros2/ros2_ws/install/citrack_ros_msgs/share/citrack_ros_msgs/environment/path.sh
-- Symlinking: /home/ros2/ros2_ws/install/citrack_ros_msgs/share/citrack_ros_msgs/environment/path.dsv
-- Symlinking: /home/ros2/ros2_ws/install/citrack_ros_msgs/share/citrack_ros_msgs/local_setup.bash
-- Symlinking: /home/ros2/ros2_ws/install/citrack_ros_msgs/share/citrack_ros_msgs/local_setup.sh
-- Symlinking: /home/ros2/ros2_ws/install/citrack_ros_msgs/share/citrack_ros_msgs/local_setup.zsh
-- Symlinking: /home/ros2/ros2_ws/install/citrack_ros_msgs/share/citrack_ros_msgs/local_setup.dsv
-- Symlinking: /home/ros2/ros2_ws/install/citrack_ros_msgs/share/citrack_ros_msgs/package.dsv
-- Symlinking: /home/ros2/ros2_ws/install/citrack_ros_msgs/share/ament_index/resource_index/packages/citrack_ros_msgs
-- Symlinking: /home/ros2/ros2_ws/install/citrack_ros_msgs/share/citrack_ros_msgs/cmake/rosidl_cmake-extras.cmake
-- Symlinking: /home/ros2/ros2_ws/install/citrack_ros_msgs/share/citrack_ros_msgs/cmake/ament_cmake_export_dependencies-extras.cmake
-- Symlinking: /home/ros2/ros2_ws/install/citrack_ros_msgs/share/citrack_ros_msgs/cmake/ament_cmake_export_include_directories-extras.cmake
-- Symlinking: /home/ros2/ros2_ws/install/citrack_ros_msgs/share/citrack_ros_msgs/cmake/ament_cmake_export_libraries-extras.cmake
-- Symlinking: /home/ros2/ros2_ws/install/citrack_ros_msgs/share/citrack_ros_msgs/cmake/ament_cmake_export_targets-extras.cmake
-- Symlinking: /home/ros2/ros2_ws/install/citrack_ros_msgs/share/citrack_ros_msgs/cmake/rosidl_cmake_export_typesupport_targets-extras.cmake
-- Symlinking: /home/ros2/ros2_ws/install/citrack_ros_msgs/share/citrack_ros_msgs/cmake/rosidl_cmake_export_typesupport_libraries-extras.cmake
-- Symlinking: /home/ros2/ros2_ws/install/citrack_ros_msgs/share/citrack_ros_msgs/cmake/citrack_ros_msgsConfig.cmake
-- Symlinking: /home/ros2/ros2_ws/install/citrack_ros_msgs/share/citrack_ros_msgs/cmake/citrack_ros_msgsConfig-version.cmake
-- Symlinking: /home/ros2/ros2_ws/install/citrack_ros_msgs/share/citrack_ros_msgs/package.xml
-- Installing: /home/ros2/ros2_ws/install/citrack_ros_msgs/lib/libcitrack_ros_msgs__rosidl_generator_c.so
-- Set non-toolchain portion of runtime path of "/home/ros2/ros2_ws/install/citrack_ros_msgs/lib/libcitrack_ros_msgs__rosidl_generator_c.so" to ""
-- Installing: /home/ros2/ros2_ws/install/citrack_ros_msgs/lib/libcitrack_ros_msgs__rosidl_typesupport_fastrtps_c.so
-- Set non-toolchain portion of runtime path of "/home/ros2/ros2_ws/install/citrack_ros_msgs/lib/libcitrack_ros_msgs__rosidl_typesupport_fastrtps_c.so" to ""
-- Installing: /home/ros2/ros2_ws/install/citrack_ros_msgs/lib/libcitrack_ros_msgs__rosidl_typesupport_fastrtps_cpp.so
-- Set non-toolchain portion of runtime path of "/home/ros2/ros2_ws/install/citrack_ros_msgs/lib/libcitrack_ros_msgs__rosidl_typesupport_fastrtps_cpp.so" to ""
-- Installing: /home/ros2/ros2_ws/install/citrack_ros_msgs/lib/libcitrack_ros_msgs__rosidl_typesupport_introspection_c.so
-- Set non-toolchain portion of runtime path of "/home/ros2/ros2_ws/install/citrack_ros_msgs/lib/libcitrack_ros_msgs__rosidl_typesupport_introspection_c.so" to ""
-- Installing: /home/ros2/ros2_ws/install/citrack_ros_msgs/lib/libcitrack_ros_msgs__rosidl_typesupport_c.so
-- Set non-toolchain portion of runtime path of "/home/ros2/ros2_ws/install/citrack_ros_msgs/lib/libcitrack_ros_msgs__rosidl_typesupport_c.so" to ""
-- Installing: /home/ros2/ros2_ws/install/citrack_ros_msgs/lib/libcitrack_ros_msgs__rosidl_typesupport_introspection_cpp.so
-- Set non-toolchain portion of runtime path of "/home/ros2/ros2_ws/install/citrack_ros_msgs/lib/libcitrack_ros_msgs__rosidl_typesupport_introspection_cpp.so" to ""
-- Installing: /home/ros2/ros2_ws/install/citrack_ros_msgs/lib/libcitrack_ros_msgs__rosidl_typesupport_cpp.so
-- Set non-toolchain portion of runtime path of "/home/ros2/ros2_ws/install/citrack_ros_msgs/lib/libcitrack_ros_msgs__rosidl_typesupport_cpp.so" to ""
Listing '/home/ros2/ros2_ws/install/citrack_ros_msgs/lib/python3.12/site-packages/citrack_ros_msgs'...
Compiling '/home/ros2/ros2_ws/install/citrack_ros_msgs/lib/python3.12/site-packages/citrack_ros_msgs/__init__.py'...
Listing '/home/ros2/ros2_ws/install/citrack_ros_msgs/lib/python3.12/site-packages/citrack_ros_msgs/action'...
Compiling '/home/ros2/ros2_ws/install/citrack_ros_msgs/lib/python3.12/site-packages/citrack_ros_msgs/action/__init__.py'...
Compiling '/home/ros2/ros2_ws/install/citrack_ros_msgs/lib/python3.12/site-packages/citrack_ros_msgs/action/_darknet_check_for_objects.py'...
Listing '/home/ros2/ros2_ws/install/citrack_ros_msgs/lib/python3.12/site-packages/citrack_ros_msgs/msg'...
Compiling '/home/ros2/ros2_ws/install/citrack_ros_msgs/lib/python3.12/site-packages/citrack_ros_msgs/msg/__init__.py'...
Compiling '/home/ros2/ros2_ws/install/citrack_ros_msgs/lib/python3.12/site-packages/citrack_ros_msgs/msg/_custom_tag.py'...
Compiling '/home/ros2/ros2_ws/install/citrack_ros_msgs/lib/python3.12/site-packages/citrack_ros_msgs/msg/_darknet_bounding_box.py'...
Compiling '/home/ros2/ros2_ws/install/citrack_ros_msgs/lib/python3.12/site-packages/citrack_ros_msgs/msg/_darknet_bounding_boxes.py'...
Compiling '/home/ros2/ros2_ws/install/citrack_ros_msgs/lib/python3.12/site-packages/citrack_ros_msgs/msg/_darknet_object_count.py'...
Compiling '/home/ros2/ros2_ws/install/citrack_ros_msgs/lib/python3.12/site-packages/citrack_ros_msgs/msg/_multi_tags.py'...
Compiling '/home/ros2/ros2_ws/install/citrack_ros_msgs/lib/python3.12/site-packages/citrack_ros_msgs/msg/_rviz_birds_eye_param.py'...
Compiling '/home/ros2/ros2_ws/install/citrack_ros_msgs/lib/python3.12/site-packages/citrack_ros_msgs/msg/_uwb_anchor.py'...
Compiling '/home/ros2/ros2_ws/install/citrack_ros_msgs/lib/python3.12/site-packages/citrack_ros_msgs/msg/_uwb_range.py'...
Compiling '/home/ros2/ros2_ws/install/citrack_ros_msgs/lib/python3.12/site-packages/citrack_ros_msgs/msg/_uwb_tag.py'...
Compiling '/home/ros2/ros2_ws/install/citrack_ros_msgs/lib/python3.12/site-packages/citrack_ros_msgs/msg/_uwb_tags.py'...
Compiling '/home/ros2/ros2_ws/install/citrack_ros_msgs/lib/python3.12/site-packages/citrack_ros_msgs/msg/_vicon_position.py'...
-- Installing: /home/ros2/ros2_ws/install/citrack_ros_msgs/lib/libcitrack_ros_msgs__rosidl_generator_py.so
-- Set non-toolchain portion of runtime path of "/home/ros2/ros2_ws/install/citrack_ros_msgs/lib/libcitrack_ros_msgs__rosidl_generator_py.so" to ""
-- Installing: /home/ros2/ros2_ws/install/citrack_ros_msgs/share/citrack_ros_msgs/cmake/export_citrack_ros_msgs__rosidl_generator_cExport.cmake
-- Installing: /home/ros2/ros2_ws/install/citrack_ros_msgs/share/citrack_ros_msgs/cmake/export_citrack_ros_msgs__rosidl_generator_cExport-noconfig.cmake
-- Installing: /home/ros2/ros2_ws/install/citrack_ros_msgs/share/citrack_ros_msgs/cmake/export_citrack_ros_msgs__rosidl_typesupport_fastrtps_cExport.cmake
-- Installing: /home/ros2/ros2_ws/install/citrack_ros_msgs/share/citrack_ros_msgs/cmake/export_citrack_ros_msgs__rosidl_typesupport_fastrtps_cExport-noconfig.cmake
-- Installing: /home/ros2/ros2_ws/install/citrack_ros_msgs/share/citrack_ros_msgs/cmake/export_citrack_ros_msgs__rosidl_generator_cppExport.cmake
-- Installing: /home/ros2/ros2_ws/install/citrack_ros_msgs/share/citrack_ros_msgs/cmake/export_citrack_ros_msgs__rosidl_typesupport_fastrtps_cppExport.cmake
-- Installing: /home/ros2/ros2_ws/install/citrack_ros_msgs/share/citrack_ros_msgs/cmake/export_citrack_ros_msgs__rosidl_typesupport_fastrtps_cppExport-noconfig.cmake
-- Installing: /home/ros2/ros2_ws/install/citrack_ros_msgs/share/citrack_ros_msgs/cmake/citrack_ros_msgs__rosidl_typesupport_introspection_cExport.cmake
-- Installing: /home/ros2/ros2_ws/install/citrack_ros_msgs/share/citrack_ros_msgs/cmake/citrack_ros_msgs__rosidl_typesupport_introspection_cExport-noconfig.cmake
-- Installing: /home/ros2/ros2_ws/install/citrack_ros_msgs/share/citrack_ros_msgs/cmake/citrack_ros_msgs__rosidl_typesupport_cExport.cmake
-- Installing: /home/ros2/ros2_ws/install/citrack_ros_msgs/share/citrack_ros_msgs/cmake/citrack_ros_msgs__rosidl_typesupport_cExport-noconfig.cmake
-- Installing: /home/ros2/ros2_ws/install/citrack_ros_msgs/share/citrack_ros_msgs/cmake/citrack_ros_msgs__rosidl_typesupport_introspection_cppExport.cmake
-- Installing: /home/ros2/ros2_ws/install/citrack_ros_msgs/share/citrack_ros_msgs/cmake/citrack_ros_msgs__rosidl_typesupport_introspection_cppExport-noconfig.cmake
-- Installing: /home/ros2/ros2_ws/install/citrack_ros_msgs/share/citrack_ros_msgs/cmake/citrack_ros_msgs__rosidl_typesupport_cppExport.cmake
-- Installing: /home/ros2/ros2_ws/install/citrack_ros_msgs/share/citrack_ros_msgs/cmake/citrack_ros_msgs__rosidl_typesupport_cppExport-noconfig.cmake
-- Installing: /home/ros2/ros2_ws/install/citrack_ros_msgs/share/citrack_ros_msgs/cmake/export_citrack_ros_msgs__rosidl_generator_pyExport.cmake
-- Installing: /home/ros2/ros2_ws/install/citrack_ros_msgs/share/citrack_ros_msgs/cmake/export_citrack_ros_msgs__rosidl_generator_pyExport-noconfig.cmake
