[0.017s] Invoking command in '/home/ros2/ros2_ws/build/sebot_localization': CMAKE_PREFIX_PATH=${CMAKE_PREFIX_PATH}:/home/ros2/ros2_ws/install/uwb_tracking_ros2:/home/ros2/ros2_ws/install/sebot_navigation:/home/ros2/ros2_ws/install/motordriver:/home/ros2/ros2_ws/install/diffdrive:/opt/ros/jazzy DEBUGINFOD_URLS=https://debuginfod.ubuntu.com /usr/bin/cmake --build /home/ros2/ros2_ws/build/sebot_localization -- -j4 -l4
[0.147s] [ 33%] [32mBuilding CXX object CMakeFiles/ekf_node.dir/src/ekf_node.cpp.o[0m
[0.147s] [ 50%] Built target uwb_transform_node
[0.149s] [ 83%] Built target uwb_transform_dual_ekf_node
[25.963s] [100%] [32m[1mLinking CXX executable ekf_node[0m
[27.458s] [100%] Built target ekf_node
[27.481s] Invoked command in '/home/ros2/ros2_ws/build/sebot_localization' returned '0': CMAKE_PREFIX_PATH=${CMAKE_PREFIX_PATH}:/home/ros2/ros2_ws/install/uwb_tracking_ros2:/home/ros2/ros2_ws/install/sebot_navigation:/home/ros2/ros2_ws/install/motordriver:/home/ros2/ros2_ws/install/diffdrive:/opt/ros/jazzy DEBUGINFOD_URLS=https://debuginfod.ubuntu.com /usr/bin/cmake --build /home/ros2/ros2_ws/build/sebot_localization -- -j4 -l4
[27.502s] Invoking command in '/home/ros2/ros2_ws/build/sebot_localization': CMAKE_PREFIX_PATH=${CMAKE_PREFIX_PATH}:/home/ros2/ros2_ws/install/uwb_tracking_ros2:/home/ros2/ros2_ws/install/sebot_navigation:/home/ros2/ros2_ws/install/motordriver:/home/ros2/ros2_ws/install/diffdrive:/opt/ros/jazzy DEBUGINFOD_URLS=https://debuginfod.ubuntu.com /usr/bin/cmake --install /home/ros2/ros2_ws/build/sebot_localization
[27.518s] -- Install configuration: ""
[27.519s] -- Execute custom install script
[27.520s] -- Up-to-date symlink: /home/ros2/ros2_ws/install/sebot_localization/lib/sebot_localization/ekf_node
[27.520s] -- Up-to-date symlink: /home/ros2/ros2_ws/install/sebot_localization/lib/sebot_localization/uwb_transform_node
[27.520s] -- Up-to-date symlink: /home/ros2/ros2_ws/install/sebot_localization/lib/sebot_localization/uwb_transform_dual_ekf_node
[27.520s] -- Up-to-date symlink: /home/ros2/ros2_ws/install/sebot_localization/share/sebot_localization/launch/ekf.launch.py
[27.521s] -- Up-to-date symlink: /home/ros2/ros2_ws/install/sebot_localization/share/sebot_localization/launch/ekf_dual.launch.py
[27.521s] -- Up-to-date symlink: /home/ros2/ros2_ws/install/sebot_localization/share/sebot_localization/launch/ekf_gazebo.launch.py
[27.521s] -- Up-to-date symlink: /home/ros2/ros2_ws/install/sebot_localization/share/sebot_localization/config/ekf.yaml
[27.521s] -- Up-to-date symlink: /home/ros2/ros2_ws/install/sebot_localization/share/sebot_localization/config/ekf_dual.yaml
[27.522s] -- Up-to-date symlink: /home/ros2/ros2_ws/install/sebot_localization/share/ament_index/resource_index/package_run_dependencies/sebot_localization
[27.522s] -- Up-to-date symlink: /home/ros2/ros2_ws/install/sebot_localization/share/ament_index/resource_index/parent_prefix_path/sebot_localization
[27.522s] -- Up-to-date symlink: /home/ros2/ros2_ws/install/sebot_localization/share/sebot_localization/environment/ament_prefix_path.sh
[27.522s] -- Up-to-date symlink: /home/ros2/ros2_ws/install/sebot_localization/share/sebot_localization/environment/ament_prefix_path.dsv
[27.522s] -- Up-to-date symlink: /home/ros2/ros2_ws/install/sebot_localization/share/sebot_localization/environment/path.sh
[27.523s] -- Up-to-date symlink: /home/ros2/ros2_ws/install/sebot_localization/share/sebot_localization/environment/path.dsv
[27.523s] -- Up-to-date symlink: /home/ros2/ros2_ws/install/sebot_localization/share/sebot_localization/local_setup.bash
[27.523s] -- Up-to-date symlink: /home/ros2/ros2_ws/install/sebot_localization/share/sebot_localization/local_setup.sh
[27.523s] -- Up-to-date symlink: /home/ros2/ros2_ws/install/sebot_localization/share/sebot_localization/local_setup.zsh
[27.523s] -- Up-to-date symlink: /home/ros2/ros2_ws/install/sebot_localization/share/sebot_localization/local_setup.dsv
[27.523s] -- Symlinking: /home/ros2/ros2_ws/install/sebot_localization/share/sebot_localization/package.dsv
[27.544s] -- Up-to-date symlink: /home/ros2/ros2_ws/install/sebot_localization/share/ament_index/resource_index/packages/sebot_localization
[27.545s] -- Up-to-date symlink: /home/ros2/ros2_ws/install/sebot_localization/share/sebot_localization/cmake/sebot_localizationConfig.cmake
[27.546s] -- Up-to-date symlink: /home/ros2/ros2_ws/install/sebot_localization/share/sebot_localization/cmake/sebot_localizationConfig-version.cmake
[27.546s] -- Up-to-date symlink: /home/ros2/ros2_ws/install/sebot_localization/share/sebot_localization/package.xml
[27.548s] Invoked command in '/home/ros2/ros2_ws/build/sebot_localization' returned '0': CMAKE_PREFIX_PATH=${CMAKE_PREFIX_PATH}:/home/ros2/ros2_ws/install/uwb_tracking_ros2:/home/ros2/ros2_ws/install/sebot_navigation:/home/ros2/ros2_ws/install/motordriver:/home/ros2/ros2_ws/install/diffdrive:/opt/ros/jazzy DEBUGINFOD_URLS=https://debuginfod.ubuntu.com /usr/bin/cmake --install /home/ros2/ros2_ws/build/sebot_localization
