[5.110s] Invoking command in '/home/ros2/ros2_ws/build/diffdrive': DEBUGINFOD_URLS=https://debuginfod.ubuntu.com PYTHONPATH=/home/ros2/ros2_ws/build/diffdrive/prefix_override:/usr/lib/python3/dist-packages/colcon_core/task/python/colcon_distutils_commands:/home/ros2/ros2_ws/install/diffdrive/lib/python3.12/site-packages:${PYTHONPATH} /usr/bin/python3 -W ignore:setup.py install is deprecated -W ignore:easy_install command is deprecated setup.py develop --editable --build-directory /home/ros2/ros2_ws/build/diffdrive/build --no-deps symlink_data
[6.061s] running develop
[6.606s] running egg_info
[6.660s] writing diffdrive.egg-info/PKG-INFO
[6.660s] writing dependency_links to diffdrive.egg-info/dependency_links.txt
[6.664s] writing entry points to diffdrive.egg-info/entry_points.txt
[6.664s] writing requirements to diffdrive.egg-info/requires.txt
[6.664s] writing top-level names to diffdrive.egg-info/top_level.txt
[6.860s] reading manifest file 'diffdrive.egg-info/SOURCES.txt'
[6.866s] writing manifest file 'diffdrive.egg-info/SOURCES.txt'
[6.967s] running build_ext
[6.967s] Creating /home/ros2/ros2_ws/install/diffdrive/lib/python3.12/site-packages/diffdrive.egg-link (link to .)
[6.968s] Installing DataLogger script to /home/ros2/ros2_ws/install/diffdrive/lib/diffdrive
[6.969s] Installing cmd_vel script to /home/ros2/ros2_ws/install/diffdrive/lib/diffdrive
[6.972s] Installing odom script to /home/ros2/ros2_ws/install/diffdrive/lib/diffdrive
[6.975s] Installing odom_imu script to /home/ros2/ros2_ws/install/diffdrive/lib/diffdrive
[6.977s] 
[6.977s] Installed /home/ros2/ros2_ws/build/diffdrive
[6.982s] running symlink_data
[7.233s] Invoked command in '/home/ros2/ros2_ws/build/diffdrive' returned '0': DEBUGINFOD_URLS=https://debuginfod.ubuntu.com PYTHONPATH=/home/ros2/ros2_ws/build/diffdrive/prefix_override:/usr/lib/python3/dist-packages/colcon_core/task/python/colcon_distutils_commands:/home/ros2/ros2_ws/install/diffdrive/lib/python3.12/site-packages:${PYTHONPATH} /usr/bin/python3 -W ignore:setup.py install is deprecated -W ignore:easy_install command is deprecated setup.py develop --editable --build-directory /home/ros2/ros2_ws/build/diffdrive/build --no-deps symlink_data
