[0.028s] Invoking command in '/home/ros2/ros2_ws/build/xsens_mti_ros2_driver': CMAKE_PREFIX_PATH=${CMAKE_PREFIX_PATH}:/home/ros2/ros2_ws/install/uwb_tracking_ros2:/home/ros2/ros2_ws/install/sebot_navigation:/home/ros2/ros2_ws/install/motordriver:/home/ros2/ros2_ws/install/diffdrive:/opt/ros/jazzy DEBUGINFOD_URLS=https://debuginfod.ubuntu.com /usr/bin/cmake --build /home/ros2/ros2_ws/build/xsens_mti_ros2_driver -- -j4 -l4
[0.318s] [  2%] Built target xsens_mti_ros2_driver__rosidl_generator_type_description
[0.325s] [ 18%] Built target xspublic
[0.387s] [ 18%] Built target ament_cmake_python_symlink_xsens_mti_ros2_driver
[0.450s] [ 28%] Built target xsens_mti_ros2_driver__rosidl_generator_c
[0.471s] [ 30%] Built target xsens_mti_ros2_driver__cpp
[0.556s] [ 36%] Built target xsens_mti_ros2_driver__rosidl_typesupport_introspection_c
[0.569s] [ 42%] Built target xsens_mti_ros2_driver__rosidl_typesupport_fastrtps_c
[0.614s] [ 48%] Built target xsens_mti_ros2_driver__rosidl_typesupport_c
[0.646s] [ 55%] Built target xsens_mti_ros2_driver__rosidl_typesupport_introspection_cpp
[0.705s] [ 61%] Built target xsens_mti_ros2_driver__rosidl_typesupport_cpp
[0.706s] [ 67%] Built target xsens_mti_ros2_driver__rosidl_typesupport_fastrtps_cpp
[0.820s] [ 67%] Built target xsens_mti_ros2_driver
[1.005s] [ 69%] Built target xsens_mti_ros2_driver__py
[1.035s] [ 83%] Built target xsens_mti_node
[1.121s] [ 87%] Built target xsens_mti_ros2_driver__rosidl_generator_py
[1.204s] [ 91%] Built target xsens_mti_ros2_driver_s__rosidl_typesupport_introspection_c
[1.281s] [ 95%] Built target xsens_mti_ros2_driver_s__rosidl_typesupport_fastrtps_c
[1.291s] [100%] Built target xsens_mti_ros2_driver_s__rosidl_typesupport_c
[1.573s] running egg_info
[1.618s] writing xsens_mti_ros2_driver.egg-info/PKG-INFO
[1.618s] writing dependency_links to xsens_mti_ros2_driver.egg-info/dependency_links.txt
[1.620s] writing top-level names to xsens_mti_ros2_driver.egg-info/top_level.txt
[1.764s] reading manifest file 'xsens_mti_ros2_driver.egg-info/SOURCES.txt'
[1.769s] writing manifest file 'xsens_mti_ros2_driver.egg-info/SOURCES.txt'
[2.014s] [100%] Built target ament_cmake_python_build_xsens_mti_ros2_driver_egg
[2.053s] Invoked command in '/home/ros2/ros2_ws/build/xsens_mti_ros2_driver' returned '0': CMAKE_PREFIX_PATH=${CMAKE_PREFIX_PATH}:/home/ros2/ros2_ws/install/uwb_tracking_ros2:/home/ros2/ros2_ws/install/sebot_navigation:/home/ros2/ros2_ws/install/motordriver:/home/ros2/ros2_ws/install/diffdrive:/opt/ros/jazzy DEBUGINFOD_URLS=https://debuginfod.ubuntu.com /usr/bin/cmake --build /home/ros2/ros2_ws/build/xsens_mti_ros2_driver -- -j4 -l4
[2.055s] Invoking command in '/home/ros2/ros2_ws/build/xsens_mti_ros2_driver': CMAKE_PREFIX_PATH=${CMAKE_PREFIX_PATH}:/home/ros2/ros2_ws/install/uwb_tracking_ros2:/home/ros2/ros2_ws/install/sebot_navigation:/home/ros2/ros2_ws/install/motordriver:/home/ros2/ros2_ws/install/diffdrive:/opt/ros/jazzy DEBUGINFOD_URLS=https://debuginfod.ubuntu.com /usr/bin/cmake --install /home/ros2/ros2_ws/build/xsens_mti_ros2_driver
[2.121s] -- Install configuration: ""
[2.121s] -- Execute custom install script
[2.122s] -- Up-to-date symlink: /home/ros2/ros2_ws/install/xsens_mti_ros2_driver/share/ament_index/resource_index/rosidl_interfaces/xsens_mti_ros2_driver
[2.122s] -- Up-to-date symlink: /home/ros2/ros2_ws/install/xsens_mti_ros2_driver/share/xsens_mti_ros2_driver/msg/XsStatusWord.json
[2.126s] -- Up-to-date symlink: /home/ros2/ros2_ws/install/xsens_mti_ros2_driver/include/xsens_mti_ros2_driver/xsens_mti_ros2_driver/msg/detail/xs_status_word__functions.h
[2.126s] -- Up-to-date symlink: /home/ros2/ros2_ws/install/xsens_mti_ros2_driver/include/xsens_mti_ros2_driver/xsens_mti_ros2_driver/msg/detail/xs_status_word__struct.h
[2.126s] -- Up-to-date symlink: /home/ros2/ros2_ws/install/xsens_mti_ros2_driver/include/xsens_mti_ros2_driver/xsens_mti_ros2_driver/msg/detail/xs_status_word__type_support.h
[2.130s] -- Up-to-date symlink: /home/ros2/ros2_ws/install/xsens_mti_ros2_driver/include/xsens_mti_ros2_driver/xsens_mti_ros2_driver/msg/rosidl_generator_c__visibility_control.h
[2.130s] -- Up-to-date symlink: /home/ros2/ros2_ws/install/xsens_mti_ros2_driver/include/xsens_mti_ros2_driver/xsens_mti_ros2_driver/msg/xs_status_word.h
[2.130s] -- Up-to-date symlink: /home/ros2/ros2_ws/install/xsens_mti_ros2_driver/share/xsens_mti_ros2_driver/environment/library_path.sh
[2.130s] -- Up-to-date symlink: /home/ros2/ros2_ws/install/xsens_mti_ros2_driver/share/xsens_mti_ros2_driver/environment/library_path.dsv
[2.133s] -- Up-to-date symlink: /home/ros2/ros2_ws/install/xsens_mti_ros2_driver/include/xsens_mti_ros2_driver/xsens_mti_ros2_driver/msg/detail/xs_status_word__rosidl_typesupport_fastrtps_c.h
[2.138s] -- Up-to-date symlink: /home/ros2/ros2_ws/install/xsens_mti_ros2_driver/include/xsens_mti_ros2_driver/xsens_mti_ros2_driver/msg/rosidl_typesupport_fastrtps_c__visibility_control.h
[2.138s] -- Up-to-date symlink: /home/ros2/ros2_ws/install/xsens_mti_ros2_driver/include/xsens_mti_ros2_driver/xsens_mti_ros2_driver/msg/detail/xs_status_word__builder.hpp
[2.140s] -- Up-to-date symlink: /home/ros2/ros2_ws/install/xsens_mti_ros2_driver/include/xsens_mti_ros2_driver/xsens_mti_ros2_driver/msg/detail/xs_status_word__struct.hpp
[2.141s] -- Up-to-date symlink: /home/ros2/ros2_ws/install/xsens_mti_ros2_driver/include/xsens_mti_ros2_driver/xsens_mti_ros2_driver/msg/detail/xs_status_word__traits.hpp
[2.146s] -- Up-to-date symlink: /home/ros2/ros2_ws/install/xsens_mti_ros2_driver/include/xsens_mti_ros2_driver/xsens_mti_ros2_driver/msg/detail/xs_status_word__type_support.hpp
[2.146s] -- Up-to-date symlink: /home/ros2/ros2_ws/install/xsens_mti_ros2_driver/include/xsens_mti_ros2_driver/xsens_mti_ros2_driver/msg/rosidl_generator_cpp__visibility_control.hpp
[2.146s] -- Up-to-date symlink: /home/ros2/ros2_ws/install/xsens_mti_ros2_driver/include/xsens_mti_ros2_driver/xsens_mti_ros2_driver/msg/xs_status_word.hpp
[2.147s] -- Up-to-date symlink: /home/ros2/ros2_ws/install/xsens_mti_ros2_driver/include/xsens_mti_ros2_driver/xsens_mti_ros2_driver/msg/detail/xs_status_word__rosidl_typesupport_fastrtps_cpp.hpp
[2.148s] -- Up-to-date symlink: /home/ros2/ros2_ws/install/xsens_mti_ros2_driver/include/xsens_mti_ros2_driver/xsens_mti_ros2_driver/msg/rosidl_typesupport_fastrtps_cpp__visibility_control.h
[2.148s] -- Up-to-date symlink: /home/ros2/ros2_ws/install/xsens_mti_ros2_driver/include/xsens_mti_ros2_driver/xsens_mti_ros2_driver/msg/detail/xs_status_word__rosidl_typesupport_introspection_c.h
[2.150s] -- Up-to-date symlink: /home/ros2/ros2_ws/install/xsens_mti_ros2_driver/include/xsens_mti_ros2_driver/xsens_mti_ros2_driver/msg/rosidl_typesupport_introspection_c__visibility_control.h
[2.154s] -- Up-to-date symlink: /home/ros2/ros2_ws/install/xsens_mti_ros2_driver/include/xsens_mti_ros2_driver/xsens_mti_ros2_driver/msg/detail/xs_status_word__rosidl_typesupport_introspection_cpp.hpp
[2.155s] -- Up-to-date symlink: /home/ros2/ros2_ws/install/xsens_mti_ros2_driver/share/xsens_mti_ros2_driver/environment/pythonpath.sh
[2.155s] -- Up-to-date symlink: /home/ros2/ros2_ws/install/xsens_mti_ros2_driver/share/xsens_mti_ros2_driver/environment/pythonpath.dsv
[2.155s] -- Up-to-date symlink: /home/ros2/ros2_ws/install/xsens_mti_ros2_driver/lib/python3.12/site-packages/xsens_mti_ros2_driver-1.0.2-py3.12.egg-info/PKG-INFO
[2.161s] -- Up-to-date symlink: /home/ros2/ros2_ws/install/xsens_mti_ros2_driver/lib/python3.12/site-packages/xsens_mti_ros2_driver-1.0.2-py3.12.egg-info/SOURCES.txt
[2.161s] -- Up-to-date symlink: /home/ros2/ros2_ws/install/xsens_mti_ros2_driver/lib/python3.12/site-packages/xsens_mti_ros2_driver-1.0.2-py3.12.egg-info/dependency_links.txt
[2.161s] -- Up-to-date symlink: /home/ros2/ros2_ws/install/xsens_mti_ros2_driver/lib/python3.12/site-packages/xsens_mti_ros2_driver-1.0.2-py3.12.egg-info/top_level.txt
[2.161s] -- Up-to-date symlink: /home/ros2/ros2_ws/install/xsens_mti_ros2_driver/lib/python3.12/site-packages/xsens_mti_ros2_driver/__init__.py
[2.161s] -- Up-to-date symlink: /home/ros2/ros2_ws/install/xsens_mti_ros2_driver/lib/python3.12/site-packages/xsens_mti_ros2_driver/_xsens_mti_ros2_driver_s.ep.rosidl_typesupport_c.c
[2.161s] -- Up-to-date symlink: /home/ros2/ros2_ws/install/xsens_mti_ros2_driver/lib/python3.12/site-packages/xsens_mti_ros2_driver/_xsens_mti_ros2_driver_s.ep.rosidl_typesupport_fastrtps_c.c
[2.166s] -- Up-to-date symlink: /home/ros2/ros2_ws/install/xsens_mti_ros2_driver/lib/python3.12/site-packages/xsens_mti_ros2_driver/_xsens_mti_ros2_driver_s.ep.rosidl_typesupport_introspection_c.c
[2.166s] -- Up-to-date symlink: /home/ros2/ros2_ws/install/xsens_mti_ros2_driver/lib/python3.12/site-packages/xsens_mti_ros2_driver/msg/__init__.py
[2.166s] -- Up-to-date symlink: /home/ros2/ros2_ws/install/xsens_mti_ros2_driver/lib/python3.12/site-packages/xsens_mti_ros2_driver/msg/_xs_status_word.py
[2.166s] -- Up-to-date symlink: /home/ros2/ros2_ws/install/xsens_mti_ros2_driver/lib/python3.12/site-packages/xsens_mti_ros2_driver/msg/_xs_status_word_s.c
[2.166s] -- Up-to-date symlink: /home/ros2/ros2_ws/install/xsens_mti_ros2_driver/lib/python3.12/site-packages/xsens_mti_ros2_driver/xsens_mti_ros2_driver_s__rosidl_typesupport_c.so
[2.167s] -- Up-to-date symlink: /home/ros2/ros2_ws/install/xsens_mti_ros2_driver/lib/python3.12/site-packages/xsens_mti_ros2_driver/xsens_mti_ros2_driver_s__rosidl_typesupport_fastrtps_c.so
[2.172s] -- Up-to-date symlink: /home/ros2/ros2_ws/install/xsens_mti_ros2_driver/lib/python3.12/site-packages/xsens_mti_ros2_driver/xsens_mti_ros2_driver_s__rosidl_typesupport_introspection_c.so
[2.173s] -- Up-to-date symlink: /home/ros2/ros2_ws/install/xsens_mti_ros2_driver/lib/python3.12/site-packages/xsens_mti_ros2_driver/xsens_mti_ros2_driver_s__rosidl_typesupport_fastrtps_c.so
[2.173s] -- Up-to-date symlink: /home/ros2/ros2_ws/install/xsens_mti_ros2_driver/lib/python3.12/site-packages/xsens_mti_ros2_driver/xsens_mti_ros2_driver_s__rosidl_typesupport_introspection_c.so
[2.174s] -- Up-to-date symlink: /home/ros2/ros2_ws/install/xsens_mti_ros2_driver/lib/python3.12/site-packages/xsens_mti_ros2_driver/xsens_mti_ros2_driver_s__rosidl_typesupport_c.so
[2.174s] -- Up-to-date symlink: /home/ros2/ros2_ws/install/xsens_mti_ros2_driver/share/xsens_mti_ros2_driver/msg/XsStatusWord.idl
[2.174s] -- Up-to-date symlink: /home/ros2/ros2_ws/install/xsens_mti_ros2_driver/share/xsens_mti_ros2_driver/msg/XsStatusWord.msg
[2.175s] -- Up-to-date symlink: /home/ros2/ros2_ws/install/xsens_mti_ros2_driver/share/xsens_mti_ros2_driver/launch/display.launch.py
[2.180s] -- Up-to-date symlink: /home/ros2/ros2_ws/install/xsens_mti_ros2_driver/share/xsens_mti_ros2_driver/launch/xsens_mti_node.launch.py
[2.180s] -- Up-to-date symlink: /home/ros2/ros2_ws/install/xsens_mti_ros2_driver/share/xsens_mti_ros2_driver/param/xsens_mti_node.yaml
[2.180s] -- Up-to-date symlink: /home/ros2/ros2_ws/install/xsens_mti_ros2_driver/share/xsens_mti_ros2_driver/rviz/display.rviz
[2.180s] -- Up-to-date symlink: /home/ros2/ros2_ws/install/xsens_mti_ros2_driver/share/xsens_mti_ros2_driver/urdf/MTi_1.stl
[2.181s] -- Up-to-date symlink: /home/ros2/ros2_ws/install/xsens_mti_ros2_driver/share/xsens_mti_ros2_driver/urdf/MTi_1.urdf
[2.181s] -- Up-to-date symlink: /home/ros2/ros2_ws/install/xsens_mti_ros2_driver/share/xsens_mti_ros2_driver/urdf/MTi_10.stl
[2.182s] -- Up-to-date symlink: /home/ros2/ros2_ws/install/xsens_mti_ros2_driver/share/xsens_mti_ros2_driver/urdf/MTi_10.urdf
[2.187s] -- Up-to-date symlink: /home/ros2/ros2_ws/install/xsens_mti_ros2_driver/share/xsens_mti_ros2_driver/urdf/MTi_6xx.stl
[2.187s] -- Up-to-date symlink: /home/ros2/ros2_ws/install/xsens_mti_ros2_driver/share/xsens_mti_ros2_driver/urdf/MTi_6xx.urdf
[2.187s] -- Up-to-date symlink: /home/ros2/ros2_ws/install/xsens_mti_ros2_driver/share/ament_index/resource_index/package_run_dependencies/xsens_mti_ros2_driver
[2.187s] -- Up-to-date symlink: /home/ros2/ros2_ws/install/xsens_mti_ros2_driver/share/ament_index/resource_index/parent_prefix_path/xsens_mti_ros2_driver
[2.187s] -- Up-to-date symlink: /home/ros2/ros2_ws/install/xsens_mti_ros2_driver/share/xsens_mti_ros2_driver/environment/ament_prefix_path.sh
[2.193s] -- Up-to-date symlink: /home/ros2/ros2_ws/install/xsens_mti_ros2_driver/share/xsens_mti_ros2_driver/environment/ament_prefix_path.dsv
[2.193s] -- Up-to-date symlink: /home/ros2/ros2_ws/install/xsens_mti_ros2_driver/share/xsens_mti_ros2_driver/environment/path.sh
[2.193s] -- Up-to-date symlink: /home/ros2/ros2_ws/install/xsens_mti_ros2_driver/share/xsens_mti_ros2_driver/environment/path.dsv
[2.193s] -- Up-to-date symlink: /home/ros2/ros2_ws/install/xsens_mti_ros2_driver/share/xsens_mti_ros2_driver/local_setup.bash
[2.194s] -- Up-to-date symlink: /home/ros2/ros2_ws/install/xsens_mti_ros2_driver/share/xsens_mti_ros2_driver/local_setup.sh
[2.194s] -- Up-to-date symlink: /home/ros2/ros2_ws/install/xsens_mti_ros2_driver/share/xsens_mti_ros2_driver/local_setup.zsh
[2.194s] -- Up-to-date symlink: /home/ros2/ros2_ws/install/xsens_mti_ros2_driver/share/xsens_mti_ros2_driver/local_setup.dsv
[2.194s] -- Symlinking: /home/ros2/ros2_ws/install/xsens_mti_ros2_driver/share/xsens_mti_ros2_driver/package.dsv
[2.263s] -- Up-to-date symlink: /home/ros2/ros2_ws/install/xsens_mti_ros2_driver/share/ament_index/resource_index/packages/xsens_mti_ros2_driver
[2.264s] -- Up-to-date symlink: /home/ros2/ros2_ws/install/xsens_mti_ros2_driver/share/xsens_mti_ros2_driver/cmake/rosidl_cmake-extras.cmake
[2.265s] -- Up-to-date symlink: /home/ros2/ros2_ws/install/xsens_mti_ros2_driver/share/xsens_mti_ros2_driver/cmake/ament_cmake_export_dependencies-extras.cmake
[2.266s] -- Up-to-date symlink: /home/ros2/ros2_ws/install/xsens_mti_ros2_driver/share/xsens_mti_ros2_driver/cmake/ament_cmake_export_include_directories-extras.cmake
[2.267s] -- Up-to-date symlink: /home/ros2/ros2_ws/install/xsens_mti_ros2_driver/share/xsens_mti_ros2_driver/cmake/ament_cmake_export_libraries-extras.cmake
[2.269s] -- Up-to-date symlink: /home/ros2/ros2_ws/install/xsens_mti_ros2_driver/share/xsens_mti_ros2_driver/cmake/ament_cmake_export_targets-extras.cmake
[2.269s] -- Up-to-date symlink: /home/ros2/ros2_ws/install/xsens_mti_ros2_driver/share/xsens_mti_ros2_driver/cmake/rosidl_cmake_export_typesupport_targets-extras.cmake
[2.270s] -- Up-to-date symlink: /home/ros2/ros2_ws/install/xsens_mti_ros2_driver/share/xsens_mti_ros2_driver/cmake/rosidl_cmake_export_typesupport_libraries-extras.cmake
[2.271s] -- Up-to-date symlink: /home/ros2/ros2_ws/install/xsens_mti_ros2_driver/share/xsens_mti_ros2_driver/cmake/xsens_mti_ros2_driverConfig.cmake
[2.272s] -- Up-to-date symlink: /home/ros2/ros2_ws/install/xsens_mti_ros2_driver/share/xsens_mti_ros2_driver/cmake/xsens_mti_ros2_driverConfig-version.cmake
[2.274s] -- Up-to-date symlink: /home/ros2/ros2_ws/install/xsens_mti_ros2_driver/share/xsens_mti_ros2_driver/package.xml
[2.277s] -- Up-to-date: /home/ros2/ros2_ws/install/xsens_mti_ros2_driver/lib/libxsens_mti_ros2_driver__rosidl_generator_c.so
[2.278s] -- Up-to-date: /home/ros2/ros2_ws/install/xsens_mti_ros2_driver/lib/libxsens_mti_ros2_driver__rosidl_typesupport_fastrtps_c.so
[2.278s] -- Up-to-date: /home/ros2/ros2_ws/install/xsens_mti_ros2_driver/lib/libxsens_mti_ros2_driver__rosidl_typesupport_fastrtps_cpp.so
[2.278s] -- Up-to-date: /home/ros2/ros2_ws/install/xsens_mti_ros2_driver/lib/libxsens_mti_ros2_driver__rosidl_typesupport_introspection_c.so
[2.278s] -- Up-to-date: /home/ros2/ros2_ws/install/xsens_mti_ros2_driver/lib/libxsens_mti_ros2_driver__rosidl_typesupport_c.so
[2.280s] -- Up-to-date: /home/ros2/ros2_ws/install/xsens_mti_ros2_driver/lib/libxsens_mti_ros2_driver__rosidl_typesupport_introspection_cpp.so
[2.282s] -- Up-to-date: /home/ros2/ros2_ws/install/xsens_mti_ros2_driver/lib/libxsens_mti_ros2_driver__rosidl_typesupport_cpp.so
[2.437s] Listing '/home/ros2/ros2_ws/install/xsens_mti_ros2_driver/lib/python3.12/site-packages/xsens_mti_ros2_driver'...
[2.443s] Listing '/home/ros2/ros2_ws/install/xsens_mti_ros2_driver/lib/python3.12/site-packages/xsens_mti_ros2_driver/msg'...
[2.496s] -- Up-to-date: /home/ros2/ros2_ws/install/xsens_mti_ros2_driver/lib/libxsens_mti_ros2_driver__rosidl_generator_py.so
[2.496s] -- Up-to-date: /home/ros2/ros2_ws/install/xsens_mti_ros2_driver/lib/xsens_mti_ros2_driver/xsens_mti_node
[2.497s] -- Up-to-date: /home/ros2/ros2_ws/install/xsens_mti_ros2_driver/share/xsens_mti_ros2_driver/cmake/export_xsens_mti_ros2_driver__rosidl_generator_cExport.cmake
[2.497s] -- Up-to-date: /home/ros2/ros2_ws/install/xsens_mti_ros2_driver/share/xsens_mti_ros2_driver/cmake/export_xsens_mti_ros2_driver__rosidl_generator_cExport-noconfig.cmake
[2.497s] -- Up-to-date: /home/ros2/ros2_ws/install/xsens_mti_ros2_driver/share/xsens_mti_ros2_driver/cmake/export_xsens_mti_ros2_driver__rosidl_typesupport_fastrtps_cExport.cmake
[2.497s] -- Up-to-date: /home/ros2/ros2_ws/install/xsens_mti_ros2_driver/share/xsens_mti_ros2_driver/cmake/export_xsens_mti_ros2_driver__rosidl_typesupport_fastrtps_cExport-noconfig.cmake
[2.497s] -- Up-to-date: /home/ros2/ros2_ws/install/xsens_mti_ros2_driver/share/xsens_mti_ros2_driver/cmake/export_xsens_mti_ros2_driver__rosidl_generator_cppExport.cmake
[2.497s] -- Up-to-date: /home/ros2/ros2_ws/install/xsens_mti_ros2_driver/share/xsens_mti_ros2_driver/cmake/export_xsens_mti_ros2_driver__rosidl_typesupport_fastrtps_cppExport.cmake
[2.497s] -- Up-to-date: /home/ros2/ros2_ws/install/xsens_mti_ros2_driver/share/xsens_mti_ros2_driver/cmake/export_xsens_mti_ros2_driver__rosidl_typesupport_fastrtps_cppExport-noconfig.cmake
[2.497s] -- Up-to-date: /home/ros2/ros2_ws/install/xsens_mti_ros2_driver/share/xsens_mti_ros2_driver/cmake/xsens_mti_ros2_driver__rosidl_typesupport_introspection_cExport.cmake
[2.497s] -- Up-to-date: /home/ros2/ros2_ws/install/xsens_mti_ros2_driver/share/xsens_mti_ros2_driver/cmake/xsens_mti_ros2_driver__rosidl_typesupport_introspection_cExport-noconfig.cmake
[2.498s] -- Up-to-date: /home/ros2/ros2_ws/install/xsens_mti_ros2_driver/share/xsens_mti_ros2_driver/cmake/xsens_mti_ros2_driver__rosidl_typesupport_cExport.cmake
[2.498s] -- Up-to-date: /home/ros2/ros2_ws/install/xsens_mti_ros2_driver/share/xsens_mti_ros2_driver/cmake/xsens_mti_ros2_driver__rosidl_typesupport_cExport-noconfig.cmake
[2.498s] -- Up-to-date: /home/ros2/ros2_ws/install/xsens_mti_ros2_driver/share/xsens_mti_ros2_driver/cmake/xsens_mti_ros2_driver__rosidl_typesupport_introspection_cppExport.cmake
[2.498s] -- Up-to-date: /home/ros2/ros2_ws/install/xsens_mti_ros2_driver/share/xsens_mti_ros2_driver/cmake/xsens_mti_ros2_driver__rosidl_typesupport_introspection_cppExport-noconfig.cmake
[2.498s] -- Up-to-date: /home/ros2/ros2_ws/install/xsens_mti_ros2_driver/share/xsens_mti_ros2_driver/cmake/xsens_mti_ros2_driver__rosidl_typesupport_cppExport.cmake
[2.498s] -- Up-to-date: /home/ros2/ros2_ws/install/xsens_mti_ros2_driver/share/xsens_mti_ros2_driver/cmake/xsens_mti_ros2_driver__rosidl_typesupport_cppExport-noconfig.cmake
[2.498s] -- Up-to-date: /home/ros2/ros2_ws/install/xsens_mti_ros2_driver/share/xsens_mti_ros2_driver/cmake/export_xsens_mti_ros2_driver__rosidl_generator_pyExport.cmake
[2.498s] -- Up-to-date: /home/ros2/ros2_ws/install/xsens_mti_ros2_driver/share/xsens_mti_ros2_driver/cmake/export_xsens_mti_ros2_driver__rosidl_generator_pyExport-noconfig.cmake
[2.517s] Invoked command in '/home/ros2/ros2_ws/build/xsens_mti_ros2_driver' returned '0': CMAKE_PREFIX_PATH=${CMAKE_PREFIX_PATH}:/home/ros2/ros2_ws/install/uwb_tracking_ros2:/home/ros2/ros2_ws/install/sebot_navigation:/home/ros2/ros2_ws/install/motordriver:/home/ros2/ros2_ws/install/diffdrive:/opt/ros/jazzy DEBUGINFOD_URLS=https://debuginfod.ubuntu.com /usr/bin/cmake --install /home/ros2/ros2_ws/build/xsens_mti_ros2_driver
