[0.041s] Invoking command in '/home/ros2/ros2_ws/build/ntrip': CMAKE_PREFIX_PATH=${CMAKE_PREFIX_PATH}:/home/ros2/ros2_ws/install/uwb_tracking_ros2:/home/ros2/ros2_ws/install/sebot_navigation:/home/ros2/ros2_ws/install/motordriver:/home/ros2/ros2_ws/install/diffdrive:/opt/ros/jazzy DEBUGINFOD_URLS=https://debuginfod.ubuntu.com /usr/bin/cmake /home/ros2/ros2_ws/src/Xsens_MTi_ROS_Driver_and_Ntrip_Client/src/ntrip -DCMAKE_INSTALL_PREFIX=/home/ros2/ros2_ws/install/ntrip
[0.089s] -- Found ament_cmake: 2.5.3 (/opt/ros/jazzy/share/ament_cmake/cmake)
[1.794s] -- Override CMake install command with custom implementation using symlinks instead of copying resources
[1.798s] -- Found rclcpp: 28.1.6 (/opt/ros/jazzy/share/rclcpp/cmake)
[1.973s] -- Found rosidl_generator_c: 4.6.5 (/opt/ros/jazzy/share/rosidl_generator_c/cmake)
[2.035s] -- Found rosidl_generator_cpp: 4.6.5 (/opt/ros/jazzy/share/rosidl_generator_cpp/cmake)
[2.090s] -- Using all available rosidl_typesupport_c: rosidl_typesupport_fastrtps_c;rosidl_typesupport_introspection_c
[2.133s] -- Using all available rosidl_typesupport_cpp: rosidl_typesupport_fastrtps_cpp;rosidl_typesupport_introspection_cpp
[2.608s] -- Found rmw_implementation_cmake: 7.3.1 (/opt/ros/jazzy/share/rmw_implementation_cmake/cmake)
[2.632s] -- Found rmw_fastrtps_cpp: 8.4.1 (/opt/ros/jazzy/share/rmw_fastrtps_cpp/cmake)
[3.137s] -- Using RMW implementation 'rmw_fastrtps_cpp' as default
[3.506s] -- Found nmea_msgs: 2.1.0 (/opt/ros/jazzy/share/nmea_msgs/cmake)
[3.678s] -- Found mavros_msgs: 2.12.0 (/opt/ros/jazzy/share/mavros_msgs/cmake)
[4.279s] -- Found diagnostic_msgs: 5.3.5 (/opt/ros/jazzy/share/diagnostic_msgs/cmake)
[4.899s] -- Configuring done (4.8s)
[5.049s] -- Generating done (0.1s)
[5.102s] -- Build files have been written to: /home/ros2/ros2_ws/build/ntrip
[5.269s] Invoked command in '/home/ros2/ros2_ws/build/ntrip' returned '0': CMAKE_PREFIX_PATH=${CMAKE_PREFIX_PATH}:/home/ros2/ros2_ws/install/uwb_tracking_ros2:/home/ros2/ros2_ws/install/sebot_navigation:/home/ros2/ros2_ws/install/motordriver:/home/ros2/ros2_ws/install/diffdrive:/opt/ros/jazzy DEBUGINFOD_URLS=https://debuginfod.ubuntu.com /usr/bin/cmake /home/ros2/ros2_ws/src/Xsens_MTi_ROS_Driver_and_Ntrip_Client/src/ntrip -DCMAKE_INSTALL_PREFIX=/home/ros2/ros2_ws/install/ntrip
[5.273s] Invoking command in '/home/ros2/ros2_ws/build/ntrip': CMAKE_PREFIX_PATH=${CMAKE_PREFIX_PATH}:/home/ros2/ros2_ws/install/uwb_tracking_ros2:/home/ros2/ros2_ws/install/sebot_navigation:/home/ros2/ros2_ws/install/motordriver:/home/ros2/ros2_ws/install/diffdrive:/opt/ros/jazzy DEBUGINFOD_URLS=https://debuginfod.ubuntu.com /usr/bin/cmake --build /home/ros2/ros2_ws/build/ntrip -- -j4 -l4
[5.773s] [ 60%] Built target ntrip_lib
[5.953s] [100%] Built target ntrip
[6.847s] Invoked command in '/home/ros2/ros2_ws/build/ntrip' returned '0': CMAKE_PREFIX_PATH=${CMAKE_PREFIX_PATH}:/home/ros2/ros2_ws/install/uwb_tracking_ros2:/home/ros2/ros2_ws/install/sebot_navigation:/home/ros2/ros2_ws/install/motordriver:/home/ros2/ros2_ws/install/diffdrive:/opt/ros/jazzy DEBUGINFOD_URLS=https://debuginfod.ubuntu.com /usr/bin/cmake --build /home/ros2/ros2_ws/build/ntrip -- -j4 -l4
[6.859s] Invoking command in '/home/ros2/ros2_ws/build/ntrip': CMAKE_PREFIX_PATH=${CMAKE_PREFIX_PATH}:/home/ros2/ros2_ws/install/uwb_tracking_ros2:/home/ros2/ros2_ws/install/sebot_navigation:/home/ros2/ros2_ws/install/motordriver:/home/ros2/ros2_ws/install/diffdrive:/opt/ros/jazzy DEBUGINFOD_URLS=https://debuginfod.ubuntu.com /usr/bin/cmake --install /home/ros2/ros2_ws/build/ntrip
[6.908s] -- Install configuration: ""
[6.915s] -- Execute custom install script
[6.918s] -- Up-to-date symlink: /home/ros2/ros2_ws/install/ntrip/lib/libntrip_lib.a
[6.919s] -- Up-to-date symlink: /home/ros2/ros2_ws/install/ntrip/lib/ntrip/ntrip
[6.931s] -- Up-to-date symlink: /home/ros2/ros2_ws/install/ntrip/share/ntrip/config/ntrip-param.yaml
[6.931s] -- Up-to-date symlink: /home/ros2/ros2_ws/install/ntrip/share/ntrip/launch/ntrip_launch.py
[6.932s] -- Up-to-date symlink: /home/ros2/ros2_ws/install/ntrip/include//ntrip_client/ntrip_client.h
[6.932s] -- Up-to-date symlink: /home/ros2/ros2_ws/install/ntrip/include//ntrip_client/rtcm_parser.h
[6.932s] -- Up-to-date symlink: /home/ros2/ros2_ws/install/ntrip/share/ament_index/resource_index/package_run_dependencies/ntrip
[6.946s] -- Up-to-date symlink: /home/ros2/ros2_ws/install/ntrip/share/ament_index/resource_index/parent_prefix_path/ntrip
[6.946s] -- Up-to-date symlink: /home/ros2/ros2_ws/install/ntrip/share/ntrip/environment/ament_prefix_path.sh
[6.946s] -- Up-to-date symlink: /home/ros2/ros2_ws/install/ntrip/share/ntrip/environment/ament_prefix_path.dsv
[6.946s] -- Up-to-date symlink: /home/ros2/ros2_ws/install/ntrip/share/ntrip/environment/path.sh
[6.947s] -- Up-to-date symlink: /home/ros2/ros2_ws/install/ntrip/share/ntrip/environment/path.dsv
[6.947s] -- Up-to-date symlink: /home/ros2/ros2_ws/install/ntrip/share/ntrip/local_setup.bash
[6.950s] -- Up-to-date symlink: /home/ros2/ros2_ws/install/ntrip/share/ntrip/local_setup.sh
[6.953s] -- Up-to-date symlink: /home/ros2/ros2_ws/install/ntrip/share/ntrip/local_setup.zsh
[6.958s] -- Up-to-date symlink: /home/ros2/ros2_ws/install/ntrip/share/ntrip/local_setup.dsv
[6.963s] -- Symlinking: /home/ros2/ros2_ws/install/ntrip/share/ntrip/package.dsv
[7.025s] -- Up-to-date symlink: /home/ros2/ros2_ws/install/ntrip/share/ament_index/resource_index/packages/ntrip
[7.025s] -- Up-to-date symlink: /home/ros2/ros2_ws/install/ntrip/share/ntrip/cmake/ntripConfig.cmake
[7.026s] -- Up-to-date symlink: /home/ros2/ros2_ws/install/ntrip/share/ntrip/cmake/ntripConfig-version.cmake
[7.027s] -- Up-to-date symlink: /home/ros2/ros2_ws/install/ntrip/share/ntrip/package.xml
[7.042s] Invoked command in '/home/ros2/ros2_ws/build/ntrip' returned '0': CMAKE_PREFIX_PATH=${CMAKE_PREFIX_PATH}:/home/ros2/ros2_ws/install/uwb_tracking_ros2:/home/ros2/ros2_ws/install/sebot_navigation:/home/ros2/ros2_ws/install/motordriver:/home/ros2/ros2_ws/install/diffdrive:/opt/ros/jazzy DEBUGINFOD_URLS=https://debuginfod.ubuntu.com /usr/bin/cmake --install /home/ros2/ros2_ws/build/ntrip
