[0.055s] Invoking command in '/home/ros2/ros2_ws/build/rplidar_ros': CMAKE_PREFIX_PATH=${CMAKE_PREFIX_PATH}:/home/ros2/ros2_ws/install/uwb_tracking_ros2:/home/ros2/ros2_ws/install/sebot_navigation:/home/ros2/ros2_ws/install/motordriver:/home/ros2/ros2_ws/install/diffdrive:/opt/ros/jazzy DEBUGINFOD_URLS=https://debuginfod.ubuntu.com /usr/bin/cmake --build /home/ros2/ros2_ws/build/rplidar_ros -- -j4 -l4
[0.426s] [ 47%] Built target rplidar_composition
[0.469s] [ 94%] Built target rplidar_node
[0.499s] [100%] Built target rplidar_client
[0.656s] Invoked command in '/home/ros2/ros2_ws/build/rplidar_ros' returned '0': CMAKE_PREFIX_PATH=${CMAKE_PREFIX_PATH}:/home/ros2/ros2_ws/install/uwb_tracking_ros2:/home/ros2/ros2_ws/install/sebot_navigation:/home/ros2/ros2_ws/install/motordriver:/home/ros2/ros2_ws/install/diffdrive:/opt/ros/jazzy DEBUGINFOD_URLS=https://debuginfod.ubuntu.com /usr/bin/cmake --build /home/ros2/ros2_ws/build/rplidar_ros -- -j4 -l4
[0.661s] Invoking command in '/home/ros2/ros2_ws/build/rplidar_ros': CMAKE_PREFIX_PATH=${CMAKE_PREFIX_PATH}:/home/ros2/ros2_ws/install/uwb_tracking_ros2:/home/ros2/ros2_ws/install/sebot_navigation:/home/ros2/ros2_ws/install/motordriver:/home/ros2/ros2_ws/install/diffdrive:/opt/ros/jazzy DEBUGINFOD_URLS=https://debuginfod.ubuntu.com /usr/bin/cmake --install /home/ros2/ros2_ws/build/rplidar_ros
[0.742s] -- Install configuration: ""
[0.749s] -- Execute custom install script
[0.750s] -- Up-to-date symlink: /home/ros2/ros2_ws/install/rplidar_ros/share/rplidar_ros/launch/rplidar_a1_launch.py
[0.755s] -- Up-to-date symlink: /home/ros2/ros2_ws/install/rplidar_ros/share/rplidar_ros/launch/rplidar_a2m12_launch.py
[0.759s] -- Up-to-date symlink: /home/ros2/ros2_ws/install/rplidar_ros/share/rplidar_ros/launch/rplidar_a2m7_launch.py
[0.759s] -- Up-to-date symlink: /home/ros2/ros2_ws/install/rplidar_ros/share/rplidar_ros/launch/rplidar_a2m8_launch.py
[0.759s] -- Up-to-date symlink: /home/ros2/ros2_ws/install/rplidar_ros/share/rplidar_ros/launch/rplidar_a3_launch.py
[0.759s] -- Up-to-date symlink: /home/ros2/ros2_ws/install/rplidar_ros/share/rplidar_ros/launch/rplidar_c1_launch.py
[0.759s] -- Up-to-date symlink: /home/ros2/ros2_ws/install/rplidar_ros/share/rplidar_ros/launch/rplidar_s1_launch.py
[0.763s] -- Up-to-date symlink: /home/ros2/ros2_ws/install/rplidar_ros/share/rplidar_ros/launch/rplidar_s1_tcp_launch.py
[0.769s] -- Up-to-date symlink: /home/ros2/ros2_ws/install/rplidar_ros/share/rplidar_ros/launch/rplidar_s2_launch.py
[0.769s] -- Up-to-date symlink: /home/ros2/ros2_ws/install/rplidar_ros/share/rplidar_ros/launch/rplidar_s2e_launch.py
[0.769s] -- Up-to-date symlink: /home/ros2/ros2_ws/install/rplidar_ros/share/rplidar_ros/launch/rplidar_s3_launch.py
[0.769s] -- Up-to-date symlink: /home/ros2/ros2_ws/install/rplidar_ros/share/rplidar_ros/launch/rplidar_t1_launch.py
[0.770s] -- Up-to-date symlink: /home/ros2/ros2_ws/install/rplidar_ros/share/rplidar_ros/launch/view_rplidar_a1_launch.py
[0.770s] -- Up-to-date symlink: /home/ros2/ros2_ws/install/rplidar_ros/share/rplidar_ros/launch/view_rplidar_a2m12_launch.py
[0.770s] -- Up-to-date symlink: /home/ros2/ros2_ws/install/rplidar_ros/share/rplidar_ros/launch/view_rplidar_a2m7_launch.py
[0.770s] -- Up-to-date symlink: /home/ros2/ros2_ws/install/rplidar_ros/share/rplidar_ros/launch/view_rplidar_a2m8_launch.py
[0.770s] -- Up-to-date symlink: /home/ros2/ros2_ws/install/rplidar_ros/share/rplidar_ros/launch/view_rplidar_a3_launch.py
[0.771s] -- Up-to-date symlink: /home/ros2/ros2_ws/install/rplidar_ros/share/rplidar_ros/launch/view_rplidar_c1_launch.py
[0.771s] -- Up-to-date symlink: /home/ros2/ros2_ws/install/rplidar_ros/share/rplidar_ros/launch/view_rplidar_s1_launch.py
[0.774s] -- Up-to-date symlink: /home/ros2/ros2_ws/install/rplidar_ros/share/rplidar_ros/launch/view_rplidar_s1_tcp_launch.py
[0.774s] -- Up-to-date symlink: /home/ros2/ros2_ws/install/rplidar_ros/share/rplidar_ros/launch/view_rplidar_s2_launch.py
[0.774s] -- Up-to-date symlink: /home/ros2/ros2_ws/install/rplidar_ros/share/rplidar_ros/launch/view_rplidar_s2e_launch.py
[0.775s] -- Up-to-date symlink: /home/ros2/ros2_ws/install/rplidar_ros/share/rplidar_ros/launch/view_rplidar_s3_launch.py
[0.775s] -- Up-to-date symlink: /home/ros2/ros2_ws/install/rplidar_ros/share/rplidar_ros/launch/view_rplidar_t1_launch.py
[0.775s] -- Up-to-date symlink: /home/ros2/ros2_ws/install/rplidar_ros/share/rplidar_ros/rviz/rplidar_ros.rviz
[0.775s] -- Up-to-date symlink: /home/ros2/ros2_ws/install/rplidar_ros/lib/rplidar_ros/rplidar_node
[0.775s] -- Up-to-date symlink: /home/ros2/ros2_ws/install/rplidar_ros/lib/rplidar_ros/rplidar_composition
[0.779s] -- Up-to-date symlink: /home/ros2/ros2_ws/install/rplidar_ros/lib/rplidar_ros/rplidar_client
[0.780s] -- Up-to-date symlink: /home/ros2/ros2_ws/install/rplidar_ros/share/ament_index/resource_index/package_run_dependencies/rplidar_ros
[0.780s] -- Up-to-date symlink: /home/ros2/ros2_ws/install/rplidar_ros/share/ament_index/resource_index/parent_prefix_path/rplidar_ros
[0.781s] -- Up-to-date symlink: /home/ros2/ros2_ws/install/rplidar_ros/share/rplidar_ros/environment/ament_prefix_path.sh
[0.781s] -- Up-to-date symlink: /home/ros2/ros2_ws/install/rplidar_ros/share/rplidar_ros/environment/ament_prefix_path.dsv
[0.781s] -- Up-to-date symlink: /home/ros2/ros2_ws/install/rplidar_ros/share/rplidar_ros/environment/path.sh
[0.781s] -- Up-to-date symlink: /home/ros2/ros2_ws/install/rplidar_ros/share/rplidar_ros/environment/path.dsv
[0.781s] -- Up-to-date symlink: /home/ros2/ros2_ws/install/rplidar_ros/share/rplidar_ros/local_setup.bash
[0.781s] -- Up-to-date symlink: /home/ros2/ros2_ws/install/rplidar_ros/share/rplidar_ros/local_setup.sh
[0.781s] -- Up-to-date symlink: /home/ros2/ros2_ws/install/rplidar_ros/share/rplidar_ros/local_setup.zsh
[0.781s] -- Up-to-date symlink: /home/ros2/ros2_ws/install/rplidar_ros/share/rplidar_ros/local_setup.dsv
[0.784s] -- Symlinking: /home/ros2/ros2_ws/install/rplidar_ros/share/rplidar_ros/package.dsv
[0.848s] -- Up-to-date symlink: /home/ros2/ros2_ws/install/rplidar_ros/share/ament_index/resource_index/packages/rplidar_ros
[0.849s] -- Up-to-date symlink: /home/ros2/ros2_ws/install/rplidar_ros/share/rplidar_ros/cmake/ament_cmake_export_dependencies-extras.cmake
[0.849s] -- Up-to-date symlink: /home/ros2/ros2_ws/install/rplidar_ros/share/rplidar_ros/cmake/ament_cmake_export_include_directories-extras.cmake
[0.857s] -- Up-to-date symlink: /home/ros2/ros2_ws/install/rplidar_ros/share/rplidar_ros/cmake/rplidar_rosConfig.cmake
[0.858s] -- Up-to-date symlink: /home/ros2/ros2_ws/install/rplidar_ros/share/rplidar_ros/cmake/rplidar_rosConfig-version.cmake
[0.858s] -- Up-to-date symlink: /home/ros2/ros2_ws/install/rplidar_ros/share/rplidar_ros/package.xml
[0.868s] Invoked command in '/home/ros2/ros2_ws/build/rplidar_ros' returned '0': CMAKE_PREFIX_PATH=${CMAKE_PREFIX_PATH}:/home/ros2/ros2_ws/install/uwb_tracking_ros2:/home/ros2/ros2_ws/install/sebot_navigation:/home/ros2/ros2_ws/install/motordriver:/home/ros2/ros2_ws/install/diffdrive:/opt/ros/jazzy DEBUGINFOD_URLS=https://debuginfod.ubuntu.com /usr/bin/cmake --install /home/ros2/ros2_ws/build/rplidar_ros
