[  5%] Built target rplidar_client
[ 52%] Built target rplidar_node
[100%] Built target rplidar_composition
-- Install configuration: ""
-- Execute custom install script
-- Symlinking: /home/ros2/ros2_ws/install/rplidar_ros/share/rplidar_ros/launch/rplidar_a1_launch.py
-- Symlinking: /home/ros2/ros2_ws/install/rplidar_ros/share/rplidar_ros/launch/rplidar_a2m12_launch.py
-- Symlinking: /home/ros2/ros2_ws/install/rplidar_ros/share/rplidar_ros/launch/rplidar_a2m7_launch.py
-- Symlinking: /home/ros2/ros2_ws/install/rplidar_ros/share/rplidar_ros/launch/rplidar_a2m8_launch.py
-- Symlinking: /home/ros2/ros2_ws/install/rplidar_ros/share/rplidar_ros/launch/rplidar_a3_launch.py
-- Symlinking: /home/ros2/ros2_ws/install/rplidar_ros/share/rplidar_ros/launch/rplidar_c1_launch.py
-- Symlinking: /home/ros2/ros2_ws/install/rplidar_ros/share/rplidar_ros/launch/rplidar_s1_launch.py
-- Symlinking: /home/ros2/ros2_ws/install/rplidar_ros/share/rplidar_ros/launch/rplidar_s1_tcp_launch.py
-- Symlinking: /home/ros2/ros2_ws/install/rplidar_ros/share/rplidar_ros/launch/rplidar_s2_launch.py
-- Symlinking: /home/ros2/ros2_ws/install/rplidar_ros/share/rplidar_ros/launch/rplidar_s2e_launch.py
-- Symlinking: /home/ros2/ros2_ws/install/rplidar_ros/share/rplidar_ros/launch/rplidar_s3_launch.py
-- Symlinking: /home/ros2/ros2_ws/install/rplidar_ros/share/rplidar_ros/launch/rplidar_t1_launch.py
-- Symlinking: /home/ros2/ros2_ws/install/rplidar_ros/share/rplidar_ros/launch/view_rplidar_a1_launch.py
-- Symlinking: /home/ros2/ros2_ws/install/rplidar_ros/share/rplidar_ros/launch/view_rplidar_a2m12_launch.py
-- Symlinking: /home/ros2/ros2_ws/install/rplidar_ros/share/rplidar_ros/launch/view_rplidar_a2m7_launch.py
-- Symlinking: /home/ros2/ros2_ws/install/rplidar_ros/share/rplidar_ros/launch/view_rplidar_a2m8_launch.py
-- Symlinking: /home/ros2/ros2_ws/install/rplidar_ros/share/rplidar_ros/launch/view_rplidar_a3_launch.py
-- Symlinking: /home/ros2/ros2_ws/install/rplidar_ros/share/rplidar_ros/launch/view_rplidar_c1_launch.py
-- Symlinking: /home/ros2/ros2_ws/install/rplidar_ros/share/rplidar_ros/launch/view_rplidar_s1_launch.py
-- Symlinking: /home/ros2/ros2_ws/install/rplidar_ros/share/rplidar_ros/launch/view_rplidar_s1_tcp_launch.py
-- Symlinking: /home/ros2/ros2_ws/install/rplidar_ros/share/rplidar_ros/launch/view_rplidar_s2_launch.py
-- Symlinking: /home/ros2/ros2_ws/install/rplidar_ros/share/rplidar_ros/launch/view_rplidar_s2e_launch.py
-- Symlinking: /home/ros2/ros2_ws/install/rplidar_ros/share/rplidar_ros/launch/view_rplidar_s3_launch.py
-- Symlinking: /home/ros2/ros2_ws/install/rplidar_ros/share/rplidar_ros/launch/view_rplidar_t1_launch.py
-- Symlinking: /home/ros2/ros2_ws/install/rplidar_ros/share/rplidar_ros/rviz/rplidar_ros.rviz
-- Symlinking: /home/ros2/ros2_ws/install/rplidar_ros/lib/rplidar_ros/rplidar_node
-- Symlinking: /home/ros2/ros2_ws/install/rplidar_ros/lib/rplidar_ros/rplidar_composition
-- Symlinking: /home/ros2/ros2_ws/install/rplidar_ros/lib/rplidar_ros/rplidar_client
-- Symlinking: /home/ros2/ros2_ws/install/rplidar_ros/share/ament_index/resource_index/package_run_dependencies/rplidar_ros
-- Symlinking: /home/ros2/ros2_ws/install/rplidar_ros/share/ament_index/resource_index/parent_prefix_path/rplidar_ros
-- Symlinking: /home/ros2/ros2_ws/install/rplidar_ros/share/rplidar_ros/environment/ament_prefix_path.sh
-- Symlinking: /home/ros2/ros2_ws/install/rplidar_ros/share/rplidar_ros/environment/ament_prefix_path.dsv
-- Symlinking: /home/ros2/ros2_ws/install/rplidar_ros/share/rplidar_ros/environment/path.sh
-- Symlinking: /home/ros2/ros2_ws/install/rplidar_ros/share/rplidar_ros/environment/path.dsv
-- Symlinking: /home/ros2/ros2_ws/install/rplidar_ros/share/rplidar_ros/local_setup.bash
-- Symlinking: /home/ros2/ros2_ws/install/rplidar_ros/share/rplidar_ros/local_setup.sh
-- Symlinking: /home/ros2/ros2_ws/install/rplidar_ros/share/rplidar_ros/local_setup.zsh
-- Symlinking: /home/ros2/ros2_ws/install/rplidar_ros/share/rplidar_ros/local_setup.dsv
-- Symlinking: /home/ros2/ros2_ws/install/rplidar_ros/share/rplidar_ros/package.dsv
-- Symlinking: /home/ros2/ros2_ws/install/rplidar_ros/share/ament_index/resource_index/packages/rplidar_ros
-- Symlinking: /home/ros2/ros2_ws/install/rplidar_ros/share/rplidar_ros/cmake/ament_cmake_export_dependencies-extras.cmake
-- Symlinking: /home/ros2/ros2_ws/install/rplidar_ros/share/rplidar_ros/cmake/ament_cmake_export_include_directories-extras.cmake
-- Symlinking: /home/ros2/ros2_ws/install/rplidar_ros/share/rplidar_ros/cmake/rplidar_rosConfig.cmake
-- Symlinking: /home/ros2/ros2_ws/install/rplidar_ros/share/rplidar_ros/cmake/rplidar_rosConfig-version.cmake
-- Symlinking: /home/ros2/ros2_ws/install/rplidar_ros/share/rplidar_ros/package.xml
