[0.021s] Invoking command in '/home/ros2/ros2_ws/build/rplidar_ros': CMAKE_PREFIX_PATH=${CMAKE_PREFIX_PATH}:/home/ros2/ros2_ws/install/uwb_tracking_ros2:/home/ros2/ros2_ws/install/sebot_navigation:/home/ros2/ros2_ws/install/motordriver:/home/ros2/ros2_ws/install/diffdrive:/opt/ros/jazzy DEBUGINFOD_URLS=https://debuginfod.ubuntu.com /usr/bin/cmake --build /home/ros2/ros2_ws/build/rplidar_ros -- -j4 -l4
[0.236s] [  5%] Built target rplidar_client
[0.251s] [ 52%] Built target rplidar_node
[0.263s] [100%] Built target rplidar_composition
[0.294s] Invoked command in '/home/ros2/ros2_ws/build/rplidar_ros' returned '0': CMAKE_PREFIX_PATH=${CMAKE_PREFIX_PATH}:/home/ros2/ros2_ws/install/uwb_tracking_ros2:/home/ros2/ros2_ws/install/sebot_navigation:/home/ros2/ros2_ws/install/motordriver:/home/ros2/ros2_ws/install/diffdrive:/opt/ros/jazzy DEBUGINFOD_URLS=https://debuginfod.ubuntu.com /usr/bin/cmake --build /home/ros2/ros2_ws/build/rplidar_ros -- -j4 -l4
[0.304s] Invoking command in '/home/ros2/ros2_ws/build/rplidar_ros': CMAKE_PREFIX_PATH=${CMAKE_PREFIX_PATH}:/home/ros2/ros2_ws/install/uwb_tracking_ros2:/home/ros2/ros2_ws/install/sebot_navigation:/home/ros2/ros2_ws/install/motordriver:/home/ros2/ros2_ws/install/diffdrive:/opt/ros/jazzy DEBUGINFOD_URLS=https://debuginfod.ubuntu.com /usr/bin/cmake --install /home/ros2/ros2_ws/build/rplidar_ros
[0.341s] -- Install configuration: ""
[0.348s] -- Execute custom install script
[0.353s] -- Up-to-date symlink: /home/ros2/ros2_ws/install/rplidar_ros/share/rplidar_ros/launch/rplidar_a1_launch.py
[0.353s] -- Up-to-date symlink: /home/ros2/ros2_ws/install/rplidar_ros/share/rplidar_ros/launch/rplidar_a2m12_launch.py
[0.353s] -- Up-to-date symlink: /home/ros2/ros2_ws/install/rplidar_ros/share/rplidar_ros/launch/rplidar_a2m7_launch.py
[0.353s] -- Up-to-date symlink: /home/ros2/ros2_ws/install/rplidar_ros/share/rplidar_ros/launch/rplidar_a2m8_launch.py
[0.354s] -- Up-to-date symlink: /home/ros2/ros2_ws/install/rplidar_ros/share/rplidar_ros/launch/rplidar_a3_launch.py
[0.354s] -- Up-to-date symlink: /home/ros2/ros2_ws/install/rplidar_ros/share/rplidar_ros/launch/rplidar_c1_launch.py
[0.359s] -- Up-to-date symlink: /home/ros2/ros2_ws/install/rplidar_ros/share/rplidar_ros/launch/rplidar_s1_launch.py
[0.359s] -- Up-to-date symlink: /home/ros2/ros2_ws/install/rplidar_ros/share/rplidar_ros/launch/rplidar_s1_tcp_launch.py
[0.359s] -- Up-to-date symlink: /home/ros2/ros2_ws/install/rplidar_ros/share/rplidar_ros/launch/rplidar_s2_launch.py
[0.359s] -- Up-to-date symlink: /home/ros2/ros2_ws/install/rplidar_ros/share/rplidar_ros/launch/rplidar_s2e_launch.py
[0.361s] -- Up-to-date symlink: /home/ros2/ros2_ws/install/rplidar_ros/share/rplidar_ros/launch/rplidar_s3_launch.py
[0.362s] -- Up-to-date symlink: /home/ros2/ros2_ws/install/rplidar_ros/share/rplidar_ros/launch/rplidar_t1_launch.py
[0.362s] -- Up-to-date symlink: /home/ros2/ros2_ws/install/rplidar_ros/share/rplidar_ros/launch/view_rplidar_a1_launch.py
[0.363s] -- Up-to-date symlink: /home/ros2/ros2_ws/install/rplidar_ros/share/rplidar_ros/launch/view_rplidar_a2m12_launch.py
[0.364s] -- Up-to-date symlink: /home/ros2/ros2_ws/install/rplidar_ros/share/rplidar_ros/launch/view_rplidar_a2m7_launch.py
[0.364s] -- Up-to-date symlink: /home/ros2/ros2_ws/install/rplidar_ros/share/rplidar_ros/launch/view_rplidar_a2m8_launch.py
[0.365s] -- Up-to-date symlink: /home/ros2/ros2_ws/install/rplidar_ros/share/rplidar_ros/launch/view_rplidar_a3_launch.py
[0.366s] -- Up-to-date symlink: /home/ros2/ros2_ws/install/rplidar_ros/share/rplidar_ros/launch/view_rplidar_c1_launch.py
[0.369s] -- Up-to-date symlink: /home/ros2/ros2_ws/install/rplidar_ros/share/rplidar_ros/launch/view_rplidar_s1_launch.py
[0.369s] -- Up-to-date symlink: /home/ros2/ros2_ws/install/rplidar_ros/share/rplidar_ros/launch/view_rplidar_s1_tcp_launch.py
[0.369s] -- Up-to-date symlink: /home/ros2/ros2_ws/install/rplidar_ros/share/rplidar_ros/launch/view_rplidar_s2_launch.py
[0.369s] -- Up-to-date symlink: /home/ros2/ros2_ws/install/rplidar_ros/share/rplidar_ros/launch/view_rplidar_s2e_launch.py
[0.369s] -- Up-to-date symlink: /home/ros2/ros2_ws/install/rplidar_ros/share/rplidar_ros/launch/view_rplidar_s3_launch.py
[0.369s] -- Up-to-date symlink: /home/ros2/ros2_ws/install/rplidar_ros/share/rplidar_ros/launch/view_rplidar_t1_launch.py
[0.374s] -- Up-to-date symlink: /home/ros2/ros2_ws/install/rplidar_ros/share/rplidar_ros/rviz/rplidar_ros.rviz
[0.376s] -- Up-to-date symlink: /home/ros2/ros2_ws/install/rplidar_ros/lib/rplidar_ros/rplidar_node
[0.376s] -- Up-to-date symlink: /home/ros2/ros2_ws/install/rplidar_ros/lib/rplidar_ros/rplidar_composition
[0.376s] -- Up-to-date symlink: /home/ros2/ros2_ws/install/rplidar_ros/lib/rplidar_ros/rplidar_client
[0.377s] -- Up-to-date symlink: /home/ros2/ros2_ws/install/rplidar_ros/share/ament_index/resource_index/package_run_dependencies/rplidar_ros
[0.377s] -- Up-to-date symlink: /home/ros2/ros2_ws/install/rplidar_ros/share/ament_index/resource_index/parent_prefix_path/rplidar_ros
[0.378s] -- Up-to-date symlink: /home/ros2/ros2_ws/install/rplidar_ros/share/rplidar_ros/environment/ament_prefix_path.sh
[0.379s] -- Up-to-date symlink: /home/ros2/ros2_ws/install/rplidar_ros/share/rplidar_ros/environment/ament_prefix_path.dsv
[0.379s] -- Up-to-date symlink: /home/ros2/ros2_ws/install/rplidar_ros/share/rplidar_ros/environment/path.sh
[0.380s] -- Up-to-date symlink: /home/ros2/ros2_ws/install/rplidar_ros/share/rplidar_ros/environment/path.dsv
[0.381s] -- Up-to-date symlink: /home/ros2/ros2_ws/install/rplidar_ros/share/rplidar_ros/local_setup.bash
[0.384s] -- Up-to-date symlink: /home/ros2/ros2_ws/install/rplidar_ros/share/rplidar_ros/local_setup.sh
[0.387s] -- Up-to-date symlink: /home/ros2/ros2_ws/install/rplidar_ros/share/rplidar_ros/local_setup.zsh
[0.387s] -- Up-to-date symlink: /home/ros2/ros2_ws/install/rplidar_ros/share/rplidar_ros/local_setup.dsv
[0.387s] -- Symlinking: /home/ros2/ros2_ws/install/rplidar_ros/share/rplidar_ros/package.dsv
[0.415s] -- Up-to-date symlink: /home/ros2/ros2_ws/install/rplidar_ros/share/ament_index/resource_index/packages/rplidar_ros
[0.416s] -- Up-to-date symlink: /home/ros2/ros2_ws/install/rplidar_ros/share/rplidar_ros/cmake/ament_cmake_export_dependencies-extras.cmake
[0.417s] -- Up-to-date symlink: /home/ros2/ros2_ws/install/rplidar_ros/share/rplidar_ros/cmake/ament_cmake_export_include_directories-extras.cmake
[0.417s] -- Up-to-date symlink: /home/ros2/ros2_ws/install/rplidar_ros/share/rplidar_ros/cmake/rplidar_rosConfig.cmake
[0.419s] -- Up-to-date symlink: /home/ros2/ros2_ws/install/rplidar_ros/share/rplidar_ros/cmake/rplidar_rosConfig-version.cmake
[0.419s] -- Up-to-date symlink: /home/ros2/ros2_ws/install/rplidar_ros/share/rplidar_ros/package.xml
[0.424s] Invoked command in '/home/ros2/ros2_ws/build/rplidar_ros' returned '0': CMAKE_PREFIX_PATH=${CMAKE_PREFIX_PATH}:/home/ros2/ros2_ws/install/uwb_tracking_ros2:/home/ros2/ros2_ws/install/sebot_navigation:/home/ros2/ros2_ws/install/motordriver:/home/ros2/ros2_ws/install/diffdrive:/opt/ros/jazzy DEBUGINFOD_URLS=https://debuginfod.ubuntu.com /usr/bin/cmake --install /home/ros2/ros2_ws/build/rplidar_ros
