[1.420s] Invoking command in '/home/ros2/ros2_ws/build/motordriver_msgs': CMAKE_PREFIX_PATH=${CMAKE_PREFIX_PATH}:/home/ros2/ros2_ws/install/uwb_tracking_ros2:/home/ros2/ros2_ws/install/motordriver:/home/ros2/ros2_ws/install/diffdrive:/opt/ros/jazzy DEBUGINFOD_URLS=https://debuginfod.ubuntu.com /usr/bin/cmake --build /home/ros2/ros2_ws/build/motordriver_msgs -- -j4 -l4
[1.715s] [  0%] Built target ament_cmake_python_symlink_motordriver_msgs
[1.824s] [  2%] Built target motordriver_msgs__rosidl_generator_type_description
[1.963s] [ 17%] Built target motordriver_msgs__rosidl_generator_c
[2.063s] [ 26%] Built target motordriver_msgs__rosidl_typesupport_introspection_c
[2.064s] [ 35%] Built target motordriver_msgs__rosidl_typesupport_fastrtps_c
[2.122s] [ 38%] Built target motordriver_msgs__cpp
[2.180s] [ 47%] Built target motordriver_msgs__rosidl_typesupport_c
[2.325s] [ 55%] Built target motordriver_msgs__rosidl_typesupport_introspection_cpp
[2.331s] [ 64%] Built target motordriver_msgs__rosidl_typesupport_cpp
[2.414s] [ 73%] Built target motordriver_msgs__rosidl_typesupport_fastrtps_cpp
[2.545s] [ 73%] Built target motordriver_msgs
[2.653s] [ 76%] Built target motordriver_msgs__py
[2.798s] [ 82%] Built target motordriver_msgs__rosidl_generator_py
[3.159s] [ 88%] Built target motordriver_msgs_s__rosidl_typesupport_fastrtps_c
[3.184s] [ 94%] Built target motordriver_msgs_s__rosidl_typesupport_introspection_c
[3.232s] [100%] Built target motordriver_msgs_s__rosidl_typesupport_c
[3.251s] running egg_info
[3.308s] writing motordriver_msgs.egg-info/PKG-INFO
[3.309s] writing dependency_links to motordriver_msgs.egg-info/dependency_links.txt
[3.309s] writing top-level names to motordriver_msgs.egg-info/top_level.txt
[3.496s] reading manifest file 'motordriver_msgs.egg-info/SOURCES.txt'
[3.497s] writing manifest file 'motordriver_msgs.egg-info/SOURCES.txt'
[3.650s] [100%] Built target ament_cmake_python_build_motordriver_msgs_egg
[3.680s] Invoked command in '/home/ros2/ros2_ws/build/motordriver_msgs' returned '0': CMAKE_PREFIX_PATH=${CMAKE_PREFIX_PATH}:/home/ros2/ros2_ws/install/uwb_tracking_ros2:/home/ros2/ros2_ws/install/motordriver:/home/ros2/ros2_ws/install/diffdrive:/opt/ros/jazzy DEBUGINFOD_URLS=https://debuginfod.ubuntu.com /usr/bin/cmake --build /home/ros2/ros2_ws/build/motordriver_msgs -- -j4 -l4
[3.687s] Invoking command in '/home/ros2/ros2_ws/build/motordriver_msgs': CMAKE_PREFIX_PATH=${CMAKE_PREFIX_PATH}:/home/ros2/ros2_ws/install/uwb_tracking_ros2:/home/ros2/ros2_ws/install/motordriver:/home/ros2/ros2_ws/install/diffdrive:/opt/ros/jazzy DEBUGINFOD_URLS=https://debuginfod.ubuntu.com /usr/bin/cmake --install /home/ros2/ros2_ws/build/motordriver_msgs
[3.728s] -- Install configuration: ""
[3.735s] -- Execute custom install script
[3.735s] -- Up-to-date symlink: /home/ros2/ros2_ws/install/motordriver_msgs/share/ament_index/resource_index/rosidl_interfaces/motordriver_msgs
[3.737s] -- Up-to-date symlink: /home/ros2/ros2_ws/install/motordriver_msgs/share/motordriver_msgs/msg/MotordriverMessage.json
[3.741s] -- Up-to-date symlink: /home/ros2/ros2_ws/install/motordriver_msgs/include/motordriver_msgs/motordriver_msgs/msg/detail/motordriver_message__functions.h
[3.741s] -- Up-to-date symlink: /home/ros2/ros2_ws/install/motordriver_msgs/include/motordriver_msgs/motordriver_msgs/msg/detail/motordriver_message__struct.h
[3.741s] -- Up-to-date symlink: /home/ros2/ros2_ws/install/motordriver_msgs/include/motordriver_msgs/motordriver_msgs/msg/detail/motordriver_message__type_support.h
[3.746s] -- Up-to-date symlink: /home/ros2/ros2_ws/install/motordriver_msgs/include/motordriver_msgs/motordriver_msgs/msg/motordriver_message.h
[3.746s] -- Up-to-date symlink: /home/ros2/ros2_ws/install/motordriver_msgs/include/motordriver_msgs/motordriver_msgs/msg/rosidl_generator_c__visibility_control.h
[3.746s] -- Up-to-date symlink: /home/ros2/ros2_ws/install/motordriver_msgs/share/motordriver_msgs/environment/library_path.sh
[3.747s] -- Up-to-date symlink: /home/ros2/ros2_ws/install/motordriver_msgs/share/motordriver_msgs/environment/library_path.dsv
[3.747s] -- Up-to-date symlink: /home/ros2/ros2_ws/install/motordriver_msgs/include/motordriver_msgs/motordriver_msgs/msg/detail/motordriver_message__rosidl_typesupport_fastrtps_c.h
[3.753s] -- Up-to-date symlink: /home/ros2/ros2_ws/install/motordriver_msgs/include/motordriver_msgs/motordriver_msgs/msg/rosidl_typesupport_fastrtps_c__visibility_control.h
[3.753s] -- Up-to-date symlink: /home/ros2/ros2_ws/install/motordriver_msgs/include/motordriver_msgs/motordriver_msgs/msg/detail/motordriver_message__rosidl_typesupport_introspection_c.h
[3.753s] -- Up-to-date symlink: /home/ros2/ros2_ws/install/motordriver_msgs/include/motordriver_msgs/motordriver_msgs/msg/rosidl_typesupport_introspection_c__visibility_control.h
[3.753s] -- Up-to-date symlink: /home/ros2/ros2_ws/install/motordriver_msgs/include/motordriver_msgs/motordriver_msgs/msg/detail/motordriver_message__builder.hpp
[3.754s] -- Up-to-date symlink: /home/ros2/ros2_ws/install/motordriver_msgs/include/motordriver_msgs/motordriver_msgs/msg/detail/motordriver_message__struct.hpp
[3.755s] -- Up-to-date symlink: /home/ros2/ros2_ws/install/motordriver_msgs/include/motordriver_msgs/motordriver_msgs/msg/detail/motordriver_message__traits.hpp
[3.757s] -- Up-to-date symlink: /home/ros2/ros2_ws/install/motordriver_msgs/include/motordriver_msgs/motordriver_msgs/msg/detail/motordriver_message__type_support.hpp
[3.760s] -- Up-to-date symlink: /home/ros2/ros2_ws/install/motordriver_msgs/include/motordriver_msgs/motordriver_msgs/msg/motordriver_message.hpp
[3.761s] -- Up-to-date symlink: /home/ros2/ros2_ws/install/motordriver_msgs/include/motordriver_msgs/motordriver_msgs/msg/rosidl_generator_cpp__visibility_control.hpp
[3.762s] -- Up-to-date symlink: /home/ros2/ros2_ws/install/motordriver_msgs/include/motordriver_msgs/motordriver_msgs/msg/detail/motordriver_message__rosidl_typesupport_fastrtps_cpp.hpp
[3.764s] -- Up-to-date symlink: /home/ros2/ros2_ws/install/motordriver_msgs/include/motordriver_msgs/motordriver_msgs/msg/rosidl_typesupport_fastrtps_cpp__visibility_control.h
[3.768s] -- Up-to-date symlink: /home/ros2/ros2_ws/install/motordriver_msgs/include/motordriver_msgs/motordriver_msgs/msg/detail/motordriver_message__rosidl_typesupport_introspection_cpp.hpp
[3.770s] -- Up-to-date symlink: /home/ros2/ros2_ws/install/motordriver_msgs/share/motordriver_msgs/environment/pythonpath.sh
[3.770s] -- Up-to-date symlink: /home/ros2/ros2_ws/install/motordriver_msgs/share/motordriver_msgs/environment/pythonpath.dsv
[3.770s] -- Up-to-date symlink: /home/ros2/ros2_ws/install/motordriver_msgs/lib/python3.12/site-packages/motordriver_msgs-0.0.0-py3.12.egg-info/PKG-INFO
[3.779s] -- Up-to-date symlink: /home/ros2/ros2_ws/install/motordriver_msgs/lib/python3.12/site-packages/motordriver_msgs-0.0.0-py3.12.egg-info/SOURCES.txt
[3.779s] -- Up-to-date symlink: /home/ros2/ros2_ws/install/motordriver_msgs/lib/python3.12/site-packages/motordriver_msgs-0.0.0-py3.12.egg-info/dependency_links.txt
[3.780s] -- Up-to-date symlink: /home/ros2/ros2_ws/install/motordriver_msgs/lib/python3.12/site-packages/motordriver_msgs-0.0.0-py3.12.egg-info/top_level.txt
[3.780s] -- Up-to-date symlink: /home/ros2/ros2_ws/install/motordriver_msgs/lib/python3.12/site-packages/motordriver_msgs/__init__.py
[3.781s] -- Up-to-date symlink: /home/ros2/ros2_ws/install/motordriver_msgs/lib/python3.12/site-packages/motordriver_msgs/_motordriver_msgs_s.ep.rosidl_typesupport_c.c
[3.781s] -- Up-to-date symlink: /home/ros2/ros2_ws/install/motordriver_msgs/lib/python3.12/site-packages/motordriver_msgs/_motordriver_msgs_s.ep.rosidl_typesupport_fastrtps_c.c
[3.781s] -- Up-to-date symlink: /home/ros2/ros2_ws/install/motordriver_msgs/lib/python3.12/site-packages/motordriver_msgs/_motordriver_msgs_s.ep.rosidl_typesupport_introspection_c.c
[3.782s] -- Up-to-date symlink: /home/ros2/ros2_ws/install/motordriver_msgs/lib/python3.12/site-packages/motordriver_msgs/motordriver_msgs_s__rosidl_typesupport_c.so
[3.782s] -- Up-to-date symlink: /home/ros2/ros2_ws/install/motordriver_msgs/lib/python3.12/site-packages/motordriver_msgs/motordriver_msgs_s__rosidl_typesupport_fastrtps_c.so
[3.782s] -- Up-to-date symlink: /home/ros2/ros2_ws/install/motordriver_msgs/lib/python3.12/site-packages/motordriver_msgs/motordriver_msgs_s__rosidl_typesupport_introspection_c.so
[3.786s] -- Up-to-date symlink: /home/ros2/ros2_ws/install/motordriver_msgs/lib/python3.12/site-packages/motordriver_msgs/msg/__init__.py
[3.786s] -- Up-to-date symlink: /home/ros2/ros2_ws/install/motordriver_msgs/lib/python3.12/site-packages/motordriver_msgs/msg/_motordriver_message.py
[3.786s] -- Up-to-date symlink: /home/ros2/ros2_ws/install/motordriver_msgs/lib/python3.12/site-packages/motordriver_msgs/msg/_motordriver_message_s.c
[3.788s] -- Up-to-date symlink: /home/ros2/ros2_ws/install/motordriver_msgs/lib/python3.12/site-packages/motordriver_msgs/motordriver_msgs_s__rosidl_typesupport_fastrtps_c.so
[3.789s] -- Up-to-date symlink: /home/ros2/ros2_ws/install/motordriver_msgs/lib/python3.12/site-packages/motordriver_msgs/motordriver_msgs_s__rosidl_typesupport_introspection_c.so
[3.789s] -- Up-to-date symlink: /home/ros2/ros2_ws/install/motordriver_msgs/lib/python3.12/site-packages/motordriver_msgs/motordriver_msgs_s__rosidl_typesupport_c.so
[3.789s] -- Up-to-date symlink: /home/ros2/ros2_ws/install/motordriver_msgs/share/motordriver_msgs/msg/MotordriverMessage.idl
[3.791s] -- Up-to-date symlink: /home/ros2/ros2_ws/install/motordriver_msgs/share/motordriver_msgs/msg/MotordriverMessage.msg
[3.791s] -- Up-to-date symlink: /home/ros2/ros2_ws/install/motordriver_msgs/share/ament_index/resource_index/package_run_dependencies/motordriver_msgs
[3.792s] -- Up-to-date symlink: /home/ros2/ros2_ws/install/motordriver_msgs/share/ament_index/resource_index/parent_prefix_path/motordriver_msgs
[3.792s] -- Up-to-date symlink: /home/ros2/ros2_ws/install/motordriver_msgs/share/motordriver_msgs/environment/ament_prefix_path.sh
[3.793s] -- Up-to-date symlink: /home/ros2/ros2_ws/install/motordriver_msgs/share/motordriver_msgs/environment/ament_prefix_path.dsv
[3.794s] -- Up-to-date symlink: /home/ros2/ros2_ws/install/motordriver_msgs/share/motordriver_msgs/environment/path.sh
[3.800s] -- Up-to-date symlink: /home/ros2/ros2_ws/install/motordriver_msgs/share/motordriver_msgs/environment/path.dsv
[3.801s] -- Up-to-date symlink: /home/ros2/ros2_ws/install/motordriver_msgs/share/motordriver_msgs/local_setup.bash
[3.801s] -- Up-to-date symlink: /home/ros2/ros2_ws/install/motordriver_msgs/share/motordriver_msgs/local_setup.sh
[3.801s] -- Up-to-date symlink: /home/ros2/ros2_ws/install/motordriver_msgs/share/motordriver_msgs/local_setup.zsh
[3.801s] -- Up-to-date symlink: /home/ros2/ros2_ws/install/motordriver_msgs/share/motordriver_msgs/local_setup.dsv
[3.801s] -- Symlinking: /home/ros2/ros2_ws/install/motordriver_msgs/share/motordriver_msgs/package.dsv
[3.864s] -- Up-to-date symlink: /home/ros2/ros2_ws/install/motordriver_msgs/share/ament_index/resource_index/packages/motordriver_msgs
[3.864s] -- Up-to-date symlink: /home/ros2/ros2_ws/install/motordriver_msgs/share/motordriver_msgs/cmake/rosidl_cmake-extras.cmake
[3.864s] -- Up-to-date symlink: /home/ros2/ros2_ws/install/motordriver_msgs/share/motordriver_msgs/cmake/ament_cmake_export_include_directories-extras.cmake
[3.864s] -- Up-to-date symlink: /home/ros2/ros2_ws/install/motordriver_msgs/share/motordriver_msgs/cmake/ament_cmake_export_libraries-extras.cmake
[3.865s] -- Up-to-date symlink: /home/ros2/ros2_ws/install/motordriver_msgs/share/motordriver_msgs/cmake/ament_cmake_export_targets-extras.cmake
[3.865s] -- Up-to-date symlink: /home/ros2/ros2_ws/install/motordriver_msgs/share/motordriver_msgs/cmake/rosidl_cmake_export_typesupport_targets-extras.cmake
[3.869s] -- Up-to-date symlink: /home/ros2/ros2_ws/install/motordriver_msgs/share/motordriver_msgs/cmake/ament_cmake_export_dependencies-extras.cmake
[3.872s] -- Up-to-date symlink: /home/ros2/ros2_ws/install/motordriver_msgs/share/motordriver_msgs/cmake/rosidl_cmake_export_typesupport_libraries-extras.cmake
[3.873s] -- Up-to-date symlink: /home/ros2/ros2_ws/install/motordriver_msgs/share/motordriver_msgs/cmake/motordriver_msgsConfig.cmake
[3.873s] -- Up-to-date symlink: /home/ros2/ros2_ws/install/motordriver_msgs/share/motordriver_msgs/cmake/motordriver_msgsConfig-version.cmake
[3.874s] -- Up-to-date symlink: /home/ros2/ros2_ws/install/motordriver_msgs/share/motordriver_msgs/package.xml
[3.874s] -- Up-to-date: /home/ros2/ros2_ws/install/motordriver_msgs/lib/libmotordriver_msgs__rosidl_generator_c.so
[3.877s] -- Up-to-date: /home/ros2/ros2_ws/install/motordriver_msgs/lib/libmotordriver_msgs__rosidl_typesupport_fastrtps_c.so
[3.879s] -- Up-to-date: /home/ros2/ros2_ws/install/motordriver_msgs/lib/libmotordriver_msgs__rosidl_typesupport_introspection_c.so
[3.881s] -- Up-to-date: /home/ros2/ros2_ws/install/motordriver_msgs/lib/libmotordriver_msgs__rosidl_typesupport_c.so
[3.888s] -- Up-to-date: /home/ros2/ros2_ws/install/motordriver_msgs/lib/libmotordriver_msgs__rosidl_typesupport_fastrtps_cpp.so
[3.907s] -- Up-to-date: /home/ros2/ros2_ws/install/motordriver_msgs/lib/libmotordriver_msgs__rosidl_typesupport_introspection_cpp.so
[3.917s] -- Up-to-date: /home/ros2/ros2_ws/install/motordriver_msgs/lib/libmotordriver_msgs__rosidl_typesupport_cpp.so
[4.024s] Listing '/home/ros2/ros2_ws/install/motordriver_msgs/lib/python3.12/site-packages/motordriver_msgs'...
[4.024s] Listing '/home/ros2/ros2_ws/install/motordriver_msgs/lib/python3.12/site-packages/motordriver_msgs/msg'...
[4.049s] -- Up-to-date: /home/ros2/ros2_ws/install/motordriver_msgs/lib/libmotordriver_msgs__rosidl_generator_py.so
[4.051s] -- Up-to-date: /home/ros2/ros2_ws/install/motordriver_msgs/share/motordriver_msgs/cmake/export_motordriver_msgs__rosidl_generator_cExport.cmake
[4.051s] -- Up-to-date: /home/ros2/ros2_ws/install/motordriver_msgs/share/motordriver_msgs/cmake/export_motordriver_msgs__rosidl_generator_cExport-noconfig.cmake
[4.052s] -- Up-to-date: /home/ros2/ros2_ws/install/motordriver_msgs/share/motordriver_msgs/cmake/export_motordriver_msgs__rosidl_typesupport_fastrtps_cExport.cmake
[4.052s] -- Up-to-date: /home/ros2/ros2_ws/install/motordriver_msgs/share/motordriver_msgs/cmake/export_motordriver_msgs__rosidl_typesupport_fastrtps_cExport-noconfig.cmake
[4.059s] -- Up-to-date: /home/ros2/ros2_ws/install/motordriver_msgs/share/motordriver_msgs/cmake/motordriver_msgs__rosidl_typesupport_introspection_cExport.cmake
[4.062s] -- Up-to-date: /home/ros2/ros2_ws/install/motordriver_msgs/share/motordriver_msgs/cmake/motordriver_msgs__rosidl_typesupport_introspection_cExport-noconfig.cmake
[4.063s] -- Up-to-date: /home/ros2/ros2_ws/install/motordriver_msgs/share/motordriver_msgs/cmake/motordriver_msgs__rosidl_typesupport_cExport.cmake
[4.063s] -- Up-to-date: /home/ros2/ros2_ws/install/motordriver_msgs/share/motordriver_msgs/cmake/motordriver_msgs__rosidl_typesupport_cExport-noconfig.cmake
[4.070s] -- Up-to-date: /home/ros2/ros2_ws/install/motordriver_msgs/share/motordriver_msgs/cmake/export_motordriver_msgs__rosidl_generator_cppExport.cmake
[4.075s] -- Up-to-date: /home/ros2/ros2_ws/install/motordriver_msgs/share/motordriver_msgs/cmake/export_motordriver_msgs__rosidl_typesupport_fastrtps_cppExport.cmake
[4.078s] -- Up-to-date: /home/ros2/ros2_ws/install/motordriver_msgs/share/motordriver_msgs/cmake/export_motordriver_msgs__rosidl_typesupport_fastrtps_cppExport-noconfig.cmake
[4.081s] -- Up-to-date: /home/ros2/ros2_ws/install/motordriver_msgs/share/motordriver_msgs/cmake/motordriver_msgs__rosidl_typesupport_introspection_cppExport.cmake
[4.082s] -- Up-to-date: /home/ros2/ros2_ws/install/motordriver_msgs/share/motordriver_msgs/cmake/motordriver_msgs__rosidl_typesupport_introspection_cppExport-noconfig.cmake
[4.084s] -- Up-to-date: /home/ros2/ros2_ws/install/motordriver_msgs/share/motordriver_msgs/cmake/motordriver_msgs__rosidl_typesupport_cppExport.cmake
[4.085s] -- Up-to-date: /home/ros2/ros2_ws/install/motordriver_msgs/share/motordriver_msgs/cmake/motordriver_msgs__rosidl_typesupport_cppExport-noconfig.cmake
[4.091s] -- Up-to-date: /home/ros2/ros2_ws/install/motordriver_msgs/share/motordriver_msgs/cmake/export_motordriver_msgs__rosidl_generator_pyExport.cmake
[4.091s] -- Up-to-date: /home/ros2/ros2_ws/install/motordriver_msgs/share/motordriver_msgs/cmake/export_motordriver_msgs__rosidl_generator_pyExport-noconfig.cmake
[4.119s] Invoked command in '/home/ros2/ros2_ws/build/motordriver_msgs' returned '0': CMAKE_PREFIX_PATH=${CMAKE_PREFIX_PATH}:/home/ros2/ros2_ws/install/uwb_tracking_ros2:/home/ros2/ros2_ws/install/motordriver:/home/ros2/ros2_ws/install/diffdrive:/opt/ros/jazzy DEBUGINFOD_URLS=https://debuginfod.ubuntu.com /usr/bin/cmake --install /home/ros2/ros2_ws/build/motordriver_msgs
