[2.592s] Invoking command in '/home/ros2/ros2_ws/build/uwb_tracking_ros2': DEBUGINFOD_URLS=https://debuginfod.ubuntu.com PYTHONPATH=/home/ros2/ros2_ws/build/uwb_tracking_ros2/prefix_override:/usr/lib/python3/dist-packages/colcon_core/task/python/colcon_distutils_commands:/home/ros2/ros2_ws/install/uwb_tracking_ros2/lib/python3.12/site-packages:${PYTHONPATH} /usr/bin/python3 -W ignore:setup.py install is deprecated -W ignore:easy_install command is deprecated setup.py develop --uninstall --editable --build-directory /home/ros2/ros2_ws/build/uwb_tracking_ros2/build
[3.481s] running develop
[3.974s] Removing /home/ros2/ros2_ws/install/uwb_tracking_ros2/lib/python3.12/site-packages/uwb-tracking-ros2.egg-link (link to .)
[4.101s] Invoked command in '/home/ros2/ros2_ws/build/uwb_tracking_ros2' returned '0': DEBUGINFOD_URLS=https://debuginfod.ubuntu.com PYTHONPATH=/home/ros2/ros2_ws/build/uwb_tracking_ros2/prefix_override:/usr/lib/python3/dist-packages/colcon_core/task/python/colcon_distutils_commands:/home/ros2/ros2_ws/install/uwb_tracking_ros2/lib/python3.12/site-packages:${PYTHONPATH} /usr/bin/python3 -W ignore:setup.py install is deprecated -W ignore:easy_install command is deprecated setup.py develop --uninstall --editable --build-directory /home/ros2/ros2_ws/build/uwb_tracking_ros2/build
[4.102s] Invoking command in '/home/ros2/ros2_ws/src/uwb-tracking-ros/uwb_tracking_ros2': DEBUGINFOD_URLS=https://debuginfod.ubuntu.com PYTHONPATH=/home/ros2/ros2_ws/build/uwb_tracking_ros2/prefix_override:/usr/lib/python3/dist-packages/colcon_core/task/python/colcon_distutils_commands:/home/ros2/ros2_ws/install/uwb_tracking_ros2/lib/python3.12/site-packages:${PYTHONPATH} /usr/bin/python3 -W ignore:setup.py install is deprecated -W ignore:easy_install command is deprecated setup.py egg_info --egg-base ../../../build/uwb_tracking_ros2 build --build-base /home/ros2/ros2_ws/build/uwb_tracking_ros2/build install --record /home/ros2/ros2_ws/build/uwb_tracking_ros2/install.log --single-version-externally-managed install_data --force
[4.837s] running egg_info
[4.888s] writing ../../../build/uwb_tracking_ros2/uwb_tracking_ros2.egg-info/PKG-INFO
[4.889s] writing dependency_links to ../../../build/uwb_tracking_ros2/uwb_tracking_ros2.egg-info/dependency_links.txt
[4.889s] writing entry points to ../../../build/uwb_tracking_ros2/uwb_tracking_ros2.egg-info/entry_points.txt
[4.890s] writing requirements to ../../../build/uwb_tracking_ros2/uwb_tracking_ros2.egg-info/requires.txt
[4.891s] writing top-level names to ../../../build/uwb_tracking_ros2/uwb_tracking_ros2.egg-info/top_level.txt
[5.019s] reading manifest file '../../../build/uwb_tracking_ros2/uwb_tracking_ros2.egg-info/SOURCES.txt'
[5.021s] adding license file 'LICENSE'
[5.023s] writing manifest file '../../../build/uwb_tracking_ros2/uwb_tracking_ros2.egg-info/SOURCES.txt'
[5.023s] running build
[5.025s] running build_py
[5.025s] copying uwb_tracking_ros2/uwb_tracking_dwm1001.py -> /home/ros2/ros2_ws/build/uwb_tracking_ros2/build/lib/uwb_tracking_ros2
[5.027s] running install
[5.040s] running install_lib
[5.099s] creating /home/ros2/ros2_ws/install/uwb_tracking_ros2/lib/python3.12/site-packages/uwb_tracking_ros2
[5.101s] copying /home/ros2/ros2_ws/build/uwb_tracking_ros2/build/lib/uwb_tracking_ros2/KalmanFilter.py -> /home/ros2/ros2_ws/install/uwb_tracking_ros2/lib/python3.12/site-packages/uwb_tracking_ros2
[5.101s] copying /home/ros2/ros2_ws/build/uwb_tracking_ros2/build/lib/uwb_tracking_ros2/__init__.py -> /home/ros2/ros2_ws/install/uwb_tracking_ros2/lib/python3.12/site-packages/uwb_tracking_ros2
[5.102s] copying /home/ros2/ros2_ws/build/uwb_tracking_ros2/build/lib/uwb_tracking_ros2/dwm1001_apiCommands.py -> /home/ros2/ros2_ws/install/uwb_tracking_ros2/lib/python3.12/site-packages/uwb_tracking_ros2
[5.103s] copying /home/ros2/ros2_ws/build/uwb_tracking_ros2/build/lib/uwb_tracking_ros2/DataLogger.py -> /home/ros2/ros2_ws/install/uwb_tracking_ros2/lib/python3.12/site-packages/uwb_tracking_ros2
[5.104s] copying /home/ros2/ros2_ws/build/uwb_tracking_ros2/build/lib/uwb_tracking_ros2/LeastSquare.py -> /home/ros2/ros2_ws/install/uwb_tracking_ros2/lib/python3.12/site-packages/uwb_tracking_ros2
[5.105s] copying /home/ros2/ros2_ws/build/uwb_tracking_ros2/build/lib/uwb_tracking_ros2/uwb_tracking_dwm1001.py -> /home/ros2/ros2_ws/install/uwb_tracking_ros2/lib/python3.12/site-packages/uwb_tracking_ros2
[5.106s] copying /home/ros2/ros2_ws/build/uwb_tracking_ros2/build/lib/uwb_tracking_ros2/viz_dwm1001.py -> /home/ros2/ros2_ws/install/uwb_tracking_ros2/lib/python3.12/site-packages/uwb_tracking_ros2
[5.106s] copying /home/ros2/ros2_ws/build/uwb_tracking_ros2/build/lib/uwb_tracking_ros2/plot.py -> /home/ros2/ros2_ws/install/uwb_tracking_ros2/lib/python3.12/site-packages/uwb_tracking_ros2
[5.108s] copying /home/ros2/ros2_ws/build/uwb_tracking_ros2/build/lib/uwb_tracking_ros2/log_to_csv.py -> /home/ros2/ros2_ws/install/uwb_tracking_ros2/lib/python3.12/site-packages/uwb_tracking_ros2
[5.108s] copying /home/ros2/ros2_ws/build/uwb_tracking_ros2/build/lib/uwb_tracking_ros2/Helpers.py -> /home/ros2/ros2_ws/install/uwb_tracking_ros2/lib/python3.12/site-packages/uwb_tracking_ros2
[5.111s] copying /home/ros2/ros2_ws/build/uwb_tracking_ros2/build/lib/uwb_tracking_ros2/plot_uwb_encoder.py -> /home/ros2/ros2_ws/install/uwb_tracking_ros2/lib/python3.12/site-packages/uwb_tracking_ros2
[5.112s] byte-compiling /home/ros2/ros2_ws/install/uwb_tracking_ros2/lib/python3.12/site-packages/uwb_tracking_ros2/KalmanFilter.py to KalmanFilter.cpython-312.pyc
[5.114s] byte-compiling /home/ros2/ros2_ws/install/uwb_tracking_ros2/lib/python3.12/site-packages/uwb_tracking_ros2/__init__.py to __init__.cpython-312.pyc
[5.116s] byte-compiling /home/ros2/ros2_ws/install/uwb_tracking_ros2/lib/python3.12/site-packages/uwb_tracking_ros2/dwm1001_apiCommands.py to dwm1001_apiCommands.cpython-312.pyc
[5.117s] byte-compiling /home/ros2/ros2_ws/install/uwb_tracking_ros2/lib/python3.12/site-packages/uwb_tracking_ros2/DataLogger.py to DataLogger.cpython-312.pyc
[5.119s] byte-compiling /home/ros2/ros2_ws/install/uwb_tracking_ros2/lib/python3.12/site-packages/uwb_tracking_ros2/LeastSquare.py to LeastSquare.cpython-312.pyc
[5.124s] byte-compiling /home/ros2/ros2_ws/install/uwb_tracking_ros2/lib/python3.12/site-packages/uwb_tracking_ros2/uwb_tracking_dwm1001.py to uwb_tracking_dwm1001.cpython-312.pyc
[5.126s] byte-compiling /home/ros2/ros2_ws/install/uwb_tracking_ros2/lib/python3.12/site-packages/uwb_tracking_ros2/viz_dwm1001.py to viz_dwm1001.cpython-312.pyc
[5.131s] byte-compiling /home/ros2/ros2_ws/install/uwb_tracking_ros2/lib/python3.12/site-packages/uwb_tracking_ros2/plot.py to plot.cpython-312.pyc
[5.132s] byte-compiling /home/ros2/ros2_ws/install/uwb_tracking_ros2/lib/python3.12/site-packages/uwb_tracking_ros2/log_to_csv.py to log_to_csv.cpython-312.pyc
[5.133s] byte-compiling /home/ros2/ros2_ws/install/uwb_tracking_ros2/lib/python3.12/site-packages/uwb_tracking_ros2/Helpers.py to Helpers.cpython-312.pyc
[5.137s] byte-compiling /home/ros2/ros2_ws/install/uwb_tracking_ros2/lib/python3.12/site-packages/uwb_tracking_ros2/plot_uwb_encoder.py to plot_uwb_encoder.cpython-312.pyc
[5.139s] running install_data
[5.140s] copying resource/uwb_tracking_ros2 -> /home/ros2/ros2_ws/install/uwb_tracking_ros2/share/ament_index/resource_index/packages
[5.141s] copying package.xml -> /home/ros2/ros2_ws/install/uwb_tracking_ros2/share/uwb_tracking_ros2
[5.141s] copying launch/uwb_tracking_dwm1001.launch.py -> /home/ros2/ros2_ws/install/uwb_tracking_ros2/share/uwb_tracking_ros2/launch
[5.142s] copying config/params_dwm1001.yaml -> /home/ros2/ros2_ws/install/uwb_tracking_ros2/share/uwb_tracking_ros2/config
[5.143s] copying config/params_trek1000.yaml -> /home/ros2/ros2_ws/install/uwb_tracking_ros2/share/uwb_tracking_ros2/config
[5.145s] running install_egg_info
[5.216s] Copying ../../../build/uwb_tracking_ros2/uwb_tracking_ros2.egg-info to /home/ros2/ros2_ws/install/uwb_tracking_ros2/lib/python3.12/site-packages/uwb_tracking_ros2-0.0.0-py3.12.egg-info
[5.220s] running install_scripts
[5.597s] Installing data_logger script to /home/ros2/ros2_ws/install/uwb_tracking_ros2/lib/uwb_tracking_ros2
[5.597s] Installing uwb_tracking_dwm1001 script to /home/ros2/ros2_ws/install/uwb_tracking_ros2/lib/uwb_tracking_ros2
[5.597s] Installing viz_dwm1001 script to /home/ros2/ros2_ws/install/uwb_tracking_ros2/lib/uwb_tracking_ros2
[5.598s] writing list of installed files to '/home/ros2/ros2_ws/build/uwb_tracking_ros2/install.log'
[5.709s] Invoked command in '/home/ros2/ros2_ws/src/uwb-tracking-ros/uwb_tracking_ros2' returned '0': DEBUGINFOD_URLS=https://debuginfod.ubuntu.com PYTHONPATH=/home/ros2/ros2_ws/build/uwb_tracking_ros2/prefix_override:/usr/lib/python3/dist-packages/colcon_core/task/python/colcon_distutils_commands:/home/ros2/ros2_ws/install/uwb_tracking_ros2/lib/python3.12/site-packages:${PYTHONPATH} /usr/bin/python3 -W ignore:setup.py install is deprecated -W ignore:easy_install command is deprecated setup.py egg_info --egg-base ../../../build/uwb_tracking_ros2 build --build-base /home/ros2/ros2_ws/build/uwb_tracking_ros2/build install --record /home/ros2/ros2_ws/build/uwb_tracking_ros2/install.log --single-version-externally-managed install_data --force
