/home/ros2/ros2_ws/install/diffdrive/lib/python3.12/site-packages/diffdrive/odom_origin.py
/home/ros2/ros2_ws/install/diffdrive/lib/python3.12/site-packages/diffdrive/encoder.py
/home/ros2/ros2_ws/install/diffdrive/lib/python3.12/site-packages/diffdrive/__init__.py
/home/ros2/ros2_ws/install/diffdrive/lib/python3.12/site-packages/diffdrive/DataLogger.py
/home/ros2/ros2_ws/install/diffdrive/lib/python3.12/site-packages/diffdrive/odom_imu.py
/home/ros2/ros2_ws/install/diffdrive/lib/python3.12/site-packages/diffdrive/odom.py
/home/ros2/ros2_ws/install/diffdrive/lib/python3.12/site-packages/diffdrive/cmd_vel.py
/home/ros2/ros2_ws/install/diffdrive/lib/python3.12/site-packages/diffdrive/__pycache__/odom_origin.cpython-312.pyc
/home/ros2/ros2_ws/install/diffdrive/lib/python3.12/site-packages/diffdrive/__pycache__/encoder.cpython-312.pyc
/home/ros2/ros2_ws/install/diffdrive/lib/python3.12/site-packages/diffdrive/__pycache__/__init__.cpython-312.pyc
/home/ros2/ros2_ws/install/diffdrive/lib/python3.12/site-packages/diffdrive/__pycache__/DataLogger.cpython-312.pyc
/home/ros2/ros2_ws/install/diffdrive/lib/python3.12/site-packages/diffdrive/__pycache__/odom_imu.cpython-312.pyc
/home/ros2/ros2_ws/install/diffdrive/lib/python3.12/site-packages/diffdrive/__pycache__/odom.cpython-312.pyc
/home/ros2/ros2_ws/install/diffdrive/lib/python3.12/site-packages/diffdrive/__pycache__/cmd_vel.cpython-312.pyc
/home/ros2/ros2_ws/install/diffdrive/share/ament_index/resource_index/packages/diffdrive
/home/ros2/ros2_ws/install/diffdrive/share/diffdrive/package.xml
/home/ros2/ros2_ws/install/diffdrive/share/diffdrive
/home/ros2/ros2_ws/install/diffdrive/share/diffdrive/launch/odom.launch.py
/home/ros2/ros2_ws/install/diffdrive/share/diffdrive/launch/diffdrive.launch.py
/home/ros2/ros2_ws/install/diffdrive/lib/python3.12/site-packages/diffdrive-0.0.0-py3.12.egg-info/SOURCES.txt
/home/ros2/ros2_ws/install/diffdrive/lib/python3.12/site-packages/diffdrive-0.0.0-py3.12.egg-info/top_level.txt
/home/ros2/ros2_ws/install/diffdrive/lib/python3.12/site-packages/diffdrive-0.0.0-py3.12.egg-info/PKG-INFO
/home/ros2/ros2_ws/install/diffdrive/lib/python3.12/site-packages/diffdrive-0.0.0-py3.12.egg-info/zip-safe
/home/ros2/ros2_ws/install/diffdrive/lib/python3.12/site-packages/diffdrive-0.0.0-py3.12.egg-info/requires.txt
/home/ros2/ros2_ws/install/diffdrive/lib/python3.12/site-packages/diffdrive-0.0.0-py3.12.egg-info/dependency_links.txt
/home/ros2/ros2_ws/install/diffdrive/lib/python3.12/site-packages/diffdrive-0.0.0-py3.12.egg-info/entry_points.txt
/home/ros2/ros2_ws/install/diffdrive/lib/diffdrive/DataLogger
/home/ros2/ros2_ws/install/diffdrive/lib/diffdrive/cmd_vel
/home/ros2/ros2_ws/install/diffdrive/lib/diffdrive/odom
/home/ros2/ros2_ws/install/diffdrive/lib/diffdrive/odom_imu
/home/ros2/ros2_ws/install/diffdrive/lib/diffdrive/odom_origin
