[2.825s] Invoking command in '/home/ros2/ros2_ws/build/diffdrive': DEBUGINFOD_URLS=https://debuginfod.ubuntu.com PYTHONPATH=/home/ros2/ros2_ws/build/diffdrive/prefix_override:/usr/lib/python3/dist-packages/colcon_core/task/python/colcon_distutils_commands:/home/ros2/ros2_ws/install/diffdrive/lib/python3.12/site-packages:${PYTHONPATH} /usr/bin/python3 -W ignore:setup.py install is deprecated -W ignore:easy_install command is deprecated setup.py develop --editable --build-directory /home/ros2/ros2_ws/build/diffdrive/build --no-deps symlink_data
[4.018s] running develop
[4.506s] running egg_info
[4.557s] writing diffdrive.egg-info/PKG-INFO
[4.557s] writing dependency_links to diffdrive.egg-info/dependency_links.txt
[4.562s] writing entry points to diffdrive.egg-info/entry_points.txt
[4.562s] writing requirements to diffdrive.egg-info/requires.txt
[4.566s] writing top-level names to diffdrive.egg-info/top_level.txt
[4.727s] reading manifest file 'diffdrive.egg-info/SOURCES.txt'
[4.727s] writing manifest file 'diffdrive.egg-info/SOURCES.txt'
[4.851s] running build_ext
[4.852s] Creating /home/ros2/ros2_ws/install/diffdrive/lib/python3.12/site-packages/diffdrive.egg-link (link to .)
[4.852s] Installing DataLogger script to /home/ros2/ros2_ws/install/diffdrive/lib/diffdrive
[4.857s] Installing cmd_vel script to /home/ros2/ros2_ws/install/diffdrive/lib/diffdrive
[4.857s] Installing odom script to /home/ros2/ros2_ws/install/diffdrive/lib/diffdrive
[4.857s] Installing odom_imu script to /home/ros2/ros2_ws/install/diffdrive/lib/diffdrive
[4.857s] Installing odom_origin script to /home/ros2/ros2_ws/install/diffdrive/lib/diffdrive
[4.857s] 
[4.860s] Installed /home/ros2/ros2_ws/build/diffdrive
[4.860s] running symlink_data
[5.177s] Invoked command in '/home/ros2/ros2_ws/build/diffdrive' returned '0': DEBUGINFOD_URLS=https://debuginfod.ubuntu.com PYTHONPATH=/home/ros2/ros2_ws/build/diffdrive/prefix_override:/usr/lib/python3/dist-packages/colcon_core/task/python/colcon_distutils_commands:/home/ros2/ros2_ws/install/diffdrive/lib/python3.12/site-packages:${PYTHONPATH} /usr/bin/python3 -W ignore:setup.py install is deprecated -W ignore:easy_install command is deprecated setup.py develop --editable --build-directory /home/ros2/ros2_ws/build/diffdrive/build --no-deps symlink_data
