[1.235s] Invoking command in '/home/ros2/ros2_ws/build/motordriver_msgs': CMAKE_PREFIX_PATH=${CMAKE_PREFIX_PATH}:/home/ros2/ros2_ws/install/uwb_tracking_ros2:/home/ros2/ros2_ws/install/motordriver:/home/ros2/ros2_ws/install/diffdrive:/opt/ros/jazzy DEBUGINFOD_URLS=https://debuginfod.ubuntu.com /usr/bin/cmake --build /home/ros2/ros2_ws/build/motordriver_msgs -- -j4 -l4
[1.453s] [  2%] Built target motordriver_msgs__rosidl_generator_type_description
[1.490s] [  2%] Built target ament_cmake_python_symlink_motordriver_msgs
[1.530s] [ 17%] Built target motordriver_msgs__rosidl_generator_c
[1.583s] [ 20%] Built target motordriver_msgs__cpp
[1.640s] [ 29%] Built target motordriver_msgs__rosidl_typesupport_fastrtps_c
[1.672s] [ 38%] Built target motordriver_msgs__rosidl_typesupport_introspection_c
[1.748s] [ 47%] Built target motordriver_msgs__rosidl_typesupport_c
[1.785s] [ 55%] Built target motordriver_msgs__rosidl_typesupport_introspection_cpp
[1.841s] [ 64%] Built target motordriver_msgs__rosidl_typesupport_cpp
[1.857s] [ 73%] Built target motordriver_msgs__rosidl_typesupport_fastrtps_cpp
[1.973s] [ 73%] Built target motordriver_msgs
[2.126s] [ 76%] Built target motordriver_msgs__py
[2.213s] [ 82%] Built target motordriver_msgs__rosidl_generator_py
[2.323s] [ 88%] Built target motordriver_msgs_s__rosidl_typesupport_fastrtps_c
[2.335s] [ 94%] Built target motordriver_msgs_s__rosidl_typesupport_introspection_c
[2.341s] [100%] Built target motordriver_msgs_s__rosidl_typesupport_c
[2.739s] running egg_info
[2.826s] writing motordriver_msgs.egg-info/PKG-INFO
[2.828s] writing dependency_links to motordriver_msgs.egg-info/dependency_links.txt
[2.829s] writing top-level names to motordriver_msgs.egg-info/top_level.txt
[3.385s] reading manifest file 'motordriver_msgs.egg-info/SOURCES.txt'
[3.385s] writing manifest file 'motordriver_msgs.egg-info/SOURCES.txt'
[3.651s] [100%] Built target ament_cmake_python_build_motordriver_msgs_egg
[3.733s] Invoked command in '/home/ros2/ros2_ws/build/motordriver_msgs' returned '0': CMAKE_PREFIX_PATH=${CMAKE_PREFIX_PATH}:/home/ros2/ros2_ws/install/uwb_tracking_ros2:/home/ros2/ros2_ws/install/motordriver:/home/ros2/ros2_ws/install/diffdrive:/opt/ros/jazzy DEBUGINFOD_URLS=https://debuginfod.ubuntu.com /usr/bin/cmake --build /home/ros2/ros2_ws/build/motordriver_msgs -- -j4 -l4
[3.734s] Invoking command in '/home/ros2/ros2_ws/build/motordriver_msgs': CMAKE_PREFIX_PATH=${CMAKE_PREFIX_PATH}:/home/ros2/ros2_ws/install/uwb_tracking_ros2:/home/ros2/ros2_ws/install/motordriver:/home/ros2/ros2_ws/install/diffdrive:/opt/ros/jazzy DEBUGINFOD_URLS=https://debuginfod.ubuntu.com /usr/bin/cmake --install /home/ros2/ros2_ws/build/motordriver_msgs
[3.777s] -- Install configuration: ""
[3.779s] -- Execute custom install script
[3.780s] -- Up-to-date symlink: /home/ros2/ros2_ws/install/motordriver_msgs/share/ament_index/resource_index/rosidl_interfaces/motordriver_msgs
[3.780s] -- Up-to-date symlink: /home/ros2/ros2_ws/install/motordriver_msgs/share/motordriver_msgs/msg/MotordriverMessage.json
[3.784s] -- Up-to-date symlink: /home/ros2/ros2_ws/install/motordriver_msgs/include/motordriver_msgs/motordriver_msgs/msg/detail/motordriver_message__functions.h
[3.784s] -- Up-to-date symlink: /home/ros2/ros2_ws/install/motordriver_msgs/include/motordriver_msgs/motordriver_msgs/msg/detail/motordriver_message__struct.h
[3.784s] -- Up-to-date symlink: /home/ros2/ros2_ws/install/motordriver_msgs/include/motordriver_msgs/motordriver_msgs/msg/detail/motordriver_message__type_support.h
[3.784s] -- Up-to-date symlink: /home/ros2/ros2_ws/install/motordriver_msgs/include/motordriver_msgs/motordriver_msgs/msg/motordriver_message.h
[3.785s] -- Up-to-date symlink: /home/ros2/ros2_ws/install/motordriver_msgs/include/motordriver_msgs/motordriver_msgs/msg/rosidl_generator_c__visibility_control.h
[3.786s] -- Up-to-date symlink: /home/ros2/ros2_ws/install/motordriver_msgs/share/motordriver_msgs/environment/library_path.sh
[3.786s] -- Up-to-date symlink: /home/ros2/ros2_ws/install/motordriver_msgs/share/motordriver_msgs/environment/library_path.dsv
[3.786s] -- Up-to-date symlink: /home/ros2/ros2_ws/install/motordriver_msgs/include/motordriver_msgs/motordriver_msgs/msg/detail/motordriver_message__rosidl_typesupport_fastrtps_c.h
[3.790s] -- Up-to-date symlink: /home/ros2/ros2_ws/install/motordriver_msgs/include/motordriver_msgs/motordriver_msgs/msg/rosidl_typesupport_fastrtps_c__visibility_control.h
[3.791s] -- Up-to-date symlink: /home/ros2/ros2_ws/install/motordriver_msgs/include/motordriver_msgs/motordriver_msgs/msg/detail/motordriver_message__rosidl_typesupport_introspection_c.h
[3.791s] -- Up-to-date symlink: /home/ros2/ros2_ws/install/motordriver_msgs/include/motordriver_msgs/motordriver_msgs/msg/rosidl_typesupport_introspection_c__visibility_control.h
[3.791s] -- Up-to-date symlink: /home/ros2/ros2_ws/install/motordriver_msgs/include/motordriver_msgs/motordriver_msgs/msg/detail/motordriver_message__builder.hpp
[3.792s] -- Up-to-date symlink: /home/ros2/ros2_ws/install/motordriver_msgs/include/motordriver_msgs/motordriver_msgs/msg/detail/motordriver_message__struct.hpp
[3.792s] -- Up-to-date symlink: /home/ros2/ros2_ws/install/motordriver_msgs/include/motordriver_msgs/motordriver_msgs/msg/detail/motordriver_message__traits.hpp
[3.792s] -- Up-to-date symlink: /home/ros2/ros2_ws/install/motordriver_msgs/include/motordriver_msgs/motordriver_msgs/msg/detail/motordriver_message__type_support.hpp
[3.792s] -- Up-to-date symlink: /home/ros2/ros2_ws/install/motordriver_msgs/include/motordriver_msgs/motordriver_msgs/msg/motordriver_message.hpp
[3.792s] -- Up-to-date symlink: /home/ros2/ros2_ws/install/motordriver_msgs/include/motordriver_msgs/motordriver_msgs/msg/rosidl_generator_cpp__visibility_control.hpp
[3.797s] -- Up-to-date symlink: /home/ros2/ros2_ws/install/motordriver_msgs/include/motordriver_msgs/motordriver_msgs/msg/detail/motordriver_message__rosidl_typesupport_fastrtps_cpp.hpp
[3.799s] -- Up-to-date symlink: /home/ros2/ros2_ws/install/motordriver_msgs/include/motordriver_msgs/motordriver_msgs/msg/rosidl_typesupport_fastrtps_cpp__visibility_control.h
[3.799s] -- Up-to-date symlink: /home/ros2/ros2_ws/install/motordriver_msgs/include/motordriver_msgs/motordriver_msgs/msg/detail/motordriver_message__rosidl_typesupport_introspection_cpp.hpp
[3.799s] -- Up-to-date symlink: /home/ros2/ros2_ws/install/motordriver_msgs/share/motordriver_msgs/environment/pythonpath.sh
[3.799s] -- Up-to-date symlink: /home/ros2/ros2_ws/install/motordriver_msgs/share/motordriver_msgs/environment/pythonpath.dsv
[3.799s] -- Up-to-date symlink: /home/ros2/ros2_ws/install/motordriver_msgs/lib/python3.12/site-packages/motordriver_msgs-0.0.0-py3.12.egg-info/PKG-INFO
[3.799s] -- Up-to-date symlink: /home/ros2/ros2_ws/install/motordriver_msgs/lib/python3.12/site-packages/motordriver_msgs-0.0.0-py3.12.egg-info/SOURCES.txt
[3.803s] -- Up-to-date symlink: /home/ros2/ros2_ws/install/motordriver_msgs/lib/python3.12/site-packages/motordriver_msgs-0.0.0-py3.12.egg-info/dependency_links.txt
[3.803s] -- Up-to-date symlink: /home/ros2/ros2_ws/install/motordriver_msgs/lib/python3.12/site-packages/motordriver_msgs-0.0.0-py3.12.egg-info/top_level.txt
[3.805s] -- Up-to-date symlink: /home/ros2/ros2_ws/install/motordriver_msgs/lib/python3.12/site-packages/motordriver_msgs/__init__.py
[3.806s] -- Up-to-date symlink: /home/ros2/ros2_ws/install/motordriver_msgs/lib/python3.12/site-packages/motordriver_msgs/_motordriver_msgs_s.ep.rosidl_typesupport_c.c
[3.806s] -- Up-to-date symlink: /home/ros2/ros2_ws/install/motordriver_msgs/lib/python3.12/site-packages/motordriver_msgs/_motordriver_msgs_s.ep.rosidl_typesupport_fastrtps_c.c
[3.806s] -- Up-to-date symlink: /home/ros2/ros2_ws/install/motordriver_msgs/lib/python3.12/site-packages/motordriver_msgs/_motordriver_msgs_s.ep.rosidl_typesupport_introspection_c.c
[3.806s] -- Up-to-date symlink: /home/ros2/ros2_ws/install/motordriver_msgs/lib/python3.12/site-packages/motordriver_msgs/motordriver_msgs_s__rosidl_typesupport_c.so
[3.806s] -- Up-to-date symlink: /home/ros2/ros2_ws/install/motordriver_msgs/lib/python3.12/site-packages/motordriver_msgs/motordriver_msgs_s__rosidl_typesupport_fastrtps_c.so
[3.806s] -- Up-to-date symlink: /home/ros2/ros2_ws/install/motordriver_msgs/lib/python3.12/site-packages/motordriver_msgs/motordriver_msgs_s__rosidl_typesupport_introspection_c.so
[3.808s] -- Up-to-date symlink: /home/ros2/ros2_ws/install/motordriver_msgs/lib/python3.12/site-packages/motordriver_msgs/msg/__init__.py
[3.808s] -- Up-to-date symlink: /home/ros2/ros2_ws/install/motordriver_msgs/lib/python3.12/site-packages/motordriver_msgs/msg/_motordriver_message.py
[3.809s] -- Up-to-date symlink: /home/ros2/ros2_ws/install/motordriver_msgs/lib/python3.12/site-packages/motordriver_msgs/msg/_motordriver_message_s.c
[3.809s] -- Up-to-date symlink: /home/ros2/ros2_ws/install/motordriver_msgs/lib/python3.12/site-packages/motordriver_msgs/motordriver_msgs_s__rosidl_typesupport_fastrtps_c.so
[3.810s] -- Up-to-date symlink: /home/ros2/ros2_ws/install/motordriver_msgs/lib/python3.12/site-packages/motordriver_msgs/motordriver_msgs_s__rosidl_typesupport_introspection_c.so
[3.811s] -- Up-to-date symlink: /home/ros2/ros2_ws/install/motordriver_msgs/lib/python3.12/site-packages/motordriver_msgs/motordriver_msgs_s__rosidl_typesupport_c.so
[3.811s] -- Up-to-date symlink: /home/ros2/ros2_ws/install/motordriver_msgs/share/motordriver_msgs/msg/MotordriverMessage.idl
[3.811s] -- Up-to-date symlink: /home/ros2/ros2_ws/install/motordriver_msgs/share/motordriver_msgs/msg/MotordriverMessage.msg
[3.811s] -- Up-to-date symlink: /home/ros2/ros2_ws/install/motordriver_msgs/share/ament_index/resource_index/package_run_dependencies/motordriver_msgs
[3.819s] -- Up-to-date symlink: /home/ros2/ros2_ws/install/motordriver_msgs/share/ament_index/resource_index/parent_prefix_path/motordriver_msgs
[3.819s] -- Up-to-date symlink: /home/ros2/ros2_ws/install/motordriver_msgs/share/motordriver_msgs/environment/ament_prefix_path.sh
[3.819s] -- Up-to-date symlink: /home/ros2/ros2_ws/install/motordriver_msgs/share/motordriver_msgs/environment/ament_prefix_path.dsv
[3.819s] -- Up-to-date symlink: /home/ros2/ros2_ws/install/motordriver_msgs/share/motordriver_msgs/environment/path.sh
[3.819s] -- Up-to-date symlink: /home/ros2/ros2_ws/install/motordriver_msgs/share/motordriver_msgs/environment/path.dsv
[3.819s] -- Up-to-date symlink: /home/ros2/ros2_ws/install/motordriver_msgs/share/motordriver_msgs/local_setup.bash
[3.819s] -- Up-to-date symlink: /home/ros2/ros2_ws/install/motordriver_msgs/share/motordriver_msgs/local_setup.sh
[3.819s] -- Up-to-date symlink: /home/ros2/ros2_ws/install/motordriver_msgs/share/motordriver_msgs/local_setup.zsh
[3.823s] -- Up-to-date symlink: /home/ros2/ros2_ws/install/motordriver_msgs/share/motordriver_msgs/local_setup.dsv
[3.823s] -- Symlinking: /home/ros2/ros2_ws/install/motordriver_msgs/share/motordriver_msgs/package.dsv
[3.895s] -- Up-to-date symlink: /home/ros2/ros2_ws/install/motordriver_msgs/share/ament_index/resource_index/packages/motordriver_msgs
[3.896s] -- Up-to-date symlink: /home/ros2/ros2_ws/install/motordriver_msgs/share/motordriver_msgs/cmake/rosidl_cmake-extras.cmake
[3.896s] -- Up-to-date symlink: /home/ros2/ros2_ws/install/motordriver_msgs/share/motordriver_msgs/cmake/ament_cmake_export_include_directories-extras.cmake
[3.896s] -- Up-to-date symlink: /home/ros2/ros2_ws/install/motordriver_msgs/share/motordriver_msgs/cmake/ament_cmake_export_libraries-extras.cmake
[3.900s] -- Up-to-date symlink: /home/ros2/ros2_ws/install/motordriver_msgs/share/motordriver_msgs/cmake/ament_cmake_export_targets-extras.cmake
[3.900s] -- Up-to-date symlink: /home/ros2/ros2_ws/install/motordriver_msgs/share/motordriver_msgs/cmake/rosidl_cmake_export_typesupport_targets-extras.cmake
[3.900s] -- Up-to-date symlink: /home/ros2/ros2_ws/install/motordriver_msgs/share/motordriver_msgs/cmake/ament_cmake_export_dependencies-extras.cmake
[3.901s] -- Up-to-date symlink: /home/ros2/ros2_ws/install/motordriver_msgs/share/motordriver_msgs/cmake/rosidl_cmake_export_typesupport_libraries-extras.cmake
[3.901s] -- Up-to-date symlink: /home/ros2/ros2_ws/install/motordriver_msgs/share/motordriver_msgs/cmake/motordriver_msgsConfig.cmake
[3.901s] -- Up-to-date symlink: /home/ros2/ros2_ws/install/motordriver_msgs/share/motordriver_msgs/cmake/motordriver_msgsConfig-version.cmake
[3.901s] -- Up-to-date symlink: /home/ros2/ros2_ws/install/motordriver_msgs/share/motordriver_msgs/package.xml
[3.902s] -- Up-to-date: /home/ros2/ros2_ws/install/motordriver_msgs/lib/libmotordriver_msgs__rosidl_generator_c.so
[3.903s] -- Up-to-date: /home/ros2/ros2_ws/install/motordriver_msgs/lib/libmotordriver_msgs__rosidl_typesupport_fastrtps_c.so
[3.907s] -- Up-to-date: /home/ros2/ros2_ws/install/motordriver_msgs/lib/libmotordriver_msgs__rosidl_typesupport_introspection_c.so
[3.908s] -- Up-to-date: /home/ros2/ros2_ws/install/motordriver_msgs/lib/libmotordriver_msgs__rosidl_typesupport_c.so
[3.909s] -- Up-to-date: /home/ros2/ros2_ws/install/motordriver_msgs/lib/libmotordriver_msgs__rosidl_typesupport_fastrtps_cpp.so
[3.909s] -- Up-to-date: /home/ros2/ros2_ws/install/motordriver_msgs/lib/libmotordriver_msgs__rosidl_typesupport_introspection_cpp.so
[3.909s] -- Up-to-date: /home/ros2/ros2_ws/install/motordriver_msgs/lib/libmotordriver_msgs__rosidl_typesupport_cpp.so
[4.013s] Listing '/home/ros2/ros2_ws/install/motordriver_msgs/lib/python3.12/site-packages/motordriver_msgs'...
[4.014s] Listing '/home/ros2/ros2_ws/install/motordriver_msgs/lib/python3.12/site-packages/motordriver_msgs/msg'...
[4.038s] -- Up-to-date: /home/ros2/ros2_ws/install/motordriver_msgs/lib/libmotordriver_msgs__rosidl_generator_py.so
[4.040s] -- Up-to-date: /home/ros2/ros2_ws/install/motordriver_msgs/share/motordriver_msgs/cmake/export_motordriver_msgs__rosidl_generator_cExport.cmake
[4.040s] -- Up-to-date: /home/ros2/ros2_ws/install/motordriver_msgs/share/motordriver_msgs/cmake/export_motordriver_msgs__rosidl_generator_cExport-noconfig.cmake
[4.040s] -- Up-to-date: /home/ros2/ros2_ws/install/motordriver_msgs/share/motordriver_msgs/cmake/export_motordriver_msgs__rosidl_typesupport_fastrtps_cExport.cmake
[4.041s] -- Up-to-date: /home/ros2/ros2_ws/install/motordriver_msgs/share/motordriver_msgs/cmake/export_motordriver_msgs__rosidl_typesupport_fastrtps_cExport-noconfig.cmake
[4.041s] -- Up-to-date: /home/ros2/ros2_ws/install/motordriver_msgs/share/motordriver_msgs/cmake/motordriver_msgs__rosidl_typesupport_introspection_cExport.cmake
[4.041s] -- Up-to-date: /home/ros2/ros2_ws/install/motordriver_msgs/share/motordriver_msgs/cmake/motordriver_msgs__rosidl_typesupport_introspection_cExport-noconfig.cmake
[4.041s] -- Up-to-date: /home/ros2/ros2_ws/install/motordriver_msgs/share/motordriver_msgs/cmake/motordriver_msgs__rosidl_typesupport_cExport.cmake
[4.041s] -- Up-to-date: /home/ros2/ros2_ws/install/motordriver_msgs/share/motordriver_msgs/cmake/motordriver_msgs__rosidl_typesupport_cExport-noconfig.cmake
[4.041s] -- Up-to-date: /home/ros2/ros2_ws/install/motordriver_msgs/share/motordriver_msgs/cmake/export_motordriver_msgs__rosidl_generator_cppExport.cmake
[4.041s] -- Up-to-date: /home/ros2/ros2_ws/install/motordriver_msgs/share/motordriver_msgs/cmake/export_motordriver_msgs__rosidl_typesupport_fastrtps_cppExport.cmake
[4.041s] -- Up-to-date: /home/ros2/ros2_ws/install/motordriver_msgs/share/motordriver_msgs/cmake/export_motordriver_msgs__rosidl_typesupport_fastrtps_cppExport-noconfig.cmake
[4.042s] -- Up-to-date: /home/ros2/ros2_ws/install/motordriver_msgs/share/motordriver_msgs/cmake/motordriver_msgs__rosidl_typesupport_introspection_cppExport.cmake
[4.042s] -- Up-to-date: /home/ros2/ros2_ws/install/motordriver_msgs/share/motordriver_msgs/cmake/motordriver_msgs__rosidl_typesupport_introspection_cppExport-noconfig.cmake
[4.042s] -- Up-to-date: /home/ros2/ros2_ws/install/motordriver_msgs/share/motordriver_msgs/cmake/motordriver_msgs__rosidl_typesupport_cppExport.cmake
[4.042s] -- Up-to-date: /home/ros2/ros2_ws/install/motordriver_msgs/share/motordriver_msgs/cmake/motordriver_msgs__rosidl_typesupport_cppExport-noconfig.cmake
[4.042s] -- Up-to-date: /home/ros2/ros2_ws/install/motordriver_msgs/share/motordriver_msgs/cmake/export_motordriver_msgs__rosidl_generator_pyExport.cmake
[4.048s] -- Up-to-date: /home/ros2/ros2_ws/install/motordriver_msgs/share/motordriver_msgs/cmake/export_motordriver_msgs__rosidl_generator_pyExport-noconfig.cmake
[4.055s] Invoked command in '/home/ros2/ros2_ws/build/motordriver_msgs' returned '0': CMAKE_PREFIX_PATH=${CMAKE_PREFIX_PATH}:/home/ros2/ros2_ws/install/uwb_tracking_ros2:/home/ros2/ros2_ws/install/motordriver:/home/ros2/ros2_ws/install/diffdrive:/opt/ros/jazzy DEBUGINFOD_URLS=https://debuginfod.ubuntu.com /usr/bin/cmake --install /home/ros2/ros2_ws/build/motordriver_msgs
