running develop
running egg_info
creating sebot_navigation.egg-info
writing sebot_navigation.egg-info/PKG-INFO
writing dependency_links to sebot_navigation.egg-info/dependency_links.txt
writing requirements to sebot_navigation.egg-info/requires.txt
writing top-level names to sebot_navigation.egg-info/top_level.txt
writing manifest file 'sebot_navigation.egg-info/SOURCES.txt'
reading manifest file 'sebot_navigation.egg-info/SOURCES.txt'
writing manifest file 'sebot_navigation.egg-info/SOURCES.txt'
running build_ext
Creating /home/ros2/ros2_ws/install/sebot_navigation/lib/python3.12/site-packages/sebot-navigation.egg-link (link to .)

Installed /home/ros2/ros2_ws/build/sebot_navigation
running symlink_data
creating /home/ros2/ros2_ws/install/sebot_navigation/share/ament_index
creating /home/ros2/ros2_ws/install/sebot_navigation/share/ament_index/resource_index
creating /home/ros2/ros2_ws/install/sebot_navigation/share/ament_index/resource_index/packages
symbolically linking /home/ros2/ros2_ws/build/sebot_navigation/resource/sebot_navigation -> /home/ros2/ros2_ws/install/sebot_navigation/share/ament_index/resource_index/packages
symbolically linking /home/ros2/ros2_ws/build/sebot_navigation/package.xml -> /home/ros2/ros2_ws/install/sebot_navigation/share/sebot_navigation
symbolically linking /home/ros2/ros2_ws/build/sebot_navigation/config/slam_toolbox_params.yaml -> /home/ros2/ros2_ws/install/sebot_navigation/share/sebot_navigation
symbolically linking /home/ros2/ros2_ws/build/sebot_navigation/config/nav2_params.yaml -> /home/ros2/ros2_ws/install/sebot_navigation/share/sebot_navigation
creating /home/ros2/ros2_ws/install/sebot_navigation/share/sebot_navigation/launch
symbolically linking /home/ros2/ros2_ws/build/sebot_navigation/launch/slam_online_async.launch.py -> /home/ros2/ros2_ws/install/sebot_navigation/share/sebot_navigation/launch
symbolically linking /home/ros2/ros2_ws/build/sebot_navigation/launch/sebot_navigation.launch.py -> /home/ros2/ros2_ws/install/sebot_navigation/share/sebot_navigation/launch
