[2.532s] Invoking command in '/home/ros2/ros2_ws/build/sebot_navigation': DEBUGINFOD_URLS=https://debuginfod.ubuntu.com PYTHONPATH=/home/ros2/ros2_ws/build/sebot_navigation/prefix_override:/usr/lib/python3/dist-packages/colcon_core/task/python/colcon_distutils_commands:/home/ros2/ros2_ws/install/sebot_navigation/lib/python3.12/site-packages:${PYTHONPATH} /usr/bin/python3 -W ignore:setup.py install is deprecated -W ignore:easy_install command is deprecated setup.py develop --editable --build-directory /home/ros2/ros2_ws/build/sebot_navigation/build --no-deps symlink_data
[4.324s] running develop
[5.521s] running egg_info
[5.521s] creating sebot_navigation.egg-info
[5.575s] writing sebot_navigation.egg-info/PKG-INFO
[5.577s] writing dependency_links to sebot_navigation.egg-info/dependency_links.txt
[5.579s] writing requirements to sebot_navigation.egg-info/requires.txt
[5.581s] writing top-level names to sebot_navigation.egg-info/top_level.txt
[5.582s] writing manifest file 'sebot_navigation.egg-info/SOURCES.txt'
[5.824s] reading manifest file 'sebot_navigation.egg-info/SOURCES.txt'
[5.826s] writing manifest file 'sebot_navigation.egg-info/SOURCES.txt'
[5.982s] running build_ext
[5.982s] Creating /home/ros2/ros2_ws/install/sebot_navigation/lib/python3.12/site-packages/sebot-navigation.egg-link (link to .)
[5.988s] 
[5.990s] Installed /home/ros2/ros2_ws/build/sebot_navigation
[5.990s] running symlink_data
[5.990s] creating /home/ros2/ros2_ws/install/sebot_navigation/share/ament_index
[5.991s] creating /home/ros2/ros2_ws/install/sebot_navigation/share/ament_index/resource_index
[5.991s] creating /home/ros2/ros2_ws/install/sebot_navigation/share/ament_index/resource_index/packages
[5.991s] symbolically linking /home/ros2/ros2_ws/build/sebot_navigation/resource/sebot_navigation -> /home/ros2/ros2_ws/install/sebot_navigation/share/ament_index/resource_index/packages
[5.991s] symbolically linking /home/ros2/ros2_ws/build/sebot_navigation/package.xml -> /home/ros2/ros2_ws/install/sebot_navigation/share/sebot_navigation
[5.991s] symbolically linking /home/ros2/ros2_ws/build/sebot_navigation/config/slam_toolbox_params.yaml -> /home/ros2/ros2_ws/install/sebot_navigation/share/sebot_navigation
[5.991s] symbolically linking /home/ros2/ros2_ws/build/sebot_navigation/config/nav2_params.yaml -> /home/ros2/ros2_ws/install/sebot_navigation/share/sebot_navigation
[5.991s] creating /home/ros2/ros2_ws/install/sebot_navigation/share/sebot_navigation/launch
[6.001s] symbolically linking /home/ros2/ros2_ws/build/sebot_navigation/launch/slam_online_async.launch.py -> /home/ros2/ros2_ws/install/sebot_navigation/share/sebot_navigation/launch
[6.001s] symbolically linking /home/ros2/ros2_ws/build/sebot_navigation/launch/sebot_navigation.launch.py -> /home/ros2/ros2_ws/install/sebot_navigation/share/sebot_navigation/launch
[6.417s] Invoked command in '/home/ros2/ros2_ws/build/sebot_navigation' returned '0': DEBUGINFOD_URLS=https://debuginfod.ubuntu.com PYTHONPATH=/home/ros2/ros2_ws/build/sebot_navigation/prefix_override:/usr/lib/python3/dist-packages/colcon_core/task/python/colcon_distutils_commands:/home/ros2/ros2_ws/install/sebot_navigation/lib/python3.12/site-packages:${PYTHONPATH} /usr/bin/python3 -W ignore:setup.py install is deprecated -W ignore:easy_install command is deprecated setup.py develop --editable --build-directory /home/ros2/ros2_ws/build/sebot_navigation/build --no-deps symlink_data
