running develop
running egg_info
creating uwb_tracking_ros2.egg-info
writing uwb_tracking_ros2.egg-info/PKG-INFO
writing dependency_links to uwb_tracking_ros2.egg-info/dependency_links.txt
writing entry points to uwb_tracking_ros2.egg-info/entry_points.txt
writing requirements to uwb_tracking_ros2.egg-info/requires.txt
writing top-level names to uwb_tracking_ros2.egg-info/top_level.txt
writing manifest file 'uwb_tracking_ros2.egg-info/SOURCES.txt'
reading manifest file 'uwb_tracking_ros2.egg-info/SOURCES.txt'
writing manifest file 'uwb_tracking_ros2.egg-info/SOURCES.txt'
running build_ext
Creating /home/ros2/ros2_ws/install/uwb_tracking_ros2/lib/python3.12/site-packages/uwb-tracking-ros2.egg-link (link to .)
Installing data_logger script to /home/ros2/ros2_ws/install/uwb_tracking_ros2/lib/uwb_tracking_ros2
Installing uwb_tracking_dwm1001 script to /home/ros2/ros2_ws/install/uwb_tracking_ros2/lib/uwb_tracking_ros2
Installing viz_dwm1001 script to /home/ros2/ros2_ws/install/uwb_tracking_ros2/lib/uwb_tracking_ros2

Installed /home/ros2/ros2_ws/build/uwb_tracking_ros2
running symlink_data
creating /home/ros2/ros2_ws/install/uwb_tracking_ros2/share/ament_index
creating /home/ros2/ros2_ws/install/uwb_tracking_ros2/share/ament_index/resource_index
creating /home/ros2/ros2_ws/install/uwb_tracking_ros2/share/ament_index/resource_index/packages
symbolically linking /home/ros2/ros2_ws/build/uwb_tracking_ros2/resource/uwb_tracking_ros2 -> /home/ros2/ros2_ws/install/uwb_tracking_ros2/share/ament_index/resource_index/packages
symbolically linking /home/ros2/ros2_ws/build/uwb_tracking_ros2/package.xml -> /home/ros2/ros2_ws/install/uwb_tracking_ros2/share/uwb_tracking_ros2
creating /home/ros2/ros2_ws/install/uwb_tracking_ros2/share/uwb_tracking_ros2/launch
symbolically linking /home/ros2/ros2_ws/build/uwb_tracking_ros2/launch/uwb_tracking_dwm1001.launch.py -> /home/ros2/ros2_ws/install/uwb_tracking_ros2/share/uwb_tracking_ros2/launch
creating /home/ros2/ros2_ws/install/uwb_tracking_ros2/share/uwb_tracking_ros2/config
symbolically linking /home/ros2/ros2_ws/build/uwb_tracking_ros2/config/params_dwm1001.yaml -> /home/ros2/ros2_ws/install/uwb_tracking_ros2/share/uwb_tracking_ros2/config
symbolically linking /home/ros2/ros2_ws/build/uwb_tracking_ros2/config/params_trek1000.yaml -> /home/ros2/ros2_ws/install/uwb_tracking_ros2/share/uwb_tracking_ros2/config
creating /home/ros2/ros2_ws/install/uwb_tracking_ros2/share/uwb_tracking_ros2/msg
