[11.105s] Invoking command in '/home/ros2/ros2_ws/build/diffdrive': DEBUGINFOD_URLS=https://debuginfod.ubuntu.com PYTHONPATH=/home/ros2/ros2_ws/build/diffdrive/prefix_override:/usr/lib/python3/dist-packages/colcon_core/task/python/colcon_distutils_commands:/home/ros2/ros2_ws/install/diffdrive/lib/python3.12/site-packages:${PYTHONPATH} /usr/bin/python3 -W ignore:setup.py install is deprecated -W ignore:easy_install command is deprecated setup.py develop --editable --build-directory /home/ros2/ros2_ws/build/diffdrive/build --no-deps symlink_data
[13.219s] running develop
[15.445s] running egg_info
[15.541s] writing diffdrive.egg-info/PKG-INFO
[15.550s] writing dependency_links to diffdrive.egg-info/dependency_links.txt
[15.553s] writing entry points to diffdrive.egg-info/entry_points.txt
[15.577s] writing requirements to diffdrive.egg-info/requires.txt
[15.577s] writing top-level names to diffdrive.egg-info/top_level.txt
[16.174s] reading manifest file 'diffdrive.egg-info/SOURCES.txt'
[16.192s] writing manifest file 'diffdrive.egg-info/SOURCES.txt'
[16.437s] running build_ext
[16.437s] Creating /home/ros2/ros2_ws/install/diffdrive/lib/python3.12/site-packages/diffdrive.egg-link (link to .)
[16.504s] Installing DataLogger script to /home/ros2/ros2_ws/install/diffdrive/lib/diffdrive
[16.563s] Installing cmd_vel script to /home/ros2/ros2_ws/install/diffdrive/lib/diffdrive
[16.563s] Installing odom script to /home/ros2/ros2_ws/install/diffdrive/lib/diffdrive
[16.563s] Installing odom_imu script to /home/ros2/ros2_ws/install/diffdrive/lib/diffdrive
[16.580s] 
[16.581s] Installed /home/ros2/ros2_ws/build/diffdrive
[16.591s] running symlink_data
[16.931s] Invoked command in '/home/ros2/ros2_ws/build/diffdrive' returned '0': DEBUGINFOD_URLS=https://debuginfod.ubuntu.com PYTHONPATH=/home/ros2/ros2_ws/build/diffdrive/prefix_override:/usr/lib/python3/dist-packages/colcon_core/task/python/colcon_distutils_commands:/home/ros2/ros2_ws/install/diffdrive/lib/python3.12/site-packages:${PYTHONPATH} /usr/bin/python3 -W ignore:setup.py install is deprecated -W ignore:easy_install command is deprecated setup.py develop --editable --build-directory /home/ros2/ros2_ws/build/diffdrive/build --no-deps symlink_data
