[0.835s] Invoking command in '/home/ros2/ros2_ws/build/motordriver_msgs': CMAKE_PREFIX_PATH=${CMAKE_PREFIX_PATH}:/home/ros2/ros2_ws/install/uwb_tracking_ros2:/home/ros2/ros2_ws/install/sebot_navigation:/home/ros2/ros2_ws/install/motordriver:/home/ros2/ros2_ws/install/diffdrive:/opt/ros/jazzy DEBUGINFOD_URLS=https://debuginfod.ubuntu.com /usr/bin/cmake /home/ros2/ros2_ws/src/motordriver_msgs -DCMAKE_INSTALL_PREFIX=/home/ros2/ros2_ws/install/motordriver_msgs
[0.874s] -- Found ament_cmake: 2.5.3 (/opt/ros/jazzy/share/ament_cmake/cmake)
[0.937s] -- Found Python3: /usr/bin/python3 (found version "3.12.3") found components: Interpreter 
[1.127s] -- Override CMake install command with custom implementation using symlinks instead of copying resources
[1.159s] -- Found ament_lint_auto: 0.17.1 (/opt/ros/jazzy/share/ament_lint_auto/cmake)
[1.462s] -- Found rosidl_default_generators: 1.6.0 (/opt/ros/jazzy/share/rosidl_default_generators/cmake)
[1.467s] -- Using all available rosidl_typesupport_c: rosidl_typesupport_fastrtps_c;rosidl_typesupport_introspection_c
[1.526s] -- Using all available rosidl_typesupport_cpp: rosidl_typesupport_fastrtps_cpp;rosidl_typesupport_introspection_cpp
[1.571s] -- Found rosidl_adapter: 4.6.5 (/opt/ros/jazzy/share/rosidl_adapter/cmake)
[1.889s] -- Found ament_cmake_ros: 0.12.0 (/opt/ros/jazzy/share/ament_cmake_ros/cmake)
[2.068s] -- Using all available rosidl_typesupport_c: rosidl_typesupport_fastrtps_c;rosidl_typesupport_introspection_c
[2.360s] -- Using all available rosidl_typesupport_cpp: rosidl_typesupport_fastrtps_cpp;rosidl_typesupport_introspection_cpp
[2.364s] -- Found python_cmake_module: 0.11.1 (/opt/ros/jazzy/share/python_cmake_module/cmake)
[3.480s] -- Found Python3: /usr/bin/python3 (found version "3.12.3") found components: Interpreter Development NumPy Development.Module Development.Embed 
[3.543s] -- Added test 'lint_cmake' to check CMake code style
[3.548s] -- Added test 'xmllint' to check XML markup files
[3.572s] -- Configuring done (2.7s)
[3.827s] -- Generating done (0.2s)
[3.867s] -- Build files have been written to: /home/ros2/ros2_ws/build/motordriver_msgs
[3.900s] Invoked command in '/home/ros2/ros2_ws/build/motordriver_msgs' returned '0': CMAKE_PREFIX_PATH=${CMAKE_PREFIX_PATH}:/home/ros2/ros2_ws/install/uwb_tracking_ros2:/home/ros2/ros2_ws/install/sebot_navigation:/home/ros2/ros2_ws/install/motordriver:/home/ros2/ros2_ws/install/diffdrive:/opt/ros/jazzy DEBUGINFOD_URLS=https://debuginfod.ubuntu.com /usr/bin/cmake /home/ros2/ros2_ws/src/motordriver_msgs -DCMAKE_INSTALL_PREFIX=/home/ros2/ros2_ws/install/motordriver_msgs
[3.902s] Invoking command in '/home/ros2/ros2_ws/build/motordriver_msgs': CMAKE_PREFIX_PATH=${CMAKE_PREFIX_PATH}:/home/ros2/ros2_ws/install/uwb_tracking_ros2:/home/ros2/ros2_ws/install/sebot_navigation:/home/ros2/ros2_ws/install/motordriver:/home/ros2/ros2_ws/install/diffdrive:/opt/ros/jazzy DEBUGINFOD_URLS=https://debuginfod.ubuntu.com /usr/bin/cmake --build /home/ros2/ros2_ws/build/motordriver_msgs -- -j4 -l4
[4.159s] [  2%] Built target motordriver_msgs__rosidl_generator_type_description
[4.247s] [  2%] Built target ament_cmake_python_symlink_motordriver_msgs
[4.284s] [  5%] Built target motordriver_msgs__cpp
[4.286s] [ 20%] Built target motordriver_msgs__rosidl_generator_c
[4.388s] [ 29%] Built target motordriver_msgs__rosidl_typesupport_introspection_cpp
[4.401s] [ 38%] Built target motordriver_msgs__rosidl_typesupport_c
[4.416s] [ 47%] Built target motordriver_msgs__rosidl_typesupport_fastrtps_cpp
[4.632s] [ 55%] Built target motordriver_msgs__rosidl_typesupport_introspection_c
[4.636s] [ 64%] Built target motordriver_msgs__rosidl_typesupport_fastrtps_c
[4.665s] [ 73%] Built target motordriver_msgs__rosidl_typesupport_cpp
[4.757s] [ 73%] Built target motordriver_msgs
[4.916s] [ 76%] Built target motordriver_msgs__py
[4.952s] running egg_info
[4.992s] writing motordriver_msgs.egg-info/PKG-INFO
[4.992s] writing dependency_links to motordriver_msgs.egg-info/dependency_links.txt
[4.993s] writing top-level names to motordriver_msgs.egg-info/top_level.txt
[5.058s] [ 82%] Built target motordriver_msgs__rosidl_generator_py
[5.103s] reading manifest file 'motordriver_msgs.egg-info/SOURCES.txt'
[5.112s] writing manifest file 'motordriver_msgs.egg-info/SOURCES.txt'
[5.181s] [ 88%] Built target motordriver_msgs_s__rosidl_typesupport_fastrtps_c
[5.212s] [ 94%] Built target motordriver_msgs_s__rosidl_typesupport_introspection_c
[5.252s] [100%] Built target motordriver_msgs_s__rosidl_typesupport_c
[5.316s] [100%] Built target ament_cmake_python_build_motordriver_msgs_egg
[5.364s] Invoked command in '/home/ros2/ros2_ws/build/motordriver_msgs' returned '0': CMAKE_PREFIX_PATH=${CMAKE_PREFIX_PATH}:/home/ros2/ros2_ws/install/uwb_tracking_ros2:/home/ros2/ros2_ws/install/sebot_navigation:/home/ros2/ros2_ws/install/motordriver:/home/ros2/ros2_ws/install/diffdrive:/opt/ros/jazzy DEBUGINFOD_URLS=https://debuginfod.ubuntu.com /usr/bin/cmake --build /home/ros2/ros2_ws/build/motordriver_msgs -- -j4 -l4
[5.397s] Invoking command in '/home/ros2/ros2_ws/build/motordriver_msgs': CMAKE_PREFIX_PATH=${CMAKE_PREFIX_PATH}:/home/ros2/ros2_ws/install/uwb_tracking_ros2:/home/ros2/ros2_ws/install/sebot_navigation:/home/ros2/ros2_ws/install/motordriver:/home/ros2/ros2_ws/install/diffdrive:/opt/ros/jazzy DEBUGINFOD_URLS=https://debuginfod.ubuntu.com /usr/bin/cmake --install /home/ros2/ros2_ws/build/motordriver_msgs
[5.452s] -- Install configuration: ""
[5.458s] -- Execute custom install script
[5.461s] -- Up-to-date symlink: /home/ros2/ros2_ws/install/motordriver_msgs/share/ament_index/resource_index/rosidl_interfaces/motordriver_msgs
[5.461s] -- Up-to-date symlink: /home/ros2/ros2_ws/install/motordriver_msgs/share/motordriver_msgs/msg/MotordriverMessage.json
[5.467s] -- Up-to-date symlink: /home/ros2/ros2_ws/install/motordriver_msgs/include/motordriver_msgs/motordriver_msgs/msg/detail/motordriver_message__functions.h
[5.473s] -- Up-to-date symlink: /home/ros2/ros2_ws/install/motordriver_msgs/include/motordriver_msgs/motordriver_msgs/msg/detail/motordriver_message__struct.h
[5.479s] -- Up-to-date symlink: /home/ros2/ros2_ws/install/motordriver_msgs/include/motordriver_msgs/motordriver_msgs/msg/detail/motordriver_message__type_support.h
[5.479s] -- Up-to-date symlink: /home/ros2/ros2_ws/install/motordriver_msgs/include/motordriver_msgs/motordriver_msgs/msg/motordriver_message.h
[5.494s] -- Up-to-date symlink: /home/ros2/ros2_ws/install/motordriver_msgs/include/motordriver_msgs/motordriver_msgs/msg/rosidl_generator_c__visibility_control.h
[5.494s] -- Up-to-date symlink: /home/ros2/ros2_ws/install/motordriver_msgs/share/motordriver_msgs/environment/library_path.sh
[5.499s] -- Up-to-date symlink: /home/ros2/ros2_ws/install/motordriver_msgs/share/motordriver_msgs/environment/library_path.dsv
[5.514s] -- Up-to-date symlink: /home/ros2/ros2_ws/install/motordriver_msgs/include/motordriver_msgs/motordriver_msgs/msg/detail/motordriver_message__rosidl_typesupport_fastrtps_c.h
[5.514s] -- Up-to-date symlink: /home/ros2/ros2_ws/install/motordriver_msgs/include/motordriver_msgs/motordriver_msgs/msg/rosidl_typesupport_fastrtps_c__visibility_control.h
[5.523s] -- Up-to-date symlink: /home/ros2/ros2_ws/install/motordriver_msgs/include/motordriver_msgs/motordriver_msgs/msg/detail/motordriver_message__rosidl_typesupport_introspection_c.h
[5.523s] -- Up-to-date symlink: /home/ros2/ros2_ws/install/motordriver_msgs/include/motordriver_msgs/motordriver_msgs/msg/rosidl_typesupport_introspection_c__visibility_control.h
[5.536s] -- Up-to-date symlink: /home/ros2/ros2_ws/install/motordriver_msgs/include/motordriver_msgs/motordriver_msgs/msg/detail/motordriver_message__builder.hpp
[5.536s] -- Up-to-date symlink: /home/ros2/ros2_ws/install/motordriver_msgs/include/motordriver_msgs/motordriver_msgs/msg/detail/motordriver_message__struct.hpp
[5.543s] -- Up-to-date symlink: /home/ros2/ros2_ws/install/motordriver_msgs/include/motordriver_msgs/motordriver_msgs/msg/detail/motordriver_message__traits.hpp
[5.543s] -- Up-to-date symlink: /home/ros2/ros2_ws/install/motordriver_msgs/include/motordriver_msgs/motordriver_msgs/msg/detail/motordriver_message__type_support.hpp
[5.544s] -- Up-to-date symlink: /home/ros2/ros2_ws/install/motordriver_msgs/include/motordriver_msgs/motordriver_msgs/msg/motordriver_message.hpp
[5.544s] -- Up-to-date symlink: /home/ros2/ros2_ws/install/motordriver_msgs/include/motordriver_msgs/motordriver_msgs/msg/rosidl_generator_cpp__visibility_control.hpp
[5.564s] -- Up-to-date symlink: /home/ros2/ros2_ws/install/motordriver_msgs/include/motordriver_msgs/motordriver_msgs/msg/detail/motordriver_message__rosidl_typesupport_fastrtps_cpp.hpp
[5.576s] -- Up-to-date symlink: /home/ros2/ros2_ws/install/motordriver_msgs/include/motordriver_msgs/motordriver_msgs/msg/rosidl_typesupport_fastrtps_cpp__visibility_control.h
[5.576s] -- Up-to-date symlink: /home/ros2/ros2_ws/install/motordriver_msgs/include/motordriver_msgs/motordriver_msgs/msg/detail/motordriver_message__rosidl_typesupport_introspection_cpp.hpp
[5.576s] -- Up-to-date symlink: /home/ros2/ros2_ws/install/motordriver_msgs/share/motordriver_msgs/environment/pythonpath.sh
[5.576s] -- Up-to-date symlink: /home/ros2/ros2_ws/install/motordriver_msgs/share/motordriver_msgs/environment/pythonpath.dsv
[5.586s] -- Up-to-date symlink: /home/ros2/ros2_ws/install/motordriver_msgs/lib/python3.12/site-packages/motordriver_msgs-0.0.0-py3.12.egg-info/PKG-INFO
[5.587s] -- Up-to-date symlink: /home/ros2/ros2_ws/install/motordriver_msgs/lib/python3.12/site-packages/motordriver_msgs-0.0.0-py3.12.egg-info/SOURCES.txt
[5.596s] -- Up-to-date symlink: /home/ros2/ros2_ws/install/motordriver_msgs/lib/python3.12/site-packages/motordriver_msgs-0.0.0-py3.12.egg-info/dependency_links.txt
[5.597s] -- Up-to-date symlink: /home/ros2/ros2_ws/install/motordriver_msgs/lib/python3.12/site-packages/motordriver_msgs-0.0.0-py3.12.egg-info/top_level.txt
[5.608s] -- Up-to-date symlink: /home/ros2/ros2_ws/install/motordriver_msgs/lib/python3.12/site-packages/motordriver_msgs/__init__.py
[5.609s] -- Up-to-date symlink: /home/ros2/ros2_ws/install/motordriver_msgs/lib/python3.12/site-packages/motordriver_msgs/_motordriver_msgs_s.ep.rosidl_typesupport_c.c
[5.616s] -- Up-to-date symlink: /home/ros2/ros2_ws/install/motordriver_msgs/lib/python3.12/site-packages/motordriver_msgs/_motordriver_msgs_s.ep.rosidl_typesupport_fastrtps_c.c
[5.627s] -- Up-to-date symlink: /home/ros2/ros2_ws/install/motordriver_msgs/lib/python3.12/site-packages/motordriver_msgs/_motordriver_msgs_s.ep.rosidl_typesupport_introspection_c.c
[5.633s] -- Up-to-date symlink: /home/ros2/ros2_ws/install/motordriver_msgs/lib/python3.12/site-packages/motordriver_msgs/motordriver_msgs_s__rosidl_typesupport_c.so
[5.640s] -- Up-to-date symlink: /home/ros2/ros2_ws/install/motordriver_msgs/lib/python3.12/site-packages/motordriver_msgs/motordriver_msgs_s__rosidl_typesupport_fastrtps_c.so
[5.641s] -- Up-to-date symlink: /home/ros2/ros2_ws/install/motordriver_msgs/lib/python3.12/site-packages/motordriver_msgs/motordriver_msgs_s__rosidl_typesupport_introspection_c.so
[5.641s] -- Up-to-date symlink: /home/ros2/ros2_ws/install/motordriver_msgs/lib/python3.12/site-packages/motordriver_msgs/msg/__init__.py
[5.641s] -- Up-to-date symlink: /home/ros2/ros2_ws/install/motordriver_msgs/lib/python3.12/site-packages/motordriver_msgs/msg/_motordriver_message.py
[5.641s] -- Up-to-date symlink: /home/ros2/ros2_ws/install/motordriver_msgs/lib/python3.12/site-packages/motordriver_msgs/msg/_motordriver_message_s.c
[5.641s] -- Up-to-date symlink: /home/ros2/ros2_ws/install/motordriver_msgs/lib/python3.12/site-packages/motordriver_msgs/motordriver_msgs_s__rosidl_typesupport_fastrtps_c.so
[5.641s] -- Up-to-date symlink: /home/ros2/ros2_ws/install/motordriver_msgs/lib/python3.12/site-packages/motordriver_msgs/motordriver_msgs_s__rosidl_typesupport_introspection_c.so
[5.660s] -- Up-to-date symlink: /home/ros2/ros2_ws/install/motordriver_msgs/lib/python3.12/site-packages/motordriver_msgs/motordriver_msgs_s__rosidl_typesupport_c.so
[5.660s] -- Up-to-date symlink: /home/ros2/ros2_ws/install/motordriver_msgs/share/motordriver_msgs/msg/MotordriverMessage.idl
[5.665s] -- Up-to-date symlink: /home/ros2/ros2_ws/install/motordriver_msgs/share/motordriver_msgs/msg/MotordriverMessage.msg
[5.667s] -- Up-to-date symlink: /home/ros2/ros2_ws/install/motordriver_msgs/share/ament_index/resource_index/package_run_dependencies/motordriver_msgs
[5.670s] -- Up-to-date symlink: /home/ros2/ros2_ws/install/motordriver_msgs/share/ament_index/resource_index/parent_prefix_path/motordriver_msgs
[5.671s] -- Up-to-date symlink: /home/ros2/ros2_ws/install/motordriver_msgs/share/motordriver_msgs/environment/ament_prefix_path.sh
[5.672s] -- Up-to-date symlink: /home/ros2/ros2_ws/install/motordriver_msgs/share/motordriver_msgs/environment/ament_prefix_path.dsv
[5.673s] -- Up-to-date symlink: /home/ros2/ros2_ws/install/motordriver_msgs/share/motordriver_msgs/environment/path.sh
[5.676s] -- Up-to-date symlink: /home/ros2/ros2_ws/install/motordriver_msgs/share/motordriver_msgs/environment/path.dsv
[5.678s] -- Up-to-date symlink: /home/ros2/ros2_ws/install/motordriver_msgs/share/motordriver_msgs/local_setup.bash
[5.678s] -- Up-to-date symlink: /home/ros2/ros2_ws/install/motordriver_msgs/share/motordriver_msgs/local_setup.sh
[5.678s] -- Up-to-date symlink: /home/ros2/ros2_ws/install/motordriver_msgs/share/motordriver_msgs/local_setup.zsh
[5.678s] -- Up-to-date symlink: /home/ros2/ros2_ws/install/motordriver_msgs/share/motordriver_msgs/local_setup.dsv
[5.679s] -- Symlinking: /home/ros2/ros2_ws/install/motordriver_msgs/share/motordriver_msgs/package.dsv
[5.715s] -- Up-to-date symlink: /home/ros2/ros2_ws/install/motordriver_msgs/share/ament_index/resource_index/packages/motordriver_msgs
[5.715s] -- Up-to-date symlink: /home/ros2/ros2_ws/install/motordriver_msgs/share/motordriver_msgs/cmake/rosidl_cmake-extras.cmake
[5.715s] -- Up-to-date symlink: /home/ros2/ros2_ws/install/motordriver_msgs/share/motordriver_msgs/cmake/ament_cmake_export_include_directories-extras.cmake
[5.715s] -- Up-to-date symlink: /home/ros2/ros2_ws/install/motordriver_msgs/share/motordriver_msgs/cmake/ament_cmake_export_libraries-extras.cmake
[5.719s] -- Up-to-date symlink: /home/ros2/ros2_ws/install/motordriver_msgs/share/motordriver_msgs/cmake/ament_cmake_export_targets-extras.cmake
[5.719s] -- Up-to-date symlink: /home/ros2/ros2_ws/install/motordriver_msgs/share/motordriver_msgs/cmake/rosidl_cmake_export_typesupport_targets-extras.cmake
[5.720s] -- Up-to-date symlink: /home/ros2/ros2_ws/install/motordriver_msgs/share/motordriver_msgs/cmake/ament_cmake_export_dependencies-extras.cmake
[5.720s] -- Up-to-date symlink: /home/ros2/ros2_ws/install/motordriver_msgs/share/motordriver_msgs/cmake/rosidl_cmake_export_typesupport_libraries-extras.cmake
[5.720s] -- Up-to-date symlink: /home/ros2/ros2_ws/install/motordriver_msgs/share/motordriver_msgs/cmake/motordriver_msgsConfig.cmake
[5.720s] -- Up-to-date symlink: /home/ros2/ros2_ws/install/motordriver_msgs/share/motordriver_msgs/cmake/motordriver_msgsConfig-version.cmake
[5.720s] -- Up-to-date symlink: /home/ros2/ros2_ws/install/motordriver_msgs/share/motordriver_msgs/package.xml
[5.723s] -- Up-to-date: /home/ros2/ros2_ws/install/motordriver_msgs/lib/libmotordriver_msgs__rosidl_generator_c.so
[5.725s] -- Up-to-date: /home/ros2/ros2_ws/install/motordriver_msgs/lib/libmotordriver_msgs__rosidl_typesupport_fastrtps_c.so
[5.728s] -- Up-to-date: /home/ros2/ros2_ws/install/motordriver_msgs/lib/libmotordriver_msgs__rosidl_typesupport_introspection_c.so
[5.730s] -- Up-to-date: /home/ros2/ros2_ws/install/motordriver_msgs/lib/libmotordriver_msgs__rosidl_typesupport_c.so
[5.740s] -- Up-to-date: /home/ros2/ros2_ws/install/motordriver_msgs/lib/libmotordriver_msgs__rosidl_typesupport_fastrtps_cpp.so
[5.742s] -- Up-to-date: /home/ros2/ros2_ws/install/motordriver_msgs/lib/libmotordriver_msgs__rosidl_typesupport_introspection_cpp.so
[5.748s] -- Up-to-date: /home/ros2/ros2_ws/install/motordriver_msgs/lib/libmotordriver_msgs__rosidl_typesupport_cpp.so
[5.927s] Listing '/home/ros2/ros2_ws/install/motordriver_msgs/lib/python3.12/site-packages/motordriver_msgs'...
[5.927s] Compiling '/home/ros2/ros2_ws/install/motordriver_msgs/lib/python3.12/site-packages/motordriver_msgs/__init__.py'...
[5.928s] Listing '/home/ros2/ros2_ws/install/motordriver_msgs/lib/python3.12/site-packages/motordriver_msgs/msg'...
[5.966s] -- Up-to-date: /home/ros2/ros2_ws/install/motordriver_msgs/lib/libmotordriver_msgs__rosidl_generator_py.so
[5.967s] -- Up-to-date: /home/ros2/ros2_ws/install/motordriver_msgs/share/motordriver_msgs/cmake/export_motordriver_msgs__rosidl_generator_cExport.cmake
[5.967s] -- Up-to-date: /home/ros2/ros2_ws/install/motordriver_msgs/share/motordriver_msgs/cmake/export_motordriver_msgs__rosidl_generator_cExport-noconfig.cmake
[5.967s] -- Up-to-date: /home/ros2/ros2_ws/install/motordriver_msgs/share/motordriver_msgs/cmake/export_motordriver_msgs__rosidl_typesupport_fastrtps_cExport.cmake
[5.968s] -- Up-to-date: /home/ros2/ros2_ws/install/motordriver_msgs/share/motordriver_msgs/cmake/export_motordriver_msgs__rosidl_typesupport_fastrtps_cExport-noconfig.cmake
[5.968s] -- Up-to-date: /home/ros2/ros2_ws/install/motordriver_msgs/share/motordriver_msgs/cmake/motordriver_msgs__rosidl_typesupport_introspection_cExport.cmake
[5.968s] -- Up-to-date: /home/ros2/ros2_ws/install/motordriver_msgs/share/motordriver_msgs/cmake/motordriver_msgs__rosidl_typesupport_introspection_cExport-noconfig.cmake
[5.969s] -- Up-to-date: /home/ros2/ros2_ws/install/motordriver_msgs/share/motordriver_msgs/cmake/motordriver_msgs__rosidl_typesupport_cExport.cmake
[5.969s] -- Up-to-date: /home/ros2/ros2_ws/install/motordriver_msgs/share/motordriver_msgs/cmake/motordriver_msgs__rosidl_typesupport_cExport-noconfig.cmake
[5.969s] -- Up-to-date: /home/ros2/ros2_ws/install/motordriver_msgs/share/motordriver_msgs/cmake/export_motordriver_msgs__rosidl_generator_cppExport.cmake
[5.970s] -- Up-to-date: /home/ros2/ros2_ws/install/motordriver_msgs/share/motordriver_msgs/cmake/export_motordriver_msgs__rosidl_typesupport_fastrtps_cppExport.cmake
[5.970s] -- Up-to-date: /home/ros2/ros2_ws/install/motordriver_msgs/share/motordriver_msgs/cmake/export_motordriver_msgs__rosidl_typesupport_fastrtps_cppExport-noconfig.cmake
[5.970s] -- Up-to-date: /home/ros2/ros2_ws/install/motordriver_msgs/share/motordriver_msgs/cmake/motordriver_msgs__rosidl_typesupport_introspection_cppExport.cmake
[5.970s] -- Up-to-date: /home/ros2/ros2_ws/install/motordriver_msgs/share/motordriver_msgs/cmake/motordriver_msgs__rosidl_typesupport_introspection_cppExport-noconfig.cmake
[5.973s] -- Up-to-date: /home/ros2/ros2_ws/install/motordriver_msgs/share/motordriver_msgs/cmake/motordriver_msgs__rosidl_typesupport_cppExport.cmake
[5.978s] -- Up-to-date: /home/ros2/ros2_ws/install/motordriver_msgs/share/motordriver_msgs/cmake/motordriver_msgs__rosidl_typesupport_cppExport-noconfig.cmake
[5.978s] -- Up-to-date: /home/ros2/ros2_ws/install/motordriver_msgs/share/motordriver_msgs/cmake/export_motordriver_msgs__rosidl_generator_pyExport.cmake
[5.978s] -- Up-to-date: /home/ros2/ros2_ws/install/motordriver_msgs/share/motordriver_msgs/cmake/export_motordriver_msgs__rosidl_generator_pyExport-noconfig.cmake
[5.993s] Invoked command in '/home/ros2/ros2_ws/build/motordriver_msgs' returned '0': CMAKE_PREFIX_PATH=${CMAKE_PREFIX_PATH}:/home/ros2/ros2_ws/install/uwb_tracking_ros2:/home/ros2/ros2_ws/install/sebot_navigation:/home/ros2/ros2_ws/install/motordriver:/home/ros2/ros2_ws/install/diffdrive:/opt/ros/jazzy DEBUGINFOD_URLS=https://debuginfod.ubuntu.com /usr/bin/cmake --install /home/ros2/ros2_ws/build/motordriver_msgs
