[0.017s] Invoking command in '/home/ros2/ros2_ws/build/sebot_localization': CMAKE_PREFIX_PATH=${CMAKE_PREFIX_PATH}:/home/ros2/ros2_ws/install/uwb_tracking_ros2:/home/ros2/ros2_ws/install/sebot_navigation:/home/ros2/ros2_ws/install/motordriver:/home/ros2/ros2_ws/install/diffdrive:/opt/ros/jazzy DEBUGINFOD_URLS=https://debuginfod.ubuntu.com /usr/bin/cmake --build /home/ros2/ros2_ws/build/sebot_localization -- -j4 -l4
[0.145s] [ 33%] Built target ekf_node
[0.145s] [ 66%] Built target uwb_transform_node
[0.167s] [ 83%] [32mBuilding CXX object CMakeFiles/uwb_transform_dual_ekf_node.dir/src/uwb_transform_dual_ekf.cpp.o[0m
[5.925s] [01m[K/home/ros2/ros2_ws/src/sebot_localization /src/uwb_transform_dual_ekf.cpp:[m[K In constructor ‘[01m[KUwbTransformNode::[01;32m[KUwbTransformNode[m[K()[m[K’:
[5.925s] [01m[K/home/ros2/ros2_ws/src/sebot_localization /src/uwb_transform_dual_ekf.cpp:209:9:[m[K [01;31m[Kerror: [m[K‘[01m[Kfirst_uwb_after_datum_[m[K’ was not declared in this scope
[5.925s]   209 |         [01;31m[Kfirst_uwb_after_datum_[m[K = true;
[5.925s]       |         [01;31m[K^~~~~~~~~~~~~~~~~~~~~~[m[K
[5.951s] [01m[K/home/ros2/ros2_ws/src/sebot_localization /src/uwb_transform_dual_ekf.cpp:210:9:[m[K [01;31m[Kerror: [m[K‘[01m[Kmax_uwb_jump_[m[K’ was not declared in this scope
[5.951s]   210 |         [01;31m[Kmax_uwb_jump_[m[K = 0.2;
[5.952s]       |         [01;31m[K^~~~~~~~~~~~~[m[K
[5.985s] [01m[K/home/ros2/ros2_ws/src/sebot_localization /src/uwb_transform_dual_ekf.cpp:211:9:[m[K [01;31m[Kerror: [m[K‘[01m[Klast_valid_uwb_pos_[m[K’ was not declared in this scope
[5.985s]   211 |         [01;31m[Klast_valid_uwb_pos_[m[K = Eigen::Vector2d(0.0, 0.0);
[5.985s]       |         [01;31m[K^~~~~~~~~~~~~~~~~~~[m[K
[6.023s] [01m[K/home/ros2/ros2_ws/src/sebot_localization /src/uwb_transform_dual_ekf.cpp:[m[K In member function ‘[01m[Kbool UwbTransformNode::[01;32m[KisOutlier[m[K(const Eigen::Vector2d&)[m[K’:
[6.024s] [01m[K/home/ros2/ros2_ws/src/sebot_localization /src/uwb_transform_dual_ekf.cpp:219:13:[m[K [01;31m[Kerror: [m[K‘[01m[Kfirst_uwb_after_datum_[m[K’ was not declared in this scope
[6.024s]   219 |         if ([01;31m[Kfirst_uwb_after_datum_[m[K) {
[6.024s]       |             [01;31m[K^~~~~~~~~~~~~~~~~~~~~~[m[K
[6.057s] [01m[K/home/ros2/ros2_ws/src/sebot_localization /src/uwb_transform_dual_ekf.cpp:220:13:[m[K [01;31m[Kerror: [m[K‘[01m[Klast_valid_uwb_pos_[m[K’ was not declared in this scope
[6.057s]   220 |             [01;31m[Klast_valid_uwb_pos_[m[K = current_pos;
[6.057s]       |             [01;31m[K^~~~~~~~~~~~~~~~~~~[m[K
[6.090s] [01m[K/home/ros2/ros2_ws/src/sebot_localization /src/uwb_transform_dual_ekf.cpp:225:47:[m[K [01;31m[Kerror: [m[K‘[01m[Klast_valid_uwb_pos_[m[K’ was not declared in this scope
[6.090s]   225 |         double jump_distance = (current_pos - [01;31m[Klast_valid_uwb_pos_[m[K).norm();
[6.090s]       |                                               [01;31m[K^~~~~~~~~~~~~~~~~~~[m[K
[6.116s] [01m[K/home/ros2/ros2_ws/src/sebot_localization /src/uwb_transform_dual_ekf.cpp:227:29:[m[K [01;31m[Kerror: [m[K‘[01m[Kmax_uwb_jump_[m[K’ was not declared in this scope
[6.116s]   227 |         if (jump_distance > [01;31m[Kmax_uwb_jump_[m[K) {
[6.116s]       |                             [01;31m[K^~~~~~~~~~~~~[m[K
[11.502s] gmake[2]: *** [CMakeFiles/uwb_transform_dual_ekf_node.dir/build.make:76: CMakeFiles/uwb_transform_dual_ekf_node.dir/src/uwb_transform_dual_ekf.cpp.o] Error 1
[11.502s] gmake[1]: *** [CMakeFiles/Makefile2:193: CMakeFiles/uwb_transform_dual_ekf_node.dir/all] Error 2
[11.503s] gmake: *** [Makefile:146: all] Error 2
[11.507s] Invoked command in '/home/ros2/ros2_ws/build/sebot_localization' returned '2': CMAKE_PREFIX_PATH=${CMAKE_PREFIX_PATH}:/home/ros2/ros2_ws/install/uwb_tracking_ros2:/home/ros2/ros2_ws/install/sebot_navigation:/home/ros2/ros2_ws/install/motordriver:/home/ros2/ros2_ws/install/diffdrive:/opt/ros/jazzy DEBUGINFOD_URLS=https://debuginfod.ubuntu.com /usr/bin/cmake --build /home/ros2/ros2_ws/build/sebot_localization -- -j4 -l4
