[0.060s] Invoking command in '/home/ros2/ros2_ws/build/xsens_mti_ros2_driver': CMAKE_PREFIX_PATH=${CMAKE_PREFIX_PATH}:/home/ros2/ros2_ws/install/uwb_tracking_ros2:/home/ros2/ros2_ws/install/sebot_navigation:/home/ros2/ros2_ws/install/motordriver:/home/ros2/ros2_ws/install/diffdrive:/opt/ros/jazzy DEBUGINFOD_URLS=https://debuginfod.ubuntu.com /usr/bin/cmake --build /home/ros2/ros2_ws/build/xsens_mti_ros2_driver -- -j4 -l4
[0.499s] [ 16%] Built target xspublic
[0.523s] [ 18%] Built target xsens_mti_ros2_driver__rosidl_generator_type_description
[0.571s] [ 18%] Built target ament_cmake_python_symlink_xsens_mti_ros2_driver
[0.657s] [ 28%] Built target xsens_mti_ros2_driver__rosidl_generator_c
[0.669s] [ 30%] Built target xsens_mti_ros2_driver__cpp
[0.793s] [ 36%] Built target xsens_mti_ros2_driver__rosidl_typesupport_fastrtps_c
[0.837s] [ 42%] Built target xsens_mti_ros2_driver__rosidl_typesupport_introspection_c
[0.876s] [ 48%] Built target xsens_mti_ros2_driver__rosidl_typesupport_c
[0.983s] [ 55%] Built target xsens_mti_ros2_driver__rosidl_typesupport_introspection_cpp
[0.988s] [ 61%] Built target xsens_mti_ros2_driver__rosidl_typesupport_cpp
[1.007s] [ 67%] Built target xsens_mti_ros2_driver__rosidl_typesupport_fastrtps_cpp
[1.125s] [ 67%] Built target xsens_mti_ros2_driver
[1.222s] [ 69%] Built target xsens_mti_ros2_driver__py
[1.317s] [ 83%] Built target xsens_mti_node
[1.352s] [ 87%] Built target xsens_mti_ros2_driver__rosidl_generator_py
[1.503s] [ 91%] Built target xsens_mti_ros2_driver_s__rosidl_typesupport_introspection_c
[1.560s] [ 95%] Built target xsens_mti_ros2_driver_s__rosidl_typesupport_fastrtps_c
[1.561s] [100%] Built target xsens_mti_ros2_driver_s__rosidl_typesupport_c
[2.143s] running egg_info
[2.341s] writing xsens_mti_ros2_driver.egg-info/PKG-INFO
[2.342s] writing dependency_links to xsens_mti_ros2_driver.egg-info/dependency_links.txt
[2.342s] writing top-level names to xsens_mti_ros2_driver.egg-info/top_level.txt
[2.844s] reading manifest file 'xsens_mti_ros2_driver.egg-info/SOURCES.txt'
[2.846s] writing manifest file 'xsens_mti_ros2_driver.egg-info/SOURCES.txt'
[3.332s] [100%] Built target ament_cmake_python_build_xsens_mti_ros2_driver_egg
[3.423s] Invoked command in '/home/ros2/ros2_ws/build/xsens_mti_ros2_driver' returned '0': CMAKE_PREFIX_PATH=${CMAKE_PREFIX_PATH}:/home/ros2/ros2_ws/install/uwb_tracking_ros2:/home/ros2/ros2_ws/install/sebot_navigation:/home/ros2/ros2_ws/install/motordriver:/home/ros2/ros2_ws/install/diffdrive:/opt/ros/jazzy DEBUGINFOD_URLS=https://debuginfod.ubuntu.com /usr/bin/cmake --build /home/ros2/ros2_ws/build/xsens_mti_ros2_driver -- -j4 -l4
[3.430s] Invoking command in '/home/ros2/ros2_ws/build/xsens_mti_ros2_driver': CMAKE_PREFIX_PATH=${CMAKE_PREFIX_PATH}:/home/ros2/ros2_ws/install/uwb_tracking_ros2:/home/ros2/ros2_ws/install/sebot_navigation:/home/ros2/ros2_ws/install/motordriver:/home/ros2/ros2_ws/install/diffdrive:/opt/ros/jazzy DEBUGINFOD_URLS=https://debuginfod.ubuntu.com /usr/bin/cmake --install /home/ros2/ros2_ws/build/xsens_mti_ros2_driver
[3.511s] -- Install configuration: ""
[3.515s] -- Execute custom install script
[3.515s] -- Up-to-date symlink: /home/ros2/ros2_ws/install/xsens_mti_ros2_driver/share/ament_index/resource_index/rosidl_interfaces/xsens_mti_ros2_driver
[3.516s] -- Up-to-date symlink: /home/ros2/ros2_ws/install/xsens_mti_ros2_driver/share/xsens_mti_ros2_driver/msg/XsStatusWord.json
[3.516s] -- Up-to-date symlink: /home/ros2/ros2_ws/install/xsens_mti_ros2_driver/include/xsens_mti_ros2_driver/xsens_mti_ros2_driver/msg/detail/xs_status_word__functions.h
[3.516s] -- Up-to-date symlink: /home/ros2/ros2_ws/install/xsens_mti_ros2_driver/include/xsens_mti_ros2_driver/xsens_mti_ros2_driver/msg/detail/xs_status_word__struct.h
[3.516s] -- Up-to-date symlink: /home/ros2/ros2_ws/install/xsens_mti_ros2_driver/include/xsens_mti_ros2_driver/xsens_mti_ros2_driver/msg/detail/xs_status_word__type_support.h
[3.517s] -- Up-to-date symlink: /home/ros2/ros2_ws/install/xsens_mti_ros2_driver/include/xsens_mti_ros2_driver/xsens_mti_ros2_driver/msg/rosidl_generator_c__visibility_control.h
[3.517s] -- Up-to-date symlink: /home/ros2/ros2_ws/install/xsens_mti_ros2_driver/include/xsens_mti_ros2_driver/xsens_mti_ros2_driver/msg/xs_status_word.h
[3.521s] -- Up-to-date symlink: /home/ros2/ros2_ws/install/xsens_mti_ros2_driver/share/xsens_mti_ros2_driver/environment/library_path.sh
[3.521s] -- Up-to-date symlink: /home/ros2/ros2_ws/install/xsens_mti_ros2_driver/share/xsens_mti_ros2_driver/environment/library_path.dsv
[3.524s] -- Up-to-date symlink: /home/ros2/ros2_ws/install/xsens_mti_ros2_driver/include/xsens_mti_ros2_driver/xsens_mti_ros2_driver/msg/detail/xs_status_word__rosidl_typesupport_fastrtps_c.h
[3.525s] -- Up-to-date symlink: /home/ros2/ros2_ws/install/xsens_mti_ros2_driver/include/xsens_mti_ros2_driver/xsens_mti_ros2_driver/msg/rosidl_typesupport_fastrtps_c__visibility_control.h
[3.525s] -- Up-to-date symlink: /home/ros2/ros2_ws/install/xsens_mti_ros2_driver/include/xsens_mti_ros2_driver/xsens_mti_ros2_driver/msg/detail/xs_status_word__builder.hpp
[3.525s] -- Up-to-date symlink: /home/ros2/ros2_ws/install/xsens_mti_ros2_driver/include/xsens_mti_ros2_driver/xsens_mti_ros2_driver/msg/detail/xs_status_word__struct.hpp
[3.525s] -- Up-to-date symlink: /home/ros2/ros2_ws/install/xsens_mti_ros2_driver/include/xsens_mti_ros2_driver/xsens_mti_ros2_driver/msg/detail/xs_status_word__traits.hpp
[3.525s] -- Up-to-date symlink: /home/ros2/ros2_ws/install/xsens_mti_ros2_driver/include/xsens_mti_ros2_driver/xsens_mti_ros2_driver/msg/detail/xs_status_word__type_support.hpp
[3.525s] -- Up-to-date symlink: /home/ros2/ros2_ws/install/xsens_mti_ros2_driver/include/xsens_mti_ros2_driver/xsens_mti_ros2_driver/msg/rosidl_generator_cpp__visibility_control.hpp
[3.526s] -- Up-to-date symlink: /home/ros2/ros2_ws/install/xsens_mti_ros2_driver/include/xsens_mti_ros2_driver/xsens_mti_ros2_driver/msg/xs_status_word.hpp
[3.527s] -- Up-to-date symlink: /home/ros2/ros2_ws/install/xsens_mti_ros2_driver/include/xsens_mti_ros2_driver/xsens_mti_ros2_driver/msg/detail/xs_status_word__rosidl_typesupport_fastrtps_cpp.hpp
[3.527s] -- Up-to-date symlink: /home/ros2/ros2_ws/install/xsens_mti_ros2_driver/include/xsens_mti_ros2_driver/xsens_mti_ros2_driver/msg/rosidl_typesupport_fastrtps_cpp__visibility_control.h
[3.532s] -- Up-to-date symlink: /home/ros2/ros2_ws/install/xsens_mti_ros2_driver/include/xsens_mti_ros2_driver/xsens_mti_ros2_driver/msg/detail/xs_status_word__rosidl_typesupport_introspection_c.h
[3.533s] -- Up-to-date symlink: /home/ros2/ros2_ws/install/xsens_mti_ros2_driver/include/xsens_mti_ros2_driver/xsens_mti_ros2_driver/msg/rosidl_typesupport_introspection_c__visibility_control.h
[3.533s] -- Up-to-date symlink: /home/ros2/ros2_ws/install/xsens_mti_ros2_driver/include/xsens_mti_ros2_driver/xsens_mti_ros2_driver/msg/detail/xs_status_word__rosidl_typesupport_introspection_cpp.hpp
[3.533s] -- Up-to-date symlink: /home/ros2/ros2_ws/install/xsens_mti_ros2_driver/share/xsens_mti_ros2_driver/environment/pythonpath.sh
[3.533s] -- Up-to-date symlink: /home/ros2/ros2_ws/install/xsens_mti_ros2_driver/share/xsens_mti_ros2_driver/environment/pythonpath.dsv
[3.533s] -- Up-to-date symlink: /home/ros2/ros2_ws/install/xsens_mti_ros2_driver/lib/python3.12/site-packages/xsens_mti_ros2_driver-1.0.2-py3.12.egg-info/PKG-INFO
[3.533s] -- Up-to-date symlink: /home/ros2/ros2_ws/install/xsens_mti_ros2_driver/lib/python3.12/site-packages/xsens_mti_ros2_driver-1.0.2-py3.12.egg-info/SOURCES.txt
[3.538s] -- Up-to-date symlink: /home/ros2/ros2_ws/install/xsens_mti_ros2_driver/lib/python3.12/site-packages/xsens_mti_ros2_driver-1.0.2-py3.12.egg-info/dependency_links.txt
[3.538s] -- Up-to-date symlink: /home/ros2/ros2_ws/install/xsens_mti_ros2_driver/lib/python3.12/site-packages/xsens_mti_ros2_driver-1.0.2-py3.12.egg-info/top_level.txt
[3.538s] -- Up-to-date symlink: /home/ros2/ros2_ws/install/xsens_mti_ros2_driver/lib/python3.12/site-packages/xsens_mti_ros2_driver/__init__.py
[3.539s] -- Up-to-date symlink: /home/ros2/ros2_ws/install/xsens_mti_ros2_driver/lib/python3.12/site-packages/xsens_mti_ros2_driver/_xsens_mti_ros2_driver_s.ep.rosidl_typesupport_c.c
[3.539s] -- Up-to-date symlink: /home/ros2/ros2_ws/install/xsens_mti_ros2_driver/lib/python3.12/site-packages/xsens_mti_ros2_driver/_xsens_mti_ros2_driver_s.ep.rosidl_typesupport_fastrtps_c.c
[3.540s] -- Up-to-date symlink: /home/ros2/ros2_ws/install/xsens_mti_ros2_driver/lib/python3.12/site-packages/xsens_mti_ros2_driver/_xsens_mti_ros2_driver_s.ep.rosidl_typesupport_introspection_c.c
[3.541s] -- Up-to-date symlink: /home/ros2/ros2_ws/install/xsens_mti_ros2_driver/lib/python3.12/site-packages/xsens_mti_ros2_driver/msg/__init__.py
[3.541s] -- Up-to-date symlink: /home/ros2/ros2_ws/install/xsens_mti_ros2_driver/lib/python3.12/site-packages/xsens_mti_ros2_driver/msg/_xs_status_word.py
[3.541s] -- Up-to-date symlink: /home/ros2/ros2_ws/install/xsens_mti_ros2_driver/lib/python3.12/site-packages/xsens_mti_ros2_driver/msg/_xs_status_word_s.c
[3.547s] -- Up-to-date symlink: /home/ros2/ros2_ws/install/xsens_mti_ros2_driver/lib/python3.12/site-packages/xsens_mti_ros2_driver/xsens_mti_ros2_driver_s__rosidl_typesupport_c.so
[3.547s] -- Up-to-date symlink: /home/ros2/ros2_ws/install/xsens_mti_ros2_driver/lib/python3.12/site-packages/xsens_mti_ros2_driver/xsens_mti_ros2_driver_s__rosidl_typesupport_fastrtps_c.so
[3.547s] -- Up-to-date symlink: /home/ros2/ros2_ws/install/xsens_mti_ros2_driver/lib/python3.12/site-packages/xsens_mti_ros2_driver/xsens_mti_ros2_driver_s__rosidl_typesupport_introspection_c.so
[3.548s] -- Up-to-date symlink: /home/ros2/ros2_ws/install/xsens_mti_ros2_driver/lib/python3.12/site-packages/xsens_mti_ros2_driver/xsens_mti_ros2_driver_s__rosidl_typesupport_fastrtps_c.so
[3.548s] -- Up-to-date symlink: /home/ros2/ros2_ws/install/xsens_mti_ros2_driver/lib/python3.12/site-packages/xsens_mti_ros2_driver/xsens_mti_ros2_driver_s__rosidl_typesupport_introspection_c.so
[3.549s] -- Up-to-date symlink: /home/ros2/ros2_ws/install/xsens_mti_ros2_driver/lib/python3.12/site-packages/xsens_mti_ros2_driver/xsens_mti_ros2_driver_s__rosidl_typesupport_c.so
[3.549s] -- Up-to-date symlink: /home/ros2/ros2_ws/install/xsens_mti_ros2_driver/share/xsens_mti_ros2_driver/msg/XsStatusWord.idl
[3.554s] -- Up-to-date symlink: /home/ros2/ros2_ws/install/xsens_mti_ros2_driver/share/xsens_mti_ros2_driver/msg/XsStatusWord.msg
[3.554s] -- Up-to-date symlink: /home/ros2/ros2_ws/install/xsens_mti_ros2_driver/share/xsens_mti_ros2_driver/launch/display.launch.py
[3.554s] -- Up-to-date symlink: /home/ros2/ros2_ws/install/xsens_mti_ros2_driver/share/xsens_mti_ros2_driver/launch/xsens_mti_node.launch.py
[3.555s] -- Up-to-date symlink: /home/ros2/ros2_ws/install/xsens_mti_ros2_driver/share/xsens_mti_ros2_driver/param/xsens_mti_node.yaml
[3.555s] -- Up-to-date symlink: /home/ros2/ros2_ws/install/xsens_mti_ros2_driver/share/xsens_mti_ros2_driver/rviz/display.rviz
[3.555s] -- Up-to-date symlink: /home/ros2/ros2_ws/install/xsens_mti_ros2_driver/share/xsens_mti_ros2_driver/urdf/MTi_1.stl
[3.555s] -- Up-to-date symlink: /home/ros2/ros2_ws/install/xsens_mti_ros2_driver/share/xsens_mti_ros2_driver/urdf/MTi_1.urdf
[3.555s] -- Up-to-date symlink: /home/ros2/ros2_ws/install/xsens_mti_ros2_driver/share/xsens_mti_ros2_driver/urdf/MTi_10.stl
[3.556s] -- Up-to-date symlink: /home/ros2/ros2_ws/install/xsens_mti_ros2_driver/share/xsens_mti_ros2_driver/urdf/MTi_10.urdf
[3.557s] -- Up-to-date symlink: /home/ros2/ros2_ws/install/xsens_mti_ros2_driver/share/xsens_mti_ros2_driver/urdf/MTi_6xx.stl
[3.557s] -- Up-to-date symlink: /home/ros2/ros2_ws/install/xsens_mti_ros2_driver/share/xsens_mti_ros2_driver/urdf/MTi_6xx.urdf
[3.557s] -- Up-to-date symlink: /home/ros2/ros2_ws/install/xsens_mti_ros2_driver/share/ament_index/resource_index/package_run_dependencies/xsens_mti_ros2_driver
[3.557s] -- Up-to-date symlink: /home/ros2/ros2_ws/install/xsens_mti_ros2_driver/share/ament_index/resource_index/parent_prefix_path/xsens_mti_ros2_driver
[3.557s] -- Up-to-date symlink: /home/ros2/ros2_ws/install/xsens_mti_ros2_driver/share/xsens_mti_ros2_driver/environment/ament_prefix_path.sh
[3.563s] -- Up-to-date symlink: /home/ros2/ros2_ws/install/xsens_mti_ros2_driver/share/xsens_mti_ros2_driver/environment/ament_prefix_path.dsv
[3.563s] -- Up-to-date symlink: /home/ros2/ros2_ws/install/xsens_mti_ros2_driver/share/xsens_mti_ros2_driver/environment/path.sh
[3.563s] -- Up-to-date symlink: /home/ros2/ros2_ws/install/xsens_mti_ros2_driver/share/xsens_mti_ros2_driver/environment/path.dsv
[3.564s] -- Up-to-date symlink: /home/ros2/ros2_ws/install/xsens_mti_ros2_driver/share/xsens_mti_ros2_driver/local_setup.bash
[3.564s] -- Up-to-date symlink: /home/ros2/ros2_ws/install/xsens_mti_ros2_driver/share/xsens_mti_ros2_driver/local_setup.sh
[3.564s] -- Up-to-date symlink: /home/ros2/ros2_ws/install/xsens_mti_ros2_driver/share/xsens_mti_ros2_driver/local_setup.zsh
[3.564s] -- Up-to-date symlink: /home/ros2/ros2_ws/install/xsens_mti_ros2_driver/share/xsens_mti_ros2_driver/local_setup.dsv
[3.564s] -- Symlinking: /home/ros2/ros2_ws/install/xsens_mti_ros2_driver/share/xsens_mti_ros2_driver/package.dsv
[3.622s] -- Up-to-date symlink: /home/ros2/ros2_ws/install/xsens_mti_ros2_driver/share/ament_index/resource_index/packages/xsens_mti_ros2_driver
[3.622s] -- Up-to-date symlink: /home/ros2/ros2_ws/install/xsens_mti_ros2_driver/share/xsens_mti_ros2_driver/cmake/rosidl_cmake-extras.cmake
[3.623s] -- Up-to-date symlink: /home/ros2/ros2_ws/install/xsens_mti_ros2_driver/share/xsens_mti_ros2_driver/cmake/ament_cmake_export_dependencies-extras.cmake
[3.624s] -- Up-to-date symlink: /home/ros2/ros2_ws/install/xsens_mti_ros2_driver/share/xsens_mti_ros2_driver/cmake/ament_cmake_export_include_directories-extras.cmake
[3.624s] -- Up-to-date symlink: /home/ros2/ros2_ws/install/xsens_mti_ros2_driver/share/xsens_mti_ros2_driver/cmake/ament_cmake_export_libraries-extras.cmake
[3.624s] -- Up-to-date symlink: /home/ros2/ros2_ws/install/xsens_mti_ros2_driver/share/xsens_mti_ros2_driver/cmake/ament_cmake_export_targets-extras.cmake
[3.626s] -- Up-to-date symlink: /home/ros2/ros2_ws/install/xsens_mti_ros2_driver/share/xsens_mti_ros2_driver/cmake/rosidl_cmake_export_typesupport_targets-extras.cmake
[3.628s] -- Up-to-date symlink: /home/ros2/ros2_ws/install/xsens_mti_ros2_driver/share/xsens_mti_ros2_driver/cmake/rosidl_cmake_export_typesupport_libraries-extras.cmake
[3.630s] -- Up-to-date symlink: /home/ros2/ros2_ws/install/xsens_mti_ros2_driver/share/xsens_mti_ros2_driver/cmake/xsens_mti_ros2_driverConfig.cmake
[3.633s] -- Up-to-date symlink: /home/ros2/ros2_ws/install/xsens_mti_ros2_driver/share/xsens_mti_ros2_driver/cmake/xsens_mti_ros2_driverConfig-version.cmake
[3.633s] -- Up-to-date symlink: /home/ros2/ros2_ws/install/xsens_mti_ros2_driver/share/xsens_mti_ros2_driver/package.xml
[3.638s] -- Up-to-date: /home/ros2/ros2_ws/install/xsens_mti_ros2_driver/lib/libxsens_mti_ros2_driver__rosidl_generator_c.so
[3.647s] -- Up-to-date: /home/ros2/ros2_ws/install/xsens_mti_ros2_driver/lib/libxsens_mti_ros2_driver__rosidl_typesupport_fastrtps_c.so
[3.649s] -- Up-to-date: /home/ros2/ros2_ws/install/xsens_mti_ros2_driver/lib/libxsens_mti_ros2_driver__rosidl_typesupport_fastrtps_cpp.so
[3.652s] -- Up-to-date: /home/ros2/ros2_ws/install/xsens_mti_ros2_driver/lib/libxsens_mti_ros2_driver__rosidl_typesupport_introspection_c.so
[3.660s] -- Up-to-date: /home/ros2/ros2_ws/install/xsens_mti_ros2_driver/lib/libxsens_mti_ros2_driver__rosidl_typesupport_c.so
[3.665s] -- Up-to-date: /home/ros2/ros2_ws/install/xsens_mti_ros2_driver/lib/libxsens_mti_ros2_driver__rosidl_typesupport_introspection_cpp.so
[3.671s] -- Up-to-date: /home/ros2/ros2_ws/install/xsens_mti_ros2_driver/lib/libxsens_mti_ros2_driver__rosidl_typesupport_cpp.so
[3.806s] Listing '/home/ros2/ros2_ws/install/xsens_mti_ros2_driver/lib/python3.12/site-packages/xsens_mti_ros2_driver'...
[3.806s] Listing '/home/ros2/ros2_ws/install/xsens_mti_ros2_driver/lib/python3.12/site-packages/xsens_mti_ros2_driver/msg'...
[3.864s] -- Up-to-date: /home/ros2/ros2_ws/install/xsens_mti_ros2_driver/lib/libxsens_mti_ros2_driver__rosidl_generator_py.so
[3.864s] -- Up-to-date: /home/ros2/ros2_ws/install/xsens_mti_ros2_driver/lib/xsens_mti_ros2_driver/xsens_mti_node
[3.865s] -- Up-to-date: /home/ros2/ros2_ws/install/xsens_mti_ros2_driver/share/xsens_mti_ros2_driver/cmake/export_xsens_mti_ros2_driver__rosidl_generator_cExport.cmake
[3.865s] -- Up-to-date: /home/ros2/ros2_ws/install/xsens_mti_ros2_driver/share/xsens_mti_ros2_driver/cmake/export_xsens_mti_ros2_driver__rosidl_generator_cExport-noconfig.cmake
[3.866s] -- Up-to-date: /home/ros2/ros2_ws/install/xsens_mti_ros2_driver/share/xsens_mti_ros2_driver/cmake/export_xsens_mti_ros2_driver__rosidl_typesupport_fastrtps_cExport.cmake
[3.868s] -- Up-to-date: /home/ros2/ros2_ws/install/xsens_mti_ros2_driver/share/xsens_mti_ros2_driver/cmake/export_xsens_mti_ros2_driver__rosidl_typesupport_fastrtps_cExport-noconfig.cmake
[3.868s] -- Up-to-date: /home/ros2/ros2_ws/install/xsens_mti_ros2_driver/share/xsens_mti_ros2_driver/cmake/export_xsens_mti_ros2_driver__rosidl_generator_cppExport.cmake
[3.868s] -- Up-to-date: /home/ros2/ros2_ws/install/xsens_mti_ros2_driver/share/xsens_mti_ros2_driver/cmake/export_xsens_mti_ros2_driver__rosidl_typesupport_fastrtps_cppExport.cmake
[3.868s] -- Up-to-date: /home/ros2/ros2_ws/install/xsens_mti_ros2_driver/share/xsens_mti_ros2_driver/cmake/export_xsens_mti_ros2_driver__rosidl_typesupport_fastrtps_cppExport-noconfig.cmake
[3.879s] -- Up-to-date: /home/ros2/ros2_ws/install/xsens_mti_ros2_driver/share/xsens_mti_ros2_driver/cmake/xsens_mti_ros2_driver__rosidl_typesupport_introspection_cExport.cmake
[3.879s] -- Up-to-date: /home/ros2/ros2_ws/install/xsens_mti_ros2_driver/share/xsens_mti_ros2_driver/cmake/xsens_mti_ros2_driver__rosidl_typesupport_introspection_cExport-noconfig.cmake
[3.879s] -- Up-to-date: /home/ros2/ros2_ws/install/xsens_mti_ros2_driver/share/xsens_mti_ros2_driver/cmake/xsens_mti_ros2_driver__rosidl_typesupport_cExport.cmake
[3.879s] -- Up-to-date: /home/ros2/ros2_ws/install/xsens_mti_ros2_driver/share/xsens_mti_ros2_driver/cmake/xsens_mti_ros2_driver__rosidl_typesupport_cExport-noconfig.cmake
[3.879s] -- Up-to-date: /home/ros2/ros2_ws/install/xsens_mti_ros2_driver/share/xsens_mti_ros2_driver/cmake/xsens_mti_ros2_driver__rosidl_typesupport_introspection_cppExport.cmake
[3.880s] -- Up-to-date: /home/ros2/ros2_ws/install/xsens_mti_ros2_driver/share/xsens_mti_ros2_driver/cmake/xsens_mti_ros2_driver__rosidl_typesupport_introspection_cppExport-noconfig.cmake
[3.880s] -- Up-to-date: /home/ros2/ros2_ws/install/xsens_mti_ros2_driver/share/xsens_mti_ros2_driver/cmake/xsens_mti_ros2_driver__rosidl_typesupport_cppExport.cmake
[3.880s] -- Up-to-date: /home/ros2/ros2_ws/install/xsens_mti_ros2_driver/share/xsens_mti_ros2_driver/cmake/xsens_mti_ros2_driver__rosidl_typesupport_cppExport-noconfig.cmake
[3.880s] -- Up-to-date: /home/ros2/ros2_ws/install/xsens_mti_ros2_driver/share/xsens_mti_ros2_driver/cmake/export_xsens_mti_ros2_driver__rosidl_generator_pyExport.cmake
[3.880s] -- Up-to-date: /home/ros2/ros2_ws/install/xsens_mti_ros2_driver/share/xsens_mti_ros2_driver/cmake/export_xsens_mti_ros2_driver__rosidl_generator_pyExport-noconfig.cmake
[3.907s] Invoked command in '/home/ros2/ros2_ws/build/xsens_mti_ros2_driver' returned '0': CMAKE_PREFIX_PATH=${CMAKE_PREFIX_PATH}:/home/ros2/ros2_ws/install/uwb_tracking_ros2:/home/ros2/ros2_ws/install/sebot_navigation:/home/ros2/ros2_ws/install/motordriver:/home/ros2/ros2_ws/install/diffdrive:/opt/ros/jazzy DEBUGINFOD_URLS=https://debuginfod.ubuntu.com /usr/bin/cmake --install /home/ros2/ros2_ws/build/xsens_mti_ros2_driver
