[0.075s] Invoking command in '/home/ros2/ros2_ws/build/xsens_mti_ros2_driver': CMAKE_PREFIX_PATH=${CMAKE_PREFIX_PATH}:/home/ros2/ros2_ws/install/uwb_tracking_ros2:/home/ros2/ros2_ws/install/sebot_navigation:/home/ros2/ros2_ws/install/motordriver:/home/ros2/ros2_ws/install/diffdrive:/opt/ros/jazzy DEBUGINFOD_URLS=https://debuginfod.ubuntu.com /usr/bin/cmake /home/ros2/ros2_ws/src/Xsens_MTi_ROS_Driver_and_Ntrip_Client/src/xsens_mti_ros2_driver -DCMAKE_INSTALL_PREFIX=/home/ros2/ros2_ws/install/xsens_mti_ros2_driver
[0.132s] -- Found ament_cmake: 2.5.3 (/opt/ros/jazzy/share/ament_cmake/cmake)
[0.194s] -- Found Python3: /usr/bin/python3 (found version "3.12.3") found components: Interpreter 
[0.353s] -- Override CMake install command with custom implementation using symlinks instead of copying resources
[0.373s] -- Found rclcpp: 28.1.6 (/opt/ros/jazzy/share/rclcpp/cmake)
[0.416s] -- Found rosidl_generator_c: 4.6.5 (/opt/ros/jazzy/share/rosidl_generator_c/cmake)
[0.430s] -- Found rosidl_generator_cpp: 4.6.5 (/opt/ros/jazzy/share/rosidl_generator_cpp/cmake)
[0.449s] -- Using all available rosidl_typesupport_c: rosidl_typesupport_fastrtps_c;rosidl_typesupport_introspection_c
[0.474s] -- Using all available rosidl_typesupport_cpp: rosidl_typesupport_fastrtps_cpp;rosidl_typesupport_introspection_cpp
[0.582s] -- Found rmw_implementation_cmake: 7.3.1 (/opt/ros/jazzy/share/rmw_implementation_cmake/cmake)
[0.587s] -- Found rmw_fastrtps_cpp: 8.4.1 (/opt/ros/jazzy/share/rmw_fastrtps_cpp/cmake)
[0.700s] -- Using RMW implementation 'rmw_fastrtps_cpp' as default
[0.813s] -- Found tf2: 0.36.7 (/opt/ros/jazzy/share/tf2/cmake)
[0.864s] -- Found tf2_ros: 0.36.7 (/opt/ros/jazzy/share/tf2_ros/cmake)
[1.074s] -- Found sensor_msgs: 5.3.5 (/opt/ros/jazzy/share/sensor_msgs/cmake)
[1.111s] -- Found nav_msgs: 5.3.5 (/opt/ros/jazzy/share/nav_msgs/cmake)
[1.150s] -- Found nmea_msgs: 2.1.0 (/opt/ros/jazzy/share/nmea_msgs/cmake)
[1.172s] -- Found mavros_msgs: 2.12.0 (/opt/ros/jazzy/share/mavros_msgs/cmake)
[1.395s] -- Found rosidl_default_generators: 1.6.0 (/opt/ros/jazzy/share/rosidl_default_generators/cmake)
[1.412s] -- Found rosidl_adapter: 4.6.5 (/opt/ros/jazzy/share/rosidl_adapter/cmake)
[1.415s] -- Detected ROS_DISTRO: jazzy
[2.057s] -- Found ament_cmake_ros: 0.12.0 (/opt/ros/jazzy/share/ament_cmake_ros/cmake)
[2.518s] -- Using all available rosidl_typesupport_c: rosidl_typesupport_fastrtps_c;rosidl_typesupport_introspection_c
[2.688s] -- Using all available rosidl_typesupport_cpp: rosidl_typesupport_fastrtps_cpp;rosidl_typesupport_introspection_cpp
[2.692s] -- Found python_cmake_module: 0.11.1 (/opt/ros/jazzy/share/python_cmake_module/cmake)
[3.367s] -- Found Python3: /usr/bin/python3 (found version "3.12.3") found components: Interpreter Development NumPy Development.Module Development.Embed 
[3.533s] -- Configuring done (3.4s)
[3.775s] -- Generating done (0.2s)
[3.828s] -- Build files have been written to: /home/ros2/ros2_ws/build/xsens_mti_ros2_driver
[3.862s] Invoked command in '/home/ros2/ros2_ws/build/xsens_mti_ros2_driver' returned '0': CMAKE_PREFIX_PATH=${CMAKE_PREFIX_PATH}:/home/ros2/ros2_ws/install/uwb_tracking_ros2:/home/ros2/ros2_ws/install/sebot_navigation:/home/ros2/ros2_ws/install/motordriver:/home/ros2/ros2_ws/install/diffdrive:/opt/ros/jazzy DEBUGINFOD_URLS=https://debuginfod.ubuntu.com /usr/bin/cmake /home/ros2/ros2_ws/src/Xsens_MTi_ROS_Driver_and_Ntrip_Client/src/xsens_mti_ros2_driver -DCMAKE_INSTALL_PREFIX=/home/ros2/ros2_ws/install/xsens_mti_ros2_driver
[3.864s] Invoking command in '/home/ros2/ros2_ws/build/xsens_mti_ros2_driver': CMAKE_PREFIX_PATH=${CMAKE_PREFIX_PATH}:/home/ros2/ros2_ws/install/uwb_tracking_ros2:/home/ros2/ros2_ws/install/sebot_navigation:/home/ros2/ros2_ws/install/motordriver:/home/ros2/ros2_ws/install/diffdrive:/opt/ros/jazzy DEBUGINFOD_URLS=https://debuginfod.ubuntu.com /usr/bin/cmake --build /home/ros2/ros2_ws/build/xsens_mti_ros2_driver -- -j4 -l4
[3.996s] [  2%] Built target xsens_mti_ros2_driver__rosidl_generator_type_description
[4.006s] [ 18%] Built target xspublic
[4.029s] [ 18%] Built target ament_cmake_python_symlink_xsens_mti_ros2_driver
[4.059s] [ 20%] Built target xsens_mti_ros2_driver__cpp
[4.064s] [ 30%] Built target xsens_mti_ros2_driver__rosidl_generator_c
[4.136s] [ 36%] Built target xsens_mti_ros2_driver__rosidl_typesupport_cpp
[4.177s] [ 42%] Built target xsens_mti_ros2_driver__rosidl_typesupport_fastrtps_cpp
[4.201s] [ 48%] Built target xsens_mti_ros2_driver__rosidl_typesupport_fastrtps_c
[4.257s] [ 55%] Built target xsens_mti_ros2_driver__rosidl_typesupport_introspection_c
[4.300s] [ 61%] Built target xsens_mti_ros2_driver__rosidl_typesupport_c
[4.306s] [ 67%] Built target xsens_mti_ros2_driver__rosidl_typesupport_introspection_cpp
[4.357s] [ 67%] Built target xsens_mti_ros2_driver
[4.410s] [ 69%] Built target xsens_mti_ros2_driver__py
[4.493s] [ 83%] Built target xsens_mti_node
[4.495s] [ 87%] Built target xsens_mti_ros2_driver__rosidl_generator_py
[4.569s] [ 91%] Built target xsens_mti_ros2_driver_s__rosidl_typesupport_fastrtps_c
[4.587s] [ 95%] Built target xsens_mti_ros2_driver_s__rosidl_typesupport_c
[4.589s] [100%] Built target xsens_mti_ros2_driver_s__rosidl_typesupport_introspection_c
[4.680s] running egg_info
[4.726s] writing xsens_mti_ros2_driver.egg-info/PKG-INFO
[4.726s] writing dependency_links to xsens_mti_ros2_driver.egg-info/dependency_links.txt
[4.727s] writing top-level names to xsens_mti_ros2_driver.egg-info/top_level.txt
[4.840s] reading manifest file 'xsens_mti_ros2_driver.egg-info/SOURCES.txt'
[4.842s] writing manifest file 'xsens_mti_ros2_driver.egg-info/SOURCES.txt'
[4.940s] [100%] Built target ament_cmake_python_build_xsens_mti_ros2_driver_egg
[4.979s] Invoked command in '/home/ros2/ros2_ws/build/xsens_mti_ros2_driver' returned '0': CMAKE_PREFIX_PATH=${CMAKE_PREFIX_PATH}:/home/ros2/ros2_ws/install/uwb_tracking_ros2:/home/ros2/ros2_ws/install/sebot_navigation:/home/ros2/ros2_ws/install/motordriver:/home/ros2/ros2_ws/install/diffdrive:/opt/ros/jazzy DEBUGINFOD_URLS=https://debuginfod.ubuntu.com /usr/bin/cmake --build /home/ros2/ros2_ws/build/xsens_mti_ros2_driver -- -j4 -l4
[4.983s] Invoking command in '/home/ros2/ros2_ws/build/xsens_mti_ros2_driver': CMAKE_PREFIX_PATH=${CMAKE_PREFIX_PATH}:/home/ros2/ros2_ws/install/uwb_tracking_ros2:/home/ros2/ros2_ws/install/sebot_navigation:/home/ros2/ros2_ws/install/motordriver:/home/ros2/ros2_ws/install/diffdrive:/opt/ros/jazzy DEBUGINFOD_URLS=https://debuginfod.ubuntu.com /usr/bin/cmake --install /home/ros2/ros2_ws/build/xsens_mti_ros2_driver
[5.002s] -- Install configuration: ""
[5.003s] -- Execute custom install script
[5.004s] -- Up-to-date symlink: /home/ros2/ros2_ws/install/xsens_mti_ros2_driver/share/ament_index/resource_index/rosidl_interfaces/xsens_mti_ros2_driver
[5.005s] -- Up-to-date symlink: /home/ros2/ros2_ws/install/xsens_mti_ros2_driver/share/xsens_mti_ros2_driver/msg/XsStatusWord.json
[5.005s] -- Up-to-date symlink: /home/ros2/ros2_ws/install/xsens_mti_ros2_driver/include/xsens_mti_ros2_driver/xsens_mti_ros2_driver/msg/detail/xs_status_word__functions.h
[5.006s] -- Up-to-date symlink: /home/ros2/ros2_ws/install/xsens_mti_ros2_driver/include/xsens_mti_ros2_driver/xsens_mti_ros2_driver/msg/detail/xs_status_word__struct.h
[5.025s] -- Up-to-date symlink: /home/ros2/ros2_ws/install/xsens_mti_ros2_driver/include/xsens_mti_ros2_driver/xsens_mti_ros2_driver/msg/detail/xs_status_word__type_support.h
[5.025s] -- Up-to-date symlink: /home/ros2/ros2_ws/install/xsens_mti_ros2_driver/include/xsens_mti_ros2_driver/xsens_mti_ros2_driver/msg/rosidl_generator_c__visibility_control.h
[5.025s] -- Up-to-date symlink: /home/ros2/ros2_ws/install/xsens_mti_ros2_driver/include/xsens_mti_ros2_driver/xsens_mti_ros2_driver/msg/xs_status_word.h
[5.025s] -- Up-to-date symlink: /home/ros2/ros2_ws/install/xsens_mti_ros2_driver/share/xsens_mti_ros2_driver/environment/library_path.sh
[5.025s] -- Up-to-date symlink: /home/ros2/ros2_ws/install/xsens_mti_ros2_driver/share/xsens_mti_ros2_driver/environment/library_path.dsv
[5.025s] -- Up-to-date symlink: /home/ros2/ros2_ws/install/xsens_mti_ros2_driver/include/xsens_mti_ros2_driver/xsens_mti_ros2_driver/msg/detail/xs_status_word__rosidl_typesupport_fastrtps_c.h
[5.025s] -- Up-to-date symlink: /home/ros2/ros2_ws/install/xsens_mti_ros2_driver/include/xsens_mti_ros2_driver/xsens_mti_ros2_driver/msg/rosidl_typesupport_fastrtps_c__visibility_control.h
[5.025s] -- Up-to-date symlink: /home/ros2/ros2_ws/install/xsens_mti_ros2_driver/include/xsens_mti_ros2_driver/xsens_mti_ros2_driver/msg/detail/xs_status_word__builder.hpp
[5.026s] -- Up-to-date symlink: /home/ros2/ros2_ws/install/xsens_mti_ros2_driver/include/xsens_mti_ros2_driver/xsens_mti_ros2_driver/msg/detail/xs_status_word__struct.hpp
[5.026s] -- Up-to-date symlink: /home/ros2/ros2_ws/install/xsens_mti_ros2_driver/include/xsens_mti_ros2_driver/xsens_mti_ros2_driver/msg/detail/xs_status_word__traits.hpp
[5.026s] -- Up-to-date symlink: /home/ros2/ros2_ws/install/xsens_mti_ros2_driver/include/xsens_mti_ros2_driver/xsens_mti_ros2_driver/msg/detail/xs_status_word__type_support.hpp
[5.026s] -- Up-to-date symlink: /home/ros2/ros2_ws/install/xsens_mti_ros2_driver/include/xsens_mti_ros2_driver/xsens_mti_ros2_driver/msg/rosidl_generator_cpp__visibility_control.hpp
[5.026s] -- Up-to-date symlink: /home/ros2/ros2_ws/install/xsens_mti_ros2_driver/include/xsens_mti_ros2_driver/xsens_mti_ros2_driver/msg/xs_status_word.hpp
[5.037s] -- Up-to-date symlink: /home/ros2/ros2_ws/install/xsens_mti_ros2_driver/include/xsens_mti_ros2_driver/xsens_mti_ros2_driver/msg/detail/xs_status_word__rosidl_typesupport_fastrtps_cpp.hpp
[5.038s] -- Up-to-date symlink: /home/ros2/ros2_ws/install/xsens_mti_ros2_driver/include/xsens_mti_ros2_driver/xsens_mti_ros2_driver/msg/rosidl_typesupport_fastrtps_cpp__visibility_control.h
[5.038s] -- Up-to-date symlink: /home/ros2/ros2_ws/install/xsens_mti_ros2_driver/include/xsens_mti_ros2_driver/xsens_mti_ros2_driver/msg/detail/xs_status_word__rosidl_typesupport_introspection_c.h
[5.039s] -- Up-to-date symlink: /home/ros2/ros2_ws/install/xsens_mti_ros2_driver/include/xsens_mti_ros2_driver/xsens_mti_ros2_driver/msg/rosidl_typesupport_introspection_c__visibility_control.h
[5.039s] -- Up-to-date symlink: /home/ros2/ros2_ws/install/xsens_mti_ros2_driver/include/xsens_mti_ros2_driver/xsens_mti_ros2_driver/msg/detail/xs_status_word__rosidl_typesupport_introspection_cpp.hpp
[5.040s] -- Up-to-date symlink: /home/ros2/ros2_ws/install/xsens_mti_ros2_driver/share/xsens_mti_ros2_driver/environment/pythonpath.sh
[5.040s] -- Up-to-date symlink: /home/ros2/ros2_ws/install/xsens_mti_ros2_driver/share/xsens_mti_ros2_driver/environment/pythonpath.dsv
[5.041s] -- Up-to-date symlink: /home/ros2/ros2_ws/install/xsens_mti_ros2_driver/lib/python3.12/site-packages/xsens_mti_ros2_driver-1.0.2-py3.12.egg-info/PKG-INFO
[5.041s] -- Up-to-date symlink: /home/ros2/ros2_ws/install/xsens_mti_ros2_driver/lib/python3.12/site-packages/xsens_mti_ros2_driver-1.0.2-py3.12.egg-info/SOURCES.txt
[5.041s] -- Up-to-date symlink: /home/ros2/ros2_ws/install/xsens_mti_ros2_driver/lib/python3.12/site-packages/xsens_mti_ros2_driver-1.0.2-py3.12.egg-info/dependency_links.txt
[5.041s] -- Up-to-date symlink: /home/ros2/ros2_ws/install/xsens_mti_ros2_driver/lib/python3.12/site-packages/xsens_mti_ros2_driver-1.0.2-py3.12.egg-info/top_level.txt
[5.043s] -- Up-to-date symlink: /home/ros2/ros2_ws/install/xsens_mti_ros2_driver/lib/python3.12/site-packages/xsens_mti_ros2_driver/__init__.py
[5.043s] -- Up-to-date symlink: /home/ros2/ros2_ws/install/xsens_mti_ros2_driver/lib/python3.12/site-packages/xsens_mti_ros2_driver/_xsens_mti_ros2_driver_s.ep.rosidl_typesupport_c.c
[5.043s] -- Up-to-date symlink: /home/ros2/ros2_ws/install/xsens_mti_ros2_driver/lib/python3.12/site-packages/xsens_mti_ros2_driver/_xsens_mti_ros2_driver_s.ep.rosidl_typesupport_fastrtps_c.c
[5.043s] -- Up-to-date symlink: /home/ros2/ros2_ws/install/xsens_mti_ros2_driver/lib/python3.12/site-packages/xsens_mti_ros2_driver/_xsens_mti_ros2_driver_s.ep.rosidl_typesupport_introspection_c.c
[5.043s] -- Up-to-date symlink: /home/ros2/ros2_ws/install/xsens_mti_ros2_driver/lib/python3.12/site-packages/xsens_mti_ros2_driver/msg/__init__.py
[5.043s] -- Up-to-date symlink: /home/ros2/ros2_ws/install/xsens_mti_ros2_driver/lib/python3.12/site-packages/xsens_mti_ros2_driver/msg/_xs_status_word.py
[5.044s] -- Up-to-date symlink: /home/ros2/ros2_ws/install/xsens_mti_ros2_driver/lib/python3.12/site-packages/xsens_mti_ros2_driver/msg/_xs_status_word_s.c
[5.044s] -- Up-to-date symlink: /home/ros2/ros2_ws/install/xsens_mti_ros2_driver/lib/python3.12/site-packages/xsens_mti_ros2_driver/xsens_mti_ros2_driver_s__rosidl_typesupport_c.so
[5.045s] -- Up-to-date symlink: /home/ros2/ros2_ws/install/xsens_mti_ros2_driver/lib/python3.12/site-packages/xsens_mti_ros2_driver/xsens_mti_ros2_driver_s__rosidl_typesupport_fastrtps_c.so
[5.046s] -- Up-to-date symlink: /home/ros2/ros2_ws/install/xsens_mti_ros2_driver/lib/python3.12/site-packages/xsens_mti_ros2_driver/xsens_mti_ros2_driver_s__rosidl_typesupport_introspection_c.so
[5.046s] -- Up-to-date symlink: /home/ros2/ros2_ws/install/xsens_mti_ros2_driver/lib/python3.12/site-packages/xsens_mti_ros2_driver/xsens_mti_ros2_driver_s__rosidl_typesupport_fastrtps_c.so
[5.047s] -- Up-to-date symlink: /home/ros2/ros2_ws/install/xsens_mti_ros2_driver/lib/python3.12/site-packages/xsens_mti_ros2_driver/xsens_mti_ros2_driver_s__rosidl_typesupport_introspection_c.so
[5.047s] -- Up-to-date symlink: /home/ros2/ros2_ws/install/xsens_mti_ros2_driver/lib/python3.12/site-packages/xsens_mti_ros2_driver/xsens_mti_ros2_driver_s__rosidl_typesupport_c.so
[5.047s] -- Up-to-date symlink: /home/ros2/ros2_ws/install/xsens_mti_ros2_driver/share/xsens_mti_ros2_driver/msg/XsStatusWord.idl
[5.047s] -- Up-to-date symlink: /home/ros2/ros2_ws/install/xsens_mti_ros2_driver/share/xsens_mti_ros2_driver/msg/XsStatusWord.msg
[5.048s] -- Up-to-date symlink: /home/ros2/ros2_ws/install/xsens_mti_ros2_driver/share/xsens_mti_ros2_driver/launch/display.launch.py
[5.048s] -- Up-to-date symlink: /home/ros2/ros2_ws/install/xsens_mti_ros2_driver/share/xsens_mti_ros2_driver/launch/xsens_mti_node.launch.py
[5.050s] -- Up-to-date symlink: /home/ros2/ros2_ws/install/xsens_mti_ros2_driver/share/xsens_mti_ros2_driver/param/xsens_mti_node.yaml
[5.050s] -- Up-to-date symlink: /home/ros2/ros2_ws/install/xsens_mti_ros2_driver/share/xsens_mti_ros2_driver/rviz/display.rviz
[5.050s] -- Up-to-date symlink: /home/ros2/ros2_ws/install/xsens_mti_ros2_driver/share/xsens_mti_ros2_driver/urdf/MTi_1.stl
[5.050s] -- Up-to-date symlink: /home/ros2/ros2_ws/install/xsens_mti_ros2_driver/share/xsens_mti_ros2_driver/urdf/MTi_1.urdf
[5.051s] -- Up-to-date symlink: /home/ros2/ros2_ws/install/xsens_mti_ros2_driver/share/xsens_mti_ros2_driver/urdf/MTi_10.stl
[5.051s] -- Up-to-date symlink: /home/ros2/ros2_ws/install/xsens_mti_ros2_driver/share/xsens_mti_ros2_driver/urdf/MTi_10.urdf
[5.051s] -- Up-to-date symlink: /home/ros2/ros2_ws/install/xsens_mti_ros2_driver/share/xsens_mti_ros2_driver/urdf/MTi_6xx.stl
[5.051s] -- Up-to-date symlink: /home/ros2/ros2_ws/install/xsens_mti_ros2_driver/share/xsens_mti_ros2_driver/urdf/MTi_6xx.urdf
[5.051s] -- Up-to-date symlink: /home/ros2/ros2_ws/install/xsens_mti_ros2_driver/share/ament_index/resource_index/package_run_dependencies/xsens_mti_ros2_driver
[5.052s] -- Up-to-date symlink: /home/ros2/ros2_ws/install/xsens_mti_ros2_driver/share/ament_index/resource_index/parent_prefix_path/xsens_mti_ros2_driver
[5.052s] -- Up-to-date symlink: /home/ros2/ros2_ws/install/xsens_mti_ros2_driver/share/xsens_mti_ros2_driver/environment/ament_prefix_path.sh
[5.052s] -- Up-to-date symlink: /home/ros2/ros2_ws/install/xsens_mti_ros2_driver/share/xsens_mti_ros2_driver/environment/ament_prefix_path.dsv
[5.053s] -- Up-to-date symlink: /home/ros2/ros2_ws/install/xsens_mti_ros2_driver/share/xsens_mti_ros2_driver/environment/path.sh
[5.053s] -- Up-to-date symlink: /home/ros2/ros2_ws/install/xsens_mti_ros2_driver/share/xsens_mti_ros2_driver/environment/path.dsv
[5.053s] -- Up-to-date symlink: /home/ros2/ros2_ws/install/xsens_mti_ros2_driver/share/xsens_mti_ros2_driver/local_setup.bash
[5.053s] -- Up-to-date symlink: /home/ros2/ros2_ws/install/xsens_mti_ros2_driver/share/xsens_mti_ros2_driver/local_setup.sh
[5.054s] -- Up-to-date symlink: /home/ros2/ros2_ws/install/xsens_mti_ros2_driver/share/xsens_mti_ros2_driver/local_setup.zsh
[5.054s] -- Up-to-date symlink: /home/ros2/ros2_ws/install/xsens_mti_ros2_driver/share/xsens_mti_ros2_driver/local_setup.dsv
[5.054s] -- Symlinking: /home/ros2/ros2_ws/install/xsens_mti_ros2_driver/share/xsens_mti_ros2_driver/package.dsv
[5.074s] -- Up-to-date symlink: /home/ros2/ros2_ws/install/xsens_mti_ros2_driver/share/ament_index/resource_index/packages/xsens_mti_ros2_driver
[5.074s] -- Up-to-date symlink: /home/ros2/ros2_ws/install/xsens_mti_ros2_driver/share/xsens_mti_ros2_driver/cmake/rosidl_cmake-extras.cmake
[5.074s] -- Up-to-date symlink: /home/ros2/ros2_ws/install/xsens_mti_ros2_driver/share/xsens_mti_ros2_driver/cmake/ament_cmake_export_dependencies-extras.cmake
[5.075s] -- Up-to-date symlink: /home/ros2/ros2_ws/install/xsens_mti_ros2_driver/share/xsens_mti_ros2_driver/cmake/ament_cmake_export_include_directories-extras.cmake
[5.076s] -- Up-to-date symlink: /home/ros2/ros2_ws/install/xsens_mti_ros2_driver/share/xsens_mti_ros2_driver/cmake/ament_cmake_export_libraries-extras.cmake
[5.076s] -- Up-to-date symlink: /home/ros2/ros2_ws/install/xsens_mti_ros2_driver/share/xsens_mti_ros2_driver/cmake/ament_cmake_export_targets-extras.cmake
[5.076s] -- Up-to-date symlink: /home/ros2/ros2_ws/install/xsens_mti_ros2_driver/share/xsens_mti_ros2_driver/cmake/rosidl_cmake_export_typesupport_targets-extras.cmake
[5.076s] -- Up-to-date symlink: /home/ros2/ros2_ws/install/xsens_mti_ros2_driver/share/xsens_mti_ros2_driver/cmake/rosidl_cmake_export_typesupport_libraries-extras.cmake
[5.076s] -- Up-to-date symlink: /home/ros2/ros2_ws/install/xsens_mti_ros2_driver/share/xsens_mti_ros2_driver/cmake/xsens_mti_ros2_driverConfig.cmake
[5.076s] -- Up-to-date symlink: /home/ros2/ros2_ws/install/xsens_mti_ros2_driver/share/xsens_mti_ros2_driver/cmake/xsens_mti_ros2_driverConfig-version.cmake
[5.076s] -- Up-to-date symlink: /home/ros2/ros2_ws/install/xsens_mti_ros2_driver/share/xsens_mti_ros2_driver/package.xml
[5.086s] -- Up-to-date: /home/ros2/ros2_ws/install/xsens_mti_ros2_driver/lib/libxsens_mti_ros2_driver__rosidl_generator_c.so
[5.108s] -- Up-to-date: /home/ros2/ros2_ws/install/xsens_mti_ros2_driver/lib/libxsens_mti_ros2_driver__rosidl_typesupport_fastrtps_c.so
[5.123s] -- Up-to-date: /home/ros2/ros2_ws/install/xsens_mti_ros2_driver/lib/libxsens_mti_ros2_driver__rosidl_typesupport_fastrtps_cpp.so
[5.139s] -- Up-to-date: /home/ros2/ros2_ws/install/xsens_mti_ros2_driver/lib/libxsens_mti_ros2_driver__rosidl_typesupport_introspection_c.so
[5.151s] -- Up-to-date: /home/ros2/ros2_ws/install/xsens_mti_ros2_driver/lib/libxsens_mti_ros2_driver__rosidl_typesupport_c.so
[5.170s] -- Up-to-date: /home/ros2/ros2_ws/install/xsens_mti_ros2_driver/lib/libxsens_mti_ros2_driver__rosidl_typesupport_introspection_cpp.so
[5.210s] -- Up-to-date: /home/ros2/ros2_ws/install/xsens_mti_ros2_driver/lib/libxsens_mti_ros2_driver__rosidl_typesupport_cpp.so
[5.292s] Listing '/home/ros2/ros2_ws/install/xsens_mti_ros2_driver/lib/python3.12/site-packages/xsens_mti_ros2_driver'...
[5.292s] Compiling '/home/ros2/ros2_ws/install/xsens_mti_ros2_driver/lib/python3.12/site-packages/xsens_mti_ros2_driver/__init__.py'...
[5.292s] Listing '/home/ros2/ros2_ws/install/xsens_mti_ros2_driver/lib/python3.12/site-packages/xsens_mti_ros2_driver/msg'...
[5.318s] -- Up-to-date: /home/ros2/ros2_ws/install/xsens_mti_ros2_driver/lib/libxsens_mti_ros2_driver__rosidl_generator_py.so
[5.334s] -- Up-to-date: /home/ros2/ros2_ws/install/xsens_mti_ros2_driver/lib/xsens_mti_ros2_driver/xsens_mti_node
[5.338s] -- Up-to-date: /home/ros2/ros2_ws/install/xsens_mti_ros2_driver/share/xsens_mti_ros2_driver/cmake/export_xsens_mti_ros2_driver__rosidl_generator_cExport.cmake
[5.338s] -- Up-to-date: /home/ros2/ros2_ws/install/xsens_mti_ros2_driver/share/xsens_mti_ros2_driver/cmake/export_xsens_mti_ros2_driver__rosidl_generator_cExport-noconfig.cmake
[5.339s] -- Up-to-date: /home/ros2/ros2_ws/install/xsens_mti_ros2_driver/share/xsens_mti_ros2_driver/cmake/export_xsens_mti_ros2_driver__rosidl_typesupport_fastrtps_cExport.cmake
[5.340s] -- Up-to-date: /home/ros2/ros2_ws/install/xsens_mti_ros2_driver/share/xsens_mti_ros2_driver/cmake/export_xsens_mti_ros2_driver__rosidl_typesupport_fastrtps_cExport-noconfig.cmake
[5.346s] -- Up-to-date: /home/ros2/ros2_ws/install/xsens_mti_ros2_driver/share/xsens_mti_ros2_driver/cmake/export_xsens_mti_ros2_driver__rosidl_generator_cppExport.cmake
[5.348s] -- Up-to-date: /home/ros2/ros2_ws/install/xsens_mti_ros2_driver/share/xsens_mti_ros2_driver/cmake/export_xsens_mti_ros2_driver__rosidl_typesupport_fastrtps_cppExport.cmake
[5.348s] -- Up-to-date: /home/ros2/ros2_ws/install/xsens_mti_ros2_driver/share/xsens_mti_ros2_driver/cmake/export_xsens_mti_ros2_driver__rosidl_typesupport_fastrtps_cppExport-noconfig.cmake
[5.353s] -- Up-to-date: /home/ros2/ros2_ws/install/xsens_mti_ros2_driver/share/xsens_mti_ros2_driver/cmake/xsens_mti_ros2_driver__rosidl_typesupport_introspection_cExport.cmake
[5.353s] -- Up-to-date: /home/ros2/ros2_ws/install/xsens_mti_ros2_driver/share/xsens_mti_ros2_driver/cmake/xsens_mti_ros2_driver__rosidl_typesupport_introspection_cExport-noconfig.cmake
[5.358s] -- Up-to-date: /home/ros2/ros2_ws/install/xsens_mti_ros2_driver/share/xsens_mti_ros2_driver/cmake/xsens_mti_ros2_driver__rosidl_typesupport_cExport.cmake
[5.359s] -- Up-to-date: /home/ros2/ros2_ws/install/xsens_mti_ros2_driver/share/xsens_mti_ros2_driver/cmake/xsens_mti_ros2_driver__rosidl_typesupport_cExport-noconfig.cmake
[5.364s] -- Up-to-date: /home/ros2/ros2_ws/install/xsens_mti_ros2_driver/share/xsens_mti_ros2_driver/cmake/xsens_mti_ros2_driver__rosidl_typesupport_introspection_cppExport.cmake
[5.364s] -- Up-to-date: /home/ros2/ros2_ws/install/xsens_mti_ros2_driver/share/xsens_mti_ros2_driver/cmake/xsens_mti_ros2_driver__rosidl_typesupport_introspection_cppExport-noconfig.cmake
[5.369s] -- Up-to-date: /home/ros2/ros2_ws/install/xsens_mti_ros2_driver/share/xsens_mti_ros2_driver/cmake/xsens_mti_ros2_driver__rosidl_typesupport_cppExport.cmake
[5.369s] -- Up-to-date: /home/ros2/ros2_ws/install/xsens_mti_ros2_driver/share/xsens_mti_ros2_driver/cmake/xsens_mti_ros2_driver__rosidl_typesupport_cppExport-noconfig.cmake
[5.376s] -- Up-to-date: /home/ros2/ros2_ws/install/xsens_mti_ros2_driver/share/xsens_mti_ros2_driver/cmake/export_xsens_mti_ros2_driver__rosidl_generator_pyExport.cmake
[5.376s] -- Up-to-date: /home/ros2/ros2_ws/install/xsens_mti_ros2_driver/share/xsens_mti_ros2_driver/cmake/export_xsens_mti_ros2_driver__rosidl_generator_pyExport-noconfig.cmake
[5.378s] Invoked command in '/home/ros2/ros2_ws/build/xsens_mti_ros2_driver' returned '0': CMAKE_PREFIX_PATH=${CMAKE_PREFIX_PATH}:/home/ros2/ros2_ws/install/uwb_tracking_ros2:/home/ros2/ros2_ws/install/sebot_navigation:/home/ros2/ros2_ws/install/motordriver:/home/ros2/ros2_ws/install/diffdrive:/opt/ros/jazzy DEBUGINFOD_URLS=https://debuginfod.ubuntu.com /usr/bin/cmake --install /home/ros2/ros2_ws/build/xsens_mti_ros2_driver
