[3.453s] Invoking command in '/home/ros2/ros2_ws/build/diffdrive': DEBUGINFOD_URLS=https://debuginfod.ubuntu.com PYTHONPATH=/home/ros2/ros2_ws/build/diffdrive/prefix_override:/usr/lib/python3/dist-packages/colcon_core/task/python/colcon_distutils_commands:/home/ros2/ros2_ws/install/diffdrive/lib/python3.12/site-packages:${PYTHONPATH} /usr/bin/python3 -W ignore:setup.py install is deprecated -W ignore:easy_install command is deprecated setup.py develop --editable --build-directory /home/ros2/ros2_ws/build/diffdrive/build --no-deps symlink_data
[5.277s] running develop
[6.007s] running egg_info
[6.059s] writing diffdrive.egg-info/PKG-INFO
[6.059s] writing dependency_links to diffdrive.egg-info/dependency_links.txt
[6.061s] writing entry points to diffdrive.egg-info/entry_points.txt
[6.061s] writing requirements to diffdrive.egg-info/requires.txt
[6.065s] writing top-level names to diffdrive.egg-info/top_level.txt
[6.259s] reading manifest file 'diffdrive.egg-info/SOURCES.txt'
[6.263s] writing manifest file 'diffdrive.egg-info/SOURCES.txt'
[6.437s] running build_ext
[6.438s] Creating /home/ros2/ros2_ws/install/diffdrive/lib/python3.12/site-packages/diffdrive.egg-link (link to .)
[6.448s] Installing DataLogger script to /home/ros2/ros2_ws/install/diffdrive/lib/diffdrive
[6.450s] Installing cmd_vel script to /home/ros2/ros2_ws/install/diffdrive/lib/diffdrive
[6.450s] Installing odom script to /home/ros2/ros2_ws/install/diffdrive/lib/diffdrive
[6.450s] Installing odom_imu script to /home/ros2/ros2_ws/install/diffdrive/lib/diffdrive
[6.450s] 
[6.451s] Installed /home/ros2/ros2_ws/build/diffdrive
[6.451s] running symlink_data
[6.709s] Invoked command in '/home/ros2/ros2_ws/build/diffdrive' returned '0': DEBUGINFOD_URLS=https://debuginfod.ubuntu.com PYTHONPATH=/home/ros2/ros2_ws/build/diffdrive/prefix_override:/usr/lib/python3/dist-packages/colcon_core/task/python/colcon_distutils_commands:/home/ros2/ros2_ws/install/diffdrive/lib/python3.12/site-packages:${PYTHONPATH} /usr/bin/python3 -W ignore:setup.py install is deprecated -W ignore:easy_install command is deprecated setup.py develop --editable --build-directory /home/ros2/ros2_ws/build/diffdrive/build --no-deps symlink_data
