[0.029s] Invoking command in '/home/ros2/ros2_ws/build/xsens_mti_ros2_driver': CMAKE_PREFIX_PATH=${CMAKE_PREFIX_PATH}:/home/ros2/ros2_ws/install/uwb_tracking_ros2:/home/ros2/ros2_ws/install/sebot_navigation:/home/ros2/ros2_ws/install/motordriver:/home/ros2/ros2_ws/install/diffdrive:/opt/ros/jazzy DEBUGINFOD_URLS=https://debuginfod.ubuntu.com /usr/bin/cmake --build /home/ros2/ros2_ws/build/xsens_mti_ros2_driver -- -j4 -l4
[0.318s] [  2%] Built target xsens_mti_ros2_driver__rosidl_generator_type_description
[0.356s] [  2%] Built target ament_cmake_python_symlink_xsens_mti_ros2_driver
[0.360s] [ 18%] Built target xspublic
[0.430s] [ 28%] Built target xsens_mti_ros2_driver__rosidl_generator_c
[0.489s] [ 30%] Built target xsens_mti_ros2_driver__cpp
[0.526s] [ 36%] Built target xsens_mti_ros2_driver__rosidl_typesupport_fastrtps_c
[0.554s] [ 42%] Built target xsens_mti_ros2_driver__rosidl_typesupport_introspection_c
[0.637s] [ 48%] Built target xsens_mti_ros2_driver__rosidl_typesupport_c
[0.653s] [ 55%] Built target xsens_mti_ros2_driver__rosidl_typesupport_introspection_cpp
[0.682s] [ 61%] Built target xsens_mti_ros2_driver__rosidl_typesupport_cpp
[0.777s] [ 67%] Built target xsens_mti_ros2_driver__rosidl_typesupport_fastrtps_cpp
[0.950s] [ 67%] Built target xsens_mti_ros2_driver
[1.103s] [ 69%] Built target xsens_mti_ros2_driver__py
[1.174s] [ 83%] Built target xsens_mti_node
[1.234s] [ 87%] Built target xsens_mti_ros2_driver__rosidl_generator_py
[1.324s] [ 91%] Built target xsens_mti_ros2_driver_s__rosidl_typesupport_c
[1.336s] [ 95%] Built target xsens_mti_ros2_driver_s__rosidl_typesupport_fastrtps_c
[1.341s] [100%] Built target xsens_mti_ros2_driver_s__rosidl_typesupport_introspection_c
[1.520s] running egg_info
[1.561s] writing xsens_mti_ros2_driver.egg-info/PKG-INFO
[1.561s] writing dependency_links to xsens_mti_ros2_driver.egg-info/dependency_links.txt
[1.562s] writing top-level names to xsens_mti_ros2_driver.egg-info/top_level.txt
[1.690s] reading manifest file 'xsens_mti_ros2_driver.egg-info/SOURCES.txt'
[1.692s] writing manifest file 'xsens_mti_ros2_driver.egg-info/SOURCES.txt'
[1.872s] [100%] Built target ament_cmake_python_build_xsens_mti_ros2_driver_egg
[1.977s] Invoked command in '/home/ros2/ros2_ws/build/xsens_mti_ros2_driver' returned '0': CMAKE_PREFIX_PATH=${CMAKE_PREFIX_PATH}:/home/ros2/ros2_ws/install/uwb_tracking_ros2:/home/ros2/ros2_ws/install/sebot_navigation:/home/ros2/ros2_ws/install/motordriver:/home/ros2/ros2_ws/install/diffdrive:/opt/ros/jazzy DEBUGINFOD_URLS=https://debuginfod.ubuntu.com /usr/bin/cmake --build /home/ros2/ros2_ws/build/xsens_mti_ros2_driver -- -j4 -l4
[1.987s] Invoking command in '/home/ros2/ros2_ws/build/xsens_mti_ros2_driver': CMAKE_PREFIX_PATH=${CMAKE_PREFIX_PATH}:/home/ros2/ros2_ws/install/uwb_tracking_ros2:/home/ros2/ros2_ws/install/sebot_navigation:/home/ros2/ros2_ws/install/motordriver:/home/ros2/ros2_ws/install/diffdrive:/opt/ros/jazzy DEBUGINFOD_URLS=https://debuginfod.ubuntu.com /usr/bin/cmake --install /home/ros2/ros2_ws/build/xsens_mti_ros2_driver
[2.064s] -- Install configuration: ""
[2.064s] -- Execute custom install script
[2.067s] -- Up-to-date symlink: /home/ros2/ros2_ws/install/xsens_mti_ros2_driver/share/ament_index/resource_index/rosidl_interfaces/xsens_mti_ros2_driver
[2.068s] -- Up-to-date symlink: /home/ros2/ros2_ws/install/xsens_mti_ros2_driver/share/xsens_mti_ros2_driver/msg/XsStatusWord.json
[2.074s] -- Up-to-date symlink: /home/ros2/ros2_ws/install/xsens_mti_ros2_driver/include/xsens_mti_ros2_driver/xsens_mti_ros2_driver/msg/detail/xs_status_word__functions.h
[2.074s] -- Up-to-date symlink: /home/ros2/ros2_ws/install/xsens_mti_ros2_driver/include/xsens_mti_ros2_driver/xsens_mti_ros2_driver/msg/detail/xs_status_word__struct.h
[2.077s] -- Up-to-date symlink: /home/ros2/ros2_ws/install/xsens_mti_ros2_driver/include/xsens_mti_ros2_driver/xsens_mti_ros2_driver/msg/detail/xs_status_word__type_support.h
[2.077s] -- Up-to-date symlink: /home/ros2/ros2_ws/install/xsens_mti_ros2_driver/include/xsens_mti_ros2_driver/xsens_mti_ros2_driver/msg/rosidl_generator_c__visibility_control.h
[2.081s] -- Up-to-date symlink: /home/ros2/ros2_ws/install/xsens_mti_ros2_driver/include/xsens_mti_ros2_driver/xsens_mti_ros2_driver/msg/xs_status_word.h
[2.081s] -- Up-to-date symlink: /home/ros2/ros2_ws/install/xsens_mti_ros2_driver/share/xsens_mti_ros2_driver/environment/library_path.sh
[2.082s] -- Up-to-date symlink: /home/ros2/ros2_ws/install/xsens_mti_ros2_driver/share/xsens_mti_ros2_driver/environment/library_path.dsv
[2.084s] -- Up-to-date symlink: /home/ros2/ros2_ws/install/xsens_mti_ros2_driver/include/xsens_mti_ros2_driver/xsens_mti_ros2_driver/msg/detail/xs_status_word__rosidl_typesupport_fastrtps_c.h
[2.084s] -- Up-to-date symlink: /home/ros2/ros2_ws/install/xsens_mti_ros2_driver/include/xsens_mti_ros2_driver/xsens_mti_ros2_driver/msg/rosidl_typesupport_fastrtps_c__visibility_control.h
[2.089s] -- Up-to-date symlink: /home/ros2/ros2_ws/install/xsens_mti_ros2_driver/include/xsens_mti_ros2_driver/xsens_mti_ros2_driver/msg/detail/xs_status_word__builder.hpp
[2.089s] -- Up-to-date symlink: /home/ros2/ros2_ws/install/xsens_mti_ros2_driver/include/xsens_mti_ros2_driver/xsens_mti_ros2_driver/msg/detail/xs_status_word__struct.hpp
[2.090s] -- Up-to-date symlink: /home/ros2/ros2_ws/install/xsens_mti_ros2_driver/include/xsens_mti_ros2_driver/xsens_mti_ros2_driver/msg/detail/xs_status_word__traits.hpp
[2.091s] -- Up-to-date symlink: /home/ros2/ros2_ws/install/xsens_mti_ros2_driver/include/xsens_mti_ros2_driver/xsens_mti_ros2_driver/msg/detail/xs_status_word__type_support.hpp
[2.092s] -- Up-to-date symlink: /home/ros2/ros2_ws/install/xsens_mti_ros2_driver/include/xsens_mti_ros2_driver/xsens_mti_ros2_driver/msg/rosidl_generator_cpp__visibility_control.hpp
[2.093s] -- Up-to-date symlink: /home/ros2/ros2_ws/install/xsens_mti_ros2_driver/include/xsens_mti_ros2_driver/xsens_mti_ros2_driver/msg/xs_status_word.hpp
[2.097s] -- Up-to-date symlink: /home/ros2/ros2_ws/install/xsens_mti_ros2_driver/include/xsens_mti_ros2_driver/xsens_mti_ros2_driver/msg/detail/xs_status_word__rosidl_typesupport_fastrtps_cpp.hpp
[2.098s] -- Up-to-date symlink: /home/ros2/ros2_ws/install/xsens_mti_ros2_driver/include/xsens_mti_ros2_driver/xsens_mti_ros2_driver/msg/rosidl_typesupport_fastrtps_cpp__visibility_control.h
[2.098s] -- Up-to-date symlink: /home/ros2/ros2_ws/install/xsens_mti_ros2_driver/include/xsens_mti_ros2_driver/xsens_mti_ros2_driver/msg/detail/xs_status_word__rosidl_typesupport_introspection_c.h
[2.098s] -- Up-to-date symlink: /home/ros2/ros2_ws/install/xsens_mti_ros2_driver/include/xsens_mti_ros2_driver/xsens_mti_ros2_driver/msg/rosidl_typesupport_introspection_c__visibility_control.h
[2.100s] -- Up-to-date symlink: /home/ros2/ros2_ws/install/xsens_mti_ros2_driver/include/xsens_mti_ros2_driver/xsens_mti_ros2_driver/msg/detail/xs_status_word__rosidl_typesupport_introspection_cpp.hpp
[2.102s] -- Up-to-date symlink: /home/ros2/ros2_ws/install/xsens_mti_ros2_driver/share/xsens_mti_ros2_driver/environment/pythonpath.sh
[2.103s] -- Up-to-date symlink: /home/ros2/ros2_ws/install/xsens_mti_ros2_driver/share/xsens_mti_ros2_driver/environment/pythonpath.dsv
[2.107s] -- Up-to-date symlink: /home/ros2/ros2_ws/install/xsens_mti_ros2_driver/lib/python3.12/site-packages/xsens_mti_ros2_driver-1.0.2-py3.12.egg-info/PKG-INFO
[2.108s] -- Up-to-date symlink: /home/ros2/ros2_ws/install/xsens_mti_ros2_driver/lib/python3.12/site-packages/xsens_mti_ros2_driver-1.0.2-py3.12.egg-info/SOURCES.txt
[2.108s] -- Up-to-date symlink: /home/ros2/ros2_ws/install/xsens_mti_ros2_driver/lib/python3.12/site-packages/xsens_mti_ros2_driver-1.0.2-py3.12.egg-info/dependency_links.txt
[2.108s] -- Up-to-date symlink: /home/ros2/ros2_ws/install/xsens_mti_ros2_driver/lib/python3.12/site-packages/xsens_mti_ros2_driver-1.0.2-py3.12.egg-info/top_level.txt
[2.110s] -- Up-to-date symlink: /home/ros2/ros2_ws/install/xsens_mti_ros2_driver/lib/python3.12/site-packages/xsens_mti_ros2_driver/__init__.py
[2.111s] -- Up-to-date symlink: /home/ros2/ros2_ws/install/xsens_mti_ros2_driver/lib/python3.12/site-packages/xsens_mti_ros2_driver/_xsens_mti_ros2_driver_s.ep.rosidl_typesupport_c.c
[2.114s] -- Up-to-date symlink: /home/ros2/ros2_ws/install/xsens_mti_ros2_driver/lib/python3.12/site-packages/xsens_mti_ros2_driver/_xsens_mti_ros2_driver_s.ep.rosidl_typesupport_fastrtps_c.c
[2.115s] -- Up-to-date symlink: /home/ros2/ros2_ws/install/xsens_mti_ros2_driver/lib/python3.12/site-packages/xsens_mti_ros2_driver/_xsens_mti_ros2_driver_s.ep.rosidl_typesupport_introspection_c.c
[2.115s] -- Up-to-date symlink: /home/ros2/ros2_ws/install/xsens_mti_ros2_driver/lib/python3.12/site-packages/xsens_mti_ros2_driver/msg/__init__.py
[2.116s] -- Up-to-date symlink: /home/ros2/ros2_ws/install/xsens_mti_ros2_driver/lib/python3.12/site-packages/xsens_mti_ros2_driver/msg/_xs_status_word.py
[2.116s] -- Up-to-date symlink: /home/ros2/ros2_ws/install/xsens_mti_ros2_driver/lib/python3.12/site-packages/xsens_mti_ros2_driver/msg/_xs_status_word_s.c
[2.117s] -- Up-to-date symlink: /home/ros2/ros2_ws/install/xsens_mti_ros2_driver/lib/python3.12/site-packages/xsens_mti_ros2_driver/xsens_mti_ros2_driver_s__rosidl_typesupport_c.so
[2.121s] -- Up-to-date symlink: /home/ros2/ros2_ws/install/xsens_mti_ros2_driver/lib/python3.12/site-packages/xsens_mti_ros2_driver/xsens_mti_ros2_driver_s__rosidl_typesupport_fastrtps_c.so
[2.122s] -- Up-to-date symlink: /home/ros2/ros2_ws/install/xsens_mti_ros2_driver/lib/python3.12/site-packages/xsens_mti_ros2_driver/xsens_mti_ros2_driver_s__rosidl_typesupport_introspection_c.so
[2.124s] -- Up-to-date symlink: /home/ros2/ros2_ws/install/xsens_mti_ros2_driver/lib/python3.12/site-packages/xsens_mti_ros2_driver/xsens_mti_ros2_driver_s__rosidl_typesupport_fastrtps_c.so
[2.125s] -- Up-to-date symlink: /home/ros2/ros2_ws/install/xsens_mti_ros2_driver/lib/python3.12/site-packages/xsens_mti_ros2_driver/xsens_mti_ros2_driver_s__rosidl_typesupport_introspection_c.so
[2.134s] -- Up-to-date symlink: /home/ros2/ros2_ws/install/xsens_mti_ros2_driver/lib/python3.12/site-packages/xsens_mti_ros2_driver/xsens_mti_ros2_driver_s__rosidl_typesupport_c.so
[2.134s] -- Up-to-date symlink: /home/ros2/ros2_ws/install/xsens_mti_ros2_driver/share/xsens_mti_ros2_driver/msg/XsStatusWord.idl
[2.143s] -- Up-to-date symlink: /home/ros2/ros2_ws/install/xsens_mti_ros2_driver/share/xsens_mti_ros2_driver/msg/XsStatusWord.msg
[2.143s] -- Up-to-date symlink: /home/ros2/ros2_ws/install/xsens_mti_ros2_driver/share/xsens_mti_ros2_driver/launch/display.launch.py
[2.144s] -- Up-to-date symlink: /home/ros2/ros2_ws/install/xsens_mti_ros2_driver/share/xsens_mti_ros2_driver/launch/xsens_mti_node.launch.py
[2.144s] -- Up-to-date symlink: /home/ros2/ros2_ws/install/xsens_mti_ros2_driver/share/xsens_mti_ros2_driver/param/xsens_mti_node.yaml
[2.144s] -- Up-to-date symlink: /home/ros2/ros2_ws/install/xsens_mti_ros2_driver/share/xsens_mti_ros2_driver/rviz/display.rviz
[2.144s] -- Up-to-date symlink: /home/ros2/ros2_ws/install/xsens_mti_ros2_driver/share/xsens_mti_ros2_driver/urdf/MTi_1.stl
[2.144s] -- Up-to-date symlink: /home/ros2/ros2_ws/install/xsens_mti_ros2_driver/share/xsens_mti_ros2_driver/urdf/MTi_1.urdf
[2.144s] -- Up-to-date symlink: /home/ros2/ros2_ws/install/xsens_mti_ros2_driver/share/xsens_mti_ros2_driver/urdf/MTi_10.stl
[2.144s] -- Up-to-date symlink: /home/ros2/ros2_ws/install/xsens_mti_ros2_driver/share/xsens_mti_ros2_driver/urdf/MTi_10.urdf
[2.144s] -- Up-to-date symlink: /home/ros2/ros2_ws/install/xsens_mti_ros2_driver/share/xsens_mti_ros2_driver/urdf/MTi_6xx.stl
[2.144s] -- Up-to-date symlink: /home/ros2/ros2_ws/install/xsens_mti_ros2_driver/share/xsens_mti_ros2_driver/urdf/MTi_6xx.urdf
[2.149s] -- Up-to-date symlink: /home/ros2/ros2_ws/install/xsens_mti_ros2_driver/share/ament_index/resource_index/package_run_dependencies/xsens_mti_ros2_driver
[2.149s] -- Up-to-date symlink: /home/ros2/ros2_ws/install/xsens_mti_ros2_driver/share/ament_index/resource_index/parent_prefix_path/xsens_mti_ros2_driver
[2.158s] -- Up-to-date symlink: /home/ros2/ros2_ws/install/xsens_mti_ros2_driver/share/xsens_mti_ros2_driver/environment/ament_prefix_path.sh
[2.158s] -- Up-to-date symlink: /home/ros2/ros2_ws/install/xsens_mti_ros2_driver/share/xsens_mti_ros2_driver/environment/ament_prefix_path.dsv
[2.158s] -- Up-to-date symlink: /home/ros2/ros2_ws/install/xsens_mti_ros2_driver/share/xsens_mti_ros2_driver/environment/path.sh
[2.158s] -- Up-to-date symlink: /home/ros2/ros2_ws/install/xsens_mti_ros2_driver/share/xsens_mti_ros2_driver/environment/path.dsv
[2.158s] -- Up-to-date symlink: /home/ros2/ros2_ws/install/xsens_mti_ros2_driver/share/xsens_mti_ros2_driver/local_setup.bash
[2.159s] -- Up-to-date symlink: /home/ros2/ros2_ws/install/xsens_mti_ros2_driver/share/xsens_mti_ros2_driver/local_setup.sh
[2.164s] -- Up-to-date symlink: /home/ros2/ros2_ws/install/xsens_mti_ros2_driver/share/xsens_mti_ros2_driver/local_setup.zsh
[2.164s] -- Up-to-date symlink: /home/ros2/ros2_ws/install/xsens_mti_ros2_driver/share/xsens_mti_ros2_driver/local_setup.dsv
[2.164s] -- Symlinking: /home/ros2/ros2_ws/install/xsens_mti_ros2_driver/share/xsens_mti_ros2_driver/package.dsv
[2.194s] -- Up-to-date symlink: /home/ros2/ros2_ws/install/xsens_mti_ros2_driver/share/ament_index/resource_index/packages/xsens_mti_ros2_driver
[2.195s] -- Up-to-date symlink: /home/ros2/ros2_ws/install/xsens_mti_ros2_driver/share/xsens_mti_ros2_driver/cmake/rosidl_cmake-extras.cmake
[2.195s] -- Up-to-date symlink: /home/ros2/ros2_ws/install/xsens_mti_ros2_driver/share/xsens_mti_ros2_driver/cmake/ament_cmake_export_dependencies-extras.cmake
[2.196s] -- Up-to-date symlink: /home/ros2/ros2_ws/install/xsens_mti_ros2_driver/share/xsens_mti_ros2_driver/cmake/ament_cmake_export_include_directories-extras.cmake
[2.197s] -- Up-to-date symlink: /home/ros2/ros2_ws/install/xsens_mti_ros2_driver/share/xsens_mti_ros2_driver/cmake/ament_cmake_export_libraries-extras.cmake
[2.198s] -- Up-to-date symlink: /home/ros2/ros2_ws/install/xsens_mti_ros2_driver/share/xsens_mti_ros2_driver/cmake/ament_cmake_export_targets-extras.cmake
[2.199s] -- Up-to-date symlink: /home/ros2/ros2_ws/install/xsens_mti_ros2_driver/share/xsens_mti_ros2_driver/cmake/rosidl_cmake_export_typesupport_targets-extras.cmake
[2.200s] -- Up-to-date symlink: /home/ros2/ros2_ws/install/xsens_mti_ros2_driver/share/xsens_mti_ros2_driver/cmake/rosidl_cmake_export_typesupport_libraries-extras.cmake
[2.201s] -- Up-to-date symlink: /home/ros2/ros2_ws/install/xsens_mti_ros2_driver/share/xsens_mti_ros2_driver/cmake/xsens_mti_ros2_driverConfig.cmake
[2.201s] -- Up-to-date symlink: /home/ros2/ros2_ws/install/xsens_mti_ros2_driver/share/xsens_mti_ros2_driver/cmake/xsens_mti_ros2_driverConfig-version.cmake
[2.202s] -- Up-to-date symlink: /home/ros2/ros2_ws/install/xsens_mti_ros2_driver/share/xsens_mti_ros2_driver/package.xml
[2.204s] -- Up-to-date: /home/ros2/ros2_ws/install/xsens_mti_ros2_driver/lib/libxsens_mti_ros2_driver__rosidl_generator_c.so
[2.204s] -- Up-to-date: /home/ros2/ros2_ws/install/xsens_mti_ros2_driver/lib/libxsens_mti_ros2_driver__rosidl_typesupport_fastrtps_c.so
[2.205s] -- Up-to-date: /home/ros2/ros2_ws/install/xsens_mti_ros2_driver/lib/libxsens_mti_ros2_driver__rosidl_typesupport_fastrtps_cpp.so
[2.207s] -- Up-to-date: /home/ros2/ros2_ws/install/xsens_mti_ros2_driver/lib/libxsens_mti_ros2_driver__rosidl_typesupport_introspection_c.so
[2.208s] -- Up-to-date: /home/ros2/ros2_ws/install/xsens_mti_ros2_driver/lib/libxsens_mti_ros2_driver__rosidl_typesupport_c.so
[2.209s] -- Up-to-date: /home/ros2/ros2_ws/install/xsens_mti_ros2_driver/lib/libxsens_mti_ros2_driver__rosidl_typesupport_introspection_cpp.so
[2.209s] -- Up-to-date: /home/ros2/ros2_ws/install/xsens_mti_ros2_driver/lib/libxsens_mti_ros2_driver__rosidl_typesupport_cpp.so
[2.330s] Listing '/home/ros2/ros2_ws/install/xsens_mti_ros2_driver/lib/python3.12/site-packages/xsens_mti_ros2_driver'...
[2.330s] Listing '/home/ros2/ros2_ws/install/xsens_mti_ros2_driver/lib/python3.12/site-packages/xsens_mti_ros2_driver/msg'...
[2.358s] -- Up-to-date: /home/ros2/ros2_ws/install/xsens_mti_ros2_driver/lib/libxsens_mti_ros2_driver__rosidl_generator_py.so
[2.359s] -- Up-to-date: /home/ros2/ros2_ws/install/xsens_mti_ros2_driver/lib/xsens_mti_ros2_driver/xsens_mti_node
[2.361s] -- Up-to-date: /home/ros2/ros2_ws/install/xsens_mti_ros2_driver/share/xsens_mti_ros2_driver/cmake/export_xsens_mti_ros2_driver__rosidl_generator_cExport.cmake
[2.362s] -- Up-to-date: /home/ros2/ros2_ws/install/xsens_mti_ros2_driver/share/xsens_mti_ros2_driver/cmake/export_xsens_mti_ros2_driver__rosidl_generator_cExport-noconfig.cmake
[2.362s] -- Up-to-date: /home/ros2/ros2_ws/install/xsens_mti_ros2_driver/share/xsens_mti_ros2_driver/cmake/export_xsens_mti_ros2_driver__rosidl_typesupport_fastrtps_cExport.cmake
[2.364s] -- Up-to-date: /home/ros2/ros2_ws/install/xsens_mti_ros2_driver/share/xsens_mti_ros2_driver/cmake/export_xsens_mti_ros2_driver__rosidl_typesupport_fastrtps_cExport-noconfig.cmake
[2.364s] -- Up-to-date: /home/ros2/ros2_ws/install/xsens_mti_ros2_driver/share/xsens_mti_ros2_driver/cmake/export_xsens_mti_ros2_driver__rosidl_generator_cppExport.cmake
[2.366s] -- Up-to-date: /home/ros2/ros2_ws/install/xsens_mti_ros2_driver/share/xsens_mti_ros2_driver/cmake/export_xsens_mti_ros2_driver__rosidl_typesupport_fastrtps_cppExport.cmake
[2.367s] -- Up-to-date: /home/ros2/ros2_ws/install/xsens_mti_ros2_driver/share/xsens_mti_ros2_driver/cmake/export_xsens_mti_ros2_driver__rosidl_typesupport_fastrtps_cppExport-noconfig.cmake
[2.367s] -- Up-to-date: /home/ros2/ros2_ws/install/xsens_mti_ros2_driver/share/xsens_mti_ros2_driver/cmake/xsens_mti_ros2_driver__rosidl_typesupport_introspection_cExport.cmake
[2.367s] -- Up-to-date: /home/ros2/ros2_ws/install/xsens_mti_ros2_driver/share/xsens_mti_ros2_driver/cmake/xsens_mti_ros2_driver__rosidl_typesupport_introspection_cExport-noconfig.cmake
[2.371s] -- Up-to-date: /home/ros2/ros2_ws/install/xsens_mti_ros2_driver/share/xsens_mti_ros2_driver/cmake/xsens_mti_ros2_driver__rosidl_typesupport_cExport.cmake
[2.371s] -- Up-to-date: /home/ros2/ros2_ws/install/xsens_mti_ros2_driver/share/xsens_mti_ros2_driver/cmake/xsens_mti_ros2_driver__rosidl_typesupport_cExport-noconfig.cmake
[2.371s] -- Up-to-date: /home/ros2/ros2_ws/install/xsens_mti_ros2_driver/share/xsens_mti_ros2_driver/cmake/xsens_mti_ros2_driver__rosidl_typesupport_introspection_cppExport.cmake
[2.371s] -- Up-to-date: /home/ros2/ros2_ws/install/xsens_mti_ros2_driver/share/xsens_mti_ros2_driver/cmake/xsens_mti_ros2_driver__rosidl_typesupport_introspection_cppExport-noconfig.cmake
[2.371s] -- Up-to-date: /home/ros2/ros2_ws/install/xsens_mti_ros2_driver/share/xsens_mti_ros2_driver/cmake/xsens_mti_ros2_driver__rosidl_typesupport_cppExport.cmake
[2.372s] -- Up-to-date: /home/ros2/ros2_ws/install/xsens_mti_ros2_driver/share/xsens_mti_ros2_driver/cmake/xsens_mti_ros2_driver__rosidl_typesupport_cppExport-noconfig.cmake
[2.372s] -- Up-to-date: /home/ros2/ros2_ws/install/xsens_mti_ros2_driver/share/xsens_mti_ros2_driver/cmake/export_xsens_mti_ros2_driver__rosidl_generator_pyExport.cmake
[2.380s] -- Up-to-date: /home/ros2/ros2_ws/install/xsens_mti_ros2_driver/share/xsens_mti_ros2_driver/cmake/export_xsens_mti_ros2_driver__rosidl_generator_pyExport-noconfig.cmake
[2.392s] Invoked command in '/home/ros2/ros2_ws/build/xsens_mti_ros2_driver' returned '0': CMAKE_PREFIX_PATH=${CMAKE_PREFIX_PATH}:/home/ros2/ros2_ws/install/uwb_tracking_ros2:/home/ros2/ros2_ws/install/sebot_navigation:/home/ros2/ros2_ws/install/motordriver:/home/ros2/ros2_ws/install/diffdrive:/opt/ros/jazzy DEBUGINFOD_URLS=https://debuginfod.ubuntu.com /usr/bin/cmake --install /home/ros2/ros2_ws/build/xsens_mti_ros2_driver
