[0.027s] Invoking command in '/home/ros2/ros2_ws/build/xsens_mti_ros2_driver': CMAKE_PREFIX_PATH=${CMAKE_PREFIX_PATH}:/home/ros2/ros2_ws/install/uwb_tracking_ros2:/home/ros2/ros2_ws/install/sebot_navigation:/home/ros2/ros2_ws/install/motordriver:/home/ros2/ros2_ws/install/diffdrive:/opt/ros/jazzy DEBUGINFOD_URLS=https://debuginfod.ubuntu.com /usr/bin/cmake --build /home/ros2/ros2_ws/build/xsens_mti_ros2_driver -- -j4 -l4
[0.381s] [  2%] Built target xsens_mti_ros2_driver__rosidl_generator_type_description
[0.411s] [ 18%] Built target xspublic
[0.458s] [ 18%] Built target ament_cmake_python_symlink_xsens_mti_ros2_driver
[0.518s] [ 28%] Built target xsens_mti_ros2_driver__rosidl_generator_c
[0.545s] [ 30%] Built target xsens_mti_ros2_driver__cpp
[0.713s] [ 36%] Built target xsens_mti_ros2_driver__rosidl_typesupport_c
[0.738s] [ 42%] Built target xsens_mti_ros2_driver__rosidl_typesupport_fastrtps_c
[0.754s] [ 48%] Built target xsens_mti_ros2_driver__rosidl_typesupport_introspection_c
[0.847s] [ 55%] Built target xsens_mti_ros2_driver__rosidl_typesupport_introspection_cpp
[0.939s] [ 61%] Built target xsens_mti_ros2_driver__rosidl_typesupport_fastrtps_cpp
[0.963s] [ 67%] Built target xsens_mti_ros2_driver__rosidl_typesupport_cpp
[1.105s] [ 67%] Built target xsens_mti_ros2_driver
[1.158s] running egg_info
[1.209s] writing xsens_mti_ros2_driver.egg-info/PKG-INFO
[1.209s] writing dependency_links to xsens_mti_ros2_driver.egg-info/dependency_links.txt
[1.210s] writing top-level names to xsens_mti_ros2_driver.egg-info/top_level.txt
[1.267s] [ 69%] Built target xsens_mti_ros2_driver__py
[1.303s] [ 83%] Built target xsens_mti_node
[1.373s] [ 87%] Built target xsens_mti_ros2_driver__rosidl_generator_py
[1.477s] [ 91%] Built target xsens_mti_ros2_driver_s__rosidl_typesupport_fastrtps_c
[1.522s] [ 95%] Built target xsens_mti_ros2_driver_s__rosidl_typesupport_c
[1.525s] [100%] Built target xsens_mti_ros2_driver_s__rosidl_typesupport_introspection_c
[1.667s] reading manifest file 'xsens_mti_ros2_driver.egg-info/SOURCES.txt'
[1.671s] writing manifest file 'xsens_mti_ros2_driver.egg-info/SOURCES.txt'
[1.888s] [100%] Built target ament_cmake_python_build_xsens_mti_ros2_driver_egg
[1.969s] Invoked command in '/home/ros2/ros2_ws/build/xsens_mti_ros2_driver' returned '0': CMAKE_PREFIX_PATH=${CMAKE_PREFIX_PATH}:/home/ros2/ros2_ws/install/uwb_tracking_ros2:/home/ros2/ros2_ws/install/sebot_navigation:/home/ros2/ros2_ws/install/motordriver:/home/ros2/ros2_ws/install/diffdrive:/opt/ros/jazzy DEBUGINFOD_URLS=https://debuginfod.ubuntu.com /usr/bin/cmake --build /home/ros2/ros2_ws/build/xsens_mti_ros2_driver -- -j4 -l4
[1.970s] Invoking command in '/home/ros2/ros2_ws/build/xsens_mti_ros2_driver': CMAKE_PREFIX_PATH=${CMAKE_PREFIX_PATH}:/home/ros2/ros2_ws/install/uwb_tracking_ros2:/home/ros2/ros2_ws/install/sebot_navigation:/home/ros2/ros2_ws/install/motordriver:/home/ros2/ros2_ws/install/diffdrive:/opt/ros/jazzy DEBUGINFOD_URLS=https://debuginfod.ubuntu.com /usr/bin/cmake --install /home/ros2/ros2_ws/build/xsens_mti_ros2_driver
[2.019s] -- Install configuration: ""
[2.024s] -- Execute custom install script
[2.028s] -- Up-to-date symlink: /home/ros2/ros2_ws/install/xsens_mti_ros2_driver/share/ament_index/resource_index/rosidl_interfaces/xsens_mti_ros2_driver
[2.028s] -- Up-to-date symlink: /home/ros2/ros2_ws/install/xsens_mti_ros2_driver/share/xsens_mti_ros2_driver/msg/XsStatusWord.json
[2.030s] -- Up-to-date symlink: /home/ros2/ros2_ws/install/xsens_mti_ros2_driver/include/xsens_mti_ros2_driver/xsens_mti_ros2_driver/msg/detail/xs_status_word__functions.h
[2.031s] -- Up-to-date symlink: /home/ros2/ros2_ws/install/xsens_mti_ros2_driver/include/xsens_mti_ros2_driver/xsens_mti_ros2_driver/msg/detail/xs_status_word__struct.h
[2.031s] -- Up-to-date symlink: /home/ros2/ros2_ws/install/xsens_mti_ros2_driver/include/xsens_mti_ros2_driver/xsens_mti_ros2_driver/msg/detail/xs_status_word__type_support.h
[2.032s] -- Up-to-date symlink: /home/ros2/ros2_ws/install/xsens_mti_ros2_driver/include/xsens_mti_ros2_driver/xsens_mti_ros2_driver/msg/rosidl_generator_c__visibility_control.h
[2.033s] -- Up-to-date symlink: /home/ros2/ros2_ws/install/xsens_mti_ros2_driver/include/xsens_mti_ros2_driver/xsens_mti_ros2_driver/msg/xs_status_word.h
[2.035s] -- Up-to-date symlink: /home/ros2/ros2_ws/install/xsens_mti_ros2_driver/share/xsens_mti_ros2_driver/environment/library_path.sh
[2.035s] -- Up-to-date symlink: /home/ros2/ros2_ws/install/xsens_mti_ros2_driver/share/xsens_mti_ros2_driver/environment/library_path.dsv
[2.036s] -- Up-to-date symlink: /home/ros2/ros2_ws/install/xsens_mti_ros2_driver/include/xsens_mti_ros2_driver/xsens_mti_ros2_driver/msg/detail/xs_status_word__rosidl_typesupport_fastrtps_c.h
[2.038s] -- Up-to-date symlink: /home/ros2/ros2_ws/install/xsens_mti_ros2_driver/include/xsens_mti_ros2_driver/xsens_mti_ros2_driver/msg/rosidl_typesupport_fastrtps_c__visibility_control.h
[2.038s] -- Up-to-date symlink: /home/ros2/ros2_ws/install/xsens_mti_ros2_driver/include/xsens_mti_ros2_driver/xsens_mti_ros2_driver/msg/detail/xs_status_word__builder.hpp
[2.040s] -- Up-to-date symlink: /home/ros2/ros2_ws/install/xsens_mti_ros2_driver/include/xsens_mti_ros2_driver/xsens_mti_ros2_driver/msg/detail/xs_status_word__struct.hpp
[2.041s] -- Up-to-date symlink: /home/ros2/ros2_ws/install/xsens_mti_ros2_driver/include/xsens_mti_ros2_driver/xsens_mti_ros2_driver/msg/detail/xs_status_word__traits.hpp
[2.042s] -- Up-to-date symlink: /home/ros2/ros2_ws/install/xsens_mti_ros2_driver/include/xsens_mti_ros2_driver/xsens_mti_ros2_driver/msg/detail/xs_status_word__type_support.hpp
[2.043s] -- Up-to-date symlink: /home/ros2/ros2_ws/install/xsens_mti_ros2_driver/include/xsens_mti_ros2_driver/xsens_mti_ros2_driver/msg/rosidl_generator_cpp__visibility_control.hpp
[2.043s] -- Up-to-date symlink: /home/ros2/ros2_ws/install/xsens_mti_ros2_driver/include/xsens_mti_ros2_driver/xsens_mti_ros2_driver/msg/xs_status_word.hpp
[2.045s] -- Up-to-date symlink: /home/ros2/ros2_ws/install/xsens_mti_ros2_driver/include/xsens_mti_ros2_driver/xsens_mti_ros2_driver/msg/detail/xs_status_word__rosidl_typesupport_fastrtps_cpp.hpp
[2.047s] -- Up-to-date symlink: /home/ros2/ros2_ws/install/xsens_mti_ros2_driver/include/xsens_mti_ros2_driver/xsens_mti_ros2_driver/msg/rosidl_typesupport_fastrtps_cpp__visibility_control.h
[2.048s] -- Up-to-date symlink: /home/ros2/ros2_ws/install/xsens_mti_ros2_driver/include/xsens_mti_ros2_driver/xsens_mti_ros2_driver/msg/detail/xs_status_word__rosidl_typesupport_introspection_c.h
[2.049s] -- Up-to-date symlink: /home/ros2/ros2_ws/install/xsens_mti_ros2_driver/include/xsens_mti_ros2_driver/xsens_mti_ros2_driver/msg/rosidl_typesupport_introspection_c__visibility_control.h
[2.050s] -- Up-to-date symlink: /home/ros2/ros2_ws/install/xsens_mti_ros2_driver/include/xsens_mti_ros2_driver/xsens_mti_ros2_driver/msg/detail/xs_status_word__rosidl_typesupport_introspection_cpp.hpp
[2.051s] -- Up-to-date symlink: /home/ros2/ros2_ws/install/xsens_mti_ros2_driver/share/xsens_mti_ros2_driver/environment/pythonpath.sh
[2.054s] -- Up-to-date symlink: /home/ros2/ros2_ws/install/xsens_mti_ros2_driver/share/xsens_mti_ros2_driver/environment/pythonpath.dsv
[2.054s] -- Up-to-date symlink: /home/ros2/ros2_ws/install/xsens_mti_ros2_driver/lib/python3.12/site-packages/xsens_mti_ros2_driver-1.0.2-py3.12.egg-info/PKG-INFO
[2.055s] -- Up-to-date symlink: /home/ros2/ros2_ws/install/xsens_mti_ros2_driver/lib/python3.12/site-packages/xsens_mti_ros2_driver-1.0.2-py3.12.egg-info/SOURCES.txt
[2.057s] -- Up-to-date symlink: /home/ros2/ros2_ws/install/xsens_mti_ros2_driver/lib/python3.12/site-packages/xsens_mti_ros2_driver-1.0.2-py3.12.egg-info/dependency_links.txt
[2.060s] -- Up-to-date symlink: /home/ros2/ros2_ws/install/xsens_mti_ros2_driver/lib/python3.12/site-packages/xsens_mti_ros2_driver-1.0.2-py3.12.egg-info/top_level.txt
[2.061s] -- Up-to-date symlink: /home/ros2/ros2_ws/install/xsens_mti_ros2_driver/lib/python3.12/site-packages/xsens_mti_ros2_driver/__init__.py
[2.062s] -- Up-to-date symlink: /home/ros2/ros2_ws/install/xsens_mti_ros2_driver/lib/python3.12/site-packages/xsens_mti_ros2_driver/_xsens_mti_ros2_driver_s.ep.rosidl_typesupport_c.c
[2.063s] -- Up-to-date symlink: /home/ros2/ros2_ws/install/xsens_mti_ros2_driver/lib/python3.12/site-packages/xsens_mti_ros2_driver/_xsens_mti_ros2_driver_s.ep.rosidl_typesupport_fastrtps_c.c
[2.064s] -- Up-to-date symlink: /home/ros2/ros2_ws/install/xsens_mti_ros2_driver/lib/python3.12/site-packages/xsens_mti_ros2_driver/_xsens_mti_ros2_driver_s.ep.rosidl_typesupport_introspection_c.c
[2.065s] -- Up-to-date symlink: /home/ros2/ros2_ws/install/xsens_mti_ros2_driver/lib/python3.12/site-packages/xsens_mti_ros2_driver/msg/__init__.py
[2.066s] -- Up-to-date symlink: /home/ros2/ros2_ws/install/xsens_mti_ros2_driver/lib/python3.12/site-packages/xsens_mti_ros2_driver/msg/_xs_status_word.py
[2.066s] -- Up-to-date symlink: /home/ros2/ros2_ws/install/xsens_mti_ros2_driver/lib/python3.12/site-packages/xsens_mti_ros2_driver/msg/_xs_status_word_s.c
[2.067s] -- Up-to-date symlink: /home/ros2/ros2_ws/install/xsens_mti_ros2_driver/lib/python3.12/site-packages/xsens_mti_ros2_driver/xsens_mti_ros2_driver_s__rosidl_typesupport_c.so
[2.071s] -- Up-to-date symlink: /home/ros2/ros2_ws/install/xsens_mti_ros2_driver/lib/python3.12/site-packages/xsens_mti_ros2_driver/xsens_mti_ros2_driver_s__rosidl_typesupport_fastrtps_c.so
[2.071s] -- Up-to-date symlink: /home/ros2/ros2_ws/install/xsens_mti_ros2_driver/lib/python3.12/site-packages/xsens_mti_ros2_driver/xsens_mti_ros2_driver_s__rosidl_typesupport_introspection_c.so
[2.071s] -- Up-to-date symlink: /home/ros2/ros2_ws/install/xsens_mti_ros2_driver/lib/python3.12/site-packages/xsens_mti_ros2_driver/xsens_mti_ros2_driver_s__rosidl_typesupport_fastrtps_c.so
[2.073s] -- Up-to-date symlink: /home/ros2/ros2_ws/install/xsens_mti_ros2_driver/lib/python3.12/site-packages/xsens_mti_ros2_driver/xsens_mti_ros2_driver_s__rosidl_typesupport_introspection_c.so
[2.077s] -- Up-to-date symlink: /home/ros2/ros2_ws/install/xsens_mti_ros2_driver/lib/python3.12/site-packages/xsens_mti_ros2_driver/xsens_mti_ros2_driver_s__rosidl_typesupport_c.so
[2.078s] -- Up-to-date symlink: /home/ros2/ros2_ws/install/xsens_mti_ros2_driver/share/xsens_mti_ros2_driver/msg/XsStatusWord.idl
[2.078s] -- Up-to-date symlink: /home/ros2/ros2_ws/install/xsens_mti_ros2_driver/share/xsens_mti_ros2_driver/msg/XsStatusWord.msg
[2.081s] -- Up-to-date symlink: /home/ros2/ros2_ws/install/xsens_mti_ros2_driver/share/xsens_mti_ros2_driver/launch/display.launch.py
[2.083s] -- Up-to-date symlink: /home/ros2/ros2_ws/install/xsens_mti_ros2_driver/share/xsens_mti_ros2_driver/launch/xsens_mti_node.launch.py
[2.083s] -- Up-to-date symlink: /home/ros2/ros2_ws/install/xsens_mti_ros2_driver/share/xsens_mti_ros2_driver/param/xsens_mti_node.yaml
[2.086s] -- Up-to-date symlink: /home/ros2/ros2_ws/install/xsens_mti_ros2_driver/share/xsens_mti_ros2_driver/rviz/display.rviz
[2.088s] -- Up-to-date symlink: /home/ros2/ros2_ws/install/xsens_mti_ros2_driver/share/xsens_mti_ros2_driver/urdf/MTi_1.stl
[2.088s] -- Up-to-date symlink: /home/ros2/ros2_ws/install/xsens_mti_ros2_driver/share/xsens_mti_ros2_driver/urdf/MTi_1.urdf
[2.090s] -- Up-to-date symlink: /home/ros2/ros2_ws/install/xsens_mti_ros2_driver/share/xsens_mti_ros2_driver/urdf/MTi_10.stl
[2.090s] -- Up-to-date symlink: /home/ros2/ros2_ws/install/xsens_mti_ros2_driver/share/xsens_mti_ros2_driver/urdf/MTi_10.urdf
[2.092s] -- Up-to-date symlink: /home/ros2/ros2_ws/install/xsens_mti_ros2_driver/share/xsens_mti_ros2_driver/urdf/MTi_6xx.stl
[2.092s] -- Up-to-date symlink: /home/ros2/ros2_ws/install/xsens_mti_ros2_driver/share/xsens_mti_ros2_driver/urdf/MTi_6xx.urdf
[2.095s] -- Up-to-date symlink: /home/ros2/ros2_ws/install/xsens_mti_ros2_driver/share/ament_index/resource_index/package_run_dependencies/xsens_mti_ros2_driver
[2.097s] -- Up-to-date symlink: /home/ros2/ros2_ws/install/xsens_mti_ros2_driver/share/ament_index/resource_index/parent_prefix_path/xsens_mti_ros2_driver
[2.097s] -- Up-to-date symlink: /home/ros2/ros2_ws/install/xsens_mti_ros2_driver/share/xsens_mti_ros2_driver/environment/ament_prefix_path.sh
[2.098s] -- Up-to-date symlink: /home/ros2/ros2_ws/install/xsens_mti_ros2_driver/share/xsens_mti_ros2_driver/environment/ament_prefix_path.dsv
[2.100s] -- Up-to-date symlink: /home/ros2/ros2_ws/install/xsens_mti_ros2_driver/share/xsens_mti_ros2_driver/environment/path.sh
[2.100s] -- Up-to-date symlink: /home/ros2/ros2_ws/install/xsens_mti_ros2_driver/share/xsens_mti_ros2_driver/environment/path.dsv
[2.102s] -- Up-to-date symlink: /home/ros2/ros2_ws/install/xsens_mti_ros2_driver/share/xsens_mti_ros2_driver/local_setup.bash
[2.102s] -- Up-to-date symlink: /home/ros2/ros2_ws/install/xsens_mti_ros2_driver/share/xsens_mti_ros2_driver/local_setup.sh
[2.104s] -- Up-to-date symlink: /home/ros2/ros2_ws/install/xsens_mti_ros2_driver/share/xsens_mti_ros2_driver/local_setup.zsh
[2.104s] -- Up-to-date symlink: /home/ros2/ros2_ws/install/xsens_mti_ros2_driver/share/xsens_mti_ros2_driver/local_setup.dsv
[2.106s] -- Symlinking: /home/ros2/ros2_ws/install/xsens_mti_ros2_driver/share/xsens_mti_ros2_driver/package.dsv
[2.167s] -- Up-to-date symlink: /home/ros2/ros2_ws/install/xsens_mti_ros2_driver/share/ament_index/resource_index/packages/xsens_mti_ros2_driver
[2.168s] -- Up-to-date symlink: /home/ros2/ros2_ws/install/xsens_mti_ros2_driver/share/xsens_mti_ros2_driver/cmake/rosidl_cmake-extras.cmake
[2.168s] -- Up-to-date symlink: /home/ros2/ros2_ws/install/xsens_mti_ros2_driver/share/xsens_mti_ros2_driver/cmake/ament_cmake_export_dependencies-extras.cmake
[2.168s] -- Up-to-date symlink: /home/ros2/ros2_ws/install/xsens_mti_ros2_driver/share/xsens_mti_ros2_driver/cmake/ament_cmake_export_include_directories-extras.cmake
[2.173s] -- Up-to-date symlink: /home/ros2/ros2_ws/install/xsens_mti_ros2_driver/share/xsens_mti_ros2_driver/cmake/ament_cmake_export_libraries-extras.cmake
[2.174s] -- Up-to-date symlink: /home/ros2/ros2_ws/install/xsens_mti_ros2_driver/share/xsens_mti_ros2_driver/cmake/ament_cmake_export_targets-extras.cmake
[2.174s] -- Up-to-date symlink: /home/ros2/ros2_ws/install/xsens_mti_ros2_driver/share/xsens_mti_ros2_driver/cmake/rosidl_cmake_export_typesupport_targets-extras.cmake
[2.174s] -- Up-to-date symlink: /home/ros2/ros2_ws/install/xsens_mti_ros2_driver/share/xsens_mti_ros2_driver/cmake/rosidl_cmake_export_typesupport_libraries-extras.cmake
[2.174s] -- Up-to-date symlink: /home/ros2/ros2_ws/install/xsens_mti_ros2_driver/share/xsens_mti_ros2_driver/cmake/xsens_mti_ros2_driverConfig.cmake
[2.174s] -- Up-to-date symlink: /home/ros2/ros2_ws/install/xsens_mti_ros2_driver/share/xsens_mti_ros2_driver/cmake/xsens_mti_ros2_driverConfig-version.cmake
[2.179s] -- Up-to-date symlink: /home/ros2/ros2_ws/install/xsens_mti_ros2_driver/share/xsens_mti_ros2_driver/package.xml
[2.179s] -- Up-to-date: /home/ros2/ros2_ws/install/xsens_mti_ros2_driver/lib/libxsens_mti_ros2_driver__rosidl_generator_c.so
[2.179s] -- Up-to-date: /home/ros2/ros2_ws/install/xsens_mti_ros2_driver/lib/libxsens_mti_ros2_driver__rosidl_typesupport_fastrtps_c.so
[2.180s] -- Up-to-date: /home/ros2/ros2_ws/install/xsens_mti_ros2_driver/lib/libxsens_mti_ros2_driver__rosidl_typesupport_fastrtps_cpp.so
[2.185s] -- Up-to-date: /home/ros2/ros2_ws/install/xsens_mti_ros2_driver/lib/libxsens_mti_ros2_driver__rosidl_typesupport_introspection_c.so
[2.186s] -- Up-to-date: /home/ros2/ros2_ws/install/xsens_mti_ros2_driver/lib/libxsens_mti_ros2_driver__rosidl_typesupport_c.so
[2.186s] -- Up-to-date: /home/ros2/ros2_ws/install/xsens_mti_ros2_driver/lib/libxsens_mti_ros2_driver__rosidl_typesupport_introspection_cpp.so
[2.191s] -- Up-to-date: /home/ros2/ros2_ws/install/xsens_mti_ros2_driver/lib/libxsens_mti_ros2_driver__rosidl_typesupport_cpp.so
[2.361s] Listing '/home/ros2/ros2_ws/install/xsens_mti_ros2_driver/lib/python3.12/site-packages/xsens_mti_ros2_driver'...
[2.361s] Listing '/home/ros2/ros2_ws/install/xsens_mti_ros2_driver/lib/python3.12/site-packages/xsens_mti_ros2_driver/msg'...
[2.418s] -- Up-to-date: /home/ros2/ros2_ws/install/xsens_mti_ros2_driver/lib/libxsens_mti_ros2_driver__rosidl_generator_py.so
[2.420s] -- Up-to-date: /home/ros2/ros2_ws/install/xsens_mti_ros2_driver/lib/xsens_mti_ros2_driver/xsens_mti_node
[2.424s] -- Up-to-date: /home/ros2/ros2_ws/install/xsens_mti_ros2_driver/share/xsens_mti_ros2_driver/cmake/export_xsens_mti_ros2_driver__rosidl_generator_cExport.cmake
[2.424s] -- Up-to-date: /home/ros2/ros2_ws/install/xsens_mti_ros2_driver/share/xsens_mti_ros2_driver/cmake/export_xsens_mti_ros2_driver__rosidl_generator_cExport-noconfig.cmake
[2.427s] -- Up-to-date: /home/ros2/ros2_ws/install/xsens_mti_ros2_driver/share/xsens_mti_ros2_driver/cmake/export_xsens_mti_ros2_driver__rosidl_typesupport_fastrtps_cExport.cmake
[2.427s] -- Up-to-date: /home/ros2/ros2_ws/install/xsens_mti_ros2_driver/share/xsens_mti_ros2_driver/cmake/export_xsens_mti_ros2_driver__rosidl_typesupport_fastrtps_cExport-noconfig.cmake
[2.428s] -- Up-to-date: /home/ros2/ros2_ws/install/xsens_mti_ros2_driver/share/xsens_mti_ros2_driver/cmake/export_xsens_mti_ros2_driver__rosidl_generator_cppExport.cmake
[2.428s] -- Up-to-date: /home/ros2/ros2_ws/install/xsens_mti_ros2_driver/share/xsens_mti_ros2_driver/cmake/export_xsens_mti_ros2_driver__rosidl_typesupport_fastrtps_cppExport.cmake
[2.430s] -- Up-to-date: /home/ros2/ros2_ws/install/xsens_mti_ros2_driver/share/xsens_mti_ros2_driver/cmake/export_xsens_mti_ros2_driver__rosidl_typesupport_fastrtps_cppExport-noconfig.cmake
[2.431s] -- Up-to-date: /home/ros2/ros2_ws/install/xsens_mti_ros2_driver/share/xsens_mti_ros2_driver/cmake/xsens_mti_ros2_driver__rosidl_typesupport_introspection_cExport.cmake
[2.434s] -- Up-to-date: /home/ros2/ros2_ws/install/xsens_mti_ros2_driver/share/xsens_mti_ros2_driver/cmake/xsens_mti_ros2_driver__rosidl_typesupport_introspection_cExport-noconfig.cmake
[2.434s] -- Up-to-date: /home/ros2/ros2_ws/install/xsens_mti_ros2_driver/share/xsens_mti_ros2_driver/cmake/xsens_mti_ros2_driver__rosidl_typesupport_cExport.cmake
[2.434s] -- Up-to-date: /home/ros2/ros2_ws/install/xsens_mti_ros2_driver/share/xsens_mti_ros2_driver/cmake/xsens_mti_ros2_driver__rosidl_typesupport_cExport-noconfig.cmake
[2.437s] -- Up-to-date: /home/ros2/ros2_ws/install/xsens_mti_ros2_driver/share/xsens_mti_ros2_driver/cmake/xsens_mti_ros2_driver__rosidl_typesupport_introspection_cppExport.cmake
[2.437s] -- Up-to-date: /home/ros2/ros2_ws/install/xsens_mti_ros2_driver/share/xsens_mti_ros2_driver/cmake/xsens_mti_ros2_driver__rosidl_typesupport_introspection_cppExport-noconfig.cmake
[2.438s] -- Up-to-date: /home/ros2/ros2_ws/install/xsens_mti_ros2_driver/share/xsens_mti_ros2_driver/cmake/xsens_mti_ros2_driver__rosidl_typesupport_cppExport.cmake
[2.439s] -- Up-to-date: /home/ros2/ros2_ws/install/xsens_mti_ros2_driver/share/xsens_mti_ros2_driver/cmake/xsens_mti_ros2_driver__rosidl_typesupport_cppExport-noconfig.cmake
[2.439s] -- Up-to-date: /home/ros2/ros2_ws/install/xsens_mti_ros2_driver/share/xsens_mti_ros2_driver/cmake/export_xsens_mti_ros2_driver__rosidl_generator_pyExport.cmake
[2.439s] -- Up-to-date: /home/ros2/ros2_ws/install/xsens_mti_ros2_driver/share/xsens_mti_ros2_driver/cmake/export_xsens_mti_ros2_driver__rosidl_generator_pyExport-noconfig.cmake
[2.456s] Invoked command in '/home/ros2/ros2_ws/build/xsens_mti_ros2_driver' returned '0': CMAKE_PREFIX_PATH=${CMAKE_PREFIX_PATH}:/home/ros2/ros2_ws/install/uwb_tracking_ros2:/home/ros2/ros2_ws/install/sebot_navigation:/home/ros2/ros2_ws/install/motordriver:/home/ros2/ros2_ws/install/diffdrive:/opt/ros/jazzy DEBUGINFOD_URLS=https://debuginfod.ubuntu.com /usr/bin/cmake --install /home/ros2/ros2_ws/build/xsens_mti_ros2_driver
