[0.154s] DEBUG:colcon:Command line arguments: ['/usr/bin/colcon', 'build', '--packages-select', 'sebot_localization']
[0.155s] DEBUG:colcon:Parsed command line arguments: Namespace(log_base=None, log_level=None, verb_name='build', build_base='build', install_base='install', merge_install=False, symlink_install=False, test_result_base=None, continue_on_error=False, executor='parallel', parallel_workers=4, event_handlers=None, ignore_user_meta=False, metas=['./colcon.meta'], base_paths=['.'], packages_ignore=None, packages_ignore_regex=None, paths=None, packages_up_to=None, packages_up_to_regex=None, packages_above=None, packages_above_and_dependencies=None, packages_above_depth=None, packages_select_by_dep=None, packages_skip_by_dep=None, packages_skip_up_to=None, packages_select_build_failed=False, packages_skip_build_finished=False, packages_select_test_failures=False, packages_skip_test_passed=False, packages_select=['sebot_localization'], packages_skip=None, packages_select_regex=None, packages_skip_regex=None, packages_start=None, packages_end=None, allow_overriding=[], cmake_args=None, cmake_target=None, cmake_target_skip_unavailable=False, cmake_clean_cache=False, cmake_clean_first=False, cmake_force_configure=False, ament_cmake_args=None, catkin_cmake_args=None, catkin_skip_building_tests=False, mixin_files=None, mixin=None, verb_parser=<colcon_mixin.mixin.mixin_argument.MixinArgumentDecorator object at 0xffffa187e5d0>, verb_extension=<colcon_core.verb.build.BuildVerb object at 0xffffa187e270>, main=<bound method BuildVerb.main of <colcon_core.verb.build.BuildVerb object at 0xffffa187e270>>, mixin_verb=('build',))
[0.210s] Level 1:colcon.colcon_core.package_discovery:discover_packages(colcon_meta) check parameters
[0.211s] Level 1:colcon.colcon_core.package_discovery:discover_packages(recursive) check parameters
[0.211s] Level 1:colcon.colcon_core.package_discovery:discover_packages(ignore) check parameters
[0.211s] Level 1:colcon.colcon_core.package_discovery:discover_packages(path) check parameters
[0.211s] Level 1:colcon.colcon_core.package_discovery:discover_packages(colcon_meta) discover
[0.211s] Level 1:colcon.colcon_core.package_discovery:discover_packages(recursive) discover
[0.211s] INFO:colcon.colcon_core.package_discovery:Crawling recursively for packages in '/home/ros2/ros2_ws'
[0.211s] Level 1:colcon.colcon_core.package_identification:_identify(.) by extensions ['ignore', 'ignore_ament_install']
[0.211s] Level 1:colcon.colcon_core.package_identification:_identify(.) by extension 'ignore'
[0.211s] Level 1:colcon.colcon_core.package_identification:_identify(.) by extension 'ignore_ament_install'
[0.211s] Level 1:colcon.colcon_core.package_identification:_identify(.) by extensions ['colcon_pkg']
[0.211s] Level 1:colcon.colcon_core.package_identification:_identify(.) by extension 'colcon_pkg'
[0.211s] Level 1:colcon.colcon_core.package_identification:_identify(.) by extensions ['colcon_meta']
[0.211s] Level 1:colcon.colcon_core.package_identification:_identify(.) by extension 'colcon_meta'
[0.211s] Level 1:colcon.colcon_core.package_identification:_identify(.) by extensions ['ros']
[0.211s] Level 1:colcon.colcon_core.package_identification:_identify(.) by extension 'ros'
[0.250s] Level 1:colcon.colcon_core.package_identification:_identify(.) by extensions ['cmake', 'python']
[0.250s] Level 1:colcon.colcon_core.package_identification:_identify(.) by extension 'cmake'
[0.250s] Level 1:colcon.colcon_core.package_identification:_identify(.) by extension 'python'
[0.250s] Level 1:colcon.colcon_core.package_identification:_identify(.) by extensions ['python_setup_py']
[0.250s] Level 1:colcon.colcon_core.package_identification:_identify(.) by extension 'python_setup_py'
[0.251s] Level 1:colcon.colcon_core.package_identification:_identify(arduino) by extensions ['ignore', 'ignore_ament_install']
[0.251s] Level 1:colcon.colcon_core.package_identification:_identify(arduino) by extension 'ignore'
[0.251s] Level 1:colcon.colcon_core.package_identification:_identify(arduino) by extension 'ignore_ament_install'
[0.251s] Level 1:colcon.colcon_core.package_identification:_identify(arduino) by extensions ['colcon_pkg']
[0.251s] Level 1:colcon.colcon_core.package_identification:_identify(arduino) by extension 'colcon_pkg'
[0.251s] Level 1:colcon.colcon_core.package_identification:_identify(arduino) by extensions ['colcon_meta']
[0.251s] Level 1:colcon.colcon_core.package_identification:_identify(arduino) by extension 'colcon_meta'
[0.251s] Level 1:colcon.colcon_core.package_identification:_identify(arduino) by extensions ['ros']
[0.251s] Level 1:colcon.colcon_core.package_identification:_identify(arduino) by extension 'ros'
[0.251s] Level 1:colcon.colcon_core.package_identification:_identify(arduino) by extensions ['cmake', 'python']
[0.251s] Level 1:colcon.colcon_core.package_identification:_identify(arduino) by extension 'cmake'
[0.251s] Level 1:colcon.colcon_core.package_identification:_identify(arduino) by extension 'python'
[0.251s] Level 1:colcon.colcon_core.package_identification:_identify(arduino) by extensions ['python_setup_py']
[0.251s] Level 1:colcon.colcon_core.package_identification:_identify(arduino) by extension 'python_setup_py'
[0.252s] Level 1:colcon.colcon_core.package_identification:_identify(arduino/motorcontroller) by extensions ['ignore', 'ignore_ament_install']
[0.252s] Level 1:colcon.colcon_core.package_identification:_identify(arduino/motorcontroller) by extension 'ignore'
[0.252s] Level 1:colcon.colcon_core.package_identification:_identify(arduino/motorcontroller) by extension 'ignore_ament_install'
[0.252s] Level 1:colcon.colcon_core.package_identification:_identify(arduino/motorcontroller) by extensions ['colcon_pkg']
[0.252s] Level 1:colcon.colcon_core.package_identification:_identify(arduino/motorcontroller) by extension 'colcon_pkg'
[0.252s] Level 1:colcon.colcon_core.package_identification:_identify(arduino/motorcontroller) by extensions ['colcon_meta']
[0.252s] Level 1:colcon.colcon_core.package_identification:_identify(arduino/motorcontroller) by extension 'colcon_meta'
[0.252s] Level 1:colcon.colcon_core.package_identification:_identify(arduino/motorcontroller) by extensions ['ros']
[0.252s] Level 1:colcon.colcon_core.package_identification:_identify(arduino/motorcontroller) by extension 'ros'
[0.252s] Level 1:colcon.colcon_core.package_identification:_identify(arduino/motorcontroller) by extensions ['cmake', 'python']
[0.252s] Level 1:colcon.colcon_core.package_identification:_identify(arduino/motorcontroller) by extension 'cmake'
[0.252s] Level 1:colcon.colcon_core.package_identification:_identify(arduino/motorcontroller) by extension 'python'
[0.252s] Level 1:colcon.colcon_core.package_identification:_identify(arduino/motorcontroller) by extensions ['python_setup_py']
[0.252s] Level 1:colcon.colcon_core.package_identification:_identify(arduino/motorcontroller) by extension 'python_setup_py'
[0.253s] Level 1:colcon.colcon_core.package_identification:_identify(build) by extensions ['ignore', 'ignore_ament_install']
[0.253s] Level 1:colcon.colcon_core.package_identification:_identify(build) by extension 'ignore'
[0.253s] Level 1:colcon.colcon_core.package_identification:_identify(build) ignored
[0.253s] Level 1:colcon.colcon_core.package_identification:_identify(config) by extensions ['ignore', 'ignore_ament_install']
[0.253s] Level 1:colcon.colcon_core.package_identification:_identify(config) by extension 'ignore'
[0.253s] Level 1:colcon.colcon_core.package_identification:_identify(config) by extension 'ignore_ament_install'
[0.253s] Level 1:colcon.colcon_core.package_identification:_identify(config) by extensions ['colcon_pkg']
[0.253s] Level 1:colcon.colcon_core.package_identification:_identify(config) by extension 'colcon_pkg'
[0.253s] Level 1:colcon.colcon_core.package_identification:_identify(config) by extensions ['colcon_meta']
[0.253s] Level 1:colcon.colcon_core.package_identification:_identify(config) by extension 'colcon_meta'
[0.253s] Level 1:colcon.colcon_core.package_identification:_identify(config) by extensions ['ros']
[0.253s] Level 1:colcon.colcon_core.package_identification:_identify(config) by extension 'ros'
[0.254s] Level 1:colcon.colcon_core.package_identification:_identify(config) by extensions ['cmake', 'python']
[0.254s] Level 1:colcon.colcon_core.package_identification:_identify(config) by extension 'cmake'
[0.254s] Level 1:colcon.colcon_core.package_identification:_identify(config) by extension 'python'
[0.254s] Level 1:colcon.colcon_core.package_identification:_identify(config) by extensions ['python_setup_py']
[0.254s] Level 1:colcon.colcon_core.package_identification:_identify(config) by extension 'python_setup_py'
[0.254s] Level 1:colcon.colcon_core.package_identification:_identify(config/sebot) by extensions ['ignore', 'ignore_ament_install']
[0.254s] Level 1:colcon.colcon_core.package_identification:_identify(config/sebot) by extension 'ignore'
[0.254s] Level 1:colcon.colcon_core.package_identification:_identify(config/sebot) by extension 'ignore_ament_install'
[0.254s] Level 1:colcon.colcon_core.package_identification:_identify(config/sebot) by extensions ['colcon_pkg']
[0.254s] Level 1:colcon.colcon_core.package_identification:_identify(config/sebot) by extension 'colcon_pkg'
[0.254s] Level 1:colcon.colcon_core.package_identification:_identify(config/sebot) by extensions ['colcon_meta']
[0.254s] Level 1:colcon.colcon_core.package_identification:_identify(config/sebot) by extension 'colcon_meta'
[0.254s] Level 1:colcon.colcon_core.package_identification:_identify(config/sebot) by extensions ['ros']
[0.254s] Level 1:colcon.colcon_core.package_identification:_identify(config/sebot) by extension 'ros'
[0.254s] Level 1:colcon.colcon_core.package_identification:_identify(config/sebot) by extensions ['cmake', 'python']
[0.254s] Level 1:colcon.colcon_core.package_identification:_identify(config/sebot) by extension 'cmake'
[0.254s] Level 1:colcon.colcon_core.package_identification:_identify(config/sebot) by extension 'python'
[0.254s] Level 1:colcon.colcon_core.package_identification:_identify(config/sebot) by extensions ['python_setup_py']
[0.255s] Level 1:colcon.colcon_core.package_identification:_identify(config/sebot) by extension 'python_setup_py'
[0.255s] Level 1:colcon.colcon_core.package_identification:_identify(install) by extensions ['ignore', 'ignore_ament_install']
[0.255s] Level 1:colcon.colcon_core.package_identification:_identify(install) by extension 'ignore'
[0.255s] Level 1:colcon.colcon_core.package_identification:_identify(install) ignored
[0.255s] Level 1:colcon.colcon_core.package_identification:_identify(log) by extensions ['ignore', 'ignore_ament_install']
[0.255s] Level 1:colcon.colcon_core.package_identification:_identify(log) by extension 'ignore'
[0.255s] Level 1:colcon.colcon_core.package_identification:_identify(log) ignored
[0.255s] Level 1:colcon.colcon_core.package_identification:_identify(src) by extensions ['ignore', 'ignore_ament_install']
[0.255s] Level 1:colcon.colcon_core.package_identification:_identify(src) by extension 'ignore'
[0.255s] Level 1:colcon.colcon_core.package_identification:_identify(src) by extension 'ignore_ament_install'
[0.255s] Level 1:colcon.colcon_core.package_identification:_identify(src) by extensions ['colcon_pkg']
[0.255s] Level 1:colcon.colcon_core.package_identification:_identify(src) by extension 'colcon_pkg'
[0.256s] Level 1:colcon.colcon_core.package_identification:_identify(src) by extensions ['colcon_meta']
[0.256s] Level 1:colcon.colcon_core.package_identification:_identify(src) by extension 'colcon_meta'
[0.256s] Level 1:colcon.colcon_core.package_identification:_identify(src) by extensions ['ros']
[0.256s] Level 1:colcon.colcon_core.package_identification:_identify(src) by extension 'ros'
[0.256s] Level 1:colcon.colcon_core.package_identification:_identify(src) by extensions ['cmake', 'python']
[0.256s] Level 1:colcon.colcon_core.package_identification:_identify(src) by extension 'cmake'
[0.256s] Level 1:colcon.colcon_core.package_identification:_identify(src) by extension 'python'
[0.256s] Level 1:colcon.colcon_core.package_identification:_identify(src) by extensions ['python_setup_py']
[0.256s] Level 1:colcon.colcon_core.package_identification:_identify(src) by extension 'python_setup_py'
[0.256s] Level 1:colcon.colcon_core.package_identification:_identify(src/Xsens_MTi_ROS_Driver_and_Ntrip_Client) by extensions ['ignore', 'ignore_ament_install']
[0.256s] Level 1:colcon.colcon_core.package_identification:_identify(src/Xsens_MTi_ROS_Driver_and_Ntrip_Client) by extension 'ignore'
[0.256s] Level 1:colcon.colcon_core.package_identification:_identify(src/Xsens_MTi_ROS_Driver_and_Ntrip_Client) by extension 'ignore_ament_install'
[0.256s] Level 1:colcon.colcon_core.package_identification:_identify(src/Xsens_MTi_ROS_Driver_and_Ntrip_Client) by extensions ['colcon_pkg']
[0.256s] Level 1:colcon.colcon_core.package_identification:_identify(src/Xsens_MTi_ROS_Driver_and_Ntrip_Client) by extension 'colcon_pkg'
[0.256s] Level 1:colcon.colcon_core.package_identification:_identify(src/Xsens_MTi_ROS_Driver_and_Ntrip_Client) by extensions ['colcon_meta']
[0.256s] Level 1:colcon.colcon_core.package_identification:_identify(src/Xsens_MTi_ROS_Driver_and_Ntrip_Client) by extension 'colcon_meta'
[0.256s] Level 1:colcon.colcon_core.package_identification:_identify(src/Xsens_MTi_ROS_Driver_and_Ntrip_Client) by extensions ['ros']
[0.256s] Level 1:colcon.colcon_core.package_identification:_identify(src/Xsens_MTi_ROS_Driver_and_Ntrip_Client) by extension 'ros'
[0.256s] Level 1:colcon.colcon_core.package_identification:_identify(src/Xsens_MTi_ROS_Driver_and_Ntrip_Client) by extensions ['cmake', 'python']
[0.257s] Level 1:colcon.colcon_core.package_identification:_identify(src/Xsens_MTi_ROS_Driver_and_Ntrip_Client) by extension 'cmake'
[0.257s] Level 1:colcon.colcon_core.package_identification:_identify(src/Xsens_MTi_ROS_Driver_and_Ntrip_Client) by extension 'python'
[0.257s] Level 1:colcon.colcon_core.package_identification:_identify(src/Xsens_MTi_ROS_Driver_and_Ntrip_Client) by extensions ['python_setup_py']
[0.257s] Level 1:colcon.colcon_core.package_identification:_identify(src/Xsens_MTi_ROS_Driver_and_Ntrip_Client) by extension 'python_setup_py'
[0.257s] Level 1:colcon.colcon_core.package_identification:_identify(src/Xsens_MTi_ROS_Driver_and_Ntrip_Client/src) by extensions ['ignore', 'ignore_ament_install']
[0.257s] Level 1:colcon.colcon_core.package_identification:_identify(src/Xsens_MTi_ROS_Driver_and_Ntrip_Client/src) by extension 'ignore'
[0.257s] Level 1:colcon.colcon_core.package_identification:_identify(src/Xsens_MTi_ROS_Driver_and_Ntrip_Client/src) by extension 'ignore_ament_install'
[0.257s] Level 1:colcon.colcon_core.package_identification:_identify(src/Xsens_MTi_ROS_Driver_and_Ntrip_Client/src) by extensions ['colcon_pkg']
[0.257s] Level 1:colcon.colcon_core.package_identification:_identify(src/Xsens_MTi_ROS_Driver_and_Ntrip_Client/src) by extension 'colcon_pkg'
[0.257s] Level 1:colcon.colcon_core.package_identification:_identify(src/Xsens_MTi_ROS_Driver_and_Ntrip_Client/src) by extensions ['colcon_meta']
[0.257s] Level 1:colcon.colcon_core.package_identification:_identify(src/Xsens_MTi_ROS_Driver_and_Ntrip_Client/src) by extension 'colcon_meta'
[0.257s] Level 1:colcon.colcon_core.package_identification:_identify(src/Xsens_MTi_ROS_Driver_and_Ntrip_Client/src) by extensions ['ros']
[0.257s] Level 1:colcon.colcon_core.package_identification:_identify(src/Xsens_MTi_ROS_Driver_and_Ntrip_Client/src) by extension 'ros'
[0.257s] Level 1:colcon.colcon_core.package_identification:_identify(src/Xsens_MTi_ROS_Driver_and_Ntrip_Client/src) by extensions ['cmake', 'python']
[0.257s] Level 1:colcon.colcon_core.package_identification:_identify(src/Xsens_MTi_ROS_Driver_and_Ntrip_Client/src) by extension 'cmake'
[0.257s] Level 1:colcon.colcon_core.package_identification:_identify(src/Xsens_MTi_ROS_Driver_and_Ntrip_Client/src) by extension 'python'
[0.257s] Level 1:colcon.colcon_core.package_identification:_identify(src/Xsens_MTi_ROS_Driver_and_Ntrip_Client/src) by extensions ['python_setup_py']
[0.257s] Level 1:colcon.colcon_core.package_identification:_identify(src/Xsens_MTi_ROS_Driver_and_Ntrip_Client/src) by extension 'python_setup_py'
[0.258s] Level 1:colcon.colcon_core.package_identification:_identify(src/Xsens_MTi_ROS_Driver_and_Ntrip_Client/src/ntrip) by extensions ['ignore', 'ignore_ament_install']
[0.258s] Level 1:colcon.colcon_core.package_identification:_identify(src/Xsens_MTi_ROS_Driver_and_Ntrip_Client/src/ntrip) by extension 'ignore'
[0.258s] Level 1:colcon.colcon_core.package_identification:_identify(src/Xsens_MTi_ROS_Driver_and_Ntrip_Client/src/ntrip) by extension 'ignore_ament_install'
[0.258s] Level 1:colcon.colcon_core.package_identification:_identify(src/Xsens_MTi_ROS_Driver_and_Ntrip_Client/src/ntrip) by extensions ['colcon_pkg']
[0.258s] Level 1:colcon.colcon_core.package_identification:_identify(src/Xsens_MTi_ROS_Driver_and_Ntrip_Client/src/ntrip) by extension 'colcon_pkg'
[0.258s] Level 1:colcon.colcon_core.package_identification:_identify(src/Xsens_MTi_ROS_Driver_and_Ntrip_Client/src/ntrip) by extensions ['colcon_meta']
[0.258s] Level 1:colcon.colcon_core.package_identification:_identify(src/Xsens_MTi_ROS_Driver_and_Ntrip_Client/src/ntrip) by extension 'colcon_meta'
[0.258s] Level 1:colcon.colcon_core.package_identification:_identify(src/Xsens_MTi_ROS_Driver_and_Ntrip_Client/src/ntrip) by extensions ['ros']
[0.258s] Level 1:colcon.colcon_core.package_identification:_identify(src/Xsens_MTi_ROS_Driver_and_Ntrip_Client/src/ntrip) by extension 'ros'
[0.261s] DEBUG:colcon.colcon_core.package_identification:Package 'src/Xsens_MTi_ROS_Driver_and_Ntrip_Client/src/ntrip' with type 'ros.ament_cmake' and name 'ntrip'
[0.262s] Level 1:colcon.colcon_core.package_identification:_identify(src/Xsens_MTi_ROS_Driver_and_Ntrip_Client/src/xsens_mti_ros2_driver) by extensions ['ignore', 'ignore_ament_install']
[0.262s] Level 1:colcon.colcon_core.package_identification:_identify(src/Xsens_MTi_ROS_Driver_and_Ntrip_Client/src/xsens_mti_ros2_driver) by extension 'ignore'
[0.262s] Level 1:colcon.colcon_core.package_identification:_identify(src/Xsens_MTi_ROS_Driver_and_Ntrip_Client/src/xsens_mti_ros2_driver) by extension 'ignore_ament_install'
[0.262s] Level 1:colcon.colcon_core.package_identification:_identify(src/Xsens_MTi_ROS_Driver_and_Ntrip_Client/src/xsens_mti_ros2_driver) by extensions ['colcon_pkg']
[0.262s] Level 1:colcon.colcon_core.package_identification:_identify(src/Xsens_MTi_ROS_Driver_and_Ntrip_Client/src/xsens_mti_ros2_driver) by extension 'colcon_pkg'
[0.262s] Level 1:colcon.colcon_core.package_identification:_identify(src/Xsens_MTi_ROS_Driver_and_Ntrip_Client/src/xsens_mti_ros2_driver) by extensions ['colcon_meta']
[0.262s] Level 1:colcon.colcon_core.package_identification:_identify(src/Xsens_MTi_ROS_Driver_and_Ntrip_Client/src/xsens_mti_ros2_driver) by extension 'colcon_meta'
[0.262s] Level 1:colcon.colcon_core.package_identification:_identify(src/Xsens_MTi_ROS_Driver_and_Ntrip_Client/src/xsens_mti_ros2_driver) by extensions ['ros']
[0.262s] Level 1:colcon.colcon_core.package_identification:_identify(src/Xsens_MTi_ROS_Driver_and_Ntrip_Client/src/xsens_mti_ros2_driver) by extension 'ros'
[0.263s] DEBUG:colcon.colcon_core.package_identification:Package 'src/Xsens_MTi_ROS_Driver_and_Ntrip_Client/src/xsens_mti_ros2_driver' with type 'ros.ament_cmake' and name 'xsens_mti_ros2_driver'
[0.263s] Level 1:colcon.colcon_core.package_identification:_identify(src/diffdrive) by extensions ['ignore', 'ignore_ament_install']
[0.263s] Level 1:colcon.colcon_core.package_identification:_identify(src/diffdrive) by extension 'ignore'
[0.263s] Level 1:colcon.colcon_core.package_identification:_identify(src/diffdrive) by extension 'ignore_ament_install'
[0.263s] Level 1:colcon.colcon_core.package_identification:_identify(src/diffdrive) by extensions ['colcon_pkg']
[0.263s] Level 1:colcon.colcon_core.package_identification:_identify(src/diffdrive) by extension 'colcon_pkg'
[0.263s] Level 1:colcon.colcon_core.package_identification:_identify(src/diffdrive) by extensions ['colcon_meta']
[0.264s] Level 1:colcon.colcon_core.package_identification:_identify(src/diffdrive) by extension 'colcon_meta'
[0.264s] Level 1:colcon.colcon_core.package_identification:_identify(src/diffdrive) by extensions ['ros']
[0.264s] Level 1:colcon.colcon_core.package_identification:_identify(src/diffdrive) by extension 'ros'
[0.264s] DEBUG:colcon.colcon_core.package_identification:Package 'src/diffdrive' with type 'ros.ament_python' and name 'diffdrive'
[0.264s] Level 1:colcon.colcon_core.package_identification:_identify(src/motordriver) by extensions ['ignore', 'ignore_ament_install']
[0.264s] Level 1:colcon.colcon_core.package_identification:_identify(src/motordriver) by extension 'ignore'
[0.265s] Level 1:colcon.colcon_core.package_identification:_identify(src/motordriver) by extension 'ignore_ament_install'
[0.265s] Level 1:colcon.colcon_core.package_identification:_identify(src/motordriver) by extensions ['colcon_pkg']
[0.265s] Level 1:colcon.colcon_core.package_identification:_identify(src/motordriver) by extension 'colcon_pkg'
[0.265s] Level 1:colcon.colcon_core.package_identification:_identify(src/motordriver) by extensions ['colcon_meta']
[0.265s] Level 1:colcon.colcon_core.package_identification:_identify(src/motordriver) by extension 'colcon_meta'
[0.265s] Level 1:colcon.colcon_core.package_identification:_identify(src/motordriver) by extensions ['ros']
[0.265s] Level 1:colcon.colcon_core.package_identification:_identify(src/motordriver) by extension 'ros'
[0.265s] DEBUG:colcon.colcon_core.package_identification:Package 'src/motordriver' with type 'ros.ament_python' and name 'motordriver'
[0.265s] Level 1:colcon.colcon_core.package_identification:_identify(src/motordriver_msgs) by extensions ['ignore', 'ignore_ament_install']
[0.265s] Level 1:colcon.colcon_core.package_identification:_identify(src/motordriver_msgs) by extension 'ignore'
[0.266s] Level 1:colcon.colcon_core.package_identification:_identify(src/motordriver_msgs) by extension 'ignore_ament_install'
[0.266s] Level 1:colcon.colcon_core.package_identification:_identify(src/motordriver_msgs) by extensions ['colcon_pkg']
[0.266s] Level 1:colcon.colcon_core.package_identification:_identify(src/motordriver_msgs) by extension 'colcon_pkg'
[0.266s] Level 1:colcon.colcon_core.package_identification:_identify(src/motordriver_msgs) by extensions ['colcon_meta']
[0.266s] Level 1:colcon.colcon_core.package_identification:_identify(src/motordriver_msgs) by extension 'colcon_meta'
[0.266s] Level 1:colcon.colcon_core.package_identification:_identify(src/motordriver_msgs) by extensions ['ros']
[0.266s] Level 1:colcon.colcon_core.package_identification:_identify(src/motordriver_msgs) by extension 'ros'
[0.266s] DEBUG:colcon.colcon_core.package_identification:Package 'src/motordriver_msgs' with type 'ros.ament_cmake' and name 'motordriver_msgs'
[0.266s] Level 1:colcon.colcon_core.package_identification:_identify(src/rplidar_ros) by extensions ['ignore', 'ignore_ament_install']
[0.266s] Level 1:colcon.colcon_core.package_identification:_identify(src/rplidar_ros) by extension 'ignore'
[0.267s] Level 1:colcon.colcon_core.package_identification:_identify(src/rplidar_ros) by extension 'ignore_ament_install'
[0.267s] Level 1:colcon.colcon_core.package_identification:_identify(src/rplidar_ros) by extensions ['colcon_pkg']
[0.267s] Level 1:colcon.colcon_core.package_identification:_identify(src/rplidar_ros) by extension 'colcon_pkg'
[0.267s] Level 1:colcon.colcon_core.package_identification:_identify(src/rplidar_ros) by extensions ['colcon_meta']
[0.267s] Level 1:colcon.colcon_core.package_identification:_identify(src/rplidar_ros) by extension 'colcon_meta'
[0.267s] Level 1:colcon.colcon_core.package_identification:_identify(src/rplidar_ros) by extensions ['ros']
[0.267s] Level 1:colcon.colcon_core.package_identification:_identify(src/rplidar_ros) by extension 'ros'
[0.267s] DEBUG:colcon.colcon_core.package_identification:Package 'src/rplidar_ros' with type 'ros.ament_cmake' and name 'rplidar_ros'
[0.267s] Level 1:colcon.colcon_core.package_identification:_identify(src/sebot_localization ) by extensions ['ignore', 'ignore_ament_install']
[0.268s] Level 1:colcon.colcon_core.package_identification:_identify(src/sebot_localization ) by extension 'ignore'
[0.268s] Level 1:colcon.colcon_core.package_identification:_identify(src/sebot_localization ) by extension 'ignore_ament_install'
[0.268s] Level 1:colcon.colcon_core.package_identification:_identify(src/sebot_localization ) by extensions ['colcon_pkg']
[0.268s] Level 1:colcon.colcon_core.package_identification:_identify(src/sebot_localization ) by extension 'colcon_pkg'
[0.268s] Level 1:colcon.colcon_core.package_identification:_identify(src/sebot_localization ) by extensions ['colcon_meta']
[0.268s] Level 1:colcon.colcon_core.package_identification:_identify(src/sebot_localization ) by extension 'colcon_meta'
[0.268s] Level 1:colcon.colcon_core.package_identification:_identify(src/sebot_localization ) by extensions ['ros']
[0.268s] Level 1:colcon.colcon_core.package_identification:_identify(src/sebot_localization ) by extension 'ros'
[0.269s] DEBUG:colcon.colcon_core.package_identification:Package 'src/sebot_localization ' with type 'ros.ament_cmake' and name 'sebot_localization'
[0.269s] Level 1:colcon.colcon_core.package_identification:_identify(src/sebot_navigation) by extensions ['ignore', 'ignore_ament_install']
[0.269s] Level 1:colcon.colcon_core.package_identification:_identify(src/sebot_navigation) by extension 'ignore'
[0.269s] Level 1:colcon.colcon_core.package_identification:_identify(src/sebot_navigation) by extension 'ignore_ament_install'
[0.269s] Level 1:colcon.colcon_core.package_identification:_identify(src/sebot_navigation) by extensions ['colcon_pkg']
[0.269s] Level 1:colcon.colcon_core.package_identification:_identify(src/sebot_navigation) by extension 'colcon_pkg'
[0.269s] Level 1:colcon.colcon_core.package_identification:_identify(src/sebot_navigation) by extensions ['colcon_meta']
[0.269s] Level 1:colcon.colcon_core.package_identification:_identify(src/sebot_navigation) by extension 'colcon_meta'
[0.269s] Level 1:colcon.colcon_core.package_identification:_identify(src/sebot_navigation) by extensions ['ros']
[0.269s] Level 1:colcon.colcon_core.package_identification:_identify(src/sebot_navigation) by extension 'ros'
[0.270s] DEBUG:colcon.colcon_core.package_identification:Package 'src/sebot_navigation' with type 'ros.ament_python' and name 'sebot_navigation'
[0.270s] Level 1:colcon.colcon_core.package_identification:_identify(src/uwb-tracking-ros) by extensions ['ignore', 'ignore_ament_install']
[0.270s] Level 1:colcon.colcon_core.package_identification:_identify(src/uwb-tracking-ros) by extension 'ignore'
[0.270s] Level 1:colcon.colcon_core.package_identification:_identify(src/uwb-tracking-ros) by extension 'ignore_ament_install'
[0.270s] Level 1:colcon.colcon_core.package_identification:_identify(src/uwb-tracking-ros) by extensions ['colcon_pkg']
[0.270s] Level 1:colcon.colcon_core.package_identification:_identify(src/uwb-tracking-ros) by extension 'colcon_pkg'
[0.270s] Level 1:colcon.colcon_core.package_identification:_identify(src/uwb-tracking-ros) by extensions ['colcon_meta']
[0.270s] Level 1:colcon.colcon_core.package_identification:_identify(src/uwb-tracking-ros) by extension 'colcon_meta'
[0.270s] Level 1:colcon.colcon_core.package_identification:_identify(src/uwb-tracking-ros) by extensions ['ros']
[0.270s] Level 1:colcon.colcon_core.package_identification:_identify(src/uwb-tracking-ros) by extension 'ros'
[0.270s] Level 1:colcon.colcon_core.package_identification:_identify(src/uwb-tracking-ros) by extensions ['cmake', 'python']
[0.270s] Level 1:colcon.colcon_core.package_identification:_identify(src/uwb-tracking-ros) by extension 'cmake'
[0.270s] Level 1:colcon.colcon_core.package_identification:_identify(src/uwb-tracking-ros) by extension 'python'
[0.271s] Level 1:colcon.colcon_core.package_identification:_identify(src/uwb-tracking-ros) by extensions ['python_setup_py']
[0.271s] Level 1:colcon.colcon_core.package_identification:_identify(src/uwb-tracking-ros) by extension 'python_setup_py'
[0.271s] Level 1:colcon.colcon_core.package_identification:_identify(src/uwb-tracking-ros/citrack_ros_msgs) by extensions ['ignore', 'ignore_ament_install']
[0.271s] Level 1:colcon.colcon_core.package_identification:_identify(src/uwb-tracking-ros/citrack_ros_msgs) by extension 'ignore'
[0.271s] Level 1:colcon.colcon_core.package_identification:_identify(src/uwb-tracking-ros/citrack_ros_msgs) by extension 'ignore_ament_install'
[0.271s] Level 1:colcon.colcon_core.package_identification:_identify(src/uwb-tracking-ros/citrack_ros_msgs) by extensions ['colcon_pkg']
[0.271s] Level 1:colcon.colcon_core.package_identification:_identify(src/uwb-tracking-ros/citrack_ros_msgs) by extension 'colcon_pkg'
[0.271s] Level 1:colcon.colcon_core.package_identification:_identify(src/uwb-tracking-ros/citrack_ros_msgs) by extensions ['colcon_meta']
[0.271s] Level 1:colcon.colcon_core.package_identification:_identify(src/uwb-tracking-ros/citrack_ros_msgs) by extension 'colcon_meta'
[0.271s] Level 1:colcon.colcon_core.package_identification:_identify(src/uwb-tracking-ros/citrack_ros_msgs) by extensions ['ros']
[0.271s] Level 1:colcon.colcon_core.package_identification:_identify(src/uwb-tracking-ros/citrack_ros_msgs) by extension 'ros'
[0.272s] DEBUG:colcon.colcon_core.package_identification:Package 'src/uwb-tracking-ros/citrack_ros_msgs' with type 'ros.ament_cmake' and name 'citrack_ros_msgs'
[0.272s] Level 1:colcon.colcon_core.package_identification:_identify(src/uwb-tracking-ros/uwb_tracking_ros2) by extensions ['ignore', 'ignore_ament_install']
[0.272s] Level 1:colcon.colcon_core.package_identification:_identify(src/uwb-tracking-ros/uwb_tracking_ros2) by extension 'ignore'
[0.272s] Level 1:colcon.colcon_core.package_identification:_identify(src/uwb-tracking-ros/uwb_tracking_ros2) by extension 'ignore_ament_install'
[0.273s] Level 1:colcon.colcon_core.package_identification:_identify(src/uwb-tracking-ros/uwb_tracking_ros2) by extensions ['colcon_pkg']
[0.273s] Level 1:colcon.colcon_core.package_identification:_identify(src/uwb-tracking-ros/uwb_tracking_ros2) by extension 'colcon_pkg'
[0.273s] Level 1:colcon.colcon_core.package_identification:_identify(src/uwb-tracking-ros/uwb_tracking_ros2) by extensions ['colcon_meta']
[0.273s] Level 1:colcon.colcon_core.package_identification:_identify(src/uwb-tracking-ros/uwb_tracking_ros2) by extension 'colcon_meta'
[0.273s] Level 1:colcon.colcon_core.package_identification:_identify(src/uwb-tracking-ros/uwb_tracking_ros2) by extensions ['ros']
[0.273s] Level 1:colcon.colcon_core.package_identification:_identify(src/uwb-tracking-ros/uwb_tracking_ros2) by extension 'ros'
[0.274s] DEBUG:colcon.colcon_core.package_identification:Package 'src/uwb-tracking-ros/uwb_tracking_ros2' with type 'ros.ament_python' and name 'uwb_tracking_ros2'
[0.274s] Level 1:colcon.colcon_core.package_identification:_identify(uwb_raw_data) by extensions ['ignore', 'ignore_ament_install']
[0.274s] Level 1:colcon.colcon_core.package_identification:_identify(uwb_raw_data) by extension 'ignore'
[0.274s] Level 1:colcon.colcon_core.package_identification:_identify(uwb_raw_data) by extension 'ignore_ament_install'
[0.274s] Level 1:colcon.colcon_core.package_identification:_identify(uwb_raw_data) by extensions ['colcon_pkg']
[0.274s] Level 1:colcon.colcon_core.package_identification:_identify(uwb_raw_data) by extension 'colcon_pkg'
[0.274s] Level 1:colcon.colcon_core.package_identification:_identify(uwb_raw_data) by extensions ['colcon_meta']
[0.274s] Level 1:colcon.colcon_core.package_identification:_identify(uwb_raw_data) by extension 'colcon_meta'
[0.274s] Level 1:colcon.colcon_core.package_identification:_identify(uwb_raw_data) by extensions ['ros']
[0.274s] Level 1:colcon.colcon_core.package_identification:_identify(uwb_raw_data) by extension 'ros'
[0.274s] Level 1:colcon.colcon_core.package_identification:_identify(uwb_raw_data) by extensions ['cmake', 'python']
[0.274s] Level 1:colcon.colcon_core.package_identification:_identify(uwb_raw_data) by extension 'cmake'
[0.274s] Level 1:colcon.colcon_core.package_identification:_identify(uwb_raw_data) by extension 'python'
[0.274s] Level 1:colcon.colcon_core.package_identification:_identify(uwb_raw_data) by extensions ['python_setup_py']
[0.274s] Level 1:colcon.colcon_core.package_identification:_identify(uwb_raw_data) by extension 'python_setup_py'
[0.274s] Level 1:colcon.colcon_core.package_identification:_identify(uwb_raw_data/new_tests) by extensions ['ignore', 'ignore_ament_install']
[0.275s] Level 1:colcon.colcon_core.package_identification:_identify(uwb_raw_data/new_tests) by extension 'ignore'
[0.275s] Level 1:colcon.colcon_core.package_identification:_identify(uwb_raw_data/new_tests) by extension 'ignore_ament_install'
[0.275s] Level 1:colcon.colcon_core.package_identification:_identify(uwb_raw_data/new_tests) by extensions ['colcon_pkg']
[0.275s] Level 1:colcon.colcon_core.package_identification:_identify(uwb_raw_data/new_tests) by extension 'colcon_pkg'
[0.275s] Level 1:colcon.colcon_core.package_identification:_identify(uwb_raw_data/new_tests) by extensions ['colcon_meta']
[0.275s] Level 1:colcon.colcon_core.package_identification:_identify(uwb_raw_data/new_tests) by extension 'colcon_meta'
[0.275s] Level 1:colcon.colcon_core.package_identification:_identify(uwb_raw_data/new_tests) by extensions ['ros']
[0.275s] Level 1:colcon.colcon_core.package_identification:_identify(uwb_raw_data/new_tests) by extension 'ros'
[0.275s] Level 1:colcon.colcon_core.package_identification:_identify(uwb_raw_data/new_tests) by extensions ['cmake', 'python']
[0.275s] Level 1:colcon.colcon_core.package_identification:_identify(uwb_raw_data/new_tests) by extension 'cmake'
[0.275s] Level 1:colcon.colcon_core.package_identification:_identify(uwb_raw_data/new_tests) by extension 'python'
[0.275s] Level 1:colcon.colcon_core.package_identification:_identify(uwb_raw_data/new_tests) by extensions ['python_setup_py']
[0.275s] Level 1:colcon.colcon_core.package_identification:_identify(uwb_raw_data/new_tests) by extension 'python_setup_py'
[0.275s] Level 1:colcon.colcon_core.package_identification:_identify(uwb_raw_data/old_tests) by extensions ['ignore', 'ignore_ament_install']
[0.275s] Level 1:colcon.colcon_core.package_identification:_identify(uwb_raw_data/old_tests) by extension 'ignore'
[0.275s] Level 1:colcon.colcon_core.package_identification:_identify(uwb_raw_data/old_tests) by extension 'ignore_ament_install'
[0.275s] Level 1:colcon.colcon_core.package_identification:_identify(uwb_raw_data/old_tests) by extensions ['colcon_pkg']
[0.275s] Level 1:colcon.colcon_core.package_identification:_identify(uwb_raw_data/old_tests) by extension 'colcon_pkg'
[0.276s] Level 1:colcon.colcon_core.package_identification:_identify(uwb_raw_data/old_tests) by extensions ['colcon_meta']
[0.276s] Level 1:colcon.colcon_core.package_identification:_identify(uwb_raw_data/old_tests) by extension 'colcon_meta'
[0.276s] Level 1:colcon.colcon_core.package_identification:_identify(uwb_raw_data/old_tests) by extensions ['ros']
[0.276s] Level 1:colcon.colcon_core.package_identification:_identify(uwb_raw_data/old_tests) by extension 'ros'
[0.276s] Level 1:colcon.colcon_core.package_identification:_identify(uwb_raw_data/old_tests) by extensions ['cmake', 'python']
[0.276s] Level 1:colcon.colcon_core.package_identification:_identify(uwb_raw_data/old_tests) by extension 'cmake'
[0.276s] Level 1:colcon.colcon_core.package_identification:_identify(uwb_raw_data/old_tests) by extension 'python'
[0.276s] Level 1:colcon.colcon_core.package_identification:_identify(uwb_raw_data/old_tests) by extensions ['python_setup_py']
[0.276s] Level 1:colcon.colcon_core.package_identification:_identify(uwb_raw_data/old_tests) by extension 'python_setup_py'
[0.276s] Level 1:colcon.colcon_core.package_discovery:discover_packages(recursive) using defaults
[0.276s] Level 1:colcon.colcon_core.package_discovery:discover_packages(ignore) discover
[0.276s] Level 1:colcon.colcon_core.package_discovery:discover_packages(ignore) using defaults
[0.276s] Level 1:colcon.colcon_core.package_discovery:discover_packages(path) discover
[0.276s] Level 1:colcon.colcon_core.package_discovery:discover_packages(path) using defaults
[0.303s] INFO:colcon.colcon_core.package_selection:Skipping not selected package 'citrack_ros_msgs' in 'src/uwb-tracking-ros/citrack_ros_msgs'
[0.304s] INFO:colcon.colcon_core.package_selection:Skipping not selected package 'diffdrive' in 'src/diffdrive'
[0.304s] INFO:colcon.colcon_core.package_selection:Skipping not selected package 'motordriver' in 'src/motordriver'
[0.304s] INFO:colcon.colcon_core.package_selection:Skipping not selected package 'motordriver_msgs' in 'src/motordriver_msgs'
[0.304s] INFO:colcon.colcon_core.package_selection:Skipping not selected package 'ntrip' in 'src/Xsens_MTi_ROS_Driver_and_Ntrip_Client/src/ntrip'
[0.304s] INFO:colcon.colcon_core.package_selection:Skipping not selected package 'rplidar_ros' in 'src/rplidar_ros'
[0.304s] INFO:colcon.colcon_core.package_selection:Skipping not selected package 'sebot_navigation' in 'src/sebot_navigation'
[0.304s] INFO:colcon.colcon_core.package_selection:Skipping not selected package 'uwb_tracking_ros2' in 'src/uwb-tracking-ros/uwb_tracking_ros2'
[0.304s] INFO:colcon.colcon_core.package_selection:Skipping not selected package 'xsens_mti_ros2_driver' in 'src/Xsens_MTi_ROS_Driver_and_Ntrip_Client/src/xsens_mti_ros2_driver'
[0.304s] Level 1:colcon.colcon_core.package_discovery:discover_packages(prefix_path) check parameters
[0.305s] Level 1:colcon.colcon_core.package_discovery:discover_packages(prefix_path) discover
[0.308s] DEBUG:colcon.colcon_installed_package_information.package_discovery:Found 10 installed packages in /home/ros2/ros2_ws/install
[0.310s] DEBUG:colcon.colcon_installed_package_information.package_discovery:Found 392 installed packages in /opt/ros/jazzy
[0.312s] Level 1:colcon.colcon_core.package_discovery:discover_packages(prefix_path) using defaults
[0.386s] Level 5:colcon.colcon_core.verb:set package 'sebot_localization' build argument 'cmake_args' from command line to 'None'
[0.387s] Level 5:colcon.colcon_core.verb:set package 'sebot_localization' build argument 'cmake_target' from command line to 'None'
[0.387s] Level 5:colcon.colcon_core.verb:set package 'sebot_localization' build argument 'cmake_target_skip_unavailable' from command line to 'False'
[0.387s] Level 5:colcon.colcon_core.verb:set package 'sebot_localization' build argument 'cmake_clean_cache' from command line to 'False'
[0.387s] Level 5:colcon.colcon_core.verb:set package 'sebot_localization' build argument 'cmake_clean_first' from command line to 'False'
[0.387s] Level 5:colcon.colcon_core.verb:set package 'sebot_localization' build argument 'cmake_force_configure' from command line to 'False'
[0.387s] Level 5:colcon.colcon_core.verb:set package 'sebot_localization' build argument 'ament_cmake_args' from command line to 'None'
[0.387s] Level 5:colcon.colcon_core.verb:set package 'sebot_localization' build argument 'catkin_cmake_args' from command line to 'None'
[0.387s] Level 5:colcon.colcon_core.verb:set package 'sebot_localization' build argument 'catkin_skip_building_tests' from command line to 'False'
[0.387s] DEBUG:colcon.colcon_core.verb:Building package 'sebot_localization' with the following arguments: {'ament_cmake_args': None, 'build_base': '/home/ros2/ros2_ws/build/sebot_localization', 'catkin_cmake_args': None, 'catkin_skip_building_tests': False, 'cmake_args': None, 'cmake_clean_cache': False, 'cmake_clean_first': False, 'cmake_force_configure': False, 'cmake_target': None, 'cmake_target_skip_unavailable': False, 'install_base': '/home/ros2/ros2_ws/install/sebot_localization', 'merge_install': False, 'path': '/home/ros2/ros2_ws/src/sebot_localization ', 'symlink_install': False, 'test_result_base': None}
[0.387s] INFO:colcon.colcon_core.executor:Executing jobs using 'parallel' executor
[0.388s] DEBUG:colcon.colcon_parallel_executor.executor.parallel:run_until_complete
[0.389s] INFO:colcon.colcon_ros.task.ament_cmake.build:Building ROS package in '/home/ros2/ros2_ws/src/sebot_localization ' with build type 'ament_cmake'
[0.389s] INFO:colcon.colcon_cmake.task.cmake.build:Building CMake package in '/home/ros2/ros2_ws/src/sebot_localization '
[0.391s] INFO:colcon.colcon_core.plugin_system:Skipping extension 'colcon_core.shell.bat': Not used on non-Windows systems
[0.392s] INFO:colcon.colcon_core.shell:Skip shell extension 'powershell' for command environment: Not usable outside of PowerShell
[0.392s] DEBUG:colcon.colcon_core.shell:Skip shell extension 'dsv' for command environment
[0.405s] DEBUG:colcon.colcon_core.event_handler.log_command:Invoking command in '/home/ros2/ros2_ws/build/sebot_localization': CMAKE_PREFIX_PATH=${CMAKE_PREFIX_PATH}:/home/ros2/ros2_ws/install/uwb_tracking_ros2:/home/ros2/ros2_ws/install/sebot_navigation:/home/ros2/ros2_ws/install/motordriver:/home/ros2/ros2_ws/install/diffdrive:/opt/ros/jazzy DEBUGINFOD_URLS=https://debuginfod.ubuntu.com /usr/bin/cmake --build /home/ros2/ros2_ws/build/sebot_localization -- -j4 -l4
[21.080s] DEBUG:colcon.colcon_core.event_handler.log_command:Invoked command in '/home/ros2/ros2_ws/build/sebot_localization' returned '0': CMAKE_PREFIX_PATH=${CMAKE_PREFIX_PATH}:/home/ros2/ros2_ws/install/uwb_tracking_ros2:/home/ros2/ros2_ws/install/sebot_navigation:/home/ros2/ros2_ws/install/motordriver:/home/ros2/ros2_ws/install/diffdrive:/opt/ros/jazzy DEBUGINFOD_URLS=https://debuginfod.ubuntu.com /usr/bin/cmake --build /home/ros2/ros2_ws/build/sebot_localization -- -j4 -l4
[21.100s] DEBUG:colcon.colcon_core.event_handler.log_command:Invoking command in '/home/ros2/ros2_ws/build/sebot_localization': CMAKE_PREFIX_PATH=${CMAKE_PREFIX_PATH}:/home/ros2/ros2_ws/install/uwb_tracking_ros2:/home/ros2/ros2_ws/install/sebot_navigation:/home/ros2/ros2_ws/install/motordriver:/home/ros2/ros2_ws/install/diffdrive:/opt/ros/jazzy DEBUGINFOD_URLS=https://debuginfod.ubuntu.com /usr/bin/cmake --install /home/ros2/ros2_ws/build/sebot_localization
[21.144s] Level 1:colcon.colcon_core.environment:create_environment_scripts_only(sebot_localization)
[21.144s] DEBUG:colcon.colcon_core.event_handler.log_command:Invoked command in '/home/ros2/ros2_ws/build/sebot_localization' returned '0': CMAKE_PREFIX_PATH=${CMAKE_PREFIX_PATH}:/home/ros2/ros2_ws/install/uwb_tracking_ros2:/home/ros2/ros2_ws/install/sebot_navigation:/home/ros2/ros2_ws/install/motordriver:/home/ros2/ros2_ws/install/diffdrive:/opt/ros/jazzy DEBUGINFOD_URLS=https://debuginfod.ubuntu.com /usr/bin/cmake --install /home/ros2/ros2_ws/build/sebot_localization
[21.147s] Level 1:colcon.colcon_core.environment:checking '/home/ros2/ros2_ws/install/sebot_localization' for CMake module files
[21.148s] Level 1:colcon.colcon_core.environment:checking '/home/ros2/ros2_ws/install/sebot_localization' for CMake config files
[21.148s] Level 1:colcon.colcon_core.shell:create_environment_hook('sebot_localization', 'cmake_prefix_path')
[21.148s] INFO:colcon.colcon_core.shell:Creating environment hook '/home/ros2/ros2_ws/install/sebot_localization/share/sebot_localization/hook/cmake_prefix_path.ps1'
[21.149s] INFO:colcon.colcon_core.shell:Creating environment descriptor '/home/ros2/ros2_ws/install/sebot_localization/share/sebot_localization/hook/cmake_prefix_path.dsv'
[21.150s] INFO:colcon.colcon_core.shell:Creating environment hook '/home/ros2/ros2_ws/install/sebot_localization/share/sebot_localization/hook/cmake_prefix_path.sh'
[21.151s] Level 1:colcon.colcon_core.environment:checking '/home/ros2/ros2_ws/install/sebot_localization/lib'
[21.152s] Level 1:colcon.colcon_core.environment:checking '/home/ros2/ros2_ws/install/sebot_localization/bin'
[21.152s] Level 1:colcon.colcon_core.environment:checking '/home/ros2/ros2_ws/install/sebot_localization/lib/pkgconfig/sebot_localization.pc'
[21.152s] Level 1:colcon.colcon_core.environment:checking '/home/ros2/ros2_ws/install/sebot_localization/lib/python3.12/site-packages'
[21.153s] Level 1:colcon.colcon_core.environment:checking '/home/ros2/ros2_ws/install/sebot_localization/bin'
[21.153s] INFO:colcon.colcon_core.shell:Creating package script '/home/ros2/ros2_ws/install/sebot_localization/share/sebot_localization/package.ps1'
[21.155s] INFO:colcon.colcon_core.shell:Creating package descriptor '/home/ros2/ros2_ws/install/sebot_localization/share/sebot_localization/package.dsv'
[21.155s] INFO:colcon.colcon_core.shell:Creating package script '/home/ros2/ros2_ws/install/sebot_localization/share/sebot_localization/package.sh'
[21.156s] INFO:colcon.colcon_core.shell:Creating package script '/home/ros2/ros2_ws/install/sebot_localization/share/sebot_localization/package.bash'
[21.157s] INFO:colcon.colcon_core.shell:Creating package script '/home/ros2/ros2_ws/install/sebot_localization/share/sebot_localization/package.zsh'
[21.158s] Level 1:colcon.colcon_core.environment:create_file_with_runtime_dependencies(/home/ros2/ros2_ws/install/sebot_localization/share/colcon-core/packages/sebot_localization)
[21.160s] Level 1:colcon.colcon_core.environment:create_environment_scripts_only(sebot_localization)
[21.160s] Level 1:colcon.colcon_core.environment:checking '/home/ros2/ros2_ws/install/sebot_localization' for CMake module files
[21.161s] Level 1:colcon.colcon_core.environment:checking '/home/ros2/ros2_ws/install/sebot_localization' for CMake config files
[21.161s] Level 1:colcon.colcon_core.shell:create_environment_hook('sebot_localization', 'cmake_prefix_path')
[21.162s] INFO:colcon.colcon_core.shell:Creating environment hook '/home/ros2/ros2_ws/install/sebot_localization/share/sebot_localization/hook/cmake_prefix_path.ps1'
[21.162s] INFO:colcon.colcon_core.shell:Creating environment descriptor '/home/ros2/ros2_ws/install/sebot_localization/share/sebot_localization/hook/cmake_prefix_path.dsv'
[21.163s] INFO:colcon.colcon_core.shell:Creating environment hook '/home/ros2/ros2_ws/install/sebot_localization/share/sebot_localization/hook/cmake_prefix_path.sh'
[21.164s] Level 1:colcon.colcon_core.environment:checking '/home/ros2/ros2_ws/install/sebot_localization/lib'
[21.165s] Level 1:colcon.colcon_core.environment:checking '/home/ros2/ros2_ws/install/sebot_localization/bin'
[21.165s] Level 1:colcon.colcon_core.environment:checking '/home/ros2/ros2_ws/install/sebot_localization/lib/pkgconfig/sebot_localization.pc'
[21.165s] Level 1:colcon.colcon_core.environment:checking '/home/ros2/ros2_ws/install/sebot_localization/lib/python3.12/site-packages'
[21.165s] Level 1:colcon.colcon_core.environment:checking '/home/ros2/ros2_ws/install/sebot_localization/bin'
[21.166s] INFO:colcon.colcon_core.shell:Creating package script '/home/ros2/ros2_ws/install/sebot_localization/share/sebot_localization/package.ps1'
[21.167s] INFO:colcon.colcon_core.shell:Creating package descriptor '/home/ros2/ros2_ws/install/sebot_localization/share/sebot_localization/package.dsv'
[21.168s] INFO:colcon.colcon_core.shell:Creating package script '/home/ros2/ros2_ws/install/sebot_localization/share/sebot_localization/package.sh'
[21.169s] INFO:colcon.colcon_core.shell:Creating package script '/home/ros2/ros2_ws/install/sebot_localization/share/sebot_localization/package.bash'
[21.170s] INFO:colcon.colcon_core.shell:Creating package script '/home/ros2/ros2_ws/install/sebot_localization/share/sebot_localization/package.zsh'
[21.171s] Level 1:colcon.colcon_core.environment:create_file_with_runtime_dependencies(/home/ros2/ros2_ws/install/sebot_localization/share/colcon-core/packages/sebot_localization)
[21.173s] DEBUG:colcon.colcon_parallel_executor.executor.parallel:closing loop
[21.173s] DEBUG:colcon.colcon_parallel_executor.executor.parallel:loop closed
[21.174s] DEBUG:colcon.colcon_parallel_executor.executor.parallel:run_until_complete finished with '0'
[21.174s] DEBUG:colcon.colcon_core.event_reactor:joining thread
[21.182s] INFO:colcon.colcon_core.plugin_system:Skipping extension 'colcon_notification.desktop_notification.terminal_notifier': Not used on non-Darwin systems
[21.182s] INFO:colcon.colcon_core.plugin_system:Skipping extension 'colcon_notification.desktop_notification.win32': Not used on non-Windows systems
[21.182s] INFO:colcon.colcon_notification.desktop_notification:Sending desktop notification using 'notify2'
[21.202s] DEBUG:colcon.colcon_core.event_reactor:joined thread
[21.202s] INFO:colcon.colcon_core.shell:Creating prefix script '/home/ros2/ros2_ws/install/local_setup.ps1'
[21.204s] INFO:colcon.colcon_core.shell:Creating prefix util module '/home/ros2/ros2_ws/install/_local_setup_util_ps1.py'
[21.206s] INFO:colcon.colcon_core.shell:Creating prefix chain script '/home/ros2/ros2_ws/install/setup.ps1'
[21.208s] INFO:colcon.colcon_core.shell:Creating prefix script '/home/ros2/ros2_ws/install/local_setup.sh'
[21.209s] INFO:colcon.colcon_core.shell:Creating prefix util module '/home/ros2/ros2_ws/install/_local_setup_util_sh.py'
[21.210s] INFO:colcon.colcon_core.shell:Creating prefix chain script '/home/ros2/ros2_ws/install/setup.sh'
[21.212s] INFO:colcon.colcon_core.shell:Creating prefix script '/home/ros2/ros2_ws/install/local_setup.bash'
[21.213s] INFO:colcon.colcon_core.shell:Creating prefix chain script '/home/ros2/ros2_ws/install/setup.bash'
[21.214s] INFO:colcon.colcon_core.shell:Creating prefix script '/home/ros2/ros2_ws/install/local_setup.zsh'
[21.215s] INFO:colcon.colcon_core.shell:Creating prefix chain script '/home/ros2/ros2_ws/install/setup.zsh'
