[0.052s] Invoking command in '/home/ros2/ros2_ws/build/citrack_ros_msgs': CMAKE_PREFIX_PATH=${CMAKE_PREFIX_PATH}:/home/ros2/ros2_ws/install/uwb_tracking_ros2:/home/ros2/ros2_ws/install/sebot_navigation:/home/ros2/ros2_ws/install/motordriver:/home/ros2/ros2_ws/install/diffdrive:/opt/ros/jazzy DEBUGINFOD_URLS=https://debuginfod.ubuntu.com /usr/bin/cmake --build /home/ros2/ros2_ws/build/citrack_ros_msgs -- -j4 -l4
[1.197s] [  1%] Built target citrack_ros_msgs__rosidl_generator_type_description
[1.199s] [  1%] Built target ament_cmake_python_symlink_citrack_ros_msgs
[1.199s] [  1%] Built target citrack_ros_msgs__cpp
[1.199s] [ 27%] Built target citrack_ros_msgs__rosidl_generator_c
[1.200s] [ 45%] Built target citrack_ros_msgs__rosidl_typesupport_cpp
[1.200s] [ 46%] Built target citrack_ros_msgs__rosidl_typesupport_fastrtps_c
[1.200s] [ 56%] Built target citrack_ros_msgs__rosidl_typesupport_fastrtps_cpp
[1.201s] [ 66%] Built target citrack_ros_msgs__rosidl_typesupport_introspection_c
[1.201s] [ 76%] Built target citrack_ros_msgs__rosidl_typesupport_c
[1.202s] [ 85%] Built target citrack_ros_msgs__rosidl_typesupport_introspection_cpp
[1.202s] [ 85%] Built target citrack_ros_msgs
[1.202s] [ 86%] Built target citrack_ros_msgs__py
[1.202s] running egg_info
[1.202s] [ 95%] Built target citrack_ros_msgs__rosidl_generator_py
[1.202s] writing citrack_ros_msgs.egg-info/PKG-INFO
[1.208s] writing dependency_links to citrack_ros_msgs.egg-info/dependency_links.txt
[1.210s] writing top-level names to citrack_ros_msgs.egg-info/top_level.txt
[1.211s] [ 97%] Built target citrack_ros_msgs_s__rosidl_typesupport_introspection_c
[1.211s] [ 98%] Built target citrack_ros_msgs_s__rosidl_typesupport_fastrtps_c
[1.211s] [100%] Built target citrack_ros_msgs_s__rosidl_typesupport_c
[1.211s] reading manifest file 'citrack_ros_msgs.egg-info/SOURCES.txt'
[1.211s] writing manifest file 'citrack_ros_msgs.egg-info/SOURCES.txt'
[1.387s] [100%] Built target ament_cmake_python_build_citrack_ros_msgs_egg
[1.476s] Invoked command in '/home/ros2/ros2_ws/build/citrack_ros_msgs' returned '0': CMAKE_PREFIX_PATH=${CMAKE_PREFIX_PATH}:/home/ros2/ros2_ws/install/uwb_tracking_ros2:/home/ros2/ros2_ws/install/sebot_navigation:/home/ros2/ros2_ws/install/motordriver:/home/ros2/ros2_ws/install/diffdrive:/opt/ros/jazzy DEBUGINFOD_URLS=https://debuginfod.ubuntu.com /usr/bin/cmake --build /home/ros2/ros2_ws/build/citrack_ros_msgs -- -j4 -l4
[1.543s] Invoking command in '/home/ros2/ros2_ws/build/citrack_ros_msgs': CMAKE_PREFIX_PATH=${CMAKE_PREFIX_PATH}:/home/ros2/ros2_ws/install/uwb_tracking_ros2:/home/ros2/ros2_ws/install/sebot_navigation:/home/ros2/ros2_ws/install/motordriver:/home/ros2/ros2_ws/install/diffdrive:/opt/ros/jazzy DEBUGINFOD_URLS=https://debuginfod.ubuntu.com /usr/bin/cmake --install /home/ros2/ros2_ws/build/citrack_ros_msgs
[1.586s] -- Install configuration: ""
[1.602s] -- Execute custom install script
[1.609s] -- Up-to-date symlink: /home/ros2/ros2_ws/install/citrack_ros_msgs/share/ament_index/resource_index/rosidl_interfaces/citrack_ros_msgs
[1.616s] -- Up-to-date symlink: /home/ros2/ros2_ws/install/citrack_ros_msgs/share/citrack_ros_msgs/msg/ViconPosition.json
[1.621s] -- Up-to-date symlink: /home/ros2/ros2_ws/install/citrack_ros_msgs/share/citrack_ros_msgs/msg/UwbAnchor.json
[1.626s] -- Up-to-date symlink: /home/ros2/ros2_ws/install/citrack_ros_msgs/share/citrack_ros_msgs/msg/UwbTag.json
[1.627s] -- Up-to-date symlink: /home/ros2/ros2_ws/install/citrack_ros_msgs/share/citrack_ros_msgs/msg/UwbTags.json
[1.628s] -- Up-to-date symlink: /home/ros2/ros2_ws/install/citrack_ros_msgs/share/citrack_ros_msgs/msg/UwbRange.json
[1.628s] -- Up-to-date symlink: /home/ros2/ros2_ws/install/citrack_ros_msgs/share/citrack_ros_msgs/msg/DarknetBoundingBox.json
[1.628s] -- Up-to-date symlink: /home/ros2/ros2_ws/install/citrack_ros_msgs/share/citrack_ros_msgs/msg/DarknetBoundingBoxes.json
[1.628s] -- Up-to-date symlink: /home/ros2/ros2_ws/install/citrack_ros_msgs/share/citrack_ros_msgs/msg/DarknetObjectCount.json
[1.628s] -- Up-to-date symlink: /home/ros2/ros2_ws/install/citrack_ros_msgs/share/citrack_ros_msgs/msg/RvizBirdsEyeParam.json
[1.645s] -- Up-to-date symlink: /home/ros2/ros2_ws/install/citrack_ros_msgs/share/citrack_ros_msgs/msg/CustomTag.json
[1.651s] -- Up-to-date symlink: /home/ros2/ros2_ws/install/citrack_ros_msgs/share/citrack_ros_msgs/msg/MultiTags.json
[1.655s] -- Up-to-date symlink: /home/ros2/ros2_ws/install/citrack_ros_msgs/share/citrack_ros_msgs/action/DarknetCheckForObjects.json
[1.663s] -- Up-to-date symlink: /home/ros2/ros2_ws/install/citrack_ros_msgs/include/citrack_ros_msgs/citrack_ros_msgs/action/darknet_check_for_objects.h
[1.672s] -- Up-to-date symlink: /home/ros2/ros2_ws/install/citrack_ros_msgs/include/citrack_ros_msgs/citrack_ros_msgs/action/detail/darknet_check_for_objects__functions.h
[1.675s] -- Up-to-date symlink: /home/ros2/ros2_ws/install/citrack_ros_msgs/include/citrack_ros_msgs/citrack_ros_msgs/action/detail/darknet_check_for_objects__struct.h
[1.678s] -- Up-to-date symlink: /home/ros2/ros2_ws/install/citrack_ros_msgs/include/citrack_ros_msgs/citrack_ros_msgs/action/detail/darknet_check_for_objects__type_support.h
[1.678s] -- Up-to-date symlink: /home/ros2/ros2_ws/install/citrack_ros_msgs/include/citrack_ros_msgs/citrack_ros_msgs/msg/custom_tag.h
[1.678s] -- Up-to-date symlink: /home/ros2/ros2_ws/install/citrack_ros_msgs/include/citrack_ros_msgs/citrack_ros_msgs/msg/darknet_bounding_box.h
[1.678s] -- Up-to-date symlink: /home/ros2/ros2_ws/install/citrack_ros_msgs/include/citrack_ros_msgs/citrack_ros_msgs/msg/darknet_bounding_boxes.h
[1.678s] -- Up-to-date symlink: /home/ros2/ros2_ws/install/citrack_ros_msgs/include/citrack_ros_msgs/citrack_ros_msgs/msg/darknet_object_count.h
[1.687s] -- Up-to-date symlink: /home/ros2/ros2_ws/install/citrack_ros_msgs/include/citrack_ros_msgs/citrack_ros_msgs/msg/detail/custom_tag__functions.h
[1.687s] -- Up-to-date symlink: /home/ros2/ros2_ws/install/citrack_ros_msgs/include/citrack_ros_msgs/citrack_ros_msgs/msg/detail/custom_tag__struct.h
[1.694s] -- Up-to-date symlink: /home/ros2/ros2_ws/install/citrack_ros_msgs/include/citrack_ros_msgs/citrack_ros_msgs/msg/detail/custom_tag__type_support.h
[1.694s] -- Up-to-date symlink: /home/ros2/ros2_ws/install/citrack_ros_msgs/include/citrack_ros_msgs/citrack_ros_msgs/msg/detail/darknet_bounding_box__functions.h
[1.694s] -- Up-to-date symlink: /home/ros2/ros2_ws/install/citrack_ros_msgs/include/citrack_ros_msgs/citrack_ros_msgs/msg/detail/darknet_bounding_box__struct.h
[1.694s] -- Up-to-date symlink: /home/ros2/ros2_ws/install/citrack_ros_msgs/include/citrack_ros_msgs/citrack_ros_msgs/msg/detail/darknet_bounding_box__type_support.h
[1.702s] -- Up-to-date symlink: /home/ros2/ros2_ws/install/citrack_ros_msgs/include/citrack_ros_msgs/citrack_ros_msgs/msg/detail/darknet_bounding_boxes__functions.h
[1.702s] -- Up-to-date symlink: /home/ros2/ros2_ws/install/citrack_ros_msgs/include/citrack_ros_msgs/citrack_ros_msgs/msg/detail/darknet_bounding_boxes__struct.h
[1.702s] -- Up-to-date symlink: /home/ros2/ros2_ws/install/citrack_ros_msgs/include/citrack_ros_msgs/citrack_ros_msgs/msg/detail/darknet_bounding_boxes__type_support.h
[1.702s] -- Up-to-date symlink: /home/ros2/ros2_ws/install/citrack_ros_msgs/include/citrack_ros_msgs/citrack_ros_msgs/msg/detail/darknet_object_count__functions.h
[1.702s] -- Up-to-date symlink: /home/ros2/ros2_ws/install/citrack_ros_msgs/include/citrack_ros_msgs/citrack_ros_msgs/msg/detail/darknet_object_count__struct.h
[1.702s] -- Up-to-date symlink: /home/ros2/ros2_ws/install/citrack_ros_msgs/include/citrack_ros_msgs/citrack_ros_msgs/msg/detail/darknet_object_count__type_support.h
[1.723s] -- Up-to-date symlink: /home/ros2/ros2_ws/install/citrack_ros_msgs/include/citrack_ros_msgs/citrack_ros_msgs/msg/detail/multi_tags__functions.h
[1.723s] -- Up-to-date symlink: /home/ros2/ros2_ws/install/citrack_ros_msgs/include/citrack_ros_msgs/citrack_ros_msgs/msg/detail/multi_tags__struct.h
[1.724s] -- Up-to-date symlink: /home/ros2/ros2_ws/install/citrack_ros_msgs/include/citrack_ros_msgs/citrack_ros_msgs/msg/detail/multi_tags__type_support.h
[1.724s] -- Up-to-date symlink: /home/ros2/ros2_ws/install/citrack_ros_msgs/include/citrack_ros_msgs/citrack_ros_msgs/msg/detail/rviz_birds_eye_param__functions.h
[1.724s] -- Up-to-date symlink: /home/ros2/ros2_ws/install/citrack_ros_msgs/include/citrack_ros_msgs/citrack_ros_msgs/msg/detail/rviz_birds_eye_param__struct.h
[1.724s] -- Up-to-date symlink: /home/ros2/ros2_ws/install/citrack_ros_msgs/include/citrack_ros_msgs/citrack_ros_msgs/msg/detail/rviz_birds_eye_param__type_support.h
[1.728s] -- Up-to-date symlink: /home/ros2/ros2_ws/install/citrack_ros_msgs/include/citrack_ros_msgs/citrack_ros_msgs/msg/detail/uwb_anchor__functions.h
[1.729s] -- Up-to-date symlink: /home/ros2/ros2_ws/install/citrack_ros_msgs/include/citrack_ros_msgs/citrack_ros_msgs/msg/detail/uwb_anchor__struct.h
[1.729s] -- Up-to-date symlink: /home/ros2/ros2_ws/install/citrack_ros_msgs/include/citrack_ros_msgs/citrack_ros_msgs/msg/detail/uwb_anchor__type_support.h
[1.729s] -- Up-to-date symlink: /home/ros2/ros2_ws/install/citrack_ros_msgs/include/citrack_ros_msgs/citrack_ros_msgs/msg/detail/uwb_range__functions.h
[1.729s] -- Up-to-date symlink: /home/ros2/ros2_ws/install/citrack_ros_msgs/include/citrack_ros_msgs/citrack_ros_msgs/msg/detail/uwb_range__struct.h
[1.729s] -- Up-to-date symlink: /home/ros2/ros2_ws/install/citrack_ros_msgs/include/citrack_ros_msgs/citrack_ros_msgs/msg/detail/uwb_range__type_support.h
[1.729s] -- Up-to-date symlink: /home/ros2/ros2_ws/install/citrack_ros_msgs/include/citrack_ros_msgs/citrack_ros_msgs/msg/detail/uwb_tag__functions.h
[1.729s] -- Up-to-date symlink: /home/ros2/ros2_ws/install/citrack_ros_msgs/include/citrack_ros_msgs/citrack_ros_msgs/msg/detail/uwb_tag__struct.h
[1.729s] -- Up-to-date symlink: /home/ros2/ros2_ws/install/citrack_ros_msgs/include/citrack_ros_msgs/citrack_ros_msgs/msg/detail/uwb_tag__type_support.h
[1.730s] -- Up-to-date symlink: /home/ros2/ros2_ws/install/citrack_ros_msgs/include/citrack_ros_msgs/citrack_ros_msgs/msg/detail/uwb_tags__functions.h
[1.730s] -- Up-to-date symlink: /home/ros2/ros2_ws/install/citrack_ros_msgs/include/citrack_ros_msgs/citrack_ros_msgs/msg/detail/uwb_tags__struct.h
[1.730s] -- Up-to-date symlink: /home/ros2/ros2_ws/install/citrack_ros_msgs/include/citrack_ros_msgs/citrack_ros_msgs/msg/detail/uwb_tags__type_support.h
[1.730s] -- Up-to-date symlink: /home/ros2/ros2_ws/install/citrack_ros_msgs/include/citrack_ros_msgs/citrack_ros_msgs/msg/detail/vicon_position__functions.h
[1.730s] -- Up-to-date symlink: /home/ros2/ros2_ws/install/citrack_ros_msgs/include/citrack_ros_msgs/citrack_ros_msgs/msg/detail/vicon_position__struct.h
[1.730s] -- Up-to-date symlink: /home/ros2/ros2_ws/install/citrack_ros_msgs/include/citrack_ros_msgs/citrack_ros_msgs/msg/detail/vicon_position__type_support.h
[1.730s] -- Up-to-date symlink: /home/ros2/ros2_ws/install/citrack_ros_msgs/include/citrack_ros_msgs/citrack_ros_msgs/msg/multi_tags.h
[1.741s] -- Up-to-date symlink: /home/ros2/ros2_ws/install/citrack_ros_msgs/include/citrack_ros_msgs/citrack_ros_msgs/msg/rosidl_generator_c__visibility_control.h
[1.741s] -- Up-to-date symlink: /home/ros2/ros2_ws/install/citrack_ros_msgs/include/citrack_ros_msgs/citrack_ros_msgs/msg/rviz_birds_eye_param.h
[1.741s] -- Up-to-date symlink: /home/ros2/ros2_ws/install/citrack_ros_msgs/include/citrack_ros_msgs/citrack_ros_msgs/msg/uwb_anchor.h
[1.741s] -- Up-to-date symlink: /home/ros2/ros2_ws/install/citrack_ros_msgs/include/citrack_ros_msgs/citrack_ros_msgs/msg/uwb_range.h
[1.741s] -- Up-to-date symlink: /home/ros2/ros2_ws/install/citrack_ros_msgs/include/citrack_ros_msgs/citrack_ros_msgs/msg/uwb_tag.h
[1.741s] -- Up-to-date symlink: /home/ros2/ros2_ws/install/citrack_ros_msgs/include/citrack_ros_msgs/citrack_ros_msgs/msg/uwb_tags.h
[1.741s] -- Up-to-date symlink: /home/ros2/ros2_ws/install/citrack_ros_msgs/include/citrack_ros_msgs/citrack_ros_msgs/msg/vicon_position.h
[1.745s] -- Up-to-date symlink: /home/ros2/ros2_ws/install/citrack_ros_msgs/share/citrack_ros_msgs/environment/library_path.sh
[1.745s] -- Up-to-date symlink: /home/ros2/ros2_ws/install/citrack_ros_msgs/share/citrack_ros_msgs/environment/library_path.dsv
[1.745s] -- Up-to-date symlink: /home/ros2/ros2_ws/install/citrack_ros_msgs/include/citrack_ros_msgs/citrack_ros_msgs/action/detail/darknet_check_for_objects__rosidl_typesupport_fastrtps_c.h
[1.745s] -- Up-to-date symlink: /home/ros2/ros2_ws/install/citrack_ros_msgs/include/citrack_ros_msgs/citrack_ros_msgs/msg/detail/custom_tag__rosidl_typesupport_fastrtps_c.h
[1.746s] -- Up-to-date symlink: /home/ros2/ros2_ws/install/citrack_ros_msgs/include/citrack_ros_msgs/citrack_ros_msgs/msg/detail/darknet_bounding_box__rosidl_typesupport_fastrtps_c.h
[1.746s] -- Up-to-date symlink: /home/ros2/ros2_ws/install/citrack_ros_msgs/include/citrack_ros_msgs/citrack_ros_msgs/msg/detail/darknet_bounding_boxes__rosidl_typesupport_fastrtps_c.h
[1.746s] -- Up-to-date symlink: /home/ros2/ros2_ws/install/citrack_ros_msgs/include/citrack_ros_msgs/citrack_ros_msgs/msg/detail/darknet_object_count__rosidl_typesupport_fastrtps_c.h
[1.746s] -- Up-to-date symlink: /home/ros2/ros2_ws/install/citrack_ros_msgs/include/citrack_ros_msgs/citrack_ros_msgs/msg/detail/multi_tags__rosidl_typesupport_fastrtps_c.h
[1.746s] -- Up-to-date symlink: /home/ros2/ros2_ws/install/citrack_ros_msgs/include/citrack_ros_msgs/citrack_ros_msgs/msg/detail/rviz_birds_eye_param__rosidl_typesupport_fastrtps_c.h
[1.746s] -- Up-to-date symlink: /home/ros2/ros2_ws/install/citrack_ros_msgs/include/citrack_ros_msgs/citrack_ros_msgs/msg/detail/uwb_anchor__rosidl_typesupport_fastrtps_c.h
[1.746s] -- Up-to-date symlink: /home/ros2/ros2_ws/install/citrack_ros_msgs/include/citrack_ros_msgs/citrack_ros_msgs/msg/detail/uwb_range__rosidl_typesupport_fastrtps_c.h
[1.753s] -- Up-to-date symlink: /home/ros2/ros2_ws/install/citrack_ros_msgs/include/citrack_ros_msgs/citrack_ros_msgs/msg/detail/uwb_tag__rosidl_typesupport_fastrtps_c.h
[1.753s] -- Up-to-date symlink: /home/ros2/ros2_ws/install/citrack_ros_msgs/include/citrack_ros_msgs/citrack_ros_msgs/msg/detail/uwb_tags__rosidl_typesupport_fastrtps_c.h
[1.753s] -- Up-to-date symlink: /home/ros2/ros2_ws/install/citrack_ros_msgs/include/citrack_ros_msgs/citrack_ros_msgs/msg/detail/vicon_position__rosidl_typesupport_fastrtps_c.h
[1.753s] -- Up-to-date symlink: /home/ros2/ros2_ws/install/citrack_ros_msgs/include/citrack_ros_msgs/citrack_ros_msgs/msg/rosidl_typesupport_fastrtps_c__visibility_control.h
[1.753s] -- Up-to-date symlink: /home/ros2/ros2_ws/install/citrack_ros_msgs/include/citrack_ros_msgs/citrack_ros_msgs/action/darknet_check_for_objects.hpp
[1.753s] -- Up-to-date symlink: /home/ros2/ros2_ws/install/citrack_ros_msgs/include/citrack_ros_msgs/citrack_ros_msgs/action/detail/darknet_check_for_objects__builder.hpp
[1.754s] -- Up-to-date symlink: /home/ros2/ros2_ws/install/citrack_ros_msgs/include/citrack_ros_msgs/citrack_ros_msgs/action/detail/darknet_check_for_objects__struct.hpp
[1.754s] -- Up-to-date symlink: /home/ros2/ros2_ws/install/citrack_ros_msgs/include/citrack_ros_msgs/citrack_ros_msgs/action/detail/darknet_check_for_objects__traits.hpp
[1.754s] -- Up-to-date symlink: /home/ros2/ros2_ws/install/citrack_ros_msgs/include/citrack_ros_msgs/citrack_ros_msgs/action/detail/darknet_check_for_objects__type_support.hpp
[1.754s] -- Up-to-date symlink: /home/ros2/ros2_ws/install/citrack_ros_msgs/include/citrack_ros_msgs/citrack_ros_msgs/msg/custom_tag.hpp
[1.754s] -- Up-to-date symlink: /home/ros2/ros2_ws/install/citrack_ros_msgs/include/citrack_ros_msgs/citrack_ros_msgs/msg/darknet_bounding_box.hpp
[1.754s] -- Up-to-date symlink: /home/ros2/ros2_ws/install/citrack_ros_msgs/include/citrack_ros_msgs/citrack_ros_msgs/msg/darknet_bounding_boxes.hpp
[1.754s] -- Up-to-date symlink: /home/ros2/ros2_ws/install/citrack_ros_msgs/include/citrack_ros_msgs/citrack_ros_msgs/msg/darknet_object_count.hpp
[1.754s] -- Up-to-date symlink: /home/ros2/ros2_ws/install/citrack_ros_msgs/include/citrack_ros_msgs/citrack_ros_msgs/msg/detail/custom_tag__builder.hpp
[1.754s] -- Up-to-date symlink: /home/ros2/ros2_ws/install/citrack_ros_msgs/include/citrack_ros_msgs/citrack_ros_msgs/msg/detail/custom_tag__struct.hpp
[1.754s] -- Up-to-date symlink: /home/ros2/ros2_ws/install/citrack_ros_msgs/include/citrack_ros_msgs/citrack_ros_msgs/msg/detail/custom_tag__traits.hpp
[1.763s] -- Up-to-date symlink: /home/ros2/ros2_ws/install/citrack_ros_msgs/include/citrack_ros_msgs/citrack_ros_msgs/msg/detail/custom_tag__type_support.hpp
[1.763s] -- Up-to-date symlink: /home/ros2/ros2_ws/install/citrack_ros_msgs/include/citrack_ros_msgs/citrack_ros_msgs/msg/detail/darknet_bounding_box__builder.hpp
[1.763s] -- Up-to-date symlink: /home/ros2/ros2_ws/install/citrack_ros_msgs/include/citrack_ros_msgs/citrack_ros_msgs/msg/detail/darknet_bounding_box__struct.hpp
[1.763s] -- Up-to-date symlink: /home/ros2/ros2_ws/install/citrack_ros_msgs/include/citrack_ros_msgs/citrack_ros_msgs/msg/detail/darknet_bounding_box__traits.hpp
[1.763s] -- Up-to-date symlink: /home/ros2/ros2_ws/install/citrack_ros_msgs/include/citrack_ros_msgs/citrack_ros_msgs/msg/detail/darknet_bounding_box__type_support.hpp
[1.763s] -- Up-to-date symlink: /home/ros2/ros2_ws/install/citrack_ros_msgs/include/citrack_ros_msgs/citrack_ros_msgs/msg/detail/darknet_bounding_boxes__builder.hpp
[1.763s] -- Up-to-date symlink: /home/ros2/ros2_ws/install/citrack_ros_msgs/include/citrack_ros_msgs/citrack_ros_msgs/msg/detail/darknet_bounding_boxes__struct.hpp
[1.764s] -- Up-to-date symlink: /home/ros2/ros2_ws/install/citrack_ros_msgs/include/citrack_ros_msgs/citrack_ros_msgs/msg/detail/darknet_bounding_boxes__traits.hpp
[1.764s] -- Up-to-date symlink: /home/ros2/ros2_ws/install/citrack_ros_msgs/include/citrack_ros_msgs/citrack_ros_msgs/msg/detail/darknet_bounding_boxes__type_support.hpp
[1.764s] -- Up-to-date symlink: /home/ros2/ros2_ws/install/citrack_ros_msgs/include/citrack_ros_msgs/citrack_ros_msgs/msg/detail/darknet_object_count__builder.hpp
[1.764s] -- Up-to-date symlink: /home/ros2/ros2_ws/install/citrack_ros_msgs/include/citrack_ros_msgs/citrack_ros_msgs/msg/detail/darknet_object_count__struct.hpp
[1.764s] -- Up-to-date symlink: /home/ros2/ros2_ws/install/citrack_ros_msgs/include/citrack_ros_msgs/citrack_ros_msgs/msg/detail/darknet_object_count__traits.hpp
[1.764s] -- Up-to-date symlink: /home/ros2/ros2_ws/install/citrack_ros_msgs/include/citrack_ros_msgs/citrack_ros_msgs/msg/detail/darknet_object_count__type_support.hpp
[1.764s] -- Up-to-date symlink: /home/ros2/ros2_ws/install/citrack_ros_msgs/include/citrack_ros_msgs/citrack_ros_msgs/msg/detail/multi_tags__builder.hpp
[1.764s] -- Up-to-date symlink: /home/ros2/ros2_ws/install/citrack_ros_msgs/include/citrack_ros_msgs/citrack_ros_msgs/msg/detail/multi_tags__struct.hpp
[1.764s] -- Up-to-date symlink: /home/ros2/ros2_ws/install/citrack_ros_msgs/include/citrack_ros_msgs/citrack_ros_msgs/msg/detail/multi_tags__traits.hpp
[1.764s] -- Up-to-date symlink: /home/ros2/ros2_ws/install/citrack_ros_msgs/include/citrack_ros_msgs/citrack_ros_msgs/msg/detail/multi_tags__type_support.hpp
[1.765s] -- Up-to-date symlink: /home/ros2/ros2_ws/install/citrack_ros_msgs/include/citrack_ros_msgs/citrack_ros_msgs/msg/detail/rviz_birds_eye_param__builder.hpp
[1.765s] -- Up-to-date symlink: /home/ros2/ros2_ws/install/citrack_ros_msgs/include/citrack_ros_msgs/citrack_ros_msgs/msg/detail/rviz_birds_eye_param__struct.hpp
[1.765s] -- Up-to-date symlink: /home/ros2/ros2_ws/install/citrack_ros_msgs/include/citrack_ros_msgs/citrack_ros_msgs/msg/detail/rviz_birds_eye_param__traits.hpp
[1.765s] -- Up-to-date symlink: /home/ros2/ros2_ws/install/citrack_ros_msgs/include/citrack_ros_msgs/citrack_ros_msgs/msg/detail/rviz_birds_eye_param__type_support.hpp
[1.765s] -- Up-to-date symlink: /home/ros2/ros2_ws/install/citrack_ros_msgs/include/citrack_ros_msgs/citrack_ros_msgs/msg/detail/uwb_anchor__builder.hpp
[1.765s] -- Up-to-date symlink: /home/ros2/ros2_ws/install/citrack_ros_msgs/include/citrack_ros_msgs/citrack_ros_msgs/msg/detail/uwb_anchor__struct.hpp
[1.765s] -- Up-to-date symlink: /home/ros2/ros2_ws/install/citrack_ros_msgs/include/citrack_ros_msgs/citrack_ros_msgs/msg/detail/uwb_anchor__traits.hpp
[1.775s] -- Up-to-date symlink: /home/ros2/ros2_ws/install/citrack_ros_msgs/include/citrack_ros_msgs/citrack_ros_msgs/msg/detail/uwb_anchor__type_support.hpp
[1.776s] -- Up-to-date symlink: /home/ros2/ros2_ws/install/citrack_ros_msgs/include/citrack_ros_msgs/citrack_ros_msgs/msg/detail/uwb_range__builder.hpp
[1.776s] -- Up-to-date symlink: /home/ros2/ros2_ws/install/citrack_ros_msgs/include/citrack_ros_msgs/citrack_ros_msgs/msg/detail/uwb_range__struct.hpp
[1.776s] -- Up-to-date symlink: /home/ros2/ros2_ws/install/citrack_ros_msgs/include/citrack_ros_msgs/citrack_ros_msgs/msg/detail/uwb_range__traits.hpp
[1.776s] -- Up-to-date symlink: /home/ros2/ros2_ws/install/citrack_ros_msgs/include/citrack_ros_msgs/citrack_ros_msgs/msg/detail/uwb_range__type_support.hpp
[1.776s] -- Up-to-date symlink: /home/ros2/ros2_ws/install/citrack_ros_msgs/include/citrack_ros_msgs/citrack_ros_msgs/msg/detail/uwb_tag__builder.hpp
[1.776s] -- Up-to-date symlink: /home/ros2/ros2_ws/install/citrack_ros_msgs/include/citrack_ros_msgs/citrack_ros_msgs/msg/detail/uwb_tag__struct.hpp
[1.776s] -- Up-to-date symlink: /home/ros2/ros2_ws/install/citrack_ros_msgs/include/citrack_ros_msgs/citrack_ros_msgs/msg/detail/uwb_tag__traits.hpp
[1.776s] -- Up-to-date symlink: /home/ros2/ros2_ws/install/citrack_ros_msgs/include/citrack_ros_msgs/citrack_ros_msgs/msg/detail/uwb_tag__type_support.hpp
[1.777s] -- Up-to-date symlink: /home/ros2/ros2_ws/install/citrack_ros_msgs/include/citrack_ros_msgs/citrack_ros_msgs/msg/detail/uwb_tags__builder.hpp
[1.777s] -- Up-to-date symlink: /home/ros2/ros2_ws/install/citrack_ros_msgs/include/citrack_ros_msgs/citrack_ros_msgs/msg/detail/uwb_tags__struct.hpp
[1.777s] -- Up-to-date symlink: /home/ros2/ros2_ws/install/citrack_ros_msgs/include/citrack_ros_msgs/citrack_ros_msgs/msg/detail/uwb_tags__traits.hpp
[1.777s] -- Up-to-date symlink: /home/ros2/ros2_ws/install/citrack_ros_msgs/include/citrack_ros_msgs/citrack_ros_msgs/msg/detail/uwb_tags__type_support.hpp
[1.777s] -- Up-to-date symlink: /home/ros2/ros2_ws/install/citrack_ros_msgs/include/citrack_ros_msgs/citrack_ros_msgs/msg/detail/vicon_position__builder.hpp
[1.777s] -- Up-to-date symlink: /home/ros2/ros2_ws/install/citrack_ros_msgs/include/citrack_ros_msgs/citrack_ros_msgs/msg/detail/vicon_position__struct.hpp
[1.777s] -- Up-to-date symlink: /home/ros2/ros2_ws/install/citrack_ros_msgs/include/citrack_ros_msgs/citrack_ros_msgs/msg/detail/vicon_position__traits.hpp
[1.777s] -- Up-to-date symlink: /home/ros2/ros2_ws/install/citrack_ros_msgs/include/citrack_ros_msgs/citrack_ros_msgs/msg/detail/vicon_position__type_support.hpp
[1.777s] -- Up-to-date symlink: /home/ros2/ros2_ws/install/citrack_ros_msgs/include/citrack_ros_msgs/citrack_ros_msgs/msg/multi_tags.hpp
[1.784s] -- Up-to-date symlink: /home/ros2/ros2_ws/install/citrack_ros_msgs/include/citrack_ros_msgs/citrack_ros_msgs/msg/rosidl_generator_cpp__visibility_control.hpp
[1.785s] -- Up-to-date symlink: /home/ros2/ros2_ws/install/citrack_ros_msgs/include/citrack_ros_msgs/citrack_ros_msgs/msg/rviz_birds_eye_param.hpp
[1.785s] -- Up-to-date symlink: /home/ros2/ros2_ws/install/citrack_ros_msgs/include/citrack_ros_msgs/citrack_ros_msgs/msg/uwb_anchor.hpp
[1.785s] -- Up-to-date symlink: /home/ros2/ros2_ws/install/citrack_ros_msgs/include/citrack_ros_msgs/citrack_ros_msgs/msg/uwb_range.hpp
[1.785s] -- Up-to-date symlink: /home/ros2/ros2_ws/install/citrack_ros_msgs/include/citrack_ros_msgs/citrack_ros_msgs/msg/uwb_tag.hpp
[1.786s] -- Up-to-date symlink: /home/ros2/ros2_ws/install/citrack_ros_msgs/include/citrack_ros_msgs/citrack_ros_msgs/msg/uwb_tags.hpp
[1.786s] -- Up-to-date symlink: /home/ros2/ros2_ws/install/citrack_ros_msgs/include/citrack_ros_msgs/citrack_ros_msgs/msg/vicon_position.hpp
[1.786s] -- Up-to-date symlink: /home/ros2/ros2_ws/install/citrack_ros_msgs/include/citrack_ros_msgs/citrack_ros_msgs/action/detail/darknet_check_for_objects__rosidl_typesupport_fastrtps_cpp.hpp
[1.797s] -- Up-to-date symlink: /home/ros2/ros2_ws/install/citrack_ros_msgs/include/citrack_ros_msgs/citrack_ros_msgs/msg/detail/custom_tag__rosidl_typesupport_fastrtps_cpp.hpp
[1.797s] -- Up-to-date symlink: /home/ros2/ros2_ws/install/citrack_ros_msgs/include/citrack_ros_msgs/citrack_ros_msgs/msg/detail/darknet_bounding_box__rosidl_typesupport_fastrtps_cpp.hpp
[1.797s] -- Up-to-date symlink: /home/ros2/ros2_ws/install/citrack_ros_msgs/include/citrack_ros_msgs/citrack_ros_msgs/msg/detail/darknet_bounding_boxes__rosidl_typesupport_fastrtps_cpp.hpp
[1.797s] -- Up-to-date symlink: /home/ros2/ros2_ws/install/citrack_ros_msgs/include/citrack_ros_msgs/citrack_ros_msgs/msg/detail/darknet_object_count__rosidl_typesupport_fastrtps_cpp.hpp
[1.797s] -- Up-to-date symlink: /home/ros2/ros2_ws/install/citrack_ros_msgs/include/citrack_ros_msgs/citrack_ros_msgs/msg/detail/multi_tags__rosidl_typesupport_fastrtps_cpp.hpp
[1.797s] -- Up-to-date symlink: /home/ros2/ros2_ws/install/citrack_ros_msgs/include/citrack_ros_msgs/citrack_ros_msgs/msg/detail/rviz_birds_eye_param__rosidl_typesupport_fastrtps_cpp.hpp
[1.797s] -- Up-to-date symlink: /home/ros2/ros2_ws/install/citrack_ros_msgs/include/citrack_ros_msgs/citrack_ros_msgs/msg/detail/uwb_anchor__rosidl_typesupport_fastrtps_cpp.hpp
[1.798s] -- Up-to-date symlink: /home/ros2/ros2_ws/install/citrack_ros_msgs/include/citrack_ros_msgs/citrack_ros_msgs/msg/detail/uwb_range__rosidl_typesupport_fastrtps_cpp.hpp
[1.806s] -- Up-to-date symlink: /home/ros2/ros2_ws/install/citrack_ros_msgs/include/citrack_ros_msgs/citrack_ros_msgs/msg/detail/uwb_tag__rosidl_typesupport_fastrtps_cpp.hpp
[1.807s] -- Up-to-date symlink: /home/ros2/ros2_ws/install/citrack_ros_msgs/include/citrack_ros_msgs/citrack_ros_msgs/msg/detail/uwb_tags__rosidl_typesupport_fastrtps_cpp.hpp
[1.807s] -- Up-to-date symlink: /home/ros2/ros2_ws/install/citrack_ros_msgs/include/citrack_ros_msgs/citrack_ros_msgs/msg/detail/vicon_position__rosidl_typesupport_fastrtps_cpp.hpp
[1.807s] -- Up-to-date symlink: /home/ros2/ros2_ws/install/citrack_ros_msgs/include/citrack_ros_msgs/citrack_ros_msgs/msg/rosidl_typesupport_fastrtps_cpp__visibility_control.h
[1.811s] -- Up-to-date symlink: /home/ros2/ros2_ws/install/citrack_ros_msgs/include/citrack_ros_msgs/citrack_ros_msgs/action/detail/darknet_check_for_objects__rosidl_typesupport_introspection_c.h
[1.815s] -- Up-to-date symlink: /home/ros2/ros2_ws/install/citrack_ros_msgs/include/citrack_ros_msgs/citrack_ros_msgs/msg/detail/custom_tag__rosidl_typesupport_introspection_c.h
[1.815s] -- Up-to-date symlink: /home/ros2/ros2_ws/install/citrack_ros_msgs/include/citrack_ros_msgs/citrack_ros_msgs/msg/detail/darknet_bounding_box__rosidl_typesupport_introspection_c.h
[1.816s] -- Up-to-date symlink: /home/ros2/ros2_ws/install/citrack_ros_msgs/include/citrack_ros_msgs/citrack_ros_msgs/msg/detail/darknet_bounding_boxes__rosidl_typesupport_introspection_c.h
[1.820s] -- Up-to-date symlink: /home/ros2/ros2_ws/install/citrack_ros_msgs/include/citrack_ros_msgs/citrack_ros_msgs/msg/detail/darknet_object_count__rosidl_typesupport_introspection_c.h
[1.820s] -- Up-to-date symlink: /home/ros2/ros2_ws/install/citrack_ros_msgs/include/citrack_ros_msgs/citrack_ros_msgs/msg/detail/multi_tags__rosidl_typesupport_introspection_c.h
[1.821s] -- Up-to-date symlink: /home/ros2/ros2_ws/install/citrack_ros_msgs/include/citrack_ros_msgs/citrack_ros_msgs/msg/detail/rviz_birds_eye_param__rosidl_typesupport_introspection_c.h
[1.826s] -- Up-to-date symlink: /home/ros2/ros2_ws/install/citrack_ros_msgs/include/citrack_ros_msgs/citrack_ros_msgs/msg/detail/uwb_anchor__rosidl_typesupport_introspection_c.h
[1.834s] -- Up-to-date symlink: /home/ros2/ros2_ws/install/citrack_ros_msgs/include/citrack_ros_msgs/citrack_ros_msgs/msg/detail/uwb_range__rosidl_typesupport_introspection_c.h
[1.837s] -- Up-to-date symlink: /home/ros2/ros2_ws/install/citrack_ros_msgs/include/citrack_ros_msgs/citrack_ros_msgs/msg/detail/uwb_tag__rosidl_typesupport_introspection_c.h
[1.838s] -- Up-to-date symlink: /home/ros2/ros2_ws/install/citrack_ros_msgs/include/citrack_ros_msgs/citrack_ros_msgs/msg/detail/uwb_tags__rosidl_typesupport_introspection_c.h
[1.839s] -- Up-to-date symlink: /home/ros2/ros2_ws/install/citrack_ros_msgs/include/citrack_ros_msgs/citrack_ros_msgs/msg/detail/vicon_position__rosidl_typesupport_introspection_c.h
[1.839s] -- Up-to-date symlink: /home/ros2/ros2_ws/install/citrack_ros_msgs/include/citrack_ros_msgs/citrack_ros_msgs/msg/rosidl_typesupport_introspection_c__visibility_control.h
[1.844s] -- Up-to-date symlink: /home/ros2/ros2_ws/install/citrack_ros_msgs/include/citrack_ros_msgs/citrack_ros_msgs/action/detail/darknet_check_for_objects__rosidl_typesupport_introspection_cpp.hpp
[1.844s] -- Up-to-date symlink: /home/ros2/ros2_ws/install/citrack_ros_msgs/include/citrack_ros_msgs/citrack_ros_msgs/msg/detail/custom_tag__rosidl_typesupport_introspection_cpp.hpp
[1.844s] -- Up-to-date symlink: /home/ros2/ros2_ws/install/citrack_ros_msgs/include/citrack_ros_msgs/citrack_ros_msgs/msg/detail/darknet_bounding_box__rosidl_typesupport_introspection_cpp.hpp
[1.845s] -- Up-to-date symlink: /home/ros2/ros2_ws/install/citrack_ros_msgs/include/citrack_ros_msgs/citrack_ros_msgs/msg/detail/darknet_bounding_boxes__rosidl_typesupport_introspection_cpp.hpp
[1.853s] -- Up-to-date symlink: /home/ros2/ros2_ws/install/citrack_ros_msgs/include/citrack_ros_msgs/citrack_ros_msgs/msg/detail/darknet_object_count__rosidl_typesupport_introspection_cpp.hpp
[1.853s] -- Up-to-date symlink: /home/ros2/ros2_ws/install/citrack_ros_msgs/include/citrack_ros_msgs/citrack_ros_msgs/msg/detail/multi_tags__rosidl_typesupport_introspection_cpp.hpp
[1.853s] -- Up-to-date symlink: /home/ros2/ros2_ws/install/citrack_ros_msgs/include/citrack_ros_msgs/citrack_ros_msgs/msg/detail/rviz_birds_eye_param__rosidl_typesupport_introspection_cpp.hpp
[1.858s] -- Up-to-date symlink: /home/ros2/ros2_ws/install/citrack_ros_msgs/include/citrack_ros_msgs/citrack_ros_msgs/msg/detail/uwb_anchor__rosidl_typesupport_introspection_cpp.hpp
[1.858s] -- Up-to-date symlink: /home/ros2/ros2_ws/install/citrack_ros_msgs/include/citrack_ros_msgs/citrack_ros_msgs/msg/detail/uwb_range__rosidl_typesupport_introspection_cpp.hpp
[1.858s] -- Up-to-date symlink: /home/ros2/ros2_ws/install/citrack_ros_msgs/include/citrack_ros_msgs/citrack_ros_msgs/msg/detail/uwb_tag__rosidl_typesupport_introspection_cpp.hpp
[1.858s] -- Up-to-date symlink: /home/ros2/ros2_ws/install/citrack_ros_msgs/include/citrack_ros_msgs/citrack_ros_msgs/msg/detail/uwb_tags__rosidl_typesupport_introspection_cpp.hpp
[1.858s] -- Up-to-date symlink: /home/ros2/ros2_ws/install/citrack_ros_msgs/include/citrack_ros_msgs/citrack_ros_msgs/msg/detail/vicon_position__rosidl_typesupport_introspection_cpp.hpp
[1.859s] -- Up-to-date symlink: /home/ros2/ros2_ws/install/citrack_ros_msgs/share/citrack_ros_msgs/environment/pythonpath.sh
[1.859s] -- Up-to-date symlink: /home/ros2/ros2_ws/install/citrack_ros_msgs/share/citrack_ros_msgs/environment/pythonpath.dsv
[1.864s] -- Up-to-date symlink: /home/ros2/ros2_ws/install/citrack_ros_msgs/lib/python3.12/site-packages/citrack_ros_msgs-0.1.0-py3.12.egg-info/PKG-INFO
[1.872s] -- Up-to-date symlink: /home/ros2/ros2_ws/install/citrack_ros_msgs/lib/python3.12/site-packages/citrack_ros_msgs-0.1.0-py3.12.egg-info/SOURCES.txt
[1.872s] -- Up-to-date symlink: /home/ros2/ros2_ws/install/citrack_ros_msgs/lib/python3.12/site-packages/citrack_ros_msgs-0.1.0-py3.12.egg-info/dependency_links.txt
[1.872s] -- Up-to-date symlink: /home/ros2/ros2_ws/install/citrack_ros_msgs/lib/python3.12/site-packages/citrack_ros_msgs-0.1.0-py3.12.egg-info/top_level.txt
[1.872s] -- Up-to-date symlink: /home/ros2/ros2_ws/install/citrack_ros_msgs/lib/python3.12/site-packages/citrack_ros_msgs/__init__.py
[1.886s] -- Up-to-date symlink: /home/ros2/ros2_ws/install/citrack_ros_msgs/lib/python3.12/site-packages/citrack_ros_msgs/_citrack_ros_msgs_s.ep.rosidl_typesupport_c.c
[1.886s] -- Up-to-date symlink: /home/ros2/ros2_ws/install/citrack_ros_msgs/lib/python3.12/site-packages/citrack_ros_msgs/_citrack_ros_msgs_s.ep.rosidl_typesupport_fastrtps_c.c
[1.886s] -- Up-to-date symlink: /home/ros2/ros2_ws/install/citrack_ros_msgs/lib/python3.12/site-packages/citrack_ros_msgs/_citrack_ros_msgs_s.ep.rosidl_typesupport_introspection_c.c
[1.886s] -- Up-to-date symlink: /home/ros2/ros2_ws/install/citrack_ros_msgs/lib/python3.12/site-packages/citrack_ros_msgs/action/__init__.py
[1.886s] -- Up-to-date symlink: /home/ros2/ros2_ws/install/citrack_ros_msgs/lib/python3.12/site-packages/citrack_ros_msgs/action/_darknet_check_for_objects.py
[1.887s] -- Up-to-date symlink: /home/ros2/ros2_ws/install/citrack_ros_msgs/lib/python3.12/site-packages/citrack_ros_msgs/action/_darknet_check_for_objects_s.c
[1.887s] -- Up-to-date symlink: /home/ros2/ros2_ws/install/citrack_ros_msgs/lib/python3.12/site-packages/citrack_ros_msgs/citrack_ros_msgs_s__rosidl_typesupport_c.so
[1.887s] -- Up-to-date symlink: /home/ros2/ros2_ws/install/citrack_ros_msgs/lib/python3.12/site-packages/citrack_ros_msgs/citrack_ros_msgs_s__rosidl_typesupport_fastrtps_c.so
[1.887s] -- Up-to-date symlink: /home/ros2/ros2_ws/install/citrack_ros_msgs/lib/python3.12/site-packages/citrack_ros_msgs/citrack_ros_msgs_s__rosidl_typesupport_introspection_c.so
[1.901s] -- Up-to-date symlink: /home/ros2/ros2_ws/install/citrack_ros_msgs/lib/python3.12/site-packages/citrack_ros_msgs/msg/__init__.py
[1.901s] -- Up-to-date symlink: /home/ros2/ros2_ws/install/citrack_ros_msgs/lib/python3.12/site-packages/citrack_ros_msgs/msg/_custom_tag.py
[1.920s] -- Up-to-date symlink: /home/ros2/ros2_ws/install/citrack_ros_msgs/lib/python3.12/site-packages/citrack_ros_msgs/msg/_custom_tag_s.c
[1.921s] -- Up-to-date symlink: /home/ros2/ros2_ws/install/citrack_ros_msgs/lib/python3.12/site-packages/citrack_ros_msgs/msg/_darknet_bounding_box.py
[1.921s] -- Up-to-date symlink: /home/ros2/ros2_ws/install/citrack_ros_msgs/lib/python3.12/site-packages/citrack_ros_msgs/msg/_darknet_bounding_box_s.c
[1.921s] -- Up-to-date symlink: /home/ros2/ros2_ws/install/citrack_ros_msgs/lib/python3.12/site-packages/citrack_ros_msgs/msg/_darknet_bounding_boxes.py
[1.921s] -- Up-to-date symlink: /home/ros2/ros2_ws/install/citrack_ros_msgs/lib/python3.12/site-packages/citrack_ros_msgs/msg/_darknet_bounding_boxes_s.c
[1.921s] -- Up-to-date symlink: /home/ros2/ros2_ws/install/citrack_ros_msgs/lib/python3.12/site-packages/citrack_ros_msgs/msg/_darknet_object_count.py
[1.921s] -- Up-to-date symlink: /home/ros2/ros2_ws/install/citrack_ros_msgs/lib/python3.12/site-packages/citrack_ros_msgs/msg/_darknet_object_count_s.c
[1.922s] -- Up-to-date symlink: /home/ros2/ros2_ws/install/citrack_ros_msgs/lib/python3.12/site-packages/citrack_ros_msgs/msg/_multi_tags.py
[1.922s] -- Up-to-date symlink: /home/ros2/ros2_ws/install/citrack_ros_msgs/lib/python3.12/site-packages/citrack_ros_msgs/msg/_multi_tags_s.c
[1.922s] -- Up-to-date symlink: /home/ros2/ros2_ws/install/citrack_ros_msgs/lib/python3.12/site-packages/citrack_ros_msgs/msg/_rviz_birds_eye_param.py
[1.922s] -- Up-to-date symlink: /home/ros2/ros2_ws/install/citrack_ros_msgs/lib/python3.12/site-packages/citrack_ros_msgs/msg/_rviz_birds_eye_param_s.c
[1.922s] -- Up-to-date symlink: /home/ros2/ros2_ws/install/citrack_ros_msgs/lib/python3.12/site-packages/citrack_ros_msgs/msg/_uwb_anchor.py
[1.922s] -- Up-to-date symlink: /home/ros2/ros2_ws/install/citrack_ros_msgs/lib/python3.12/site-packages/citrack_ros_msgs/msg/_uwb_anchor_s.c
[1.922s] -- Up-to-date symlink: /home/ros2/ros2_ws/install/citrack_ros_msgs/lib/python3.12/site-packages/citrack_ros_msgs/msg/_uwb_range.py
[1.922s] -- Up-to-date symlink: /home/ros2/ros2_ws/install/citrack_ros_msgs/lib/python3.12/site-packages/citrack_ros_msgs/msg/_uwb_range_s.c
[1.923s] -- Up-to-date symlink: /home/ros2/ros2_ws/install/citrack_ros_msgs/lib/python3.12/site-packages/citrack_ros_msgs/msg/_uwb_tag.py
[1.923s] -- Up-to-date symlink: /home/ros2/ros2_ws/install/citrack_ros_msgs/lib/python3.12/site-packages/citrack_ros_msgs/msg/_uwb_tag_s.c
[1.923s] -- Up-to-date symlink: /home/ros2/ros2_ws/install/citrack_ros_msgs/lib/python3.12/site-packages/citrack_ros_msgs/msg/_uwb_tags.py
[1.923s] -- Up-to-date symlink: /home/ros2/ros2_ws/install/citrack_ros_msgs/lib/python3.12/site-packages/citrack_ros_msgs/msg/_uwb_tags_s.c
[1.923s] -- Up-to-date symlink: /home/ros2/ros2_ws/install/citrack_ros_msgs/lib/python3.12/site-packages/citrack_ros_msgs/msg/_vicon_position.py
[1.938s] -- Up-to-date symlink: /home/ros2/ros2_ws/install/citrack_ros_msgs/lib/python3.12/site-packages/citrack_ros_msgs/msg/_vicon_position_s.c
[1.949s] -- Up-to-date symlink: /home/ros2/ros2_ws/install/citrack_ros_msgs/lib/python3.12/site-packages/citrack_ros_msgs/citrack_ros_msgs_s__rosidl_typesupport_fastrtps_c.so
[1.949s] -- Up-to-date symlink: /home/ros2/ros2_ws/install/citrack_ros_msgs/lib/python3.12/site-packages/citrack_ros_msgs/citrack_ros_msgs_s__rosidl_typesupport_introspection_c.so
[1.962s] -- Up-to-date symlink: /home/ros2/ros2_ws/install/citrack_ros_msgs/lib/python3.12/site-packages/citrack_ros_msgs/citrack_ros_msgs_s__rosidl_typesupport_c.so
[1.962s] -- Up-to-date symlink: /home/ros2/ros2_ws/install/citrack_ros_msgs/share/citrack_ros_msgs/msg/ViconPosition.idl
[1.962s] -- Up-to-date symlink: /home/ros2/ros2_ws/install/citrack_ros_msgs/share/citrack_ros_msgs/msg/UwbAnchor.idl
[1.962s] -- Up-to-date symlink: /home/ros2/ros2_ws/install/citrack_ros_msgs/share/citrack_ros_msgs/msg/UwbTag.idl
[1.963s] -- Up-to-date symlink: /home/ros2/ros2_ws/install/citrack_ros_msgs/share/citrack_ros_msgs/msg/UwbTags.idl
[1.964s] -- Up-to-date symlink: /home/ros2/ros2_ws/install/citrack_ros_msgs/share/citrack_ros_msgs/msg/UwbRange.idl
[1.964s] -- Up-to-date symlink: /home/ros2/ros2_ws/install/citrack_ros_msgs/share/citrack_ros_msgs/msg/DarknetBoundingBox.idl
[1.964s] -- Up-to-date symlink: /home/ros2/ros2_ws/install/citrack_ros_msgs/share/citrack_ros_msgs/msg/DarknetBoundingBoxes.idl
[1.964s] -- Up-to-date symlink: /home/ros2/ros2_ws/install/citrack_ros_msgs/share/citrack_ros_msgs/msg/DarknetObjectCount.idl
[1.964s] -- Up-to-date symlink: /home/ros2/ros2_ws/install/citrack_ros_msgs/share/citrack_ros_msgs/msg/RvizBirdsEyeParam.idl
[1.968s] -- Up-to-date symlink: /home/ros2/ros2_ws/install/citrack_ros_msgs/share/citrack_ros_msgs/msg/CustomTag.idl
[1.968s] -- Up-to-date symlink: /home/ros2/ros2_ws/install/citrack_ros_msgs/share/citrack_ros_msgs/msg/MultiTags.idl
[1.968s] -- Up-to-date symlink: /home/ros2/ros2_ws/install/citrack_ros_msgs/share/citrack_ros_msgs/action/DarknetCheckForObjects.idl
[1.973s] -- Up-to-date symlink: /home/ros2/ros2_ws/install/citrack_ros_msgs/share/citrack_ros_msgs/msg/ViconPosition.msg
[1.973s] -- Up-to-date symlink: /home/ros2/ros2_ws/install/citrack_ros_msgs/share/citrack_ros_msgs/msg/UwbAnchor.msg
[1.973s] -- Up-to-date symlink: /home/ros2/ros2_ws/install/citrack_ros_msgs/share/citrack_ros_msgs/msg/UwbTag.msg
[1.978s] -- Up-to-date symlink: /home/ros2/ros2_ws/install/citrack_ros_msgs/share/citrack_ros_msgs/msg/UwbTags.msg
[1.978s] -- Up-to-date symlink: /home/ros2/ros2_ws/install/citrack_ros_msgs/share/citrack_ros_msgs/msg/UwbRange.msg
[1.978s] -- Up-to-date symlink: /home/ros2/ros2_ws/install/citrack_ros_msgs/share/citrack_ros_msgs/msg/DarknetBoundingBox.msg
[1.978s] -- Up-to-date symlink: /home/ros2/ros2_ws/install/citrack_ros_msgs/share/citrack_ros_msgs/msg/DarknetBoundingBoxes.msg
[1.978s] -- Up-to-date symlink: /home/ros2/ros2_ws/install/citrack_ros_msgs/share/citrack_ros_msgs/msg/DarknetObjectCount.msg
[1.980s] -- Up-to-date symlink: /home/ros2/ros2_ws/install/citrack_ros_msgs/share/citrack_ros_msgs/msg/RvizBirdsEyeParam.msg
[1.980s] -- Up-to-date symlink: /home/ros2/ros2_ws/install/citrack_ros_msgs/share/citrack_ros_msgs/msg/CustomTag.msg
[1.980s] -- Up-to-date symlink: /home/ros2/ros2_ws/install/citrack_ros_msgs/share/citrack_ros_msgs/msg/MultiTags.msg
[1.980s] -- Up-to-date symlink: /home/ros2/ros2_ws/install/citrack_ros_msgs/share/citrack_ros_msgs/action/DarknetCheckForObjects.action
[1.980s] -- Up-to-date symlink: /home/ros2/ros2_ws/install/citrack_ros_msgs/share/ament_index/resource_index/package_run_dependencies/citrack_ros_msgs
[1.980s] -- Up-to-date symlink: /home/ros2/ros2_ws/install/citrack_ros_msgs/share/ament_index/resource_index/parent_prefix_path/citrack_ros_msgs
[1.980s] -- Up-to-date symlink: /home/ros2/ros2_ws/install/citrack_ros_msgs/share/citrack_ros_msgs/environment/ament_prefix_path.sh
[1.992s] -- Up-to-date symlink: /home/ros2/ros2_ws/install/citrack_ros_msgs/share/citrack_ros_msgs/environment/ament_prefix_path.dsv
[1.992s] -- Up-to-date symlink: /home/ros2/ros2_ws/install/citrack_ros_msgs/share/citrack_ros_msgs/environment/path.sh
[1.996s] -- Up-to-date symlink: /home/ros2/ros2_ws/install/citrack_ros_msgs/share/citrack_ros_msgs/environment/path.dsv
[1.996s] -- Up-to-date symlink: /home/ros2/ros2_ws/install/citrack_ros_msgs/share/citrack_ros_msgs/local_setup.bash
[1.997s] -- Up-to-date symlink: /home/ros2/ros2_ws/install/citrack_ros_msgs/share/citrack_ros_msgs/local_setup.sh
[1.997s] -- Up-to-date symlink: /home/ros2/ros2_ws/install/citrack_ros_msgs/share/citrack_ros_msgs/local_setup.zsh
[1.997s] -- Up-to-date symlink: /home/ros2/ros2_ws/install/citrack_ros_msgs/share/citrack_ros_msgs/local_setup.dsv
[1.997s] -- Symlinking: /home/ros2/ros2_ws/install/citrack_ros_msgs/share/citrack_ros_msgs/package.dsv
[2.082s] -- Up-to-date symlink: /home/ros2/ros2_ws/install/citrack_ros_msgs/share/ament_index/resource_index/packages/citrack_ros_msgs
[2.091s] -- Up-to-date symlink: /home/ros2/ros2_ws/install/citrack_ros_msgs/share/citrack_ros_msgs/cmake/rosidl_cmake-extras.cmake
[2.101s] -- Up-to-date symlink: /home/ros2/ros2_ws/install/citrack_ros_msgs/share/citrack_ros_msgs/cmake/ament_cmake_export_dependencies-extras.cmake
[2.101s] -- Up-to-date symlink: /home/ros2/ros2_ws/install/citrack_ros_msgs/share/citrack_ros_msgs/cmake/ament_cmake_export_include_directories-extras.cmake
[2.103s] -- Up-to-date symlink: /home/ros2/ros2_ws/install/citrack_ros_msgs/share/citrack_ros_msgs/cmake/ament_cmake_export_libraries-extras.cmake
[2.103s] -- Up-to-date symlink: /home/ros2/ros2_ws/install/citrack_ros_msgs/share/citrack_ros_msgs/cmake/ament_cmake_export_targets-extras.cmake
[2.122s] -- Up-to-date symlink: /home/ros2/ros2_ws/install/citrack_ros_msgs/share/citrack_ros_msgs/cmake/rosidl_cmake_export_typesupport_targets-extras.cmake
[2.124s] -- Up-to-date symlink: /home/ros2/ros2_ws/install/citrack_ros_msgs/share/citrack_ros_msgs/cmake/rosidl_cmake_export_typesupport_libraries-extras.cmake
[2.125s] -- Up-to-date symlink: /home/ros2/ros2_ws/install/citrack_ros_msgs/share/citrack_ros_msgs/cmake/citrack_ros_msgsConfig.cmake
[2.125s] -- Up-to-date symlink: /home/ros2/ros2_ws/install/citrack_ros_msgs/share/citrack_ros_msgs/cmake/citrack_ros_msgsConfig-version.cmake
[2.125s] -- Up-to-date symlink: /home/ros2/ros2_ws/install/citrack_ros_msgs/share/citrack_ros_msgs/package.xml
[2.125s] -- Up-to-date: /home/ros2/ros2_ws/install/citrack_ros_msgs/lib/libcitrack_ros_msgs__rosidl_generator_c.so
[2.125s] -- Up-to-date: /home/ros2/ros2_ws/install/citrack_ros_msgs/lib/libcitrack_ros_msgs__rosidl_typesupport_fastrtps_c.so
[2.137s] -- Up-to-date: /home/ros2/ros2_ws/install/citrack_ros_msgs/lib/libcitrack_ros_msgs__rosidl_typesupport_fastrtps_cpp.so
[2.137s] -- Up-to-date: /home/ros2/ros2_ws/install/citrack_ros_msgs/lib/libcitrack_ros_msgs__rosidl_typesupport_introspection_c.so
[2.137s] -- Up-to-date: /home/ros2/ros2_ws/install/citrack_ros_msgs/lib/libcitrack_ros_msgs__rosidl_typesupport_c.so
[2.137s] -- Up-to-date: /home/ros2/ros2_ws/install/citrack_ros_msgs/lib/libcitrack_ros_msgs__rosidl_typesupport_introspection_cpp.so
[2.141s] -- Up-to-date: /home/ros2/ros2_ws/install/citrack_ros_msgs/lib/libcitrack_ros_msgs__rosidl_typesupport_cpp.so
[2.281s] Listing '/home/ros2/ros2_ws/install/citrack_ros_msgs/lib/python3.12/site-packages/citrack_ros_msgs'...
[2.281s] Listing '/home/ros2/ros2_ws/install/citrack_ros_msgs/lib/python3.12/site-packages/citrack_ros_msgs/action'...
[2.281s] Listing '/home/ros2/ros2_ws/install/citrack_ros_msgs/lib/python3.12/site-packages/citrack_ros_msgs/msg'...
[2.323s] -- Up-to-date: /home/ros2/ros2_ws/install/citrack_ros_msgs/lib/libcitrack_ros_msgs__rosidl_generator_py.so
[2.328s] -- Up-to-date: /home/ros2/ros2_ws/install/citrack_ros_msgs/share/citrack_ros_msgs/cmake/export_citrack_ros_msgs__rosidl_generator_cExport.cmake
[2.328s] -- Up-to-date: /home/ros2/ros2_ws/install/citrack_ros_msgs/share/citrack_ros_msgs/cmake/export_citrack_ros_msgs__rosidl_generator_cExport-noconfig.cmake
[2.328s] -- Up-to-date: /home/ros2/ros2_ws/install/citrack_ros_msgs/share/citrack_ros_msgs/cmake/export_citrack_ros_msgs__rosidl_typesupport_fastrtps_cExport.cmake
[2.330s] -- Up-to-date: /home/ros2/ros2_ws/install/citrack_ros_msgs/share/citrack_ros_msgs/cmake/export_citrack_ros_msgs__rosidl_typesupport_fastrtps_cExport-noconfig.cmake
[2.334s] -- Up-to-date: /home/ros2/ros2_ws/install/citrack_ros_msgs/share/citrack_ros_msgs/cmake/export_citrack_ros_msgs__rosidl_generator_cppExport.cmake
[2.338s] -- Up-to-date: /home/ros2/ros2_ws/install/citrack_ros_msgs/share/citrack_ros_msgs/cmake/export_citrack_ros_msgs__rosidl_typesupport_fastrtps_cppExport.cmake
[2.338s] -- Up-to-date: /home/ros2/ros2_ws/install/citrack_ros_msgs/share/citrack_ros_msgs/cmake/export_citrack_ros_msgs__rosidl_typesupport_fastrtps_cppExport-noconfig.cmake
[2.352s] -- Up-to-date: /home/ros2/ros2_ws/install/citrack_ros_msgs/share/citrack_ros_msgs/cmake/citrack_ros_msgs__rosidl_typesupport_introspection_cExport.cmake
[2.352s] -- Up-to-date: /home/ros2/ros2_ws/install/citrack_ros_msgs/share/citrack_ros_msgs/cmake/citrack_ros_msgs__rosidl_typesupport_introspection_cExport-noconfig.cmake
[2.353s] -- Up-to-date: /home/ros2/ros2_ws/install/citrack_ros_msgs/share/citrack_ros_msgs/cmake/citrack_ros_msgs__rosidl_typesupport_cExport.cmake
[2.353s] -- Up-to-date: /home/ros2/ros2_ws/install/citrack_ros_msgs/share/citrack_ros_msgs/cmake/citrack_ros_msgs__rosidl_typesupport_cExport-noconfig.cmake
[2.358s] -- Up-to-date: /home/ros2/ros2_ws/install/citrack_ros_msgs/share/citrack_ros_msgs/cmake/citrack_ros_msgs__rosidl_typesupport_introspection_cppExport.cmake
[2.360s] -- Up-to-date: /home/ros2/ros2_ws/install/citrack_ros_msgs/share/citrack_ros_msgs/cmake/citrack_ros_msgs__rosidl_typesupport_introspection_cppExport-noconfig.cmake
[2.362s] -- Up-to-date: /home/ros2/ros2_ws/install/citrack_ros_msgs/share/citrack_ros_msgs/cmake/citrack_ros_msgs__rosidl_typesupport_cppExport.cmake
[2.362s] -- Up-to-date: /home/ros2/ros2_ws/install/citrack_ros_msgs/share/citrack_ros_msgs/cmake/citrack_ros_msgs__rosidl_typesupport_cppExport-noconfig.cmake
[2.371s] -- Up-to-date: /home/ros2/ros2_ws/install/citrack_ros_msgs/share/citrack_ros_msgs/cmake/export_citrack_ros_msgs__rosidl_generator_pyExport.cmake
[2.371s] -- Up-to-date: /home/ros2/ros2_ws/install/citrack_ros_msgs/share/citrack_ros_msgs/cmake/export_citrack_ros_msgs__rosidl_generator_pyExport-noconfig.cmake
[2.390s] Invoked command in '/home/ros2/ros2_ws/build/citrack_ros_msgs' returned '0': CMAKE_PREFIX_PATH=${CMAKE_PREFIX_PATH}:/home/ros2/ros2_ws/install/uwb_tracking_ros2:/home/ros2/ros2_ws/install/sebot_navigation:/home/ros2/ros2_ws/install/motordriver:/home/ros2/ros2_ws/install/diffdrive:/opt/ros/jazzy DEBUGINFOD_URLS=https://debuginfod.ubuntu.com /usr/bin/cmake --install /home/ros2/ros2_ws/build/citrack_ros_msgs
