[1.233s] Invoking command in '/home/ros2/ros2_ws/build/motordriver_msgs': CMAKE_PREFIX_PATH=${CMAKE_PREFIX_PATH}:/home/ros2/ros2_ws/install/uwb_tracking_ros2:/home/ros2/ros2_ws/install/sebot_navigation:/home/ros2/ros2_ws/install/motordriver:/home/ros2/ros2_ws/install/diffdrive:/opt/ros/jazzy DEBUGINFOD_URLS=https://debuginfod.ubuntu.com /usr/bin/cmake --build /home/ros2/ros2_ws/build/motordriver_msgs -- -j4 -l4
[1.578s] [  2%] Built target motordriver_msgs__rosidl_generator_type_description
[1.604s] [  2%] Built target ament_cmake_python_symlink_motordriver_msgs
[1.679s] [  5%] Built target motordriver_msgs__cpp
[1.705s] [ 20%] Built target motordriver_msgs__rosidl_generator_c
[1.871s] [ 23%] [32mBuilding CXX object CMakeFiles/motordriver_msgs__rosidl_typesupport_cpp.dir/rosidl_typesupport_cpp/motordriver_msgs/msg/motordriver_message__type_support.cpp.o[0m
[1.872s] [ 26%] [32mBuilding CXX object CMakeFiles/motordriver_msgs__rosidl_typesupport_introspection_cpp.dir/rosidl_typesupport_introspection_cpp/motordriver_msgs/msg/detail/motordriver_message__type_support.cpp.o[0m
[1.903s] [ 35%] Built target motordriver_msgs__rosidl_typesupport_c
[2.065s] [ 38%] [32mBuilding CXX object CMakeFiles/motordriver_msgs__rosidl_typesupport_fastrtps_cpp.dir/rosidl_typesupport_fastrtps_cpp/motordriver_msgs/msg/detail/dds_fastrtps/motordriver_message__type_support.cpp.o[0m
[4.254s] running egg_info
[4.292s] [ 41%] [32m[1mLinking CXX shared library libmotordriver_msgs__rosidl_typesupport_fastrtps_cpp.so[0m
[4.765s] [ 44%] Built target motordriver_msgs__rosidl_typesupport_fastrtps_cpp
[4.781s] writing motordriver_msgs.egg-info/PKG-INFO
[4.784s] writing dependency_links to motordriver_msgs.egg-info/dependency_links.txt
[4.789s] writing top-level names to motordriver_msgs.egg-info/top_level.txt
[4.795s] [ 47%] [32m[1mLinking CXX shared library libmotordriver_msgs__rosidl_typesupport_introspection_cpp.so[0m
[4.892s] [ 50%] [32mBuilding CXX object CMakeFiles/motordriver_msgs__rosidl_typesupport_fastrtps_c.dir/rosidl_typesupport_fastrtps_c/motordriver_msgs/msg/detail/motordriver_message__type_support_c.cpp.o[0m
[5.002s] [ 52%] Built target motordriver_msgs__rosidl_typesupport_introspection_cpp
[5.177s] [ 61%] Built target motordriver_msgs__rosidl_typesupport_introspection_c
[5.182s] reading manifest file 'motordriver_msgs.egg-info/SOURCES.txt'
[5.190s] writing manifest file 'motordriver_msgs.egg-info/SOURCES.txt'
[5.483s] [ 61%] Built target ament_cmake_python_build_motordriver_msgs_egg
[5.530s] [ 64%] [32m[1mLinking CXX shared library libmotordriver_msgs__rosidl_typesupport_cpp.so[0m
[5.782s] [ 67%] Built target motordriver_msgs__rosidl_typesupport_cpp
[8.029s] [ 70%] [32m[1mLinking CXX shared library libmotordriver_msgs__rosidl_typesupport_fastrtps_c.so[0m
[8.326s] [ 73%] Built target motordriver_msgs__rosidl_typesupport_fastrtps_c
[8.592s] [ 73%] Built target motordriver_msgs
[8.787s] [ 76%] Built target motordriver_msgs__py
[8.906s] [ 79%] [32mBuilding C object CMakeFiles/motordriver_msgs__rosidl_generator_py.dir/rosidl_generator_py/motordriver_msgs/msg/_motordriver_message_s.c.o[0m
[10.199s] [ 82%] [32m[1mLinking C shared library libmotordriver_msgs__rosidl_generator_py.so[0m
[10.440s] [ 82%] Built target motordriver_msgs__rosidl_generator_py
[10.581s] [ 85%] [32mBuilding C object CMakeFiles/motordriver_msgs_s__rosidl_typesupport_c.dir/rosidl_generator_py/motordriver_msgs/_motordriver_msgs_s.ep.rosidl_typesupport_c.c.o[0m
[10.660s] [ 88%] [32mBuilding C object CMakeFiles/motordriver_msgs_s__rosidl_typesupport_fastrtps_c.dir/rosidl_generator_py/motordriver_msgs/_motordriver_msgs_s.ep.rosidl_typesupport_fastrtps_c.c.o[0m
[10.679s] [ 91%] [32mBuilding C object CMakeFiles/motordriver_msgs_s__rosidl_typesupport_introspection_c.dir/rosidl_generator_py/motordriver_msgs/_motordriver_msgs_s.ep.rosidl_typesupport_introspection_c.c.o[0m
[11.007s] [ 94%] [32m[1mLinking C shared module rosidl_generator_py/motordriver_msgs/motordriver_msgs_s__rosidl_typesupport_fastrtps_c.so[0m
[11.037s] [ 97%] [32m[1mLinking C shared module rosidl_generator_py/motordriver_msgs/motordriver_msgs_s__rosidl_typesupport_c.so[0m
[11.145s] [100%] [32m[1mLinking C shared module rosidl_generator_py/motordriver_msgs/motordriver_msgs_s__rosidl_typesupport_introspection_c.so[0m
[11.201s] [100%] Built target motordriver_msgs_s__rosidl_typesupport_fastrtps_c
[11.222s] [100%] Built target motordriver_msgs_s__rosidl_typesupport_c
[11.298s] [100%] Built target motordriver_msgs_s__rosidl_typesupport_introspection_c
[11.358s] Invoked command in '/home/ros2/ros2_ws/build/motordriver_msgs' returned '0': CMAKE_PREFIX_PATH=${CMAKE_PREFIX_PATH}:/home/ros2/ros2_ws/install/uwb_tracking_ros2:/home/ros2/ros2_ws/install/sebot_navigation:/home/ros2/ros2_ws/install/motordriver:/home/ros2/ros2_ws/install/diffdrive:/opt/ros/jazzy DEBUGINFOD_URLS=https://debuginfod.ubuntu.com /usr/bin/cmake --build /home/ros2/ros2_ws/build/motordriver_msgs -- -j4 -l4
[11.411s] Invoking command in '/home/ros2/ros2_ws/build/motordriver_msgs': CMAKE_PREFIX_PATH=${CMAKE_PREFIX_PATH}:/home/ros2/ros2_ws/install/uwb_tracking_ros2:/home/ros2/ros2_ws/install/sebot_navigation:/home/ros2/ros2_ws/install/motordriver:/home/ros2/ros2_ws/install/diffdrive:/opt/ros/jazzy DEBUGINFOD_URLS=https://debuginfod.ubuntu.com /usr/bin/cmake --install /home/ros2/ros2_ws/build/motordriver_msgs
[11.461s] -- Install configuration: ""
[11.471s] -- Execute custom install script
[11.472s] -- Up-to-date symlink: /home/ros2/ros2_ws/install/motordriver_msgs/share/ament_index/resource_index/rosidl_interfaces/motordriver_msgs
[11.477s] -- Up-to-date symlink: /home/ros2/ros2_ws/install/motordriver_msgs/share/motordriver_msgs/msg/MotordriverMessage.json
[11.480s] -- Up-to-date symlink: /home/ros2/ros2_ws/install/motordriver_msgs/include/motordriver_msgs/motordriver_msgs/msg/detail/motordriver_message__functions.h
[11.480s] -- Up-to-date symlink: /home/ros2/ros2_ws/install/motordriver_msgs/include/motordriver_msgs/motordriver_msgs/msg/detail/motordriver_message__struct.h
[11.486s] -- Up-to-date symlink: /home/ros2/ros2_ws/install/motordriver_msgs/include/motordriver_msgs/motordriver_msgs/msg/detail/motordriver_message__type_support.h
[11.492s] -- Up-to-date symlink: /home/ros2/ros2_ws/install/motordriver_msgs/include/motordriver_msgs/motordriver_msgs/msg/motordriver_message.h
[11.496s] -- Up-to-date symlink: /home/ros2/ros2_ws/install/motordriver_msgs/include/motordriver_msgs/motordriver_msgs/msg/rosidl_generator_c__visibility_control.h
[11.499s] -- Up-to-date symlink: /home/ros2/ros2_ws/install/motordriver_msgs/share/motordriver_msgs/environment/library_path.sh
[11.502s] -- Up-to-date symlink: /home/ros2/ros2_ws/install/motordriver_msgs/share/motordriver_msgs/environment/library_path.dsv
[11.506s] -- Up-to-date symlink: /home/ros2/ros2_ws/install/motordriver_msgs/include/motordriver_msgs/motordriver_msgs/msg/detail/motordriver_message__rosidl_typesupport_fastrtps_c.h
[11.507s] -- Up-to-date symlink: /home/ros2/ros2_ws/install/motordriver_msgs/include/motordriver_msgs/motordriver_msgs/msg/rosidl_typesupport_fastrtps_c__visibility_control.h
[11.511s] -- Up-to-date symlink: /home/ros2/ros2_ws/install/motordriver_msgs/include/motordriver_msgs/motordriver_msgs/msg/detail/motordriver_message__rosidl_typesupport_introspection_c.h
[11.514s] -- Up-to-date symlink: /home/ros2/ros2_ws/install/motordriver_msgs/include/motordriver_msgs/motordriver_msgs/msg/rosidl_typesupport_introspection_c__visibility_control.h
[11.515s] -- Up-to-date symlink: /home/ros2/ros2_ws/install/motordriver_msgs/include/motordriver_msgs/motordriver_msgs/msg/detail/motordriver_message__builder.hpp
[11.516s] -- Up-to-date symlink: /home/ros2/ros2_ws/install/motordriver_msgs/include/motordriver_msgs/motordriver_msgs/msg/detail/motordriver_message__struct.hpp
[11.520s] -- Up-to-date symlink: /home/ros2/ros2_ws/install/motordriver_msgs/include/motordriver_msgs/motordriver_msgs/msg/detail/motordriver_message__traits.hpp
[11.526s] -- Up-to-date symlink: /home/ros2/ros2_ws/install/motordriver_msgs/include/motordriver_msgs/motordriver_msgs/msg/detail/motordriver_message__type_support.hpp
[11.527s] -- Up-to-date symlink: /home/ros2/ros2_ws/install/motordriver_msgs/include/motordriver_msgs/motordriver_msgs/msg/motordriver_message.hpp
[11.529s] -- Up-to-date symlink: /home/ros2/ros2_ws/install/motordriver_msgs/include/motordriver_msgs/motordriver_msgs/msg/rosidl_generator_cpp__visibility_control.hpp
[11.529s] -- Up-to-date symlink: /home/ros2/ros2_ws/install/motordriver_msgs/include/motordriver_msgs/motordriver_msgs/msg/detail/motordriver_message__rosidl_typesupport_fastrtps_cpp.hpp
[11.533s] -- Up-to-date symlink: /home/ros2/ros2_ws/install/motordriver_msgs/include/motordriver_msgs/motordriver_msgs/msg/rosidl_typesupport_fastrtps_cpp__visibility_control.h
[11.537s] -- Up-to-date symlink: /home/ros2/ros2_ws/install/motordriver_msgs/include/motordriver_msgs/motordriver_msgs/msg/detail/motordriver_message__rosidl_typesupport_introspection_cpp.hpp
[11.543s] -- Up-to-date symlink: /home/ros2/ros2_ws/install/motordriver_msgs/share/motordriver_msgs/environment/pythonpath.sh
[11.545s] -- Up-to-date symlink: /home/ros2/ros2_ws/install/motordriver_msgs/share/motordriver_msgs/environment/pythonpath.dsv
[11.553s] -- Up-to-date symlink: /home/ros2/ros2_ws/install/motordriver_msgs/lib/python3.12/site-packages/motordriver_msgs-0.0.0-py3.12.egg-info/PKG-INFO
[11.556s] -- Up-to-date symlink: /home/ros2/ros2_ws/install/motordriver_msgs/lib/python3.12/site-packages/motordriver_msgs-0.0.0-py3.12.egg-info/SOURCES.txt
[11.559s] -- Up-to-date symlink: /home/ros2/ros2_ws/install/motordriver_msgs/lib/python3.12/site-packages/motordriver_msgs-0.0.0-py3.12.egg-info/dependency_links.txt
[11.560s] -- Up-to-date symlink: /home/ros2/ros2_ws/install/motordriver_msgs/lib/python3.12/site-packages/motordriver_msgs-0.0.0-py3.12.egg-info/top_level.txt
[11.568s] -- Up-to-date symlink: /home/ros2/ros2_ws/install/motordriver_msgs/lib/python3.12/site-packages/motordriver_msgs/__init__.py
[11.568s] -- Up-to-date symlink: /home/ros2/ros2_ws/install/motordriver_msgs/lib/python3.12/site-packages/motordriver_msgs/_motordriver_msgs_s.ep.rosidl_typesupport_c.c
[11.569s] -- Up-to-date symlink: /home/ros2/ros2_ws/install/motordriver_msgs/lib/python3.12/site-packages/motordriver_msgs/_motordriver_msgs_s.ep.rosidl_typesupport_fastrtps_c.c
[11.573s] -- Up-to-date symlink: /home/ros2/ros2_ws/install/motordriver_msgs/lib/python3.12/site-packages/motordriver_msgs/_motordriver_msgs_s.ep.rosidl_typesupport_introspection_c.c
[11.574s] -- Up-to-date symlink: /home/ros2/ros2_ws/install/motordriver_msgs/lib/python3.12/site-packages/motordriver_msgs/motordriver_msgs_s__rosidl_typesupport_c.so
[11.581s] -- Up-to-date symlink: /home/ros2/ros2_ws/install/motordriver_msgs/lib/python3.12/site-packages/motordriver_msgs/motordriver_msgs_s__rosidl_typesupport_fastrtps_c.so
[11.582s] -- Up-to-date symlink: /home/ros2/ros2_ws/install/motordriver_msgs/lib/python3.12/site-packages/motordriver_msgs/motordriver_msgs_s__rosidl_typesupport_introspection_c.so
[11.582s] -- Up-to-date symlink: /home/ros2/ros2_ws/install/motordriver_msgs/lib/python3.12/site-packages/motordriver_msgs/msg/__init__.py
[11.582s] -- Up-to-date symlink: /home/ros2/ros2_ws/install/motordriver_msgs/lib/python3.12/site-packages/motordriver_msgs/msg/_motordriver_message.py
[11.582s] -- Up-to-date symlink: /home/ros2/ros2_ws/install/motordriver_msgs/lib/python3.12/site-packages/motordriver_msgs/msg/_motordriver_message_s.c
[11.587s] -- Up-to-date symlink: /home/ros2/ros2_ws/install/motordriver_msgs/lib/python3.12/site-packages/motordriver_msgs/motordriver_msgs_s__rosidl_typesupport_fastrtps_c.so
[11.588s] -- Up-to-date symlink: /home/ros2/ros2_ws/install/motordriver_msgs/lib/python3.12/site-packages/motordriver_msgs/motordriver_msgs_s__rosidl_typesupport_introspection_c.so
[11.589s] -- Up-to-date symlink: /home/ros2/ros2_ws/install/motordriver_msgs/lib/python3.12/site-packages/motordriver_msgs/motordriver_msgs_s__rosidl_typesupport_c.so
[11.589s] -- Up-to-date symlink: /home/ros2/ros2_ws/install/motordriver_msgs/share/motordriver_msgs/msg/MotordriverMessage.idl
[11.590s] -- Up-to-date symlink: /home/ros2/ros2_ws/install/motordriver_msgs/share/motordriver_msgs/msg/MotordriverMessage.msg
[11.592s] -- Up-to-date symlink: /home/ros2/ros2_ws/install/motordriver_msgs/share/ament_index/resource_index/package_run_dependencies/motordriver_msgs
[11.592s] -- Up-to-date symlink: /home/ros2/ros2_ws/install/motordriver_msgs/share/ament_index/resource_index/parent_prefix_path/motordriver_msgs
[11.593s] -- Up-to-date symlink: /home/ros2/ros2_ws/install/motordriver_msgs/share/motordriver_msgs/environment/ament_prefix_path.sh
[11.593s] -- Up-to-date symlink: /home/ros2/ros2_ws/install/motordriver_msgs/share/motordriver_msgs/environment/ament_prefix_path.dsv
[11.593s] -- Up-to-date symlink: /home/ros2/ros2_ws/install/motordriver_msgs/share/motordriver_msgs/environment/path.sh
[11.596s] -- Up-to-date symlink: /home/ros2/ros2_ws/install/motordriver_msgs/share/motordriver_msgs/environment/path.dsv
[11.596s] -- Up-to-date symlink: /home/ros2/ros2_ws/install/motordriver_msgs/share/motordriver_msgs/local_setup.bash
[11.597s] -- Up-to-date symlink: /home/ros2/ros2_ws/install/motordriver_msgs/share/motordriver_msgs/local_setup.sh
[11.597s] -- Up-to-date symlink: /home/ros2/ros2_ws/install/motordriver_msgs/share/motordriver_msgs/local_setup.zsh
[11.597s] -- Up-to-date symlink: /home/ros2/ros2_ws/install/motordriver_msgs/share/motordriver_msgs/local_setup.dsv
[11.599s] -- Symlinking: /home/ros2/ros2_ws/install/motordriver_msgs/share/motordriver_msgs/package.dsv
[11.682s] -- Up-to-date symlink: /home/ros2/ros2_ws/install/motordriver_msgs/share/ament_index/resource_index/packages/motordriver_msgs
[11.682s] -- Up-to-date symlink: /home/ros2/ros2_ws/install/motordriver_msgs/share/motordriver_msgs/cmake/rosidl_cmake-extras.cmake
[11.682s] -- Up-to-date symlink: /home/ros2/ros2_ws/install/motordriver_msgs/share/motordriver_msgs/cmake/ament_cmake_export_include_directories-extras.cmake
[11.683s] -- Up-to-date symlink: /home/ros2/ros2_ws/install/motordriver_msgs/share/motordriver_msgs/cmake/ament_cmake_export_libraries-extras.cmake
[11.683s] -- Up-to-date symlink: /home/ros2/ros2_ws/install/motordriver_msgs/share/motordriver_msgs/cmake/ament_cmake_export_targets-extras.cmake
[11.683s] -- Up-to-date symlink: /home/ros2/ros2_ws/install/motordriver_msgs/share/motordriver_msgs/cmake/rosidl_cmake_export_typesupport_targets-extras.cmake
[11.684s] -- Up-to-date symlink: /home/ros2/ros2_ws/install/motordriver_msgs/share/motordriver_msgs/cmake/ament_cmake_export_dependencies-extras.cmake
[11.684s] -- Up-to-date symlink: /home/ros2/ros2_ws/install/motordriver_msgs/share/motordriver_msgs/cmake/rosidl_cmake_export_typesupport_libraries-extras.cmake
[11.685s] -- Up-to-date symlink: /home/ros2/ros2_ws/install/motordriver_msgs/share/motordriver_msgs/cmake/motordriver_msgsConfig.cmake
[11.685s] -- Up-to-date symlink: /home/ros2/ros2_ws/install/motordriver_msgs/share/motordriver_msgs/cmake/motordriver_msgsConfig-version.cmake
[11.685s] -- Up-to-date symlink: /home/ros2/ros2_ws/install/motordriver_msgs/share/motordriver_msgs/package.xml
[11.693s] -- Up-to-date: /home/ros2/ros2_ws/install/motordriver_msgs/lib/libmotordriver_msgs__rosidl_generator_c.so
[11.693s] -- Installing: /home/ros2/ros2_ws/install/motordriver_msgs/lib/libmotordriver_msgs__rosidl_typesupport_fastrtps_c.so
[11.697s] -- Set non-toolchain portion of runtime path of "/home/ros2/ros2_ws/install/motordriver_msgs/lib/libmotordriver_msgs__rosidl_typesupport_fastrtps_c.so" to ""
[11.705s] -- Up-to-date: /home/ros2/ros2_ws/install/motordriver_msgs/lib/libmotordriver_msgs__rosidl_typesupport_introspection_c.so
[11.714s] -- Up-to-date: /home/ros2/ros2_ws/install/motordriver_msgs/lib/libmotordriver_msgs__rosidl_typesupport_c.so
[11.714s] -- Installing: /home/ros2/ros2_ws/install/motordriver_msgs/lib/libmotordriver_msgs__rosidl_typesupport_fastrtps_cpp.so
[11.715s] -- Set non-toolchain portion of runtime path of "/home/ros2/ros2_ws/install/motordriver_msgs/lib/libmotordriver_msgs__rosidl_typesupport_fastrtps_cpp.so" to ""
[11.732s] -- Installing: /home/ros2/ros2_ws/install/motordriver_msgs/lib/libmotordriver_msgs__rosidl_typesupport_introspection_cpp.so
[11.732s] -- Set non-toolchain portion of runtime path of "/home/ros2/ros2_ws/install/motordriver_msgs/lib/libmotordriver_msgs__rosidl_typesupport_introspection_cpp.so" to ""
[11.746s] -- Installing: /home/ros2/ros2_ws/install/motordriver_msgs/lib/libmotordriver_msgs__rosidl_typesupport_cpp.so
[11.746s] -- Set non-toolchain portion of runtime path of "/home/ros2/ros2_ws/install/motordriver_msgs/lib/libmotordriver_msgs__rosidl_typesupport_cpp.so" to ""
[11.999s] Listing '/home/ros2/ros2_ws/install/motordriver_msgs/lib/python3.12/site-packages/motordriver_msgs'...
[12.002s] Listing '/home/ros2/ros2_ws/install/motordriver_msgs/lib/python3.12/site-packages/motordriver_msgs/msg'...
[12.072s] -- Installing: /home/ros2/ros2_ws/install/motordriver_msgs/lib/libmotordriver_msgs__rosidl_generator_py.so
[12.073s] -- Set non-toolchain portion of runtime path of "/home/ros2/ros2_ws/install/motordriver_msgs/lib/libmotordriver_msgs__rosidl_generator_py.so" to ""
[12.078s] -- Up-to-date: /home/ros2/ros2_ws/install/motordriver_msgs/share/motordriver_msgs/cmake/export_motordriver_msgs__rosidl_generator_cExport.cmake
[12.080s] -- Up-to-date: /home/ros2/ros2_ws/install/motordriver_msgs/share/motordriver_msgs/cmake/export_motordriver_msgs__rosidl_generator_cExport-noconfig.cmake
[12.084s] -- Up-to-date: /home/ros2/ros2_ws/install/motordriver_msgs/share/motordriver_msgs/cmake/export_motordriver_msgs__rosidl_typesupport_fastrtps_cExport.cmake
[12.085s] -- Up-to-date: /home/ros2/ros2_ws/install/motordriver_msgs/share/motordriver_msgs/cmake/export_motordriver_msgs__rosidl_typesupport_fastrtps_cExport-noconfig.cmake
[12.091s] -- Up-to-date: /home/ros2/ros2_ws/install/motordriver_msgs/share/motordriver_msgs/cmake/motordriver_msgs__rosidl_typesupport_introspection_cExport.cmake
[12.097s] -- Up-to-date: /home/ros2/ros2_ws/install/motordriver_msgs/share/motordriver_msgs/cmake/motordriver_msgs__rosidl_typesupport_introspection_cExport-noconfig.cmake
[12.098s] -- Up-to-date: /home/ros2/ros2_ws/install/motordriver_msgs/share/motordriver_msgs/cmake/motordriver_msgs__rosidl_typesupport_cExport.cmake
[12.098s] -- Up-to-date: /home/ros2/ros2_ws/install/motordriver_msgs/share/motordriver_msgs/cmake/motordriver_msgs__rosidl_typesupport_cExport-noconfig.cmake
[12.098s] -- Up-to-date: /home/ros2/ros2_ws/install/motordriver_msgs/share/motordriver_msgs/cmake/export_motordriver_msgs__rosidl_generator_cppExport.cmake
[12.098s] -- Up-to-date: /home/ros2/ros2_ws/install/motordriver_msgs/share/motordriver_msgs/cmake/export_motordriver_msgs__rosidl_typesupport_fastrtps_cppExport.cmake
[12.098s] -- Up-to-date: /home/ros2/ros2_ws/install/motordriver_msgs/share/motordriver_msgs/cmake/export_motordriver_msgs__rosidl_typesupport_fastrtps_cppExport-noconfig.cmake
[12.098s] -- Up-to-date: /home/ros2/ros2_ws/install/motordriver_msgs/share/motordriver_msgs/cmake/motordriver_msgs__rosidl_typesupport_introspection_cppExport.cmake
[12.098s] -- Up-to-date: /home/ros2/ros2_ws/install/motordriver_msgs/share/motordriver_msgs/cmake/motordriver_msgs__rosidl_typesupport_introspection_cppExport-noconfig.cmake
[12.098s] -- Up-to-date: /home/ros2/ros2_ws/install/motordriver_msgs/share/motordriver_msgs/cmake/motordriver_msgs__rosidl_typesupport_cppExport.cmake
[12.098s] -- Up-to-date: /home/ros2/ros2_ws/install/motordriver_msgs/share/motordriver_msgs/cmake/motordriver_msgs__rosidl_typesupport_cppExport-noconfig.cmake
[12.098s] -- Up-to-date: /home/ros2/ros2_ws/install/motordriver_msgs/share/motordriver_msgs/cmake/export_motordriver_msgs__rosidl_generator_pyExport.cmake
[12.099s] -- Up-to-date: /home/ros2/ros2_ws/install/motordriver_msgs/share/motordriver_msgs/cmake/export_motordriver_msgs__rosidl_generator_pyExport-noconfig.cmake
[12.104s] Invoked command in '/home/ros2/ros2_ws/build/motordriver_msgs' returned '0': CMAKE_PREFIX_PATH=${CMAKE_PREFIX_PATH}:/home/ros2/ros2_ws/install/uwb_tracking_ros2:/home/ros2/ros2_ws/install/sebot_navigation:/home/ros2/ros2_ws/install/motordriver:/home/ros2/ros2_ws/install/diffdrive:/opt/ros/jazzy DEBUGINFOD_URLS=https://debuginfod.ubuntu.com /usr/bin/cmake --install /home/ros2/ros2_ws/build/motordriver_msgs
