[2.849s] Invoking command in '/home/ros2/ros2_ws/build/motordriver': DEBUGINFOD_URLS=https://debuginfod.ubuntu.com PYTHONPATH=/home/ros2/ros2_ws/build/motordriver/prefix_override:/usr/lib/python3/dist-packages/colcon_core/task/python/colcon_distutils_commands:/home/ros2/ros2_ws/install/motordriver/lib/python3.12/site-packages:${PYTHONPATH} /usr/bin/python3 -W ignore:setup.py install is deprecated -W ignore:easy_install command is deprecated setup.py develop --editable --build-directory /home/ros2/ros2_ws/build/motordriver/build --no-deps symlink_data
[3.842s] running develop
[4.335s] running egg_info
[4.336s] creating motordriver.egg-info
[4.395s] writing motordriver.egg-info/PKG-INFO
[4.396s] writing dependency_links to motordriver.egg-info/dependency_links.txt
[4.396s] writing entry points to motordriver.egg-info/entry_points.txt
[4.396s] writing requirements to motordriver.egg-info/requires.txt
[4.396s] writing top-level names to motordriver.egg-info/top_level.txt
[4.396s] writing manifest file 'motordriver.egg-info/SOURCES.txt'
[4.492s] reading manifest file 'motordriver.egg-info/SOURCES.txt'
[4.492s] writing manifest file 'motordriver.egg-info/SOURCES.txt'
[4.541s] running build_ext
[4.542s] Creating /home/ros2/ros2_ws/install/motordriver/lib/python3.12/site-packages/motordriver.egg-link (link to .)
[4.542s] Installing motordriver script to /home/ros2/ros2_ws/install/motordriver/lib/motordriver
[4.542s] 
[4.542s] Installed /home/ros2/ros2_ws/build/motordriver
[4.542s] running symlink_data
[4.542s] creating /home/ros2/ros2_ws/install/motordriver/share/ament_index
[4.542s] creating /home/ros2/ros2_ws/install/motordriver/share/ament_index/resource_index
[4.543s] creating /home/ros2/ros2_ws/install/motordriver/share/ament_index/resource_index/packages
[4.543s] symbolically linking /home/ros2/ros2_ws/build/motordriver/resource/motordriver -> /home/ros2/ros2_ws/install/motordriver/share/ament_index/resource_index/packages
[4.543s] symbolically linking /home/ros2/ros2_ws/build/motordriver/package.xml -> /home/ros2/ros2_ws/install/motordriver/share/motordriver
[4.720s] Invoked command in '/home/ros2/ros2_ws/build/motordriver' returned '0': DEBUGINFOD_URLS=https://debuginfod.ubuntu.com PYTHONPATH=/home/ros2/ros2_ws/build/motordriver/prefix_override:/usr/lib/python3/dist-packages/colcon_core/task/python/colcon_distutils_commands:/home/ros2/ros2_ws/install/motordriver/lib/python3.12/site-packages:${PYTHONPATH} /usr/bin/python3 -W ignore:setup.py install is deprecated -W ignore:easy_install command is deprecated setup.py develop --editable --build-directory /home/ros2/ros2_ws/build/motordriver/build --no-deps symlink_data
