[0.057s] Invoking command in '/home/ros2/ros2_ws/build/xsens_mti_ros2_driver': CMAKE_PREFIX_PATH=${CMAKE_PREFIX_PATH}:/home/ros2/ros2_ws/install/uwb_tracking_ros2:/home/ros2/ros2_ws/install/sebot_navigation:/home/ros2/ros2_ws/install/motordriver:/home/ros2/ros2_ws/install/diffdrive:/opt/ros/jazzy DEBUGINFOD_URLS=https://debuginfod.ubuntu.com /usr/bin/cmake --build /home/ros2/ros2_ws/build/xsens_mti_ros2_driver -- -j4 -l4
[0.179s] [  2%] Built target xsens_mti_ros2_driver__rosidl_generator_type_description
[0.191s] [ 18%] Built target xspublic
[0.207s] [ 18%] Built target ament_cmake_python_symlink_xsens_mti_ros2_driver
[0.238s] [ 28%] Built target xsens_mti_ros2_driver__rosidl_generator_c
[0.250s] [ 30%] Built target xsens_mti_ros2_driver__cpp
[0.314s] [ 36%] Built target xsens_mti_ros2_driver__rosidl_typesupport_introspection_c
[0.325s] [ 42%] Built target xsens_mti_ros2_driver__rosidl_typesupport_fastrtps_c
[0.338s] [ 48%] Built target xsens_mti_ros2_driver__rosidl_typesupport_c
[0.408s] [ 55%] Built target xsens_mti_ros2_driver__rosidl_typesupport_introspection_cpp
[0.411s] [ 61%] Built target xsens_mti_ros2_driver__rosidl_typesupport_fastrtps_cpp
[0.414s] [ 67%] Built target xsens_mti_ros2_driver__rosidl_typesupport_cpp
[0.469s] [ 67%] Built target xsens_mti_ros2_driver
[0.558s] [ 69%] Built target xsens_mti_ros2_driver__py
[0.620s] [ 71%] [32mBuilding CXX object CMakeFiles/xsens_mti_node.dir/src/xdainterface.cpp.o[0m
[0.639s] [ 75%] Built target xsens_mti_ros2_driver__rosidl_generator_py
[0.718s] [ 79%] Built target xsens_mti_ros2_driver_s__rosidl_typesupport_fastrtps_c
[0.731s] [ 83%] Built target xsens_mti_ros2_driver_s__rosidl_typesupport_introspection_c
[0.781s] [ 87%] Built target xsens_mti_ros2_driver_s__rosidl_typesupport_c
[0.806s] running egg_info
[0.845s] writing xsens_mti_ros2_driver.egg-info/PKG-INFO
[0.850s] writing dependency_links to xsens_mti_ros2_driver.egg-info/dependency_links.txt
[0.850s] writing top-level names to xsens_mti_ros2_driver.egg-info/top_level.txt
[1.005s] reading manifest file 'xsens_mti_ros2_driver.egg-info/SOURCES.txt'
[1.006s] writing manifest file 'xsens_mti_ros2_driver.egg-info/SOURCES.txt'
[1.121s] [ 87%] Built target ament_cmake_python_build_xsens_mti_ros2_driver_egg
[6.202s] In file included from [01m[K/home/ros2/ros2_ws/src/Xsens_MTi_ROS_Driver_and_Ntrip_Client/src/xsens_mti_ros2_driver/src/xdainterface.cpp:49[m[K:
[6.202s] [01m[K/home/ros2/ros2_ws/src/Xsens_MTi_ROS_Driver_and_Ntrip_Client/src/xsens_mti_ros2_driver/src/messagepublishers/imupublisher.h:[m[K In member function ‘[01m[Kvirtual void ImuPublisher::[01;32m[Koperator()[m[K(const XsDataPacket&, rclcpp::Time)[m[K’:
[6.202s] [01m[K/home/ros2/ros2_ws/src/Xsens_MTi_ROS_Driver_and_Ntrip_Client/src/xsens_mti_ros2_driver/src/messagepublishers/imupublisher.h:137:36:[m[K [01;31m[Kerror: [m[K‘[01m[Kconst struct XsDataPacket[m[K’ has no member named ‘[01m[KcontainsOrientationEuler[m[K’; did you mean ‘[01m[KcontainsOrientation[m[K’?
[6.202s]   137 |                         if (packet.[01;31m[KcontainsOrientationEuler[m[K())
[6.202s]       |                                    [01;31m[K^~~~~~~~~~~~~~~~~~~~~~~~[m[K
[6.202s]       |                                    [32m[KcontainsOrientation[m[K
[6.202s] [01m[K/home/ros2/ros2_ws/src/Xsens_MTi_ROS_Driver_and_Ntrip_Client/src/xsens_mti_ros2_driver/src/messagepublishers/imupublisher.h:141:77:[m[K [01;31m[Kerror: [m[Kconversion from ‘[01m[KXsEuler[m[K’ to non-scalar type ‘[01m[KXsVector[m[K’ requested
[6.202s]   141 |                             XsVector euler_std_dev = [01;31m[Kpacket.orientationEuler()[m[K;
[6.203s]       |                                                      [01;31m[K~~~~~~~~~~~~~~~~~~~~~~~^~[m[K
[15.889s] gmake[2]: *** [CMakeFiles/xsens_mti_node.dir/build.make:90: CMakeFiles/xsens_mti_node.dir/src/xdainterface.cpp.o] Error 1
[15.889s] gmake[1]: *** [CMakeFiles/Makefile2:655: CMakeFiles/xsens_mti_node.dir/all] Error 2
[15.889s] gmake: *** [Makefile:146: all] Error 2
[15.893s] Invoked command in '/home/ros2/ros2_ws/build/xsens_mti_ros2_driver' returned '2': CMAKE_PREFIX_PATH=${CMAKE_PREFIX_PATH}:/home/ros2/ros2_ws/install/uwb_tracking_ros2:/home/ros2/ros2_ws/install/sebot_navigation:/home/ros2/ros2_ws/install/motordriver:/home/ros2/ros2_ws/install/diffdrive:/opt/ros/jazzy DEBUGINFOD_URLS=https://debuginfod.ubuntu.com /usr/bin/cmake --build /home/ros2/ros2_ws/build/xsens_mti_ros2_driver -- -j4 -l4
