-- The C compiler identification is GNU 13.3.0
-- The CXX compiler identification is GNU 13.3.0
-- Detecting C compiler ABI info
-- Detecting C compiler ABI info - done
-- Check for working C compiler: /usr/bin/cc - skipped
-- Detecting C compile features
-- Detecting C compile features - done
-- Detecting CXX compiler ABI info
-- Detecting CXX compiler ABI info - done
-- Check for working CXX compiler: /usr/bin/c++ - skipped
-- Detecting CXX compile features
-- Detecting CXX compile features - done
-- Found ament_cmake: 2.5.3 (/opt/ros/jazzy/share/ament_cmake/cmake)
-- Found Python3: /usr/bin/python3 (found version "3.12.3") found components: Interpreter 
-- Override CMake install command with custom implementation using symlinks instead of copying resources
-- Found ament_lint_auto: 0.17.1 (/opt/ros/jazzy/share/ament_lint_auto/cmake)
-- Found rosidl_default_generators: 1.6.0 (/opt/ros/jazzy/share/rosidl_default_generators/cmake)
-- Using all available rosidl_typesupport_c: rosidl_typesupport_fastrtps_c;rosidl_typesupport_introspection_c
-- Using all available rosidl_typesupport_cpp: rosidl_typesupport_fastrtps_cpp;rosidl_typesupport_introspection_cpp
-- Found rosidl_adapter: 4.6.5 (/opt/ros/jazzy/share/rosidl_adapter/cmake)
-- Found ament_cmake_ros: 0.12.0 (/opt/ros/jazzy/share/ament_cmake_ros/cmake)
-- Using all available rosidl_typesupport_c: rosidl_typesupport_fastrtps_c;rosidl_typesupport_introspection_c
-- Using all available rosidl_typesupport_cpp: rosidl_typesupport_fastrtps_cpp;rosidl_typesupport_introspection_cpp
-- Found python_cmake_module: 0.11.1 (/opt/ros/jazzy/share/python_cmake_module/cmake)
-- Found PythonExtra: /usr/bin/python3  
-- Found Python3: /usr/bin/python3 (found version "3.12.3") found components: Interpreter Development NumPy Development.Module Development.Embed 
-- Added test 'lint_cmake' to check CMake code style
-- Added test 'xmllint' to check XML markup files
-- Configuring done (11.3s)
-- Generating done (0.1s)
-- Build files have been written to: /home/ros2/ros2_ws/build/motordriver_msgs
[  2%] [34m[1mGenerating type hashes for ROS interfaces[0m
[  2%] Built target ament_cmake_python_symlink_motordriver_msgs
running egg_info
creating motordriver_msgs.egg-info
writing motordriver_msgs.egg-info/PKG-INFO
writing dependency_links to motordriver_msgs.egg-info/dependency_links.txt
writing top-level names to motordriver_msgs.egg-info/top_level.txt
writing manifest file 'motordriver_msgs.egg-info/SOURCES.txt'
[  2%] Built target motordriver_msgs__rosidl_generator_type_description
[  5%] [34m[1mGenerating C code for ROS interfaces[0m
[  8%] [34m[1mGenerating C++ code for ROS interfaces[0m
reading manifest file 'motordriver_msgs.egg-info/SOURCES.txt'
writing manifest file 'motordriver_msgs.egg-info/SOURCES.txt'
[  8%] Built target ament_cmake_python_build_motordriver_msgs_egg
[ 11%] [32mBuilding C object CMakeFiles/motordriver_msgs__rosidl_generator_c.dir/rosidl_generator_c/motordriver_msgs/msg/detail/motordriver_message__description.c.o[0m
[ 14%] [32mBuilding C object CMakeFiles/motordriver_msgs__rosidl_generator_c.dir/rosidl_generator_c/motordriver_msgs/msg/detail/motordriver_message__functions.c.o[0m
[ 17%] [32mBuilding C object CMakeFiles/motordriver_msgs__rosidl_generator_c.dir/rosidl_generator_c/motordriver_msgs/msg/detail/motordriver_message__type_support.c.o[0m
[ 17%] Built target motordriver_msgs__cpp
[ 20%] [32m[1mLinking C shared library libmotordriver_msgs__rosidl_generator_c.so[0m
[ 20%] Built target motordriver_msgs__rosidl_generator_c
[ 23%] [34m[1mGenerating C introspection for ROS interfaces[0m
[ 26%] [34m[1mGenerating C++ type support dispatch for ROS interfaces[0m
[ 29%] [34m[1mGenerating C++ type support for eProsima Fast-RTPS[0m
[ 32%] [34m[1mGenerating C type support for eProsima Fast-RTPS[0m
[ 35%] [32mBuilding C object CMakeFiles/motordriver_msgs__rosidl_typesupport_introspection_c.dir/rosidl_typesupport_introspection_c/motordriver_msgs/msg/detail/motordriver_message__type_support.c.o[0m
[ 38%] [32mBuilding CXX object CMakeFiles/motordriver_msgs__rosidl_typesupport_cpp.dir/rosidl_typesupport_cpp/motordriver_msgs/msg/motordriver_message__type_support.cpp.o[0m
[ 41%] [32m[1mLinking C shared library libmotordriver_msgs__rosidl_typesupport_introspection_c.so[0m
[ 44%] [32mBuilding CXX object CMakeFiles/motordriver_msgs__rosidl_typesupport_fastrtps_c.dir/rosidl_typesupport_fastrtps_c/motordriver_msgs/msg/detail/motordriver_message__type_support_c.cpp.o[0m
[ 47%] [32mBuilding CXX object CMakeFiles/motordriver_msgs__rosidl_typesupport_fastrtps_cpp.dir/rosidl_typesupport_fastrtps_cpp/motordriver_msgs/msg/detail/dds_fastrtps/motordriver_message__type_support.cpp.o[0m
[ 47%] Built target motordriver_msgs__rosidl_typesupport_introspection_c
[ 50%] [34m[1mGenerating C type support dispatch for ROS interfaces[0m
[ 52%] [32m[1mLinking CXX shared library libmotordriver_msgs__rosidl_typesupport_cpp.so[0m
[ 52%] Built target motordriver_msgs__rosidl_typesupport_cpp
[ 55%] [34m[1mGenerating C++ introspection for ROS interfaces[0m
[ 58%] [32mBuilding CXX object CMakeFiles/motordriver_msgs__rosidl_typesupport_c.dir/rosidl_typesupport_c/motordriver_msgs/msg/motordriver_message__type_support.cpp.o[0m
[ 61%] [32m[1mLinking CXX shared library libmotordriver_msgs__rosidl_typesupport_c.so[0m
[ 61%] Built target motordriver_msgs__rosidl_typesupport_c
[ 64%] [32m[1mLinking CXX shared library libmotordriver_msgs__rosidl_typesupport_fastrtps_c.so[0m
[ 64%] Built target motordriver_msgs__rosidl_typesupport_fastrtps_c
[ 67%] [32m[1mLinking CXX shared library libmotordriver_msgs__rosidl_typesupport_fastrtps_cpp.so[0m
[ 70%] [32mBuilding CXX object CMakeFiles/motordriver_msgs__rosidl_typesupport_introspection_cpp.dir/rosidl_typesupport_introspection_cpp/motordriver_msgs/msg/detail/motordriver_message__type_support.cpp.o[0m
[ 70%] Built target motordriver_msgs__rosidl_typesupport_fastrtps_cpp
[ 73%] [32m[1mLinking CXX shared library libmotordriver_msgs__rosidl_typesupport_introspection_cpp.so[0m
[ 73%] Built target motordriver_msgs__rosidl_typesupport_introspection_cpp
[ 73%] Built target motordriver_msgs
[ 76%] [34m[1mGenerating Python code for ROS interfaces[0m
[ 76%] Built target motordriver_msgs__py
[ 79%] [32mBuilding C object CMakeFiles/motordriver_msgs__rosidl_generator_py.dir/rosidl_generator_py/motordriver_msgs/msg/_motordriver_message_s.c.o[0m
[ 82%] [32m[1mLinking C shared library libmotordriver_msgs__rosidl_generator_py.so[0m
[ 82%] Built target motordriver_msgs__rosidl_generator_py
[ 85%] [32mBuilding C object CMakeFiles/motordriver_msgs_s__rosidl_typesupport_c.dir/rosidl_generator_py/motordriver_msgs/_motordriver_msgs_s.ep.rosidl_typesupport_c.c.o[0m
[ 88%] [32mBuilding C object CMakeFiles/motordriver_msgs_s__rosidl_typesupport_introspection_c.dir/rosidl_generator_py/motordriver_msgs/_motordriver_msgs_s.ep.rosidl_typesupport_introspection_c.c.o[0m
[ 91%] [32mBuilding C object CMakeFiles/motordriver_msgs_s__rosidl_typesupport_fastrtps_c.dir/rosidl_generator_py/motordriver_msgs/_motordriver_msgs_s.ep.rosidl_typesupport_fastrtps_c.c.o[0m
[ 94%] [32m[1mLinking C shared module rosidl_generator_py/motordriver_msgs/motordriver_msgs_s__rosidl_typesupport_c.so[0m
[ 97%] [32m[1mLinking C shared module rosidl_generator_py/motordriver_msgs/motordriver_msgs_s__rosidl_typesupport_introspection_c.so[0m
[ 97%] Built target motordriver_msgs_s__rosidl_typesupport_c
[ 97%] Built target motordriver_msgs_s__rosidl_typesupport_introspection_c
[100%] [32m[1mLinking C shared module rosidl_generator_py/motordriver_msgs/motordriver_msgs_s__rosidl_typesupport_fastrtps_c.so[0m
[100%] Built target motordriver_msgs_s__rosidl_typesupport_fastrtps_c
-- Install configuration: ""
-- Execute custom install script
-- Symlinking: /home/ros2/ros2_ws/install/motordriver_msgs/share/ament_index/resource_index/rosidl_interfaces/motordriver_msgs
-- Symlinking: /home/ros2/ros2_ws/install/motordriver_msgs/share/motordriver_msgs/msg/MotordriverMessage.json
-- Symlinking: /home/ros2/ros2_ws/install/motordriver_msgs/include/motordriver_msgs/motordriver_msgs/msg/detail/motordriver_message__functions.h
-- Symlinking: /home/ros2/ros2_ws/install/motordriver_msgs/include/motordriver_msgs/motordriver_msgs/msg/detail/motordriver_message__struct.h
-- Symlinking: /home/ros2/ros2_ws/install/motordriver_msgs/include/motordriver_msgs/motordriver_msgs/msg/detail/motordriver_message__type_support.h
-- Symlinking: /home/ros2/ros2_ws/install/motordriver_msgs/include/motordriver_msgs/motordriver_msgs/msg/motordriver_message.h
-- Symlinking: /home/ros2/ros2_ws/install/motordriver_msgs/include/motordriver_msgs/motordriver_msgs/msg/rosidl_generator_c__visibility_control.h
-- Symlinking: /home/ros2/ros2_ws/install/motordriver_msgs/share/motordriver_msgs/environment/library_path.sh
-- Symlinking: /home/ros2/ros2_ws/install/motordriver_msgs/share/motordriver_msgs/environment/library_path.dsv
-- Symlinking: /home/ros2/ros2_ws/install/motordriver_msgs/include/motordriver_msgs/motordriver_msgs/msg/detail/motordriver_message__rosidl_typesupport_fastrtps_c.h
-- Symlinking: /home/ros2/ros2_ws/install/motordriver_msgs/include/motordriver_msgs/motordriver_msgs/msg/rosidl_typesupport_fastrtps_c__visibility_control.h
-- Symlinking: /home/ros2/ros2_ws/install/motordriver_msgs/include/motordriver_msgs/motordriver_msgs/msg/detail/motordriver_message__rosidl_typesupport_introspection_c.h
-- Symlinking: /home/ros2/ros2_ws/install/motordriver_msgs/include/motordriver_msgs/motordriver_msgs/msg/rosidl_typesupport_introspection_c__visibility_control.h
-- Symlinking: /home/ros2/ros2_ws/install/motordriver_msgs/include/motordriver_msgs/motordriver_msgs/msg/detail/motordriver_message__builder.hpp
-- Symlinking: /home/ros2/ros2_ws/install/motordriver_msgs/include/motordriver_msgs/motordriver_msgs/msg/detail/motordriver_message__struct.hpp
-- Symlinking: /home/ros2/ros2_ws/install/motordriver_msgs/include/motordriver_msgs/motordriver_msgs/msg/detail/motordriver_message__traits.hpp
-- Symlinking: /home/ros2/ros2_ws/install/motordriver_msgs/include/motordriver_msgs/motordriver_msgs/msg/detail/motordriver_message__type_support.hpp
-- Symlinking: /home/ros2/ros2_ws/install/motordriver_msgs/include/motordriver_msgs/motordriver_msgs/msg/motordriver_message.hpp
-- Symlinking: /home/ros2/ros2_ws/install/motordriver_msgs/include/motordriver_msgs/motordriver_msgs/msg/rosidl_generator_cpp__visibility_control.hpp
-- Symlinking: /home/ros2/ros2_ws/install/motordriver_msgs/include/motordriver_msgs/motordriver_msgs/msg/detail/motordriver_message__rosidl_typesupport_fastrtps_cpp.hpp
-- Symlinking: /home/ros2/ros2_ws/install/motordriver_msgs/include/motordriver_msgs/motordriver_msgs/msg/rosidl_typesupport_fastrtps_cpp__visibility_control.h
-- Symlinking: /home/ros2/ros2_ws/install/motordriver_msgs/include/motordriver_msgs/motordriver_msgs/msg/detail/motordriver_message__rosidl_typesupport_introspection_cpp.hpp
-- Symlinking: /home/ros2/ros2_ws/install/motordriver_msgs/share/motordriver_msgs/environment/pythonpath.sh
-- Symlinking: /home/ros2/ros2_ws/install/motordriver_msgs/share/motordriver_msgs/environment/pythonpath.dsv
-- Symlinking: /home/ros2/ros2_ws/install/motordriver_msgs/lib/python3.12/site-packages/motordriver_msgs-0.0.0-py3.12.egg-info/PKG-INFO
-- Symlinking: /home/ros2/ros2_ws/install/motordriver_msgs/lib/python3.12/site-packages/motordriver_msgs-0.0.0-py3.12.egg-info/SOURCES.txt
-- Symlinking: /home/ros2/ros2_ws/install/motordriver_msgs/lib/python3.12/site-packages/motordriver_msgs-0.0.0-py3.12.egg-info/dependency_links.txt
-- Symlinking: /home/ros2/ros2_ws/install/motordriver_msgs/lib/python3.12/site-packages/motordriver_msgs-0.0.0-py3.12.egg-info/top_level.txt
-- Symlinking: /home/ros2/ros2_ws/install/motordriver_msgs/lib/python3.12/site-packages/motordriver_msgs/__init__.py
-- Symlinking: /home/ros2/ros2_ws/install/motordriver_msgs/lib/python3.12/site-packages/motordriver_msgs/_motordriver_msgs_s.ep.rosidl_typesupport_c.c
-- Symlinking: /home/ros2/ros2_ws/install/motordriver_msgs/lib/python3.12/site-packages/motordriver_msgs/_motordriver_msgs_s.ep.rosidl_typesupport_fastrtps_c.c
-- Symlinking: /home/ros2/ros2_ws/install/motordriver_msgs/lib/python3.12/site-packages/motordriver_msgs/_motordriver_msgs_s.ep.rosidl_typesupport_introspection_c.c
-- Symlinking: /home/ros2/ros2_ws/install/motordriver_msgs/lib/python3.12/site-packages/motordriver_msgs/motordriver_msgs_s__rosidl_typesupport_c.so
-- Symlinking: /home/ros2/ros2_ws/install/motordriver_msgs/lib/python3.12/site-packages/motordriver_msgs/motordriver_msgs_s__rosidl_typesupport_fastrtps_c.so
-- Symlinking: /home/ros2/ros2_ws/install/motordriver_msgs/lib/python3.12/site-packages/motordriver_msgs/motordriver_msgs_s__rosidl_typesupport_introspection_c.so
-- Symlinking: /home/ros2/ros2_ws/install/motordriver_msgs/lib/python3.12/site-packages/motordriver_msgs/msg/__init__.py
-- Symlinking: /home/ros2/ros2_ws/install/motordriver_msgs/lib/python3.12/site-packages/motordriver_msgs/msg/_motordriver_message.py
-- Symlinking: /home/ros2/ros2_ws/install/motordriver_msgs/lib/python3.12/site-packages/motordriver_msgs/msg/_motordriver_message_s.c
-- Up-to-date symlink: /home/ros2/ros2_ws/install/motordriver_msgs/lib/python3.12/site-packages/motordriver_msgs/motordriver_msgs_s__rosidl_typesupport_fastrtps_c.so
-- Up-to-date symlink: /home/ros2/ros2_ws/install/motordriver_msgs/lib/python3.12/site-packages/motordriver_msgs/motordriver_msgs_s__rosidl_typesupport_introspection_c.so
-- Up-to-date symlink: /home/ros2/ros2_ws/install/motordriver_msgs/lib/python3.12/site-packages/motordriver_msgs/motordriver_msgs_s__rosidl_typesupport_c.so
-- Symlinking: /home/ros2/ros2_ws/install/motordriver_msgs/share/motordriver_msgs/msg/MotordriverMessage.idl
-- Symlinking: /home/ros2/ros2_ws/install/motordriver_msgs/share/motordriver_msgs/msg/MotordriverMessage.msg
-- Symlinking: /home/ros2/ros2_ws/install/motordriver_msgs/share/ament_index/resource_index/package_run_dependencies/motordriver_msgs
-- Symlinking: /home/ros2/ros2_ws/install/motordriver_msgs/share/ament_index/resource_index/parent_prefix_path/motordriver_msgs
-- Symlinking: /home/ros2/ros2_ws/install/motordriver_msgs/share/motordriver_msgs/environment/ament_prefix_path.sh
-- Symlinking: /home/ros2/ros2_ws/install/motordriver_msgs/share/motordriver_msgs/environment/ament_prefix_path.dsv
-- Symlinking: /home/ros2/ros2_ws/install/motordriver_msgs/share/motordriver_msgs/environment/path.sh
-- Symlinking: /home/ros2/ros2_ws/install/motordriver_msgs/share/motordriver_msgs/environment/path.dsv
-- Symlinking: /home/ros2/ros2_ws/install/motordriver_msgs/share/motordriver_msgs/local_setup.bash
-- Symlinking: /home/ros2/ros2_ws/install/motordriver_msgs/share/motordriver_msgs/local_setup.sh
-- Symlinking: /home/ros2/ros2_ws/install/motordriver_msgs/share/motordriver_msgs/local_setup.zsh
-- Symlinking: /home/ros2/ros2_ws/install/motordriver_msgs/share/motordriver_msgs/local_setup.dsv
-- Symlinking: /home/ros2/ros2_ws/install/motordriver_msgs/share/motordriver_msgs/package.dsv
-- Symlinking: /home/ros2/ros2_ws/install/motordriver_msgs/share/ament_index/resource_index/packages/motordriver_msgs
-- Symlinking: /home/ros2/ros2_ws/install/motordriver_msgs/share/motordriver_msgs/cmake/rosidl_cmake-extras.cmake
-- Symlinking: /home/ros2/ros2_ws/install/motordriver_msgs/share/motordriver_msgs/cmake/ament_cmake_export_include_directories-extras.cmake
-- Symlinking: /home/ros2/ros2_ws/install/motordriver_msgs/share/motordriver_msgs/cmake/ament_cmake_export_libraries-extras.cmake
-- Symlinking: /home/ros2/ros2_ws/install/motordriver_msgs/share/motordriver_msgs/cmake/ament_cmake_export_targets-extras.cmake
-- Symlinking: /home/ros2/ros2_ws/install/motordriver_msgs/share/motordriver_msgs/cmake/rosidl_cmake_export_typesupport_targets-extras.cmake
-- Symlinking: /home/ros2/ros2_ws/install/motordriver_msgs/share/motordriver_msgs/cmake/ament_cmake_export_dependencies-extras.cmake
-- Symlinking: /home/ros2/ros2_ws/install/motordriver_msgs/share/motordriver_msgs/cmake/rosidl_cmake_export_typesupport_libraries-extras.cmake
-- Symlinking: /home/ros2/ros2_ws/install/motordriver_msgs/share/motordriver_msgs/cmake/motordriver_msgsConfig.cmake
-- Symlinking: /home/ros2/ros2_ws/install/motordriver_msgs/share/motordriver_msgs/cmake/motordriver_msgsConfig-version.cmake
-- Symlinking: /home/ros2/ros2_ws/install/motordriver_msgs/share/motordriver_msgs/package.xml
-- Installing: /home/ros2/ros2_ws/install/motordriver_msgs/lib/libmotordriver_msgs__rosidl_generator_c.so
-- Set non-toolchain portion of runtime path of "/home/ros2/ros2_ws/install/motordriver_msgs/lib/libmotordriver_msgs__rosidl_generator_c.so" to ""
-- Installing: /home/ros2/ros2_ws/install/motordriver_msgs/lib/libmotordriver_msgs__rosidl_typesupport_fastrtps_c.so
-- Set non-toolchain portion of runtime path of "/home/ros2/ros2_ws/install/motordriver_msgs/lib/libmotordriver_msgs__rosidl_typesupport_fastrtps_c.so" to ""
-- Installing: /home/ros2/ros2_ws/install/motordriver_msgs/lib/libmotordriver_msgs__rosidl_typesupport_introspection_c.so
-- Set non-toolchain portion of runtime path of "/home/ros2/ros2_ws/install/motordriver_msgs/lib/libmotordriver_msgs__rosidl_typesupport_introspection_c.so" to ""
-- Installing: /home/ros2/ros2_ws/install/motordriver_msgs/lib/libmotordriver_msgs__rosidl_typesupport_c.so
-- Set non-toolchain portion of runtime path of "/home/ros2/ros2_ws/install/motordriver_msgs/lib/libmotordriver_msgs__rosidl_typesupport_c.so" to ""
-- Installing: /home/ros2/ros2_ws/install/motordriver_msgs/lib/libmotordriver_msgs__rosidl_typesupport_fastrtps_cpp.so
-- Set non-toolchain portion of runtime path of "/home/ros2/ros2_ws/install/motordriver_msgs/lib/libmotordriver_msgs__rosidl_typesupport_fastrtps_cpp.so" to ""
-- Installing: /home/ros2/ros2_ws/install/motordriver_msgs/lib/libmotordriver_msgs__rosidl_typesupport_introspection_cpp.so
-- Set non-toolchain portion of runtime path of "/home/ros2/ros2_ws/install/motordriver_msgs/lib/libmotordriver_msgs__rosidl_typesupport_introspection_cpp.so" to ""
-- Installing: /home/ros2/ros2_ws/install/motordriver_msgs/lib/libmotordriver_msgs__rosidl_typesupport_cpp.so
-- Set non-toolchain portion of runtime path of "/home/ros2/ros2_ws/install/motordriver_msgs/lib/libmotordriver_msgs__rosidl_typesupport_cpp.so" to ""
Listing '/home/ros2/ros2_ws/install/motordriver_msgs/lib/python3.12/site-packages/motordriver_msgs'...
Compiling '/home/ros2/ros2_ws/install/motordriver_msgs/lib/python3.12/site-packages/motordriver_msgs/__init__.py'...
Listing '/home/ros2/ros2_ws/install/motordriver_msgs/lib/python3.12/site-packages/motordriver_msgs/msg'...
Compiling '/home/ros2/ros2_ws/install/motordriver_msgs/lib/python3.12/site-packages/motordriver_msgs/msg/__init__.py'...
Compiling '/home/ros2/ros2_ws/install/motordriver_msgs/lib/python3.12/site-packages/motordriver_msgs/msg/_motordriver_message.py'...
-- Installing: /home/ros2/ros2_ws/install/motordriver_msgs/lib/libmotordriver_msgs__rosidl_generator_py.so
-- Set non-toolchain portion of runtime path of "/home/ros2/ros2_ws/install/motordriver_msgs/lib/libmotordriver_msgs__rosidl_generator_py.so" to ""
-- Installing: /home/ros2/ros2_ws/install/motordriver_msgs/share/motordriver_msgs/cmake/export_motordriver_msgs__rosidl_generator_cExport.cmake
-- Installing: /home/ros2/ros2_ws/install/motordriver_msgs/share/motordriver_msgs/cmake/export_motordriver_msgs__rosidl_generator_cExport-noconfig.cmake
-- Installing: /home/ros2/ros2_ws/install/motordriver_msgs/share/motordriver_msgs/cmake/export_motordriver_msgs__rosidl_typesupport_fastrtps_cExport.cmake
-- Installing: /home/ros2/ros2_ws/install/motordriver_msgs/share/motordriver_msgs/cmake/export_motordriver_msgs__rosidl_typesupport_fastrtps_cExport-noconfig.cmake
-- Installing: /home/ros2/ros2_ws/install/motordriver_msgs/share/motordriver_msgs/cmake/motordriver_msgs__rosidl_typesupport_introspection_cExport.cmake
-- Installing: /home/ros2/ros2_ws/install/motordriver_msgs/share/motordriver_msgs/cmake/motordriver_msgs__rosidl_typesupport_introspection_cExport-noconfig.cmake
-- Installing: /home/ros2/ros2_ws/install/motordriver_msgs/share/motordriver_msgs/cmake/motordriver_msgs__rosidl_typesupport_cExport.cmake
-- Installing: /home/ros2/ros2_ws/install/motordriver_msgs/share/motordriver_msgs/cmake/motordriver_msgs__rosidl_typesupport_cExport-noconfig.cmake
-- Installing: /home/ros2/ros2_ws/install/motordriver_msgs/share/motordriver_msgs/cmake/export_motordriver_msgs__rosidl_generator_cppExport.cmake
-- Installing: /home/ros2/ros2_ws/install/motordriver_msgs/share/motordriver_msgs/cmake/export_motordriver_msgs__rosidl_typesupport_fastrtps_cppExport.cmake
-- Installing: /home/ros2/ros2_ws/install/motordriver_msgs/share/motordriver_msgs/cmake/export_motordriver_msgs__rosidl_typesupport_fastrtps_cppExport-noconfig.cmake
-- Installing: /home/ros2/ros2_ws/install/motordriver_msgs/share/motordriver_msgs/cmake/motordriver_msgs__rosidl_typesupport_introspection_cppExport.cmake
-- Installing: /home/ros2/ros2_ws/install/motordriver_msgs/share/motordriver_msgs/cmake/motordriver_msgs__rosidl_typesupport_introspection_cppExport-noconfig.cmake
-- Installing: /home/ros2/ros2_ws/install/motordriver_msgs/share/motordriver_msgs/cmake/motordriver_msgs__rosidl_typesupport_cppExport.cmake
-- Installing: /home/ros2/ros2_ws/install/motordriver_msgs/share/motordriver_msgs/cmake/motordriver_msgs__rosidl_typesupport_cppExport-noconfig.cmake
-- Installing: /home/ros2/ros2_ws/install/motordriver_msgs/share/motordriver_msgs/cmake/export_motordriver_msgs__rosidl_generator_pyExport.cmake
-- Installing: /home/ros2/ros2_ws/install/motordriver_msgs/share/motordriver_msgs/cmake/export_motordriver_msgs__rosidl_generator_pyExport-noconfig.cmake
