[1.304s] Invoking command in '/home/ros2/ros2_ws/src/diffdrive': DEBUGINFOD_URLS=https://debuginfod.ubuntu.com PYTHONPATH=/home/ros2/ros2_ws/build/diffdrive/prefix_override:/usr/lib/python3/dist-packages/colcon_core/task/python/colcon_distutils_commands:/home/ros2/ros2_ws/install/diffdrive/lib/python3.12/site-packages:${PYTHONPATH} /usr/bin/python3 -W ignore:setup.py install is deprecated -W ignore:easy_install command is deprecated setup.py egg_info --egg-base ../../build/diffdrive build --build-base /home/ros2/ros2_ws/build/diffdrive/build install --record /home/ros2/ros2_ws/build/diffdrive/install.log --single-version-externally-managed install_data
[1.709s] running egg_info
[1.739s] writing ../../build/diffdrive/diffdrive.egg-info/PKG-INFO
[1.739s] writing dependency_links to ../../build/diffdrive/diffdrive.egg-info/dependency_links.txt
[1.740s] writing entry points to ../../build/diffdrive/diffdrive.egg-info/entry_points.txt
[1.741s] writing requirements to ../../build/diffdrive/diffdrive.egg-info/requires.txt
[1.741s] writing top-level names to ../../build/diffdrive/diffdrive.egg-info/top_level.txt
[1.803s] reading manifest file '../../build/diffdrive/diffdrive.egg-info/SOURCES.txt'
[1.804s] writing manifest file '../../build/diffdrive/diffdrive.egg-info/SOURCES.txt'
[1.804s] running build
[1.804s] running build_py
[1.805s] copying diffdrive/odom_origin.py -> /home/ros2/ros2_ws/build/diffdrive/build/lib/diffdrive
[1.805s] running install
[1.815s] running install_lib
[1.845s] copying /home/ros2/ros2_ws/build/diffdrive/build/lib/diffdrive/odom_origin.py -> /home/ros2/ros2_ws/install/diffdrive/lib/python3.12/site-packages/diffdrive
[1.846s] byte-compiling /home/ros2/ros2_ws/install/diffdrive/lib/python3.12/site-packages/diffdrive/odom_origin.py to odom_origin.cpython-312.pyc
[1.848s] running install_data
[1.848s] running install_egg_info
[1.880s] removing '/home/ros2/ros2_ws/install/diffdrive/lib/python3.12/site-packages/diffdrive-0.0.0-py3.12.egg-info' (and everything under it)
[1.880s] Copying ../../build/diffdrive/diffdrive.egg-info to /home/ros2/ros2_ws/install/diffdrive/lib/python3.12/site-packages/diffdrive-0.0.0-py3.12.egg-info
[1.882s] running install_scripts
[2.088s] Installing DataLogger script to /home/ros2/ros2_ws/install/diffdrive/lib/diffdrive
[2.088s] Installing cmd_vel script to /home/ros2/ros2_ws/install/diffdrive/lib/diffdrive
[2.089s] Installing odom script to /home/ros2/ros2_ws/install/diffdrive/lib/diffdrive
[2.090s] Installing odom_imu script to /home/ros2/ros2_ws/install/diffdrive/lib/diffdrive
[2.092s] Installing odom_origin script to /home/ros2/ros2_ws/install/diffdrive/lib/diffdrive
[2.093s] writing list of installed files to '/home/ros2/ros2_ws/build/diffdrive/install.log'
[2.174s] Invoked command in '/home/ros2/ros2_ws/src/diffdrive' returned '0': DEBUGINFOD_URLS=https://debuginfod.ubuntu.com PYTHONPATH=/home/ros2/ros2_ws/build/diffdrive/prefix_override:/usr/lib/python3/dist-packages/colcon_core/task/python/colcon_distutils_commands:/home/ros2/ros2_ws/install/diffdrive/lib/python3.12/site-packages:${PYTHONPATH} /usr/bin/python3 -W ignore:setup.py install is deprecated -W ignore:easy_install command is deprecated setup.py egg_info --egg-base ../../build/diffdrive build --build-base /home/ros2/ros2_ws/build/diffdrive/build install --record /home/ros2/ros2_ws/build/diffdrive/install.log --single-version-externally-managed install_data
