[01m[K/home/ros2/ros2_ws/src/sebot_localization /src/uwb_transform_dual_ekf.cpp:[m[K In constructor ‘[01m[KUwbTransformNode::[01;32m[KUwbTransformNode[m[K()[m[K’:
[01m[K/home/ros2/ros2_ws/src/sebot_localization /src/uwb_transform_dual_ekf.cpp:209:9:[m[K [01;31m[Kerror: [m[K‘[01m[Kmax_uwb_jump_[m[K’ was not declared in this scope
  209 |         [01;31m[Kmax_uwb_jump_[m[K = 0.2;
      |         [01;31m[K^~~~~~~~~~~~~[m[K
[01m[K/home/ros2/ros2_ws/src/sebot_localization /src/uwb_transform_dual_ekf.cpp:[m[K In member function ‘[01m[Kbool UwbTransformNode::[01;32m[KisOutlier[m[K(const Eigen::Vector2d&)[m[K’:
[01m[K/home/ros2/ros2_ws/src/sebot_localization /src/uwb_transform_dual_ekf.cpp:216:13:[m[K [01;31m[Kerror: [m[K‘[01m[Kfirst_uwb_after_datum_[m[K’ was not declared in this scope
  216 |         if ([01;31m[Kfirst_uwb_after_datum_[m[K) {
      |             [01;31m[K^~~~~~~~~~~~~~~~~~~~~~[m[K
[01m[K/home/ros2/ros2_ws/src/sebot_localization /src/uwb_transform_dual_ekf.cpp:217:13:[m[K [01;31m[Kerror: [m[K‘[01m[Klast_valid_uwb_pos_[m[K’ was not declared in this scope
  217 |             [01;31m[Klast_valid_uwb_pos_[m[K = current_pos;
      |             [01;31m[K^~~~~~~~~~~~~~~~~~~[m[K
[01m[K/home/ros2/ros2_ws/src/sebot_localization /src/uwb_transform_dual_ekf.cpp:222:47:[m[K [01;31m[Kerror: [m[K‘[01m[Klast_valid_uwb_pos_[m[K’ was not declared in this scope
  222 |         double jump_distance = (current_pos - [01;31m[Klast_valid_uwb_pos_[m[K).norm();
      |                                               [01;31m[K^~~~~~~~~~~~~~~~~~~[m[K
[01m[K/home/ros2/ros2_ws/src/sebot_localization /src/uwb_transform_dual_ekf.cpp:224:29:[m[K [01;31m[Kerror: [m[K‘[01m[Kmax_uwb_jump_[m[K’ was not declared in this scope
  224 |         if (jump_distance > [01;31m[Kmax_uwb_jump_[m[K) { max_uwb_jump_ = 0.15
      |                             [01;31m[K^~~~~~~~~~~~~[m[K
[01m[K/home/ros2/ros2_ws/src/sebot_localization /src/uwb_transform_dual_ekf.cpp:[m[K In member function ‘[01m[Kvoid UwbTransformNode::[01;32m[KuwbCallback[m[K(geometry_msgs::msg::PoseStamped_<std::allocator<void> >::SharedPtr)[m[K’:
[01m[K/home/ros2/ros2_ws/src/sebot_localization /src/uwb_transform_dual_ekf.cpp:321:9:[m[K [01;31m[Kerror: [m[Kexpected ‘[01m[K;[m[K’ before ‘[01m[Kout_msg[m[K’
  321 |         [01;31m[Kout_msg[m[K.child_frame_id = base_link_frame_id_;
      |         [01;31m[K^~~~~~~[m[K
[01m[K/home/ros2/ros2_ws/src/sebot_localization /src/uwb_transform_dual_ekf.cpp:320:51:[m[K [01;31m[Kerror: [m[Kinvalid use of non-static member function ‘[01m[KEigen::Vector2d UwbTransformNode::[01;32m[KgetOffsetInWorldFrame[m[K(const tf2::Quaternion&)[m[K’
  320 |         out_msg.header.frame_id = world_frame_id_;[01;31m[KgetOffsetInWorldFrame[m[K
      |                                                   [01;31m[K^~~~~~~~~~~~~~~~~~~~~[m[K
[01m[K/home/ros2/ros2_ws/src/sebot_localization /src/uwb_transform_dual_ekf.cpp:341:21:[m[K [01;36m[Knote: [m[Kdeclared here
  341 |     Eigen::Vector2d [01;36m[KgetOffsetInWorldFrame[m[K(const tf2::Quaternion & robot_q) {
      |                     [01;36m[K^~~~~~~~~~~~~~~~~~~~~[m[K
gmake[2]: *** [CMakeFiles/uwb_transform_dual_ekf_node.dir/build.make:76: CMakeFiles/uwb_transform_dual_ekf_node.dir/src/uwb_transform_dual_ekf.cpp.o] Error 1
gmake[1]: *** [CMakeFiles/Makefile2:193: CMakeFiles/uwb_transform_dual_ekf_node.dir/all] Error 2
gmake: *** [Makefile:146: all] Error 2
