[5.349s] Invoking command in '/home/ros2/ros2_ws/build/diffdrive': DEBUGINFOD_URLS=https://debuginfod.ubuntu.com PYTHONPATH=/home/ros2/ros2_ws/build/diffdrive/prefix_override:/usr/lib/python3/dist-packages/colcon_core/task/python/colcon_distutils_commands:/home/ros2/ros2_ws/install/diffdrive/lib/python3.12/site-packages:${PYTHONPATH} /usr/bin/python3 -W ignore:setup.py install is deprecated -W ignore:easy_install command is deprecated setup.py develop --editable --build-directory /home/ros2/ros2_ws/build/diffdrive/build --no-deps symlink_data
[6.676s] running develop
[7.164s] running egg_info
[7.208s] writing diffdrive.egg-info/PKG-INFO
[7.209s] writing dependency_links to diffdrive.egg-info/dependency_links.txt
[7.211s] writing entry points to diffdrive.egg-info/entry_points.txt
[7.212s] writing requirements to diffdrive.egg-info/requires.txt
[7.218s] writing top-level names to diffdrive.egg-info/top_level.txt
[7.373s] reading manifest file 'diffdrive.egg-info/SOURCES.txt'
[7.376s] writing manifest file 'diffdrive.egg-info/SOURCES.txt'
[7.430s] running build_ext
[7.430s] Creating /home/ros2/ros2_ws/install/diffdrive/lib/python3.12/site-packages/diffdrive.egg-link (link to .)
[7.430s] Installing DataLogger script to /home/ros2/ros2_ws/install/diffdrive/lib/diffdrive
[7.430s] Installing cmd_vel script to /home/ros2/ros2_ws/install/diffdrive/lib/diffdrive
[7.430s] Installing odom script to /home/ros2/ros2_ws/install/diffdrive/lib/diffdrive
[7.431s] Installing odom_imu script to /home/ros2/ros2_ws/install/diffdrive/lib/diffdrive
[7.431s] 
[7.431s] Installed /home/ros2/ros2_ws/build/diffdrive
[7.431s] running symlink_data
[7.602s] Invoked command in '/home/ros2/ros2_ws/build/diffdrive' returned '0': DEBUGINFOD_URLS=https://debuginfod.ubuntu.com PYTHONPATH=/home/ros2/ros2_ws/build/diffdrive/prefix_override:/usr/lib/python3/dist-packages/colcon_core/task/python/colcon_distutils_commands:/home/ros2/ros2_ws/install/diffdrive/lib/python3.12/site-packages:${PYTHONPATH} /usr/bin/python3 -W ignore:setup.py install is deprecated -W ignore:easy_install command is deprecated setup.py develop --editable --build-directory /home/ros2/ros2_ws/build/diffdrive/build --no-deps symlink_data
