[0.481s] DEBUG:colcon:Command line arguments: ['/usr/bin/colcon', 'build', '--packages-select', 'sebot_navigation']
[0.482s] DEBUG:colcon:Parsed command line arguments: Namespace(log_base=None, log_level=None, verb_name='build', build_base='build', install_base='install', merge_install=False, symlink_install=False, test_result_base=None, continue_on_error=False, executor='parallel', parallel_workers=4, event_handlers=None, ignore_user_meta=False, metas=['./colcon.meta'], base_paths=['.'], packages_ignore=None, packages_ignore_regex=None, paths=None, packages_up_to=None, packages_up_to_regex=None, packages_above=None, packages_above_and_dependencies=None, packages_above_depth=None, packages_select_by_dep=None, packages_skip_by_dep=None, packages_skip_up_to=None, packages_select_build_failed=False, packages_skip_build_finished=False, packages_select_test_failures=False, packages_skip_test_passed=False, packages_select=['sebot_navigation'], packages_skip=None, packages_select_regex=None, packages_skip_regex=None, packages_start=None, packages_end=None, allow_overriding=[], cmake_args=None, cmake_target=None, cmake_target_skip_unavailable=False, cmake_clean_cache=False, cmake_clean_first=False, cmake_force_configure=False, ament_cmake_args=None, catkin_cmake_args=None, catkin_skip_building_tests=False, mixin_files=None, mixin=None, verb_parser=<colcon_mixin.mixin.mixin_argument.MixinArgumentDecorator object at 0xffff7f0be660>, verb_extension=<colcon_core.verb.build.BuildVerb object at 0xffff7f0be2a0>, main=<bound method BuildVerb.main of <colcon_core.verb.build.BuildVerb object at 0xffff7f0be2a0>>, mixin_verb=('build',))
[0.672s] Level 1:colcon.colcon_core.package_discovery:discover_packages(colcon_meta) check parameters
[0.673s] Level 1:colcon.colcon_core.package_discovery:discover_packages(recursive) check parameters
[0.674s] Level 1:colcon.colcon_core.package_discovery:discover_packages(ignore) check parameters
[0.674s] Level 1:colcon.colcon_core.package_discovery:discover_packages(path) check parameters
[0.675s] Level 1:colcon.colcon_core.package_discovery:discover_packages(colcon_meta) discover
[0.675s] Level 1:colcon.colcon_core.package_discovery:discover_packages(recursive) discover
[0.676s] INFO:colcon.colcon_core.package_discovery:Crawling recursively for packages in '/home/ros2/ros2_ws'
[0.677s] Level 1:colcon.colcon_core.package_identification:_identify(.) by extensions ['ignore', 'ignore_ament_install']
[0.677s] Level 1:colcon.colcon_core.package_identification:_identify(.) by extension 'ignore'
[0.678s] Level 1:colcon.colcon_core.package_identification:_identify(.) by extension 'ignore_ament_install'
[0.678s] Level 1:colcon.colcon_core.package_identification:_identify(.) by extensions ['colcon_pkg']
[0.678s] Level 1:colcon.colcon_core.package_identification:_identify(.) by extension 'colcon_pkg'
[0.679s] Level 1:colcon.colcon_core.package_identification:_identify(.) by extensions ['colcon_meta']
[0.679s] Level 1:colcon.colcon_core.package_identification:_identify(.) by extension 'colcon_meta'
[0.679s] Level 1:colcon.colcon_core.package_identification:_identify(.) by extensions ['ros']
[0.679s] Level 1:colcon.colcon_core.package_identification:_identify(.) by extension 'ros'
[0.798s] Level 1:colcon.colcon_core.package_identification:_identify(.) by extensions ['cmake', 'python']
[0.799s] Level 1:colcon.colcon_core.package_identification:_identify(.) by extension 'cmake'
[0.800s] Level 1:colcon.colcon_core.package_identification:_identify(.) by extension 'python'
[0.801s] Level 1:colcon.colcon_core.package_identification:_identify(.) by extensions ['python_setup_py']
[0.801s] Level 1:colcon.colcon_core.package_identification:_identify(.) by extension 'python_setup_py'
[0.803s] Level 1:colcon.colcon_core.package_identification:_identify(arduino) by extensions ['ignore', 'ignore_ament_install']
[0.804s] Level 1:colcon.colcon_core.package_identification:_identify(arduino) by extension 'ignore'
[0.805s] Level 1:colcon.colcon_core.package_identification:_identify(arduino) by extension 'ignore_ament_install'
[0.805s] Level 1:colcon.colcon_core.package_identification:_identify(arduino) by extensions ['colcon_pkg']
[0.806s] Level 1:colcon.colcon_core.package_identification:_identify(arduino) by extension 'colcon_pkg'
[0.806s] Level 1:colcon.colcon_core.package_identification:_identify(arduino) by extensions ['colcon_meta']
[0.807s] Level 1:colcon.colcon_core.package_identification:_identify(arduino) by extension 'colcon_meta'
[0.807s] Level 1:colcon.colcon_core.package_identification:_identify(arduino) by extensions ['ros']
[0.807s] Level 1:colcon.colcon_core.package_identification:_identify(arduino) by extension 'ros'
[0.808s] Level 1:colcon.colcon_core.package_identification:_identify(arduino) by extensions ['cmake', 'python']
[0.808s] Level 1:colcon.colcon_core.package_identification:_identify(arduino) by extension 'cmake'
[0.808s] Level 1:colcon.colcon_core.package_identification:_identify(arduino) by extension 'python'
[0.808s] Level 1:colcon.colcon_core.package_identification:_identify(arduino) by extensions ['python_setup_py']
[0.809s] Level 1:colcon.colcon_core.package_identification:_identify(arduino) by extension 'python_setup_py'
[0.809s] Level 1:colcon.colcon_core.package_identification:_identify(arduino/motorcontroller) by extensions ['ignore', 'ignore_ament_install']
[0.809s] Level 1:colcon.colcon_core.package_identification:_identify(arduino/motorcontroller) by extension 'ignore'
[0.809s] Level 1:colcon.colcon_core.package_identification:_identify(arduino/motorcontroller) by extension 'ignore_ament_install'
[0.810s] Level 1:colcon.colcon_core.package_identification:_identify(arduino/motorcontroller) by extensions ['colcon_pkg']
[0.811s] Level 1:colcon.colcon_core.package_identification:_identify(arduino/motorcontroller) by extension 'colcon_pkg'
[0.811s] Level 1:colcon.colcon_core.package_identification:_identify(arduino/motorcontroller) by extensions ['colcon_meta']
[0.811s] Level 1:colcon.colcon_core.package_identification:_identify(arduino/motorcontroller) by extension 'colcon_meta'
[0.812s] Level 1:colcon.colcon_core.package_identification:_identify(arduino/motorcontroller) by extensions ['ros']
[0.812s] Level 1:colcon.colcon_core.package_identification:_identify(arduino/motorcontroller) by extension 'ros'
[0.812s] Level 1:colcon.colcon_core.package_identification:_identify(arduino/motorcontroller) by extensions ['cmake', 'python']
[0.812s] Level 1:colcon.colcon_core.package_identification:_identify(arduino/motorcontroller) by extension 'cmake'
[0.812s] Level 1:colcon.colcon_core.package_identification:_identify(arduino/motorcontroller) by extension 'python'
[0.812s] Level 1:colcon.colcon_core.package_identification:_identify(arduino/motorcontroller) by extensions ['python_setup_py']
[0.813s] Level 1:colcon.colcon_core.package_identification:_identify(arduino/motorcontroller) by extension 'python_setup_py'
[0.813s] Level 1:colcon.colcon_core.package_identification:_identify(build) by extensions ['ignore', 'ignore_ament_install']
[0.813s] Level 1:colcon.colcon_core.package_identification:_identify(build) by extension 'ignore'
[0.813s] Level 1:colcon.colcon_core.package_identification:_identify(build) ignored
[0.814s] Level 1:colcon.colcon_core.package_identification:_identify(config) by extensions ['ignore', 'ignore_ament_install']
[0.814s] Level 1:colcon.colcon_core.package_identification:_identify(config) by extension 'ignore'
[0.814s] Level 1:colcon.colcon_core.package_identification:_identify(config) by extension 'ignore_ament_install'
[0.815s] Level 1:colcon.colcon_core.package_identification:_identify(config) by extensions ['colcon_pkg']
[0.815s] Level 1:colcon.colcon_core.package_identification:_identify(config) by extension 'colcon_pkg'
[0.815s] Level 1:colcon.colcon_core.package_identification:_identify(config) by extensions ['colcon_meta']
[0.815s] Level 1:colcon.colcon_core.package_identification:_identify(config) by extension 'colcon_meta'
[0.815s] Level 1:colcon.colcon_core.package_identification:_identify(config) by extensions ['ros']
[0.815s] Level 1:colcon.colcon_core.package_identification:_identify(config) by extension 'ros'
[0.815s] Level 1:colcon.colcon_core.package_identification:_identify(config) by extensions ['cmake', 'python']
[0.815s] Level 1:colcon.colcon_core.package_identification:_identify(config) by extension 'cmake'
[0.815s] Level 1:colcon.colcon_core.package_identification:_identify(config) by extension 'python'
[0.815s] Level 1:colcon.colcon_core.package_identification:_identify(config) by extensions ['python_setup_py']
[0.815s] Level 1:colcon.colcon_core.package_identification:_identify(config) by extension 'python_setup_py'
[0.816s] Level 1:colcon.colcon_core.package_identification:_identify(config/sebot) by extensions ['ignore', 'ignore_ament_install']
[0.816s] Level 1:colcon.colcon_core.package_identification:_identify(config/sebot) by extension 'ignore'
[0.816s] Level 1:colcon.colcon_core.package_identification:_identify(config/sebot) by extension 'ignore_ament_install'
[0.816s] Level 1:colcon.colcon_core.package_identification:_identify(config/sebot) by extensions ['colcon_pkg']
[0.816s] Level 1:colcon.colcon_core.package_identification:_identify(config/sebot) by extension 'colcon_pkg'
[0.816s] Level 1:colcon.colcon_core.package_identification:_identify(config/sebot) by extensions ['colcon_meta']
[0.816s] Level 1:colcon.colcon_core.package_identification:_identify(config/sebot) by extension 'colcon_meta'
[0.816s] Level 1:colcon.colcon_core.package_identification:_identify(config/sebot) by extensions ['ros']
[0.816s] Level 1:colcon.colcon_core.package_identification:_identify(config/sebot) by extension 'ros'
[0.817s] Level 1:colcon.colcon_core.package_identification:_identify(config/sebot) by extensions ['cmake', 'python']
[0.817s] Level 1:colcon.colcon_core.package_identification:_identify(config/sebot) by extension 'cmake'
[0.817s] Level 1:colcon.colcon_core.package_identification:_identify(config/sebot) by extension 'python'
[0.818s] Level 1:colcon.colcon_core.package_identification:_identify(config/sebot) by extensions ['python_setup_py']
[0.818s] Level 1:colcon.colcon_core.package_identification:_identify(config/sebot) by extension 'python_setup_py'
[0.818s] Level 1:colcon.colcon_core.package_identification:_identify(install) by extensions ['ignore', 'ignore_ament_install']
[0.820s] Level 1:colcon.colcon_core.package_identification:_identify(install) by extension 'ignore'
[0.821s] Level 1:colcon.colcon_core.package_identification:_identify(install) ignored
[0.823s] Level 1:colcon.colcon_core.package_identification:_identify(log) by extensions ['ignore', 'ignore_ament_install']
[0.824s] Level 1:colcon.colcon_core.package_identification:_identify(log) by extension 'ignore'
[0.824s] Level 1:colcon.colcon_core.package_identification:_identify(log) ignored
[0.825s] Level 1:colcon.colcon_core.package_identification:_identify(src) by extensions ['ignore', 'ignore_ament_install']
[0.826s] Level 1:colcon.colcon_core.package_identification:_identify(src) by extension 'ignore'
[0.827s] Level 1:colcon.colcon_core.package_identification:_identify(src) by extension 'ignore_ament_install'
[0.827s] Level 1:colcon.colcon_core.package_identification:_identify(src) by extensions ['colcon_pkg']
[0.827s] Level 1:colcon.colcon_core.package_identification:_identify(src) by extension 'colcon_pkg'
[0.828s] Level 1:colcon.colcon_core.package_identification:_identify(src) by extensions ['colcon_meta']
[0.828s] Level 1:colcon.colcon_core.package_identification:_identify(src) by extension 'colcon_meta'
[0.829s] Level 1:colcon.colcon_core.package_identification:_identify(src) by extensions ['ros']
[0.829s] Level 1:colcon.colcon_core.package_identification:_identify(src) by extension 'ros'
[0.829s] Level 1:colcon.colcon_core.package_identification:_identify(src) by extensions ['cmake', 'python']
[0.829s] Level 1:colcon.colcon_core.package_identification:_identify(src) by extension 'cmake'
[0.829s] Level 1:colcon.colcon_core.package_identification:_identify(src) by extension 'python'
[0.830s] Level 1:colcon.colcon_core.package_identification:_identify(src) by extensions ['python_setup_py']
[0.830s] Level 1:colcon.colcon_core.package_identification:_identify(src) by extension 'python_setup_py'
[0.830s] Level 1:colcon.colcon_core.package_identification:_identify(src/Xsens_MTi_ROS_Driver_and_Ntrip_Client) by extensions ['ignore', 'ignore_ament_install']
[0.830s] Level 1:colcon.colcon_core.package_identification:_identify(src/Xsens_MTi_ROS_Driver_and_Ntrip_Client) by extension 'ignore'
[0.831s] Level 1:colcon.colcon_core.package_identification:_identify(src/Xsens_MTi_ROS_Driver_and_Ntrip_Client) by extension 'ignore_ament_install'
[0.832s] Level 1:colcon.colcon_core.package_identification:_identify(src/Xsens_MTi_ROS_Driver_and_Ntrip_Client) by extensions ['colcon_pkg']
[0.832s] Level 1:colcon.colcon_core.package_identification:_identify(src/Xsens_MTi_ROS_Driver_and_Ntrip_Client) by extension 'colcon_pkg'
[0.832s] Level 1:colcon.colcon_core.package_identification:_identify(src/Xsens_MTi_ROS_Driver_and_Ntrip_Client) by extensions ['colcon_meta']
[0.833s] Level 1:colcon.colcon_core.package_identification:_identify(src/Xsens_MTi_ROS_Driver_and_Ntrip_Client) by extension 'colcon_meta'
[0.834s] Level 1:colcon.colcon_core.package_identification:_identify(src/Xsens_MTi_ROS_Driver_and_Ntrip_Client) by extensions ['ros']
[0.834s] Level 1:colcon.colcon_core.package_identification:_identify(src/Xsens_MTi_ROS_Driver_and_Ntrip_Client) by extension 'ros'
[0.835s] Level 1:colcon.colcon_core.package_identification:_identify(src/Xsens_MTi_ROS_Driver_and_Ntrip_Client) by extensions ['cmake', 'python']
[0.835s] Level 1:colcon.colcon_core.package_identification:_identify(src/Xsens_MTi_ROS_Driver_and_Ntrip_Client) by extension 'cmake'
[0.835s] Level 1:colcon.colcon_core.package_identification:_identify(src/Xsens_MTi_ROS_Driver_and_Ntrip_Client) by extension 'python'
[0.836s] Level 1:colcon.colcon_core.package_identification:_identify(src/Xsens_MTi_ROS_Driver_and_Ntrip_Client) by extensions ['python_setup_py']
[0.836s] Level 1:colcon.colcon_core.package_identification:_identify(src/Xsens_MTi_ROS_Driver_and_Ntrip_Client) by extension 'python_setup_py'
[0.837s] Level 1:colcon.colcon_core.package_identification:_identify(src/Xsens_MTi_ROS_Driver_and_Ntrip_Client/src) by extensions ['ignore', 'ignore_ament_install']
[0.838s] Level 1:colcon.colcon_core.package_identification:_identify(src/Xsens_MTi_ROS_Driver_and_Ntrip_Client/src) by extension 'ignore'
[0.839s] Level 1:colcon.colcon_core.package_identification:_identify(src/Xsens_MTi_ROS_Driver_and_Ntrip_Client/src) by extension 'ignore_ament_install'
[0.840s] Level 1:colcon.colcon_core.package_identification:_identify(src/Xsens_MTi_ROS_Driver_and_Ntrip_Client/src) by extensions ['colcon_pkg']
[0.840s] Level 1:colcon.colcon_core.package_identification:_identify(src/Xsens_MTi_ROS_Driver_and_Ntrip_Client/src) by extension 'colcon_pkg'
[0.841s] Level 1:colcon.colcon_core.package_identification:_identify(src/Xsens_MTi_ROS_Driver_and_Ntrip_Client/src) by extensions ['colcon_meta']
[0.841s] Level 1:colcon.colcon_core.package_identification:_identify(src/Xsens_MTi_ROS_Driver_and_Ntrip_Client/src) by extension 'colcon_meta'
[0.841s] Level 1:colcon.colcon_core.package_identification:_identify(src/Xsens_MTi_ROS_Driver_and_Ntrip_Client/src) by extensions ['ros']
[0.841s] Level 1:colcon.colcon_core.package_identification:_identify(src/Xsens_MTi_ROS_Driver_and_Ntrip_Client/src) by extension 'ros'
[0.841s] Level 1:colcon.colcon_core.package_identification:_identify(src/Xsens_MTi_ROS_Driver_and_Ntrip_Client/src) by extensions ['cmake', 'python']
[0.842s] Level 1:colcon.colcon_core.package_identification:_identify(src/Xsens_MTi_ROS_Driver_and_Ntrip_Client/src) by extension 'cmake'
[0.842s] Level 1:colcon.colcon_core.package_identification:_identify(src/Xsens_MTi_ROS_Driver_and_Ntrip_Client/src) by extension 'python'
[0.842s] Level 1:colcon.colcon_core.package_identification:_identify(src/Xsens_MTi_ROS_Driver_and_Ntrip_Client/src) by extensions ['python_setup_py']
[0.842s] Level 1:colcon.colcon_core.package_identification:_identify(src/Xsens_MTi_ROS_Driver_and_Ntrip_Client/src) by extension 'python_setup_py'
[0.843s] Level 1:colcon.colcon_core.package_identification:_identify(src/Xsens_MTi_ROS_Driver_and_Ntrip_Client/src/ntrip) by extensions ['ignore', 'ignore_ament_install']
[0.843s] Level 1:colcon.colcon_core.package_identification:_identify(src/Xsens_MTi_ROS_Driver_and_Ntrip_Client/src/ntrip) by extension 'ignore'
[0.844s] Level 1:colcon.colcon_core.package_identification:_identify(src/Xsens_MTi_ROS_Driver_and_Ntrip_Client/src/ntrip) by extension 'ignore_ament_install'
[0.844s] Level 1:colcon.colcon_core.package_identification:_identify(src/Xsens_MTi_ROS_Driver_and_Ntrip_Client/src/ntrip) by extensions ['colcon_pkg']
[0.844s] Level 1:colcon.colcon_core.package_identification:_identify(src/Xsens_MTi_ROS_Driver_and_Ntrip_Client/src/ntrip) by extension 'colcon_pkg'
[0.845s] Level 1:colcon.colcon_core.package_identification:_identify(src/Xsens_MTi_ROS_Driver_and_Ntrip_Client/src/ntrip) by extensions ['colcon_meta']
[0.845s] Level 1:colcon.colcon_core.package_identification:_identify(src/Xsens_MTi_ROS_Driver_and_Ntrip_Client/src/ntrip) by extension 'colcon_meta'
[0.845s] Level 1:colcon.colcon_core.package_identification:_identify(src/Xsens_MTi_ROS_Driver_and_Ntrip_Client/src/ntrip) by extensions ['ros']
[0.845s] Level 1:colcon.colcon_core.package_identification:_identify(src/Xsens_MTi_ROS_Driver_and_Ntrip_Client/src/ntrip) by extension 'ros'
[0.856s] DEBUG:colcon.colcon_core.package_identification:Package 'src/Xsens_MTi_ROS_Driver_and_Ntrip_Client/src/ntrip' with type 'ros.ament_cmake' and name 'ntrip'
[0.858s] Level 1:colcon.colcon_core.package_identification:_identify(src/Xsens_MTi_ROS_Driver_and_Ntrip_Client/src/xsens_mti_ros2_driver) by extensions ['ignore', 'ignore_ament_install']
[0.858s] Level 1:colcon.colcon_core.package_identification:_identify(src/Xsens_MTi_ROS_Driver_and_Ntrip_Client/src/xsens_mti_ros2_driver) by extension 'ignore'
[0.858s] Level 1:colcon.colcon_core.package_identification:_identify(src/Xsens_MTi_ROS_Driver_and_Ntrip_Client/src/xsens_mti_ros2_driver) by extension 'ignore_ament_install'
[0.859s] Level 1:colcon.colcon_core.package_identification:_identify(src/Xsens_MTi_ROS_Driver_and_Ntrip_Client/src/xsens_mti_ros2_driver) by extensions ['colcon_pkg']
[0.859s] Level 1:colcon.colcon_core.package_identification:_identify(src/Xsens_MTi_ROS_Driver_and_Ntrip_Client/src/xsens_mti_ros2_driver) by extension 'colcon_pkg'
[0.859s] Level 1:colcon.colcon_core.package_identification:_identify(src/Xsens_MTi_ROS_Driver_and_Ntrip_Client/src/xsens_mti_ros2_driver) by extensions ['colcon_meta']
[0.859s] Level 1:colcon.colcon_core.package_identification:_identify(src/Xsens_MTi_ROS_Driver_and_Ntrip_Client/src/xsens_mti_ros2_driver) by extension 'colcon_meta'
[0.859s] Level 1:colcon.colcon_core.package_identification:_identify(src/Xsens_MTi_ROS_Driver_and_Ntrip_Client/src/xsens_mti_ros2_driver) by extensions ['ros']
[0.859s] Level 1:colcon.colcon_core.package_identification:_identify(src/Xsens_MTi_ROS_Driver_and_Ntrip_Client/src/xsens_mti_ros2_driver) by extension 'ros'
[0.861s] DEBUG:colcon.colcon_core.package_identification:Package 'src/Xsens_MTi_ROS_Driver_and_Ntrip_Client/src/xsens_mti_ros2_driver' with type 'ros.ament_cmake' and name 'xsens_mti_ros2_driver'
[0.862s] Level 1:colcon.colcon_core.package_identification:_identify(src/diffdrive) by extensions ['ignore', 'ignore_ament_install']
[0.862s] Level 1:colcon.colcon_core.package_identification:_identify(src/diffdrive) by extension 'ignore'
[0.863s] Level 1:colcon.colcon_core.package_identification:_identify(src/diffdrive) by extension 'ignore_ament_install'
[0.863s] Level 1:colcon.colcon_core.package_identification:_identify(src/diffdrive) by extensions ['colcon_pkg']
[0.863s] Level 1:colcon.colcon_core.package_identification:_identify(src/diffdrive) by extension 'colcon_pkg'
[0.863s] Level 1:colcon.colcon_core.package_identification:_identify(src/diffdrive) by extensions ['colcon_meta']
[0.863s] Level 1:colcon.colcon_core.package_identification:_identify(src/diffdrive) by extension 'colcon_meta'
[0.863s] Level 1:colcon.colcon_core.package_identification:_identify(src/diffdrive) by extensions ['ros']
[0.864s] Level 1:colcon.colcon_core.package_identification:_identify(src/diffdrive) by extension 'ros'
[0.866s] DEBUG:colcon.colcon_core.package_identification:Package 'src/diffdrive' with type 'ros.ament_python' and name 'diffdrive'
[0.868s] Level 1:colcon.colcon_core.package_identification:_identify(src/motordriver) by extensions ['ignore', 'ignore_ament_install']
[0.869s] Level 1:colcon.colcon_core.package_identification:_identify(src/motordriver) by extension 'ignore'
[0.870s] Level 1:colcon.colcon_core.package_identification:_identify(src/motordriver) by extension 'ignore_ament_install'
[0.871s] Level 1:colcon.colcon_core.package_identification:_identify(src/motordriver) by extensions ['colcon_pkg']
[0.871s] Level 1:colcon.colcon_core.package_identification:_identify(src/motordriver) by extension 'colcon_pkg'
[0.872s] Level 1:colcon.colcon_core.package_identification:_identify(src/motordriver) by extensions ['colcon_meta']
[0.873s] Level 1:colcon.colcon_core.package_identification:_identify(src/motordriver) by extension 'colcon_meta'
[0.873s] Level 1:colcon.colcon_core.package_identification:_identify(src/motordriver) by extensions ['ros']
[0.874s] Level 1:colcon.colcon_core.package_identification:_identify(src/motordriver) by extension 'ros'
[0.876s] DEBUG:colcon.colcon_core.package_identification:Package 'src/motordriver' with type 'ros.ament_python' and name 'motordriver'
[0.876s] Level 1:colcon.colcon_core.package_identification:_identify(src/motordriver_msgs) by extensions ['ignore', 'ignore_ament_install']
[0.877s] Level 1:colcon.colcon_core.package_identification:_identify(src/motordriver_msgs) by extension 'ignore'
[0.877s] Level 1:colcon.colcon_core.package_identification:_identify(src/motordriver_msgs) by extension 'ignore_ament_install'
[0.877s] Level 1:colcon.colcon_core.package_identification:_identify(src/motordriver_msgs) by extensions ['colcon_pkg']
[0.877s] Level 1:colcon.colcon_core.package_identification:_identify(src/motordriver_msgs) by extension 'colcon_pkg'
[0.877s] Level 1:colcon.colcon_core.package_identification:_identify(src/motordriver_msgs) by extensions ['colcon_meta']
[0.877s] Level 1:colcon.colcon_core.package_identification:_identify(src/motordriver_msgs) by extension 'colcon_meta'
[0.877s] Level 1:colcon.colcon_core.package_identification:_identify(src/motordriver_msgs) by extensions ['ros']
[0.877s] Level 1:colcon.colcon_core.package_identification:_identify(src/motordriver_msgs) by extension 'ros'
[0.879s] DEBUG:colcon.colcon_core.package_identification:Package 'src/motordriver_msgs' with type 'ros.ament_cmake' and name 'motordriver_msgs'
[0.879s] Level 1:colcon.colcon_core.package_identification:_identify(src/rplidar_ros) by extensions ['ignore', 'ignore_ament_install']
[0.879s] Level 1:colcon.colcon_core.package_identification:_identify(src/rplidar_ros) by extension 'ignore'
[0.880s] Level 1:colcon.colcon_core.package_identification:_identify(src/rplidar_ros) by extension 'ignore_ament_install'
[0.880s] Level 1:colcon.colcon_core.package_identification:_identify(src/rplidar_ros) by extensions ['colcon_pkg']
[0.880s] Level 1:colcon.colcon_core.package_identification:_identify(src/rplidar_ros) by extension 'colcon_pkg'
[0.880s] Level 1:colcon.colcon_core.package_identification:_identify(src/rplidar_ros) by extensions ['colcon_meta']
[0.880s] Level 1:colcon.colcon_core.package_identification:_identify(src/rplidar_ros) by extension 'colcon_meta'
[0.880s] Level 1:colcon.colcon_core.package_identification:_identify(src/rplidar_ros) by extensions ['ros']
[0.880s] Level 1:colcon.colcon_core.package_identification:_identify(src/rplidar_ros) by extension 'ros'
[0.882s] DEBUG:colcon.colcon_core.package_identification:Package 'src/rplidar_ros' with type 'ros.ament_cmake' and name 'rplidar_ros'
[0.882s] Level 1:colcon.colcon_core.package_identification:_identify(src/sebot_localization ) by extensions ['ignore', 'ignore_ament_install']
[0.882s] Level 1:colcon.colcon_core.package_identification:_identify(src/sebot_localization ) by extension 'ignore'
[0.883s] Level 1:colcon.colcon_core.package_identification:_identify(src/sebot_localization ) by extension 'ignore_ament_install'
[0.883s] Level 1:colcon.colcon_core.package_identification:_identify(src/sebot_localization ) by extensions ['colcon_pkg']
[0.883s] Level 1:colcon.colcon_core.package_identification:_identify(src/sebot_localization ) by extension 'colcon_pkg'
[0.883s] Level 1:colcon.colcon_core.package_identification:_identify(src/sebot_localization ) by extensions ['colcon_meta']
[0.883s] Level 1:colcon.colcon_core.package_identification:_identify(src/sebot_localization ) by extension 'colcon_meta'
[0.883s] Level 1:colcon.colcon_core.package_identification:_identify(src/sebot_localization ) by extensions ['ros']
[0.884s] Level 1:colcon.colcon_core.package_identification:_identify(src/sebot_localization ) by extension 'ros'
[0.887s] DEBUG:colcon.colcon_core.package_identification:Package 'src/sebot_localization ' with type 'ros.ament_cmake' and name 'sebot_localization'
[0.888s] Level 1:colcon.colcon_core.package_identification:_identify(src/sebot_navigation) by extensions ['ignore', 'ignore_ament_install']
[0.889s] Level 1:colcon.colcon_core.package_identification:_identify(src/sebot_navigation) by extension 'ignore'
[0.889s] Level 1:colcon.colcon_core.package_identification:_identify(src/sebot_navigation) by extension 'ignore_ament_install'
[0.889s] Level 1:colcon.colcon_core.package_identification:_identify(src/sebot_navigation) by extensions ['colcon_pkg']
[0.889s] Level 1:colcon.colcon_core.package_identification:_identify(src/sebot_navigation) by extension 'colcon_pkg'
[0.889s] Level 1:colcon.colcon_core.package_identification:_identify(src/sebot_navigation) by extensions ['colcon_meta']
[0.890s] Level 1:colcon.colcon_core.package_identification:_identify(src/sebot_navigation) by extension 'colcon_meta'
[0.890s] Level 1:colcon.colcon_core.package_identification:_identify(src/sebot_navigation) by extensions ['ros']
[0.890s] Level 1:colcon.colcon_core.package_identification:_identify(src/sebot_navigation) by extension 'ros'
[0.892s] DEBUG:colcon.colcon_core.package_identification:Package 'src/sebot_navigation' with type 'ros.ament_python' and name 'sebot_navigation'
[0.893s] Level 1:colcon.colcon_core.package_identification:_identify(src/uwb-tracking-ros) by extensions ['ignore', 'ignore_ament_install']
[0.894s] Level 1:colcon.colcon_core.package_identification:_identify(src/uwb-tracking-ros) by extension 'ignore'
[0.894s] Level 1:colcon.colcon_core.package_identification:_identify(src/uwb-tracking-ros) by extension 'ignore_ament_install'
[0.894s] Level 1:colcon.colcon_core.package_identification:_identify(src/uwb-tracking-ros) by extensions ['colcon_pkg']
[0.894s] Level 1:colcon.colcon_core.package_identification:_identify(src/uwb-tracking-ros) by extension 'colcon_pkg'
[0.894s] Level 1:colcon.colcon_core.package_identification:_identify(src/uwb-tracking-ros) by extensions ['colcon_meta']
[0.894s] Level 1:colcon.colcon_core.package_identification:_identify(src/uwb-tracking-ros) by extension 'colcon_meta'
[0.894s] Level 1:colcon.colcon_core.package_identification:_identify(src/uwb-tracking-ros) by extensions ['ros']
[0.894s] Level 1:colcon.colcon_core.package_identification:_identify(src/uwb-tracking-ros) by extension 'ros'
[0.895s] Level 1:colcon.colcon_core.package_identification:_identify(src/uwb-tracking-ros) by extensions ['cmake', 'python']
[0.895s] Level 1:colcon.colcon_core.package_identification:_identify(src/uwb-tracking-ros) by extension 'cmake'
[0.895s] Level 1:colcon.colcon_core.package_identification:_identify(src/uwb-tracking-ros) by extension 'python'
[0.895s] Level 1:colcon.colcon_core.package_identification:_identify(src/uwb-tracking-ros) by extensions ['python_setup_py']
[0.895s] Level 1:colcon.colcon_core.package_identification:_identify(src/uwb-tracking-ros) by extension 'python_setup_py'
[0.895s] Level 1:colcon.colcon_core.package_identification:_identify(src/uwb-tracking-ros/citrack_ros_msgs) by extensions ['ignore', 'ignore_ament_install']
[0.895s] Level 1:colcon.colcon_core.package_identification:_identify(src/uwb-tracking-ros/citrack_ros_msgs) by extension 'ignore'
[0.895s] Level 1:colcon.colcon_core.package_identification:_identify(src/uwb-tracking-ros/citrack_ros_msgs) by extension 'ignore_ament_install'
[0.895s] Level 1:colcon.colcon_core.package_identification:_identify(src/uwb-tracking-ros/citrack_ros_msgs) by extensions ['colcon_pkg']
[0.895s] Level 1:colcon.colcon_core.package_identification:_identify(src/uwb-tracking-ros/citrack_ros_msgs) by extension 'colcon_pkg'
[0.896s] Level 1:colcon.colcon_core.package_identification:_identify(src/uwb-tracking-ros/citrack_ros_msgs) by extensions ['colcon_meta']
[0.896s] Level 1:colcon.colcon_core.package_identification:_identify(src/uwb-tracking-ros/citrack_ros_msgs) by extension 'colcon_meta'
[0.896s] Level 1:colcon.colcon_core.package_identification:_identify(src/uwb-tracking-ros/citrack_ros_msgs) by extensions ['ros']
[0.896s] Level 1:colcon.colcon_core.package_identification:_identify(src/uwb-tracking-ros/citrack_ros_msgs) by extension 'ros'
[0.899s] DEBUG:colcon.colcon_core.package_identification:Package 'src/uwb-tracking-ros/citrack_ros_msgs' with type 'ros.ament_cmake' and name 'citrack_ros_msgs'
[0.900s] Level 1:colcon.colcon_core.package_identification:_identify(src/uwb-tracking-ros/uwb_tracking_ros2) by extensions ['ignore', 'ignore_ament_install']
[0.900s] Level 1:colcon.colcon_core.package_identification:_identify(src/uwb-tracking-ros/uwb_tracking_ros2) by extension 'ignore'
[0.900s] Level 1:colcon.colcon_core.package_identification:_identify(src/uwb-tracking-ros/uwb_tracking_ros2) by extension 'ignore_ament_install'
[0.900s] Level 1:colcon.colcon_core.package_identification:_identify(src/uwb-tracking-ros/uwb_tracking_ros2) by extensions ['colcon_pkg']
[0.901s] Level 1:colcon.colcon_core.package_identification:_identify(src/uwb-tracking-ros/uwb_tracking_ros2) by extension 'colcon_pkg'
[0.901s] Level 1:colcon.colcon_core.package_identification:_identify(src/uwb-tracking-ros/uwb_tracking_ros2) by extensions ['colcon_meta']
[0.901s] Level 1:colcon.colcon_core.package_identification:_identify(src/uwb-tracking-ros/uwb_tracking_ros2) by extension 'colcon_meta'
[0.901s] Level 1:colcon.colcon_core.package_identification:_identify(src/uwb-tracking-ros/uwb_tracking_ros2) by extensions ['ros']
[0.901s] Level 1:colcon.colcon_core.package_identification:_identify(src/uwb-tracking-ros/uwb_tracking_ros2) by extension 'ros'
[0.905s] DEBUG:colcon.colcon_core.package_identification:Package 'src/uwb-tracking-ros/uwb_tracking_ros2' with type 'ros.ament_python' and name 'uwb_tracking_ros2'
[0.907s] Level 1:colcon.colcon_core.package_identification:_identify(uwb_raw_data) by extensions ['ignore', 'ignore_ament_install']
[0.907s] Level 1:colcon.colcon_core.package_identification:_identify(uwb_raw_data) by extension 'ignore'
[0.908s] Level 1:colcon.colcon_core.package_identification:_identify(uwb_raw_data) by extension 'ignore_ament_install'
[0.908s] Level 1:colcon.colcon_core.package_identification:_identify(uwb_raw_data) by extensions ['colcon_pkg']
[0.908s] Level 1:colcon.colcon_core.package_identification:_identify(uwb_raw_data) by extension 'colcon_pkg'
[0.908s] Level 1:colcon.colcon_core.package_identification:_identify(uwb_raw_data) by extensions ['colcon_meta']
[0.908s] Level 1:colcon.colcon_core.package_identification:_identify(uwb_raw_data) by extension 'colcon_meta'
[0.908s] Level 1:colcon.colcon_core.package_identification:_identify(uwb_raw_data) by extensions ['ros']
[0.908s] Level 1:colcon.colcon_core.package_identification:_identify(uwb_raw_data) by extension 'ros'
[0.909s] Level 1:colcon.colcon_core.package_identification:_identify(uwb_raw_data) by extensions ['cmake', 'python']
[0.909s] Level 1:colcon.colcon_core.package_identification:_identify(uwb_raw_data) by extension 'cmake'
[0.909s] Level 1:colcon.colcon_core.package_identification:_identify(uwb_raw_data) by extension 'python'
[0.909s] Level 1:colcon.colcon_core.package_identification:_identify(uwb_raw_data) by extensions ['python_setup_py']
[0.909s] Level 1:colcon.colcon_core.package_identification:_identify(uwb_raw_data) by extension 'python_setup_py'
[0.909s] Level 1:colcon.colcon_core.package_identification:_identify(uwb_raw_data/new_tests) by extensions ['ignore', 'ignore_ament_install']
[0.909s] Level 1:colcon.colcon_core.package_identification:_identify(uwb_raw_data/new_tests) by extension 'ignore'
[0.909s] Level 1:colcon.colcon_core.package_identification:_identify(uwb_raw_data/new_tests) by extension 'ignore_ament_install'
[0.910s] Level 1:colcon.colcon_core.package_identification:_identify(uwb_raw_data/new_tests) by extensions ['colcon_pkg']
[0.910s] Level 1:colcon.colcon_core.package_identification:_identify(uwb_raw_data/new_tests) by extension 'colcon_pkg'
[0.910s] Level 1:colcon.colcon_core.package_identification:_identify(uwb_raw_data/new_tests) by extensions ['colcon_meta']
[0.910s] Level 1:colcon.colcon_core.package_identification:_identify(uwb_raw_data/new_tests) by extension 'colcon_meta'
[0.910s] Level 1:colcon.colcon_core.package_identification:_identify(uwb_raw_data/new_tests) by extensions ['ros']
[0.910s] Level 1:colcon.colcon_core.package_identification:_identify(uwb_raw_data/new_tests) by extension 'ros'
[0.910s] Level 1:colcon.colcon_core.package_identification:_identify(uwb_raw_data/new_tests) by extensions ['cmake', 'python']
[0.910s] Level 1:colcon.colcon_core.package_identification:_identify(uwb_raw_data/new_tests) by extension 'cmake'
[0.910s] Level 1:colcon.colcon_core.package_identification:_identify(uwb_raw_data/new_tests) by extension 'python'
[0.910s] Level 1:colcon.colcon_core.package_identification:_identify(uwb_raw_data/new_tests) by extensions ['python_setup_py']
[0.910s] Level 1:colcon.colcon_core.package_identification:_identify(uwb_raw_data/new_tests) by extension 'python_setup_py'
[0.911s] Level 1:colcon.colcon_core.package_identification:_identify(uwb_raw_data/old_tests) by extensions ['ignore', 'ignore_ament_install']
[0.911s] Level 1:colcon.colcon_core.package_identification:_identify(uwb_raw_data/old_tests) by extension 'ignore'
[0.911s] Level 1:colcon.colcon_core.package_identification:_identify(uwb_raw_data/old_tests) by extension 'ignore_ament_install'
[0.911s] Level 1:colcon.colcon_core.package_identification:_identify(uwb_raw_data/old_tests) by extensions ['colcon_pkg']
[0.911s] Level 1:colcon.colcon_core.package_identification:_identify(uwb_raw_data/old_tests) by extension 'colcon_pkg'
[0.911s] Level 1:colcon.colcon_core.package_identification:_identify(uwb_raw_data/old_tests) by extensions ['colcon_meta']
[0.912s] Level 1:colcon.colcon_core.package_identification:_identify(uwb_raw_data/old_tests) by extension 'colcon_meta'
[0.912s] Level 1:colcon.colcon_core.package_identification:_identify(uwb_raw_data/old_tests) by extensions ['ros']
[0.912s] Level 1:colcon.colcon_core.package_identification:_identify(uwb_raw_data/old_tests) by extension 'ros'
[0.912s] Level 1:colcon.colcon_core.package_identification:_identify(uwb_raw_data/old_tests) by extensions ['cmake', 'python']
[0.912s] Level 1:colcon.colcon_core.package_identification:_identify(uwb_raw_data/old_tests) by extension 'cmake'
[0.912s] Level 1:colcon.colcon_core.package_identification:_identify(uwb_raw_data/old_tests) by extension 'python'
[0.912s] Level 1:colcon.colcon_core.package_identification:_identify(uwb_raw_data/old_tests) by extensions ['python_setup_py']
[0.912s] Level 1:colcon.colcon_core.package_identification:_identify(uwb_raw_data/old_tests) by extension 'python_setup_py'
[0.912s] Level 1:colcon.colcon_core.package_discovery:discover_packages(recursive) using defaults
[0.913s] Level 1:colcon.colcon_core.package_discovery:discover_packages(ignore) discover
[0.913s] Level 1:colcon.colcon_core.package_discovery:discover_packages(ignore) using defaults
[0.913s] Level 1:colcon.colcon_core.package_discovery:discover_packages(path) discover
[0.913s] Level 1:colcon.colcon_core.package_discovery:discover_packages(path) using defaults
[1.016s] INFO:colcon.colcon_core.package_selection:Skipping not selected package 'citrack_ros_msgs' in 'src/uwb-tracking-ros/citrack_ros_msgs'
[1.016s] INFO:colcon.colcon_core.package_selection:Skipping not selected package 'diffdrive' in 'src/diffdrive'
[1.017s] INFO:colcon.colcon_core.package_selection:Skipping not selected package 'motordriver' in 'src/motordriver'
[1.017s] INFO:colcon.colcon_core.package_selection:Skipping not selected package 'motordriver_msgs' in 'src/motordriver_msgs'
[1.017s] INFO:colcon.colcon_core.package_selection:Skipping not selected package 'ntrip' in 'src/Xsens_MTi_ROS_Driver_and_Ntrip_Client/src/ntrip'
[1.017s] INFO:colcon.colcon_core.package_selection:Skipping not selected package 'rplidar_ros' in 'src/rplidar_ros'
[1.017s] INFO:colcon.colcon_core.package_selection:Skipping not selected package 'sebot_localization' in 'src/sebot_localization '
[1.017s] INFO:colcon.colcon_core.package_selection:Skipping not selected package 'uwb_tracking_ros2' in 'src/uwb-tracking-ros/uwb_tracking_ros2'
[1.017s] INFO:colcon.colcon_core.package_selection:Skipping not selected package 'xsens_mti_ros2_driver' in 'src/Xsens_MTi_ROS_Driver_and_Ntrip_Client/src/xsens_mti_ros2_driver'
[1.020s] Level 1:colcon.colcon_core.package_discovery:discover_packages(prefix_path) check parameters
[1.020s] Level 1:colcon.colcon_core.package_discovery:discover_packages(prefix_path) discover
[1.034s] DEBUG:colcon.colcon_installed_package_information.package_discovery:Found 10 installed packages in /home/ros2/ros2_ws/install
[1.038s] DEBUG:colcon.colcon_installed_package_information.package_discovery:Found 392 installed packages in /opt/ros/jazzy
[1.040s] Level 1:colcon.colcon_core.package_discovery:discover_packages(prefix_path) using defaults
[1.249s] Level 5:colcon.colcon_core.verb:set package 'sebot_navigation' build argument 'cmake_args' from command line to 'None'
[1.249s] Level 5:colcon.colcon_core.verb:set package 'sebot_navigation' build argument 'cmake_target' from command line to 'None'
[1.249s] Level 5:colcon.colcon_core.verb:set package 'sebot_navigation' build argument 'cmake_target_skip_unavailable' from command line to 'False'
[1.249s] Level 5:colcon.colcon_core.verb:set package 'sebot_navigation' build argument 'cmake_clean_cache' from command line to 'False'
[1.249s] Level 5:colcon.colcon_core.verb:set package 'sebot_navigation' build argument 'cmake_clean_first' from command line to 'False'
[1.249s] Level 5:colcon.colcon_core.verb:set package 'sebot_navigation' build argument 'cmake_force_configure' from command line to 'False'
[1.249s] Level 5:colcon.colcon_core.verb:set package 'sebot_navigation' build argument 'ament_cmake_args' from command line to 'None'
[1.249s] Level 5:colcon.colcon_core.verb:set package 'sebot_navigation' build argument 'catkin_cmake_args' from command line to 'None'
[1.249s] Level 5:colcon.colcon_core.verb:set package 'sebot_navigation' build argument 'catkin_skip_building_tests' from command line to 'False'
[1.250s] DEBUG:colcon.colcon_core.verb:Building package 'sebot_navigation' with the following arguments: {'ament_cmake_args': None, 'build_base': '/home/ros2/ros2_ws/build/sebot_navigation', 'catkin_cmake_args': None, 'catkin_skip_building_tests': False, 'cmake_args': None, 'cmake_clean_cache': False, 'cmake_clean_first': False, 'cmake_force_configure': False, 'cmake_target': None, 'cmake_target_skip_unavailable': False, 'install_base': '/home/ros2/ros2_ws/install/sebot_navigation', 'merge_install': False, 'path': '/home/ros2/ros2_ws/src/sebot_navigation', 'symlink_install': False, 'test_result_base': None}
[1.251s] INFO:colcon.colcon_core.executor:Executing jobs using 'parallel' executor
[1.259s] DEBUG:colcon.colcon_parallel_executor.executor.parallel:run_until_complete
[1.261s] INFO:colcon.colcon_ros.task.ament_python.build:Building ROS package in '/home/ros2/ros2_ws/src/sebot_navigation' with build type 'ament_python'
[1.263s] Level 1:colcon.colcon_core.shell:create_environment_hook('sebot_navigation', 'ament_prefix_path')
[1.268s] INFO:colcon.colcon_core.plugin_system:Skipping extension 'colcon_core.shell.bat': Not used on non-Windows systems
[1.269s] INFO:colcon.colcon_core.shell:Creating environment hook '/home/ros2/ros2_ws/install/sebot_navigation/share/sebot_navigation/hook/ament_prefix_path.ps1'
[1.271s] INFO:colcon.colcon_core.shell:Creating environment descriptor '/home/ros2/ros2_ws/install/sebot_navigation/share/sebot_navigation/hook/ament_prefix_path.dsv'
[1.275s] INFO:colcon.colcon_core.shell:Creating environment hook '/home/ros2/ros2_ws/install/sebot_navigation/share/sebot_navigation/hook/ament_prefix_path.sh'
[1.279s] INFO:colcon.colcon_core.shell:Skip shell extension 'powershell' for command environment: Not usable outside of PowerShell
[1.279s] DEBUG:colcon.colcon_core.shell:Skip shell extension 'dsv' for command environment
[2.564s] INFO:colcon.colcon_core.task.python.build:Building Python package in '/home/ros2/ros2_ws/src/sebot_navigation'
[2.565s] INFO:colcon.colcon_core.shell:Skip shell extension 'powershell' for command environment: Not usable outside of PowerShell
[2.566s] DEBUG:colcon.colcon_core.shell:Skip shell extension 'dsv' for command environment
[5.426s] DEBUG:colcon.colcon_core.event_handler.log_command:Invoking command in '/home/ros2/ros2_ws/src/sebot_navigation': DEBUGINFOD_URLS=https://debuginfod.ubuntu.com PYTHONPATH=/home/ros2/ros2_ws/build/sebot_navigation/prefix_override:/usr/lib/python3/dist-packages/colcon_core/task/python/colcon_distutils_commands:/home/ros2/ros2_ws/install/sebot_navigation/lib/python3.12/site-packages:${PYTHONPATH} /usr/bin/python3 -W ignore:setup.py install is deprecated -W ignore:easy_install command is deprecated setup.py egg_info --egg-base ../../build/sebot_navigation build --build-base /home/ros2/ros2_ws/build/sebot_navigation/build install --record /home/ros2/ros2_ws/build/sebot_navigation/install.log --single-version-externally-managed install_data
[7.778s] DEBUG:colcon.colcon_core.event_handler.log_command:Invoked command in '/home/ros2/ros2_ws/src/sebot_navigation' returned '0': DEBUGINFOD_URLS=https://debuginfod.ubuntu.com PYTHONPATH=/home/ros2/ros2_ws/build/sebot_navigation/prefix_override:/usr/lib/python3/dist-packages/colcon_core/task/python/colcon_distutils_commands:/home/ros2/ros2_ws/install/sebot_navigation/lib/python3.12/site-packages:${PYTHONPATH} /usr/bin/python3 -W ignore:setup.py install is deprecated -W ignore:easy_install command is deprecated setup.py egg_info --egg-base ../../build/sebot_navigation build --build-base /home/ros2/ros2_ws/build/sebot_navigation/build install --record /home/ros2/ros2_ws/build/sebot_navigation/install.log --single-version-externally-managed install_data
[7.787s] Level 1:colcon.colcon_core.environment:checking '/home/ros2/ros2_ws/install/sebot_navigation' for CMake module files
[7.788s] Level 1:colcon.colcon_core.environment:checking '/home/ros2/ros2_ws/install/sebot_navigation' for CMake config files
[7.790s] Level 1:colcon.colcon_core.environment:checking '/home/ros2/ros2_ws/install/sebot_navigation/lib'
[7.791s] Level 1:colcon.colcon_core.environment:checking '/home/ros2/ros2_ws/install/sebot_navigation/bin'
[7.791s] Level 1:colcon.colcon_core.environment:checking '/home/ros2/ros2_ws/install/sebot_navigation/lib/pkgconfig/sebot_navigation.pc'
[7.792s] Level 1:colcon.colcon_core.environment:checking '/home/ros2/ros2_ws/install/sebot_navigation/lib/python3.12/site-packages'
[7.793s] Level 1:colcon.colcon_core.shell:create_environment_hook('sebot_navigation', 'pythonpath')
[7.794s] INFO:colcon.colcon_core.shell:Creating environment hook '/home/ros2/ros2_ws/install/sebot_navigation/share/sebot_navigation/hook/pythonpath.ps1'
[7.796s] INFO:colcon.colcon_core.shell:Creating environment descriptor '/home/ros2/ros2_ws/install/sebot_navigation/share/sebot_navigation/hook/pythonpath.dsv'
[7.797s] INFO:colcon.colcon_core.shell:Creating environment hook '/home/ros2/ros2_ws/install/sebot_navigation/share/sebot_navigation/hook/pythonpath.sh'
[7.801s] Level 1:colcon.colcon_core.environment:checking '/home/ros2/ros2_ws/install/sebot_navigation/bin'
[7.801s] Level 1:colcon.colcon_core.environment:create_environment_scripts_only(sebot_navigation)
[7.802s] INFO:colcon.colcon_core.shell:Creating package script '/home/ros2/ros2_ws/install/sebot_navigation/share/sebot_navigation/package.ps1'
[7.806s] INFO:colcon.colcon_core.shell:Creating package descriptor '/home/ros2/ros2_ws/install/sebot_navigation/share/sebot_navigation/package.dsv'
[7.809s] INFO:colcon.colcon_core.shell:Creating package script '/home/ros2/ros2_ws/install/sebot_navigation/share/sebot_navigation/package.sh'
[7.811s] INFO:colcon.colcon_core.shell:Creating package script '/home/ros2/ros2_ws/install/sebot_navigation/share/sebot_navigation/package.bash'
[7.814s] INFO:colcon.colcon_core.shell:Creating package script '/home/ros2/ros2_ws/install/sebot_navigation/share/sebot_navigation/package.zsh'
[7.816s] Level 1:colcon.colcon_core.environment:create_file_with_runtime_dependencies(/home/ros2/ros2_ws/install/sebot_navigation/share/colcon-core/packages/sebot_navigation)
[7.818s] DEBUG:colcon.colcon_parallel_executor.executor.parallel:closing loop
[7.819s] DEBUG:colcon.colcon_parallel_executor.executor.parallel:loop closed
[7.819s] DEBUG:colcon.colcon_parallel_executor.executor.parallel:run_until_complete finished with '0'
[7.820s] DEBUG:colcon.colcon_core.event_reactor:joining thread
[7.846s] INFO:colcon.colcon_core.plugin_system:Skipping extension 'colcon_notification.desktop_notification.terminal_notifier': Not used on non-Darwin systems
[7.847s] INFO:colcon.colcon_core.plugin_system:Skipping extension 'colcon_notification.desktop_notification.win32': Not used on non-Windows systems
[7.847s] INFO:colcon.colcon_notification.desktop_notification:Sending desktop notification using 'notify2'
[8.016s] DEBUG:colcon.colcon_core.event_reactor:joined thread
[8.017s] INFO:colcon.colcon_core.shell:Creating prefix script '/home/ros2/ros2_ws/install/local_setup.ps1'
[8.027s] INFO:colcon.colcon_core.shell:Creating prefix util module '/home/ros2/ros2_ws/install/_local_setup_util_ps1.py'
[8.033s] INFO:colcon.colcon_core.shell:Creating prefix chain script '/home/ros2/ros2_ws/install/setup.ps1'
[8.037s] INFO:colcon.colcon_core.shell:Creating prefix script '/home/ros2/ros2_ws/install/local_setup.sh'
[8.041s] INFO:colcon.colcon_core.shell:Creating prefix util module '/home/ros2/ros2_ws/install/_local_setup_util_sh.py'
[8.046s] INFO:colcon.colcon_core.shell:Creating prefix chain script '/home/ros2/ros2_ws/install/setup.sh'
[8.053s] INFO:colcon.colcon_core.shell:Creating prefix script '/home/ros2/ros2_ws/install/local_setup.bash'
[8.056s] INFO:colcon.colcon_core.shell:Creating prefix chain script '/home/ros2/ros2_ws/install/setup.bash'
[8.063s] INFO:colcon.colcon_core.shell:Creating prefix script '/home/ros2/ros2_ws/install/local_setup.zsh'
[8.065s] INFO:colcon.colcon_core.shell:Creating prefix chain script '/home/ros2/ros2_ws/install/setup.zsh'
