[4.959s] Invoking command in '/home/ros2/ros2_ws/build/diffdrive': DEBUGINFOD_URLS=https://debuginfod.ubuntu.com PYTHONPATH=/home/ros2/ros2_ws/build/diffdrive/prefix_override:/usr/lib/python3/dist-packages/colcon_core/task/python/colcon_distutils_commands:/home/ros2/ros2_ws/install/diffdrive/lib/python3.12/site-packages:${PYTHONPATH} /usr/bin/python3 -W ignore:setup.py install is deprecated -W ignore:easy_install command is deprecated setup.py develop --editable --build-directory /home/ros2/ros2_ws/build/diffdrive/build --no-deps symlink_data
[5.994s] running develop
[7.511s] running egg_info
[7.638s] writing diffdrive.egg-info/PKG-INFO
[7.644s] writing dependency_links to diffdrive.egg-info/dependency_links.txt
[7.649s] writing entry points to diffdrive.egg-info/entry_points.txt
[7.650s] writing requirements to diffdrive.egg-info/requires.txt
[7.650s] writing top-level names to diffdrive.egg-info/top_level.txt
[7.929s] reading manifest file 'diffdrive.egg-info/SOURCES.txt'
[7.929s] writing manifest file 'diffdrive.egg-info/SOURCES.txt'
[8.053s] running build_ext
[8.053s] Creating /home/ros2/ros2_ws/install/diffdrive/lib/python3.12/site-packages/diffdrive.egg-link (link to .)
[8.055s] Installing DataLogger script to /home/ros2/ros2_ws/install/diffdrive/lib/diffdrive
[8.055s] Installing cmd_vel script to /home/ros2/ros2_ws/install/diffdrive/lib/diffdrive
[8.055s] Installing odom script to /home/ros2/ros2_ws/install/diffdrive/lib/diffdrive
[8.059s] Installing odom_imu script to /home/ros2/ros2_ws/install/diffdrive/lib/diffdrive
[8.062s] 
[8.063s] Installed /home/ros2/ros2_ws/build/diffdrive
[8.064s] running symlink_data
[8.276s] Invoked command in '/home/ros2/ros2_ws/build/diffdrive' returned '0': DEBUGINFOD_URLS=https://debuginfod.ubuntu.com PYTHONPATH=/home/ros2/ros2_ws/build/diffdrive/prefix_override:/usr/lib/python3/dist-packages/colcon_core/task/python/colcon_distutils_commands:/home/ros2/ros2_ws/install/diffdrive/lib/python3.12/site-packages:${PYTHONPATH} /usr/bin/python3 -W ignore:setup.py install is deprecated -W ignore:easy_install command is deprecated setup.py develop --editable --build-directory /home/ros2/ros2_ws/build/diffdrive/build --no-deps symlink_data
