[5.167s] Invoking command in '/home/ros2/ros2_ws/build/diffdrive': DEBUGINFOD_URLS=https://debuginfod.ubuntu.com PYTHONPATH=/home/ros2/ros2_ws/build/diffdrive/prefix_override:/usr/lib/python3/dist-packages/colcon_core/task/python/colcon_distutils_commands:/home/ros2/ros2_ws/install/diffdrive/lib/python3.12/site-packages:${PYTHONPATH} /usr/bin/python3 -W ignore:setup.py install is deprecated -W ignore:easy_install command is deprecated setup.py develop --editable --build-directory /home/ros2/ros2_ws/build/diffdrive/build --no-deps symlink_data
[6.230s] running develop
[7.154s] running egg_info
[7.262s] writing diffdrive.egg-info/PKG-INFO
[7.263s] writing dependency_links to diffdrive.egg-info/dependency_links.txt
[7.267s] writing entry points to diffdrive.egg-info/entry_points.txt
[7.267s] writing requirements to diffdrive.egg-info/requires.txt
[7.270s] writing top-level names to diffdrive.egg-info/top_level.txt
[7.429s] reading manifest file 'diffdrive.egg-info/SOURCES.txt'
[7.437s] writing manifest file 'diffdrive.egg-info/SOURCES.txt'
[7.490s] running build_ext
[7.490s] Creating /home/ros2/ros2_ws/install/diffdrive/lib/python3.12/site-packages/diffdrive.egg-link (link to .)
[7.493s] Installing DataLogger script to /home/ros2/ros2_ws/install/diffdrive/lib/diffdrive
[7.494s] Installing cmd_vel script to /home/ros2/ros2_ws/install/diffdrive/lib/diffdrive
[7.495s] Installing odom script to /home/ros2/ros2_ws/install/diffdrive/lib/diffdrive
[7.497s] Installing odom_imu script to /home/ros2/ros2_ws/install/diffdrive/lib/diffdrive
[7.500s] 
[7.500s] Installed /home/ros2/ros2_ws/build/diffdrive
[7.500s] running symlink_data
[7.646s] Invoked command in '/home/ros2/ros2_ws/build/diffdrive' returned '0': DEBUGINFOD_URLS=https://debuginfod.ubuntu.com PYTHONPATH=/home/ros2/ros2_ws/build/diffdrive/prefix_override:/usr/lib/python3/dist-packages/colcon_core/task/python/colcon_distutils_commands:/home/ros2/ros2_ws/install/diffdrive/lib/python3.12/site-packages:${PYTHONPATH} /usr/bin/python3 -W ignore:setup.py install is deprecated -W ignore:easy_install command is deprecated setup.py develop --editable --build-directory /home/ros2/ros2_ws/build/diffdrive/build --no-deps symlink_data
