[2.902s] Invoking command in '/home/ros2/ros2_ws/build/sebot_navigation': DEBUGINFOD_URLS=https://debuginfod.ubuntu.com PYTHONPATH=/home/ros2/ros2_ws/build/sebot_navigation/prefix_override:/usr/lib/python3/dist-packages/colcon_core/task/python/colcon_distutils_commands:/home/ros2/ros2_ws/install/sebot_navigation/lib/python3.12/site-packages:${PYTHONPATH} /usr/bin/python3 -W ignore:setup.py install is deprecated -W ignore:easy_install command is deprecated setup.py develop --editable --build-directory /home/ros2/ros2_ws/build/sebot_navigation/build --no-deps symlink_data --force
[4.087s] running develop
[4.819s] running egg_info
[4.956s] writing sebot_navigation.egg-info/PKG-INFO
[4.960s] writing dependency_links to sebot_navigation.egg-info/dependency_links.txt
[4.961s] writing entry points to sebot_navigation.egg-info/entry_points.txt
[4.962s] writing requirements to sebot_navigation.egg-info/requires.txt
[4.962s] writing top-level names to sebot_navigation.egg-info/top_level.txt
[5.192s] reading manifest file 'sebot_navigation.egg-info/SOURCES.txt'
[5.197s] writing manifest file 'sebot_navigation.egg-info/SOURCES.txt'
[5.251s] running build_ext
[5.251s] Creating /home/ros2/ros2_ws/install/sebot_navigation/lib/python3.12/site-packages/sebot-navigation.egg-link (link to .)
[5.253s] Installing uwb_goal_publisher script to /home/ros2/ros2_ws/install/sebot_navigation/lib/sebot_navigation
[5.255s] 
[5.255s] Installed /home/ros2/ros2_ws/build/sebot_navigation
[5.258s] running symlink_data
[5.258s] symbolically linking /home/ros2/ros2_ws/build/sebot_navigation/resource/sebot_navigation -> /home/ros2/ros2_ws/install/sebot_navigation/share/ament_index/resource_index/packages
[5.258s] symbolically linking /home/ros2/ros2_ws/build/sebot_navigation/package.xml -> /home/ros2/ros2_ws/install/sebot_navigation/share/sebot_navigation
[5.258s] symbolically linking /home/ros2/ros2_ws/build/sebot_navigation/config/slam_toolbox_params.yaml -> /home/ros2/ros2_ws/install/sebot_navigation/share/sebot_navigation/config
[5.258s] symbolically linking /home/ros2/ros2_ws/build/sebot_navigation/config/nav2_params.yaml -> /home/ros2/ros2_ws/install/sebot_navigation/share/sebot_navigation/config
[5.258s] symbolically linking /home/ros2/ros2_ws/build/sebot_navigation/launch/nav2_bringup.launch.py -> /home/ros2/ros2_ws/install/sebot_navigation/share/sebot_navigation/launch
[5.259s] symbolically linking /home/ros2/ros2_ws/build/sebot_navigation/launch/slam_online_async.launch.py -> /home/ros2/ros2_ws/install/sebot_navigation/share/sebot_navigation/launch
[5.259s] symbolically linking /home/ros2/ros2_ws/build/sebot_navigation/launch/sebot_navigation.launch.py -> /home/ros2/ros2_ws/install/sebot_navigation/share/sebot_navigation/launch
[5.422s] Invoked command in '/home/ros2/ros2_ws/build/sebot_navigation' returned '0': DEBUGINFOD_URLS=https://debuginfod.ubuntu.com PYTHONPATH=/home/ros2/ros2_ws/build/sebot_navigation/prefix_override:/usr/lib/python3/dist-packages/colcon_core/task/python/colcon_distutils_commands:/home/ros2/ros2_ws/install/sebot_navigation/lib/python3.12/site-packages:${PYTHONPATH} /usr/bin/python3 -W ignore:setup.py install is deprecated -W ignore:easy_install command is deprecated setup.py develop --editable --build-directory /home/ros2/ros2_ws/build/sebot_navigation/build --no-deps symlink_data --force
