[3.307s] Invoking command in '/home/ros2/ros2_ws/src/uwb-tracking-ros/uwb_tracking_ros2': DEBUGINFOD_URLS=https://debuginfod.ubuntu.com PYTHONPATH=/home/ros2/ros2_ws/build/uwb_tracking_ros2/prefix_override:/usr/lib/python3/dist-packages/colcon_core/task/python/colcon_distutils_commands:/home/ros2/ros2_ws/install/uwb_tracking_ros2/lib/python3.12/site-packages:${PYTHONPATH} /usr/bin/python3 -W ignore:setup.py install is deprecated -W ignore:easy_install command is deprecated setup.py egg_info --egg-base ../../../build/uwb_tracking_ros2 build --build-base /home/ros2/ros2_ws/build/uwb_tracking_ros2/build install --record /home/ros2/ros2_ws/build/uwb_tracking_ros2/install.log --single-version-externally-managed install_data
[3.911s] running egg_info
[3.949s] writing ../../../build/uwb_tracking_ros2/uwb_tracking_ros2.egg-info/PKG-INFO
[3.950s] writing dependency_links to ../../../build/uwb_tracking_ros2/uwb_tracking_ros2.egg-info/dependency_links.txt
[3.950s] writing entry points to ../../../build/uwb_tracking_ros2/uwb_tracking_ros2.egg-info/entry_points.txt
[3.951s] writing requirements to ../../../build/uwb_tracking_ros2/uwb_tracking_ros2.egg-info/requires.txt
[3.951s] writing top-level names to ../../../build/uwb_tracking_ros2/uwb_tracking_ros2.egg-info/top_level.txt
[4.042s] reading manifest file '../../../build/uwb_tracking_ros2/uwb_tracking_ros2.egg-info/SOURCES.txt'
[4.042s] adding license file 'LICENSE'
[4.043s] writing manifest file '../../../build/uwb_tracking_ros2/uwb_tracking_ros2.egg-info/SOURCES.txt'
[4.043s] running build
[4.044s] running build_py
[4.045s] running install
[4.056s] running install_lib
[4.110s] running install_data
[4.110s] running install_egg_info
[4.150s] removing '/home/ros2/ros2_ws/install/uwb_tracking_ros2/lib/python3.12/site-packages/uwb_tracking_ros2-0.0.0-py3.12.egg-info' (and everything under it)
[4.152s] Copying ../../../build/uwb_tracking_ros2/uwb_tracking_ros2.egg-info to /home/ros2/ros2_ws/install/uwb_tracking_ros2/lib/python3.12/site-packages/uwb_tracking_ros2-0.0.0-py3.12.egg-info
[4.154s] running install_scripts
[4.483s] Installing data_logger script to /home/ros2/ros2_ws/install/uwb_tracking_ros2/lib/uwb_tracking_ros2
[4.484s] Installing uwb_tracking_dwm1001 script to /home/ros2/ros2_ws/install/uwb_tracking_ros2/lib/uwb_tracking_ros2
[4.485s] Installing viz_dwm1001 script to /home/ros2/ros2_ws/install/uwb_tracking_ros2/lib/uwb_tracking_ros2
[4.488s] writing list of installed files to '/home/ros2/ros2_ws/build/uwb_tracking_ros2/install.log'
[4.648s] Invoked command in '/home/ros2/ros2_ws/src/uwb-tracking-ros/uwb_tracking_ros2' returned '0': DEBUGINFOD_URLS=https://debuginfod.ubuntu.com PYTHONPATH=/home/ros2/ros2_ws/build/uwb_tracking_ros2/prefix_override:/usr/lib/python3/dist-packages/colcon_core/task/python/colcon_distutils_commands:/home/ros2/ros2_ws/install/uwb_tracking_ros2/lib/python3.12/site-packages:${PYTHONPATH} /usr/bin/python3 -W ignore:setup.py install is deprecated -W ignore:easy_install command is deprecated setup.py egg_info --egg-base ../../../build/uwb_tracking_ros2 build --build-base /home/ros2/ros2_ws/build/uwb_tracking_ros2/build install --record /home/ros2/ros2_ws/build/uwb_tracking_ros2/install.log --single-version-externally-managed install_data
