[3.829s] Invoking command in '/home/ros2/ros2_ws/src/sebot_navigation': DEBUGINFOD_URLS=https://debuginfod.ubuntu.com PYTHONPATH=/home/ros2/ros2_ws/build/sebot_navigation/prefix_override:/usr/lib/python3/dist-packages/colcon_core/task/python/colcon_distutils_commands:/home/ros2/ros2_ws/install/sebot_navigation/lib/python3.12/site-packages:${PYTHONPATH} /usr/bin/python3 -W ignore:setup.py install is deprecated -W ignore:easy_install command is deprecated setup.py egg_info --egg-base ../../build/sebot_navigation build --build-base /home/ros2/ros2_ws/build/sebot_navigation/build install --record /home/ros2/ros2_ws/build/sebot_navigation/install.log --single-version-externally-managed install_data
[4.707s] running egg_info
[4.747s] writing ../../build/sebot_navigation/sebot_navigation.egg-info/PKG-INFO
[4.748s] writing dependency_links to ../../build/sebot_navigation/sebot_navigation.egg-info/dependency_links.txt
[4.750s] writing requirements to ../../build/sebot_navigation/sebot_navigation.egg-info/requires.txt
[4.751s] writing top-level names to ../../build/sebot_navigation/sebot_navigation.egg-info/top_level.txt
[4.840s] reading manifest file '../../build/sebot_navigation/sebot_navigation.egg-info/SOURCES.txt'
[4.843s] writing manifest file '../../build/sebot_navigation/sebot_navigation.egg-info/SOURCES.txt'
[4.845s] running build
[4.845s] running build_py
[4.845s] running install
[4.865s] running install_lib
[4.931s] running install_data
[4.931s] copying launch/sebot_navigation.launch.py -> /home/ros2/ros2_ws/install/sebot_navigation/share/sebot_navigation/launch
[4.935s] running install_egg_info
[4.997s] removing '/home/ros2/ros2_ws/install/sebot_navigation/lib/python3.12/site-packages/sebot_navigation-0.0.0-py3.12.egg-info' (and everything under it)
[4.998s] Copying ../../build/sebot_navigation/sebot_navigation.egg-info to /home/ros2/ros2_ws/install/sebot_navigation/lib/python3.12/site-packages/sebot_navigation-0.0.0-py3.12.egg-info
[5.002s] running install_scripts
[5.302s] writing list of installed files to '/home/ros2/ros2_ws/build/sebot_navigation/install.log'
[5.415s] Invoked command in '/home/ros2/ros2_ws/src/sebot_navigation' returned '0': DEBUGINFOD_URLS=https://debuginfod.ubuntu.com PYTHONPATH=/home/ros2/ros2_ws/build/sebot_navigation/prefix_override:/usr/lib/python3/dist-packages/colcon_core/task/python/colcon_distutils_commands:/home/ros2/ros2_ws/install/sebot_navigation/lib/python3.12/site-packages:${PYTHONPATH} /usr/bin/python3 -W ignore:setup.py install is deprecated -W ignore:easy_install command is deprecated setup.py egg_info --egg-base ../../build/sebot_navigation build --build-base /home/ros2/ros2_ws/build/sebot_navigation/build install --record /home/ros2/ros2_ws/build/sebot_navigation/install.log --single-version-externally-managed install_data
