[0.106s] Invoking command in '/home/ros2/ros2_ws/build/citrack_ros_msgs': CMAKE_PREFIX_PATH=${CMAKE_PREFIX_PATH}:/home/ros2/ros2_ws/install/uwb_tracking_ros2:/home/ros2/ros2_ws/install/motordriver:/home/ros2/ros2_ws/install/diffdrive:/opt/ros/jazzy DEBUGINFOD_URLS=https://debuginfod.ubuntu.com /usr/bin/cmake --build /home/ros2/ros2_ws/build/citrack_ros_msgs -- -j4 -l4
[1.813s] [  1%] Built target citrack_ros_msgs__rosidl_generator_type_description
[1.813s] [  1%] Built target ament_cmake_python_symlink_citrack_ros_msgs
[1.814s] [  1%] Built target citrack_ros_msgs__cpp
[1.814s] [ 27%] Built target citrack_ros_msgs__rosidl_generator_c
[1.814s] [ 36%] Built target citrack_ros_msgs__rosidl_typesupport_cpp
[1.814s] [ 46%] Built target citrack_ros_msgs__rosidl_typesupport_fastrtps_cpp
[1.814s] [ 56%] Built target citrack_ros_msgs__rosidl_typesupport_fastrtps_c
[1.814s] [ 66%] Built target citrack_ros_msgs__rosidl_typesupport_c
[1.814s] [ 76%] Built target citrack_ros_msgs__rosidl_typesupport_introspection_c
[1.814s] [ 85%] Built target citrack_ros_msgs__rosidl_typesupport_introspection_cpp
[1.815s] running egg_info
[1.815s] [ 85%] Built target citrack_ros_msgs
[1.815s] writing citrack_ros_msgs.egg-info/PKG-INFO
[1.815s] writing dependency_links to citrack_ros_msgs.egg-info/dependency_links.txt
[1.815s] writing top-level names to citrack_ros_msgs.egg-info/top_level.txt
[1.815s] [ 86%] Built target citrack_ros_msgs__py
[1.815s] reading manifest file 'citrack_ros_msgs.egg-info/SOURCES.txt'
[1.815s] writing manifest file 'citrack_ros_msgs.egg-info/SOURCES.txt'
[1.815s] [ 95%] Built target citrack_ros_msgs__rosidl_generator_py
[1.820s] [ 95%] Built target ament_cmake_python_build_citrack_ros_msgs_egg
[1.821s] [ 97%] Built target citrack_ros_msgs_s__rosidl_typesupport_introspection_c
[1.821s] [ 99%] Built target citrack_ros_msgs_s__rosidl_typesupport_c
[1.821s] [100%] Built target citrack_ros_msgs_s__rosidl_typesupport_fastrtps_c
