[2.826s] Invoking command in '/home/ros2/ros2_ws/build/diffdrive': DEBUGINFOD_URLS=https://debuginfod.ubuntu.com PYTHONPATH=/home/ros2/ros2_ws/build/diffdrive/prefix_override:/usr/lib/python3/dist-packages/colcon_core/task/python/colcon_distutils_commands:/home/ros2/ros2_ws/install/diffdrive/lib/python3.12/site-packages:${PYTHONPATH} /usr/bin/python3 -W ignore:setup.py install is deprecated -W ignore:easy_install command is deprecated setup.py develop --editable --build-directory /home/ros2/ros2_ws/build/diffdrive/build --no-deps symlink_data
[3.457s] running develop
[3.913s] running egg_info
[3.968s] writing diffdrive.egg-info/PKG-INFO
[3.969s] writing dependency_links to diffdrive.egg-info/dependency_links.txt
[3.971s] writing entry points to diffdrive.egg-info/entry_points.txt
[3.973s] writing requirements to diffdrive.egg-info/requires.txt
[3.973s] writing top-level names to diffdrive.egg-info/top_level.txt
[4.067s] reading manifest file 'diffdrive.egg-info/SOURCES.txt'
[4.068s] writing manifest file 'diffdrive.egg-info/SOURCES.txt'
[4.106s] running build_ext
[4.106s] Creating /home/ros2/ros2_ws/install/diffdrive/lib/python3.12/site-packages/diffdrive.egg-link (link to .)
[4.108s] Installing DataLogger script to /home/ros2/ros2_ws/install/diffdrive/lib/diffdrive
[4.110s] Installing cmd_vel script to /home/ros2/ros2_ws/install/diffdrive/lib/diffdrive
[4.111s] Installing odom script to /home/ros2/ros2_ws/install/diffdrive/lib/diffdrive
[4.112s] Installing odom_imu script to /home/ros2/ros2_ws/install/diffdrive/lib/diffdrive
[4.114s] Installing odom_origin script to /home/ros2/ros2_ws/install/diffdrive/lib/diffdrive
[4.115s] 
[4.117s] Installed /home/ros2/ros2_ws/build/diffdrive
[4.117s] running symlink_data
[4.256s] Invoked command in '/home/ros2/ros2_ws/build/diffdrive' returned '0': DEBUGINFOD_URLS=https://debuginfod.ubuntu.com PYTHONPATH=/home/ros2/ros2_ws/build/diffdrive/prefix_override:/usr/lib/python3/dist-packages/colcon_core/task/python/colcon_distutils_commands:/home/ros2/ros2_ws/install/diffdrive/lib/python3.12/site-packages:${PYTHONPATH} /usr/bin/python3 -W ignore:setup.py install is deprecated -W ignore:easy_install command is deprecated setup.py develop --editable --build-directory /home/ros2/ros2_ws/build/diffdrive/build --no-deps symlink_data
