[0.079s] Invoking command in '/home/ros2/ros2_ws/build/sebot_localization': CMAKE_PREFIX_PATH=${CMAKE_PREFIX_PATH}:/home/ros2/ros2_ws/install/uwb_tracking_ros2:/home/ros2/ros2_ws/install/sebot_navigation:/home/ros2/ros2_ws/install/motordriver:/home/ros2/ros2_ws/install/diffdrive:/opt/ros/jazzy DEBUGINFOD_URLS=https://debuginfod.ubuntu.com /usr/bin/cmake --build /home/ros2/ros2_ws/build/sebot_localization -- -j4 -l4
[0.224s] [ 33%] Built target uwb_transform_node
[0.231s] [ 66%] Built target ekf_node
[0.248s] [ 83%] [32mBuilding CXX object CMakeFiles/uwb_transform_dual_ekf_node.dir/src/uwb_transform_dual_ekf.cpp.o[0m
[7.385s] [01m[K/home/ros2/ros2_ws/src/sebot_localization /src/uwb_transform_dual_ekf.cpp:[m[K In member function ‘[01m[Kbool UwbTransformNode::[01;32m[KisOutlier[m[K(const Eigen::Vector2d&)[m[K’:
[7.385s] [01m[K/home/ros2/ros2_ws/src/sebot_localization /src/uwb_transform_dual_ekf.cpp:215:13:[m[K [01;31m[Kerror: [m[K‘[01m[Kfirst_uwb_after_datum_[m[K’ was not declared in this scope
[7.385s]   215 |         if ([01;31m[Kfirst_uwb_after_datum_[m[K) {
[7.385s]       |             [01;31m[K^~~~~~~~~~~~~~~~~~~~~~[m[K
[7.418s] [01m[K/home/ros2/ros2_ws/src/sebot_localization /src/uwb_transform_dual_ekf.cpp:216:13:[m[K [01;31m[Kerror: [m[K‘[01m[Klast_valid_uwb_pos_[m[K’ was not declared in this scope
[7.418s]   216 |             [01;31m[Klast_valid_uwb_pos_[m[K = current_pos;
[7.418s]       |             [01;31m[K^~~~~~~~~~~~~~~~~~~[m[K
[7.451s] [01m[K/home/ros2/ros2_ws/src/sebot_localization /src/uwb_transform_dual_ekf.cpp:221:47:[m[K [01;31m[Kerror: [m[K‘[01m[Klast_valid_uwb_pos_[m[K’ was not declared in this scope
[7.451s]   221 |         double jump_distance = (current_pos - [01;31m[Klast_valid_uwb_pos_[m[K).norm();
[7.451s]       |                                               [01;31m[K^~~~~~~~~~~~~~~~~~~[m[K
[7.477s] [01m[K/home/ros2/ros2_ws/src/sebot_localization /src/uwb_transform_dual_ekf.cpp:223:29:[m[K [01;31m[Kerror: [m[K‘[01m[Kmax_uwb_jump_[m[K’ was not declared in this scope
[7.477s]   223 |         if (jump_distance > [01;31m[Kmax_uwb_jump_[m[K) {
[7.478s]       |                             [01;31m[K^~~~~~~~~~~~~[m[K
[7.497s] [01m[K/home/ros2/ros2_ws/src/sebot_localization /src/uwb_transform_dual_ekf.cpp:[m[K In member function ‘[01m[Kvoid UwbTransformNode::[01;32m[KuwbCallback[m[K(geometry_msgs::msg::PoseStamped_<std::allocator<void> >::SharedPtr)[m[K’:
[7.498s] [01m[K/home/ros2/ros2_ws/src/sebot_localization /src/uwb_transform_dual_ekf.cpp:320:9:[m[K [01;31m[Kerror: [m[Kexpected ‘[01m[K;[m[K’ before ‘[01m[Kout_msg[m[K’
[7.498s]   320 |         [01;31m[Kout_msg[m[K.child_frame_id = base_link_frame_id_;
[7.498s]       |         [01;31m[K^~~~~~~[m[K
[7.498s] [01m[K/home/ros2/ros2_ws/src/sebot_localization /src/uwb_transform_dual_ekf.cpp:319:51:[m[K [01;31m[Kerror: [m[Kinvalid use of non-static member function ‘[01m[KEigen::Vector2d UwbTransformNode::[01;32m[KgetOffsetInWorldFrame[m[K(const tf2::Quaternion&)[m[K’
[7.498s]   319 |         out_msg.header.frame_id = world_frame_id_;[01;31m[KgetOffsetInWorldFrame[m[K
[7.498s]       |                                                   [01;31m[K^~~~~~~~~~~~~~~~~~~~~[m[K
[7.498s] [01m[K/home/ros2/ros2_ws/src/sebot_localization /src/uwb_transform_dual_ekf.cpp:340:21:[m[K [01;36m[Knote: [m[Kdeclared here
[7.498s]   340 |     Eigen::Vector2d [01;36m[KgetOffsetInWorldFrame[m[K(const tf2::Quaternion & robot_q) {
[7.498s]       |                     [01;36m[K^~~~~~~~~~~~~~~~~~~~~[m[K
[7.499s] [01m[K/home/ros2/ros2_ws/src/sebot_localization /src/uwb_transform_dual_ekf.cpp:329:82:[m[K [01;31m[Kerror: [m[Kexpected ‘[01m[K)[m[K’ before numeric constant
[7.499s]   329 |         std::fill(out_msg.pose.covariance.begin(), out_msg.pose.covariance.end() [01;31m[K0.0[m[K);
[7.499s]       |                                                                                  [01;31m[K^~~[m[K
[7.499s] [01m[K/home/ros2/ros2_ws/src/sebot_localization /src/uwb_transform_dual_ekf.cpp:329:18:[m[K [01;36m[Knote: [m[Kto match this ‘[01m[K([m[K’
[7.499s]   329 |         std::fill[01;36m[K([m[Kout_msg.pose.covariance.begin(), out_msg.pose.covariance.end() 0.0);
[7.499s]       |                  [01;36m[K^[m[K
[7.499s] [01m[K/home/ros2/ros2_ws/src/sebot_localization /src/uwb_transform_dual_ekf.cpp:329:18:[m[K [01;31m[Kerror: [m[Kno matching function for call to ‘[01m[Kfill(std::array<double, 36>::iterator, std::array<double, 36>::iterator)[m[K’
[7.499s]   329 |         [01;31m[Kstd::fill(out_msg.pose.covariance.begin(), out_msg.pose.covariance.end() 0.0[m[K);
[7.499s]       |         [01;31m[K~~~~~~~~~^~~~~~~~~~~~~~~~~~~~~~~~~~~~~~~~~~~~~~~~~~~~~~~~~~~~~~~~~~~~~~~~~~~[m[K
[7.499s] In file included from [01m[K/usr/include/c++/13/deque:62[m[K,
[7.499s]                  from [01m[K/home/ros2/ros2_ws/src/sebot_localization /src/uwb_transform_dual_ekf.cpp:167[m[K:
[7.500s] [01m[K/usr/include/c++/13/bits/stl_algobase.h:1000:5:[m[K [01;36m[Knote: [m[Kcandidate: ‘[01m[Ktemplate<class _ForwardIterator, class _Tp> void std::[01;32m[Kfill[m[K(_ForwardIterator, _ForwardIterator, const _Tp&)[m[K’
[7.500s]  1000 |     [01;36m[Kfill[m[K(_ForwardIterator __first, _ForwardIterator __last, const _Tp& __value)
[7.500s]       |     [01;36m[K^~~~[m[K
[7.500s] [01m[K/usr/include/c++/13/bits/stl_algobase.h:1000:5:[m[K [01;36m[Knote: [m[K  template argument deduction/substitution failed:
[7.500s] [01m[K/home/ros2/ros2_ws/src/sebot_localization /src/uwb_transform_dual_ekf.cpp:329:18:[m[K [01;36m[Knote: [m[K  candidate expects 3 arguments, 2 provided
[7.500s]   329 |         [01;36m[Kstd::fill(out_msg.pose.covariance.begin(), out_msg.pose.covariance.end() 0.0[m[K);
[7.500s]       |         [01;36m[K~~~~~~~~~^~~~~~~~~~~~~~~~~~~~~~~~~~~~~~~~~~~~~~~~~~~~~~~~~~~~~~~~~~~~~~~~~~~[m[K
[7.500s] In file included from [01m[K/usr/include/c++/13/algorithm:73[m[K,
[7.500s]                  from [01m[K/opt/ros/jazzy/include/rcl_interfaces/rcl_interfaces/srv/detail/list_parameters__struct.hpp:11[m[K,
[7.500s]                  from [01m[K/opt/ros/jazzy/include/rcl_interfaces/rcl_interfaces/srv/list_parameters.hpp:7[m[K,
[7.500s]                  from [01m[K/opt/ros/jazzy/include/rclcpp/rclcpp/copy_all_parameter_values.hpp:21[m[K,
[7.500s]                  from [01m[K/opt/ros/jazzy/include/rclcpp/rclcpp/rclcpp.hpp:171[m[K,
[7.500s]                  from [01m[K/home/ros2/ros2_ws/src/sebot_localization /src/uwb_transform_dual_ekf.cpp:173[m[K:
[7.501s] [01m[K/usr/include/c++/13/pstl/glue_algorithm_defs.h:191:1:[m[K [01;36m[Knote: [m[Kcandidate: ‘[01m[Ktemplate<class _ExecutionPolicy, class _ForwardIterator, class _Tp> __pstl::__internal::__enable_if_execution_policy<_ExecutionPolicy, void> std::[01;32m[Kfill[m[K(_ExecutionPolicy&&, _ForwardIterator, _ForwardIterator, const _Tp&)[m[K’
[7.501s]   191 | [01;36m[Kfill[m[K(_ExecutionPolicy&& __exec, _ForwardIterator __first, _ForwardIterator __last, const _Tp& __value);
[7.501s]       | [01;36m[K^~~~[m[K
[7.501s] [01m[K/usr/include/c++/13/pstl/glue_algorithm_defs.h:191:1:[m[K [01;36m[Knote: [m[K  template argument deduction/substitution failed:
[7.501s] [01m[K/home/ros2/ros2_ws/src/sebot_localization /src/uwb_transform_dual_ekf.cpp:329:18:[m[K [01;36m[Knote: [m[K  candidate expects 4 arguments, 2 provided
[7.501s]   329 |         [01;36m[Kstd::fill(out_msg.pose.covariance.begin(), out_msg.pose.covariance.end() 0.0[m[K);
[7.501s]       |         [01;36m[K~~~~~~~~~^~~~~~~~~~~~~~~~~~~~~~~~~~~~~~~~~~~~~~~~~~~~~~~~~~~~~~~~~~~~~~~~~~~[m[K
[14.718s] gmake[2]: *** [CMakeFiles/uwb_transform_dual_ekf_node.dir/build.make:76: CMakeFiles/uwb_transform_dual_ekf_node.dir/src/uwb_transform_dual_ekf.cpp.o] Error 1
[14.718s] gmake[1]: *** [CMakeFiles/Makefile2:193: CMakeFiles/uwb_transform_dual_ekf_node.dir/all] Error 2
[14.719s] gmake: *** [Makefile:146: all] Error 2
[14.722s] Invoked command in '/home/ros2/ros2_ws/build/sebot_localization' returned '2': CMAKE_PREFIX_PATH=${CMAKE_PREFIX_PATH}:/home/ros2/ros2_ws/install/uwb_tracking_ros2:/home/ros2/ros2_ws/install/sebot_navigation:/home/ros2/ros2_ws/install/motordriver:/home/ros2/ros2_ws/install/diffdrive:/opt/ros/jazzy DEBUGINFOD_URLS=https://debuginfod.ubuntu.com /usr/bin/cmake --build /home/ros2/ros2_ws/build/sebot_localization -- -j4 -l4
