/home/ros2/ros2_ws/install/uwb_tracking_ros2/lib/python3.12/site-packages/uwb_tracking_ros2/__init__.py
/home/ros2/ros2_ws/install/uwb_tracking_ros2/lib/python3.12/site-packages/uwb_tracking_ros2/dwm1001_apiCommands.py
/home/ros2/ros2_ws/install/uwb_tracking_ros2/lib/python3.12/site-packages/uwb_tracking_ros2/KalmanFilter.py
/home/ros2/ros2_ws/install/uwb_tracking_ros2/lib/python3.12/site-packages/uwb_tracking_ros2/DataLogger.py
/home/ros2/ros2_ws/install/uwb_tracking_ros2/lib/python3.12/site-packages/uwb_tracking_ros2/LeastSquare.py
/home/ros2/ros2_ws/install/uwb_tracking_ros2/lib/python3.12/site-packages/uwb_tracking_ros2/uwb_tracking_dwm1001.py
/home/ros2/ros2_ws/install/uwb_tracking_ros2/lib/python3.12/site-packages/uwb_tracking_ros2/viz_dwm1001.py
/home/ros2/ros2_ws/install/uwb_tracking_ros2/lib/python3.12/site-packages/uwb_tracking_ros2/plot.py
/home/ros2/ros2_ws/install/uwb_tracking_ros2/lib/python3.12/site-packages/uwb_tracking_ros2/log_to_csv.py
/home/ros2/ros2_ws/install/uwb_tracking_ros2/lib/python3.12/site-packages/uwb_tracking_ros2/Helpers.py
/home/ros2/ros2_ws/install/uwb_tracking_ros2/lib/python3.12/site-packages/uwb_tracking_ros2/plot_uwb_encoder.py
/home/ros2/ros2_ws/install/uwb_tracking_ros2/lib/python3.12/site-packages/uwb_tracking_ros2/__pycache__/__init__.cpython-312.pyc
/home/ros2/ros2_ws/install/uwb_tracking_ros2/lib/python3.12/site-packages/uwb_tracking_ros2/__pycache__/dwm1001_apiCommands.cpython-312.pyc
/home/ros2/ros2_ws/install/uwb_tracking_ros2/lib/python3.12/site-packages/uwb_tracking_ros2/__pycache__/KalmanFilter.cpython-312.pyc
/home/ros2/ros2_ws/install/uwb_tracking_ros2/lib/python3.12/site-packages/uwb_tracking_ros2/__pycache__/DataLogger.cpython-312.pyc
/home/ros2/ros2_ws/install/uwb_tracking_ros2/lib/python3.12/site-packages/uwb_tracking_ros2/__pycache__/LeastSquare.cpython-312.pyc
/home/ros2/ros2_ws/install/uwb_tracking_ros2/lib/python3.12/site-packages/uwb_tracking_ros2/__pycache__/uwb_tracking_dwm1001.cpython-312.pyc
/home/ros2/ros2_ws/install/uwb_tracking_ros2/lib/python3.12/site-packages/uwb_tracking_ros2/__pycache__/viz_dwm1001.cpython-312.pyc
/home/ros2/ros2_ws/install/uwb_tracking_ros2/lib/python3.12/site-packages/uwb_tracking_ros2/__pycache__/plot.cpython-312.pyc
/home/ros2/ros2_ws/install/uwb_tracking_ros2/lib/python3.12/site-packages/uwb_tracking_ros2/__pycache__/log_to_csv.cpython-312.pyc
/home/ros2/ros2_ws/install/uwb_tracking_ros2/lib/python3.12/site-packages/uwb_tracking_ros2/__pycache__/Helpers.cpython-312.pyc
/home/ros2/ros2_ws/install/uwb_tracking_ros2/lib/python3.12/site-packages/uwb_tracking_ros2/__pycache__/plot_uwb_encoder.cpython-312.pyc
/home/ros2/ros2_ws/install/uwb_tracking_ros2/share/ament_index/resource_index/packages/uwb_tracking_ros2
/home/ros2/ros2_ws/install/uwb_tracking_ros2/share/uwb_tracking_ros2/package.xml
/home/ros2/ros2_ws/install/uwb_tracking_ros2/share/uwb_tracking_ros2/launch/uwb_tracking_dwm1001.launch.py
/home/ros2/ros2_ws/install/uwb_tracking_ros2/share/uwb_tracking_ros2/config/params_dwm1001.yaml
/home/ros2/ros2_ws/install/uwb_tracking_ros2/share/uwb_tracking_ros2/config/params_trek1000.yaml
/home/ros2/ros2_ws/install/uwb_tracking_ros2/share/uwb_tracking_ros2/msg
/home/ros2/ros2_ws/install/uwb_tracking_ros2/lib/python3.12/site-packages/uwb_tracking_ros2-0.0.0-py3.12.egg-info/SOURCES.txt
/home/ros2/ros2_ws/install/uwb_tracking_ros2/lib/python3.12/site-packages/uwb_tracking_ros2-0.0.0-py3.12.egg-info/top_level.txt
/home/ros2/ros2_ws/install/uwb_tracking_ros2/lib/python3.12/site-packages/uwb_tracking_ros2-0.0.0-py3.12.egg-info/PKG-INFO
/home/ros2/ros2_ws/install/uwb_tracking_ros2/lib/python3.12/site-packages/uwb_tracking_ros2-0.0.0-py3.12.egg-info/zip-safe
/home/ros2/ros2_ws/install/uwb_tracking_ros2/lib/python3.12/site-packages/uwb_tracking_ros2-0.0.0-py3.12.egg-info/requires.txt
/home/ros2/ros2_ws/install/uwb_tracking_ros2/lib/python3.12/site-packages/uwb_tracking_ros2-0.0.0-py3.12.egg-info/dependency_links.txt
/home/ros2/ros2_ws/install/uwb_tracking_ros2/lib/python3.12/site-packages/uwb_tracking_ros2-0.0.0-py3.12.egg-info/entry_points.txt
/home/ros2/ros2_ws/install/uwb_tracking_ros2/lib/uwb_tracking_ros2/data_logger
/home/ros2/ros2_ws/install/uwb_tracking_ros2/lib/uwb_tracking_ros2/uwb_tracking_dwm1001
/home/ros2/ros2_ws/install/uwb_tracking_ros2/lib/uwb_tracking_ros2/viz_dwm1001
