[0.016s] Invoking command in '/home/ros2/ros2_ws/build/sebot_localization': CMAKE_PREFIX_PATH=${CMAKE_PREFIX_PATH}:/home/ros2/ros2_ws/install/uwb_tracking_ros2:/home/ros2/ros2_ws/install/sebot_navigation:/home/ros2/ros2_ws/install/motordriver:/home/ros2/ros2_ws/install/diffdrive:/opt/ros/jazzy DEBUGINFOD_URLS=https://debuginfod.ubuntu.com /usr/bin/cmake --build /home/ros2/ros2_ws/build/sebot_localization -- -j4 -l4
[0.145s] [ 33%] Built target ekf_node
[0.146s] [ 66%] Built target uwb_transform_node
[0.159s] [ 83%] [32mBuilding CXX object CMakeFiles/uwb_transform_dual_ekf_node.dir/src/uwb_transform_dual_ekf.cpp.o[0m
[19.380s] [100%] [32m[1mLinking CXX executable uwb_transform_dual_ekf_node[0m
[20.666s] [100%] Built target uwb_transform_dual_ekf_node
[20.690s] Invoked command in '/home/ros2/ros2_ws/build/sebot_localization' returned '0': CMAKE_PREFIX_PATH=${CMAKE_PREFIX_PATH}:/home/ros2/ros2_ws/install/uwb_tracking_ros2:/home/ros2/ros2_ws/install/sebot_navigation:/home/ros2/ros2_ws/install/motordriver:/home/ros2/ros2_ws/install/diffdrive:/opt/ros/jazzy DEBUGINFOD_URLS=https://debuginfod.ubuntu.com /usr/bin/cmake --build /home/ros2/ros2_ws/build/sebot_localization -- -j4 -l4
[20.711s] Invoking command in '/home/ros2/ros2_ws/build/sebot_localization': CMAKE_PREFIX_PATH=${CMAKE_PREFIX_PATH}:/home/ros2/ros2_ws/install/uwb_tracking_ros2:/home/ros2/ros2_ws/install/sebot_navigation:/home/ros2/ros2_ws/install/motordriver:/home/ros2/ros2_ws/install/diffdrive:/opt/ros/jazzy DEBUGINFOD_URLS=https://debuginfod.ubuntu.com /usr/bin/cmake --install /home/ros2/ros2_ws/build/sebot_localization
[20.726s] -- Install configuration: ""
[20.727s] -- Execute custom install script
[20.728s] -- Up-to-date symlink: /home/ros2/ros2_ws/install/sebot_localization/lib/sebot_localization/ekf_node
[20.728s] -- Up-to-date symlink: /home/ros2/ros2_ws/install/sebot_localization/lib/sebot_localization/uwb_transform_node
[20.728s] -- Up-to-date symlink: /home/ros2/ros2_ws/install/sebot_localization/lib/sebot_localization/uwb_transform_dual_ekf_node
[20.729s] -- Up-to-date symlink: /home/ros2/ros2_ws/install/sebot_localization/share/sebot_localization/launch/ekf.launch.py
[20.729s] -- Up-to-date symlink: /home/ros2/ros2_ws/install/sebot_localization/share/sebot_localization/launch/ekf_dual.launch.py
[20.729s] -- Up-to-date symlink: /home/ros2/ros2_ws/install/sebot_localization/share/sebot_localization/launch/ekf_gazebo.launch.py
[20.729s] -- Up-to-date symlink: /home/ros2/ros2_ws/install/sebot_localization/share/sebot_localization/config/ekf.yaml
[20.729s] -- Up-to-date symlink: /home/ros2/ros2_ws/install/sebot_localization/share/sebot_localization/config/ekf_dual.yaml
[20.730s] -- Up-to-date symlink: /home/ros2/ros2_ws/install/sebot_localization/share/ament_index/resource_index/package_run_dependencies/sebot_localization
[20.730s] -- Up-to-date symlink: /home/ros2/ros2_ws/install/sebot_localization/share/ament_index/resource_index/parent_prefix_path/sebot_localization
[20.730s] -- Up-to-date symlink: /home/ros2/ros2_ws/install/sebot_localization/share/sebot_localization/environment/ament_prefix_path.sh
[20.730s] -- Up-to-date symlink: /home/ros2/ros2_ws/install/sebot_localization/share/sebot_localization/environment/ament_prefix_path.dsv
[20.730s] -- Up-to-date symlink: /home/ros2/ros2_ws/install/sebot_localization/share/sebot_localization/environment/path.sh
[20.731s] -- Up-to-date symlink: /home/ros2/ros2_ws/install/sebot_localization/share/sebot_localization/environment/path.dsv
[20.731s] -- Up-to-date symlink: /home/ros2/ros2_ws/install/sebot_localization/share/sebot_localization/local_setup.bash
[20.731s] -- Up-to-date symlink: /home/ros2/ros2_ws/install/sebot_localization/share/sebot_localization/local_setup.sh
[20.731s] -- Up-to-date symlink: /home/ros2/ros2_ws/install/sebot_localization/share/sebot_localization/local_setup.zsh
[20.731s] -- Up-to-date symlink: /home/ros2/ros2_ws/install/sebot_localization/share/sebot_localization/local_setup.dsv
[20.731s] -- Symlinking: /home/ros2/ros2_ws/install/sebot_localization/share/sebot_localization/package.dsv
[20.751s] -- Up-to-date symlink: /home/ros2/ros2_ws/install/sebot_localization/share/ament_index/resource_index/packages/sebot_localization
[20.751s] -- Up-to-date symlink: /home/ros2/ros2_ws/install/sebot_localization/share/sebot_localization/cmake/sebot_localizationConfig.cmake
[20.752s] -- Up-to-date symlink: /home/ros2/ros2_ws/install/sebot_localization/share/sebot_localization/cmake/sebot_localizationConfig-version.cmake
[20.752s] -- Up-to-date symlink: /home/ros2/ros2_ws/install/sebot_localization/share/sebot_localization/package.xml
[20.755s] Invoked command in '/home/ros2/ros2_ws/build/sebot_localization' returned '0': CMAKE_PREFIX_PATH=${CMAKE_PREFIX_PATH}:/home/ros2/ros2_ws/install/uwb_tracking_ros2:/home/ros2/ros2_ws/install/sebot_navigation:/home/ros2/ros2_ws/install/motordriver:/home/ros2/ros2_ws/install/diffdrive:/opt/ros/jazzy DEBUGINFOD_URLS=https://debuginfod.ubuntu.com /usr/bin/cmake --install /home/ros2/ros2_ws/build/sebot_localization
