[0.027s] Invoking command in '/home/ros2/ros2_ws/build/sebot_localization': CMAKE_PREFIX_PATH=${CMAKE_PREFIX_PATH}:/home/ros2/ros2_ws/install/uwb_tracking_ros2:/home/ros2/ros2_ws/install/sebot_navigation:/home/ros2/ros2_ws/install/motordriver:/home/ros2/ros2_ws/install/diffdrive:/opt/ros/jazzy DEBUGINFOD_URLS=https://debuginfod.ubuntu.com /usr/bin/cmake --build /home/ros2/ros2_ws/build/sebot_localization -- -j4 -l4
[0.315s] [ 33%] Built target ekf_node
[0.367s] [ 50%] [32mBuilding CXX object CMakeFiles/uwb_transform_node.dir/src/uwb_transform.cpp.o[0m
[0.398s] [ 83%] Built target uwb_transform_dual_ekf_node
[11.466s] [01m[K/home/ros2/ros2_ws/src/sebot_localization /src/uwb_transform.cpp:[m[K In member function ‘[01m[Kvoid UwbTransformNode::[01;32m[KuwbCallback[m[K(geometry_msgs::msg::PoseStamped_<std::allocator<void> >::SharedPtr)[m[K’:
[11.466s] [01m[K/home/ros2/ros2_ws/src/sebot_localization /src/uwb_transform.cpp:157:16:[m[K [01;35m[Kwarning: [m[Kunused variable ‘[01m[Kdx[m[K’ [[01;35m[K]8;;https://gcc.gnu.org/onlinedocs/gcc/Warning-Options.html#index-Wunused-variable-Wunused-variable]8;;[m[K]
[11.466s]   157 |         double [01;35m[Kdx[m[K = msg->pose.position.x - pos0_x_;
[11.466s]       |                [01;35m[K^~[m[K
[11.466s] [01m[K/home/ros2/ros2_ws/src/sebot_localization /src/uwb_transform.cpp:158:16:[m[K [01;35m[Kwarning: [m[Kunused variable ‘[01m[Kdy[m[K’ [[01;35m[K]8;;https://gcc.gnu.org/onlinedocs/gcc/Warning-Options.html#index-Wunused-variable-Wunused-variable]8;;[m[K]
[11.466s]   158 |         double [01;35m[Kdy[m[K = msg->pose.position.y - pos0_y_;
[11.467s]       |                [01;35m[K^~[m[K
[25.825s] [100%] [32m[1mLinking CXX executable uwb_transform_node[0m
[27.084s] [100%] Built target uwb_transform_node
[27.107s] Invoked command in '/home/ros2/ros2_ws/build/sebot_localization' returned '0': CMAKE_PREFIX_PATH=${CMAKE_PREFIX_PATH}:/home/ros2/ros2_ws/install/uwb_tracking_ros2:/home/ros2/ros2_ws/install/sebot_navigation:/home/ros2/ros2_ws/install/motordriver:/home/ros2/ros2_ws/install/diffdrive:/opt/ros/jazzy DEBUGINFOD_URLS=https://debuginfod.ubuntu.com /usr/bin/cmake --build /home/ros2/ros2_ws/build/sebot_localization -- -j4 -l4
[27.109s] Invoking command in '/home/ros2/ros2_ws/build/sebot_localization': CMAKE_PREFIX_PATH=${CMAKE_PREFIX_PATH}:/home/ros2/ros2_ws/install/uwb_tracking_ros2:/home/ros2/ros2_ws/install/sebot_navigation:/home/ros2/ros2_ws/install/motordriver:/home/ros2/ros2_ws/install/diffdrive:/opt/ros/jazzy DEBUGINFOD_URLS=https://debuginfod.ubuntu.com /usr/bin/cmake --install /home/ros2/ros2_ws/build/sebot_localization
[27.126s] -- Install configuration: ""
[27.129s] -- Execute custom install script
[27.129s] -- Up-to-date symlink: /home/ros2/ros2_ws/install/sebot_localization/lib/sebot_localization/ekf_node
[27.129s] -- Up-to-date symlink: /home/ros2/ros2_ws/install/sebot_localization/lib/sebot_localization/uwb_transform_node
[27.129s] -- Up-to-date symlink: /home/ros2/ros2_ws/install/sebot_localization/lib/sebot_localization/uwb_transform_dual_ekf_node
[27.130s] -- Up-to-date symlink: /home/ros2/ros2_ws/install/sebot_localization/share/sebot_localization/launch/ekf.launch.py
[27.130s] -- Up-to-date symlink: /home/ros2/ros2_ws/install/sebot_localization/share/sebot_localization/launch/ekf_dual.launch.py
[27.130s] -- Up-to-date symlink: /home/ros2/ros2_ws/install/sebot_localization/share/sebot_localization/launch/ekf_gazebo.launch.py
[27.130s] -- Up-to-date symlink: /home/ros2/ros2_ws/install/sebot_localization/share/sebot_localization/config/ekf.yaml
[27.131s] -- Up-to-date symlink: /home/ros2/ros2_ws/install/sebot_localization/share/sebot_localization/config/ekf_dual.yaml
[27.131s] -- Up-to-date symlink: /home/ros2/ros2_ws/install/sebot_localization/share/ament_index/resource_index/package_run_dependencies/sebot_localization
[27.131s] -- Up-to-date symlink: /home/ros2/ros2_ws/install/sebot_localization/share/ament_index/resource_index/parent_prefix_path/sebot_localization
[27.131s] -- Up-to-date symlink: /home/ros2/ros2_ws/install/sebot_localization/share/sebot_localization/environment/ament_prefix_path.sh
[27.131s] -- Up-to-date symlink: /home/ros2/ros2_ws/install/sebot_localization/share/sebot_localization/environment/ament_prefix_path.dsv
[27.132s] -- Up-to-date symlink: /home/ros2/ros2_ws/install/sebot_localization/share/sebot_localization/environment/path.sh
[27.132s] -- Up-to-date symlink: /home/ros2/ros2_ws/install/sebot_localization/share/sebot_localization/environment/path.dsv
[27.132s] -- Up-to-date symlink: /home/ros2/ros2_ws/install/sebot_localization/share/sebot_localization/local_setup.bash
[27.132s] -- Up-to-date symlink: /home/ros2/ros2_ws/install/sebot_localization/share/sebot_localization/local_setup.sh
[27.132s] -- Up-to-date symlink: /home/ros2/ros2_ws/install/sebot_localization/share/sebot_localization/local_setup.zsh
[27.133s] -- Up-to-date symlink: /home/ros2/ros2_ws/install/sebot_localization/share/sebot_localization/local_setup.dsv
[27.133s] -- Symlinking: /home/ros2/ros2_ws/install/sebot_localization/share/sebot_localization/package.dsv
[27.153s] -- Up-to-date symlink: /home/ros2/ros2_ws/install/sebot_localization/share/ament_index/resource_index/packages/sebot_localization
[27.153s] -- Up-to-date symlink: /home/ros2/ros2_ws/install/sebot_localization/share/sebot_localization/cmake/sebot_localizationConfig.cmake
[27.153s] -- Up-to-date symlink: /home/ros2/ros2_ws/install/sebot_localization/share/sebot_localization/cmake/sebot_localizationConfig-version.cmake
[27.153s] -- Up-to-date symlink: /home/ros2/ros2_ws/install/sebot_localization/share/sebot_localization/package.xml
[27.156s] Invoked command in '/home/ros2/ros2_ws/build/sebot_localization' returned '0': CMAKE_PREFIX_PATH=${CMAKE_PREFIX_PATH}:/home/ros2/ros2_ws/install/uwb_tracking_ros2:/home/ros2/ros2_ws/install/sebot_navigation:/home/ros2/ros2_ws/install/motordriver:/home/ros2/ros2_ws/install/diffdrive:/opt/ros/jazzy DEBUGINFOD_URLS=https://debuginfod.ubuntu.com /usr/bin/cmake --install /home/ros2/ros2_ws/build/sebot_localization
