running egg_info
writing ../../build/sebot_navigation/sebot_navigation.egg-info/PKG-INFO
writing dependency_links to ../../build/sebot_navigation/sebot_navigation.egg-info/dependency_links.txt
writing entry points to ../../build/sebot_navigation/sebot_navigation.egg-info/entry_points.txt
writing requirements to ../../build/sebot_navigation/sebot_navigation.egg-info/requires.txt
writing top-level names to ../../build/sebot_navigation/sebot_navigation.egg-info/top_level.txt
reading manifest file '../../build/sebot_navigation/sebot_navigation.egg-info/SOURCES.txt'
writing manifest file '../../build/sebot_navigation/sebot_navigation.egg-info/SOURCES.txt'
running build
running build_py
copying sebot_navigation/publish.py -> /home/ros2/ros2_ws/build/sebot_navigation/build/lib/sebot_navigation
running install
running install_lib
copying /home/ros2/ros2_ws/build/sebot_navigation/build/lib/sebot_navigation/publish.py -> /home/ros2/ros2_ws/install/sebot_navigation/lib/python3.12/site-packages/sebot_navigation
byte-compiling /home/ros2/ros2_ws/install/sebot_navigation/lib/python3.12/site-packages/sebot_navigation/publish.py to publish.cpython-312.pyc
running install_data
running install_egg_info
removing '/home/ros2/ros2_ws/install/sebot_navigation/lib/python3.12/site-packages/sebot_navigation-0.0.0-py3.12.egg-info' (and everything under it)
Copying ../../build/sebot_navigation/sebot_navigation.egg-info to /home/ros2/ros2_ws/install/sebot_navigation/lib/python3.12/site-packages/sebot_navigation-0.0.0-py3.12.egg-info
running install_scripts
Installing uwb_goal_publisher script to /home/ros2/ros2_ws/install/sebot_navigation/lib/sebot_navigation
writing list of installed files to '/home/ros2/ros2_ws/build/sebot_navigation/install.log'
