[1.521s] Invoking command in '/home/ros2/ros2_ws/src/sebot_navigation': DEBUGINFOD_URLS=https://debuginfod.ubuntu.com PYTHONPATH=/home/ros2/ros2_ws/build/sebot_navigation/prefix_override:/usr/lib/python3/dist-packages/colcon_core/task/python/colcon_distutils_commands:/home/ros2/ros2_ws/install/sebot_navigation/lib/python3.12/site-packages:${PYTHONPATH} /usr/bin/python3 -W ignore:setup.py install is deprecated -W ignore:easy_install command is deprecated setup.py egg_info --egg-base ../../build/sebot_navigation build --build-base /home/ros2/ros2_ws/build/sebot_navigation/build install --record /home/ros2/ros2_ws/build/sebot_navigation/install.log --single-version-externally-managed install_data
[1.999s] running egg_info
[2.035s] writing ../../build/sebot_navigation/sebot_navigation.egg-info/PKG-INFO
[2.035s] writing dependency_links to ../../build/sebot_navigation/sebot_navigation.egg-info/dependency_links.txt
[2.037s] writing entry points to ../../build/sebot_navigation/sebot_navigation.egg-info/entry_points.txt
[2.037s] writing requirements to ../../build/sebot_navigation/sebot_navigation.egg-info/requires.txt
[2.038s] writing top-level names to ../../build/sebot_navigation/sebot_navigation.egg-info/top_level.txt
[2.110s] reading manifest file '../../build/sebot_navigation/sebot_navigation.egg-info/SOURCES.txt'
[2.112s] writing manifest file '../../build/sebot_navigation/sebot_navigation.egg-info/SOURCES.txt'
[2.112s] running build
[2.112s] running build_py
[2.112s] copying sebot_navigation/publish.py -> /home/ros2/ros2_ws/build/sebot_navigation/build/lib/sebot_navigation
[2.113s] running install
[2.122s] running install_lib
[2.159s] copying /home/ros2/ros2_ws/build/sebot_navigation/build/lib/sebot_navigation/publish.py -> /home/ros2/ros2_ws/install/sebot_navigation/lib/python3.12/site-packages/sebot_navigation
[2.160s] byte-compiling /home/ros2/ros2_ws/install/sebot_navigation/lib/python3.12/site-packages/sebot_navigation/publish.py to publish.cpython-312.pyc
[2.161s] running install_data
[2.161s] running install_egg_info
[2.198s] removing '/home/ros2/ros2_ws/install/sebot_navigation/lib/python3.12/site-packages/sebot_navigation-0.0.0-py3.12.egg-info' (and everything under it)
[2.200s] Copying ../../build/sebot_navigation/sebot_navigation.egg-info to /home/ros2/ros2_ws/install/sebot_navigation/lib/python3.12/site-packages/sebot_navigation-0.0.0-py3.12.egg-info
[2.200s] running install_scripts
[2.440s] Installing uwb_goal_publisher script to /home/ros2/ros2_ws/install/sebot_navigation/lib/sebot_navigation
[2.441s] writing list of installed files to '/home/ros2/ros2_ws/build/sebot_navigation/install.log'
[2.533s] Invoked command in '/home/ros2/ros2_ws/src/sebot_navigation' returned '0': DEBUGINFOD_URLS=https://debuginfod.ubuntu.com PYTHONPATH=/home/ros2/ros2_ws/build/sebot_navigation/prefix_override:/usr/lib/python3/dist-packages/colcon_core/task/python/colcon_distutils_commands:/home/ros2/ros2_ws/install/sebot_navigation/lib/python3.12/site-packages:${PYTHONPATH} /usr/bin/python3 -W ignore:setup.py install is deprecated -W ignore:easy_install command is deprecated setup.py egg_info --egg-base ../../build/sebot_navigation build --build-base /home/ros2/ros2_ws/build/sebot_navigation/build install --record /home/ros2/ros2_ws/build/sebot_navigation/install.log --single-version-externally-managed install_data
