[0.182s] DEBUG:colcon:Command line arguments: ['/usr/bin/colcon', 'build', '--packages-select', 'xsens_mti_ros2_driver']
[0.183s] DEBUG:colcon:Parsed command line arguments: Namespace(log_base=None, log_level=None, verb_name='build', build_base='build', install_base='install', merge_install=False, symlink_install=False, test_result_base=None, continue_on_error=False, executor='parallel', parallel_workers=4, event_handlers=None, ignore_user_meta=False, metas=['./colcon.meta'], base_paths=['.'], packages_ignore=None, packages_ignore_regex=None, paths=None, packages_up_to=None, packages_up_to_regex=None, packages_above=None, packages_above_and_dependencies=None, packages_above_depth=None, packages_select_by_dep=None, packages_skip_by_dep=None, packages_skip_up_to=None, packages_select_build_failed=False, packages_skip_build_finished=False, packages_select_test_failures=False, packages_skip_test_passed=False, packages_select=['xsens_mti_ros2_driver'], packages_skip=None, packages_select_regex=None, packages_skip_regex=None, packages_start=None, packages_end=None, allow_overriding=[], cmake_args=None, cmake_target=None, cmake_target_skip_unavailable=False, cmake_clean_cache=False, cmake_clean_first=False, cmake_force_configure=False, ament_cmake_args=None, catkin_cmake_args=None, catkin_skip_building_tests=False, mixin_files=None, mixin=None, verb_parser=<colcon_mixin.mixin.mixin_argument.MixinArgumentDecorator object at 0xffff8574a270>, verb_extension=<colcon_core.verb.build.BuildVerb object at 0xffff85749fd0>, main=<bound method BuildVerb.main of <colcon_core.verb.build.BuildVerb object at 0xffff85749fd0>>, mixin_verb=('build',))
[0.261s] Level 1:colcon.colcon_core.package_discovery:discover_packages(colcon_meta) check parameters
[0.261s] Level 1:colcon.colcon_core.package_discovery:discover_packages(recursive) check parameters
[0.261s] Level 1:colcon.colcon_core.package_discovery:discover_packages(ignore) check parameters
[0.261s] Level 1:colcon.colcon_core.package_discovery:discover_packages(path) check parameters
[0.261s] Level 1:colcon.colcon_core.package_discovery:discover_packages(colcon_meta) discover
[0.261s] Level 1:colcon.colcon_core.package_discovery:discover_packages(recursive) discover
[0.261s] INFO:colcon.colcon_core.package_discovery:Crawling recursively for packages in '/home/ros2/ros2_ws'
[0.262s] Level 1:colcon.colcon_core.package_identification:_identify(.) by extensions ['ignore', 'ignore_ament_install']
[0.262s] Level 1:colcon.colcon_core.package_identification:_identify(.) by extension 'ignore'
[0.262s] Level 1:colcon.colcon_core.package_identification:_identify(.) by extension 'ignore_ament_install'
[0.262s] Level 1:colcon.colcon_core.package_identification:_identify(.) by extensions ['colcon_pkg']
[0.262s] Level 1:colcon.colcon_core.package_identification:_identify(.) by extension 'colcon_pkg'
[0.262s] Level 1:colcon.colcon_core.package_identification:_identify(.) by extensions ['colcon_meta']
[0.262s] Level 1:colcon.colcon_core.package_identification:_identify(.) by extension 'colcon_meta'
[0.262s] Level 1:colcon.colcon_core.package_identification:_identify(.) by extensions ['ros']
[0.262s] Level 1:colcon.colcon_core.package_identification:_identify(.) by extension 'ros'
[0.301s] Level 1:colcon.colcon_core.package_identification:_identify(.) by extensions ['cmake', 'python']
[0.301s] Level 1:colcon.colcon_core.package_identification:_identify(.) by extension 'cmake'
[0.301s] Level 1:colcon.colcon_core.package_identification:_identify(.) by extension 'python'
[0.301s] Level 1:colcon.colcon_core.package_identification:_identify(.) by extensions ['python_setup_py']
[0.301s] Level 1:colcon.colcon_core.package_identification:_identify(.) by extension 'python_setup_py'
[0.301s] Level 1:colcon.colcon_core.package_identification:_identify(arduino) by extensions ['ignore', 'ignore_ament_install']
[0.301s] Level 1:colcon.colcon_core.package_identification:_identify(arduino) by extension 'ignore'
[0.301s] Level 1:colcon.colcon_core.package_identification:_identify(arduino) by extension 'ignore_ament_install'
[0.301s] Level 1:colcon.colcon_core.package_identification:_identify(arduino) by extensions ['colcon_pkg']
[0.301s] Level 1:colcon.colcon_core.package_identification:_identify(arduino) by extension 'colcon_pkg'
[0.301s] Level 1:colcon.colcon_core.package_identification:_identify(arduino) by extensions ['colcon_meta']
[0.301s] Level 1:colcon.colcon_core.package_identification:_identify(arduino) by extension 'colcon_meta'
[0.301s] Level 1:colcon.colcon_core.package_identification:_identify(arduino) by extensions ['ros']
[0.301s] Level 1:colcon.colcon_core.package_identification:_identify(arduino) by extension 'ros'
[0.302s] Level 1:colcon.colcon_core.package_identification:_identify(arduino) by extensions ['cmake', 'python']
[0.302s] Level 1:colcon.colcon_core.package_identification:_identify(arduino) by extension 'cmake'
[0.302s] Level 1:colcon.colcon_core.package_identification:_identify(arduino) by extension 'python'
[0.302s] Level 1:colcon.colcon_core.package_identification:_identify(arduino) by extensions ['python_setup_py']
[0.302s] Level 1:colcon.colcon_core.package_identification:_identify(arduino) by extension 'python_setup_py'
[0.302s] Level 1:colcon.colcon_core.package_identification:_identify(arduino/motorcontroller) by extensions ['ignore', 'ignore_ament_install']
[0.302s] Level 1:colcon.colcon_core.package_identification:_identify(arduino/motorcontroller) by extension 'ignore'
[0.302s] Level 1:colcon.colcon_core.package_identification:_identify(arduino/motorcontroller) by extension 'ignore_ament_install'
[0.302s] Level 1:colcon.colcon_core.package_identification:_identify(arduino/motorcontroller) by extensions ['colcon_pkg']
[0.302s] Level 1:colcon.colcon_core.package_identification:_identify(arduino/motorcontroller) by extension 'colcon_pkg'
[0.302s] Level 1:colcon.colcon_core.package_identification:_identify(arduino/motorcontroller) by extensions ['colcon_meta']
[0.302s] Level 1:colcon.colcon_core.package_identification:_identify(arduino/motorcontroller) by extension 'colcon_meta'
[0.302s] Level 1:colcon.colcon_core.package_identification:_identify(arduino/motorcontroller) by extensions ['ros']
[0.302s] Level 1:colcon.colcon_core.package_identification:_identify(arduino/motorcontroller) by extension 'ros'
[0.302s] Level 1:colcon.colcon_core.package_identification:_identify(arduino/motorcontroller) by extensions ['cmake', 'python']
[0.302s] Level 1:colcon.colcon_core.package_identification:_identify(arduino/motorcontroller) by extension 'cmake'
[0.303s] Level 1:colcon.colcon_core.package_identification:_identify(arduino/motorcontroller) by extension 'python'
[0.303s] Level 1:colcon.colcon_core.package_identification:_identify(arduino/motorcontroller) by extensions ['python_setup_py']
[0.303s] Level 1:colcon.colcon_core.package_identification:_identify(arduino/motorcontroller) by extension 'python_setup_py'
[0.303s] Level 1:colcon.colcon_core.package_identification:_identify(build) by extensions ['ignore', 'ignore_ament_install']
[0.303s] Level 1:colcon.colcon_core.package_identification:_identify(build) by extension 'ignore'
[0.303s] Level 1:colcon.colcon_core.package_identification:_identify(build) ignored
[0.303s] Level 1:colcon.colcon_core.package_identification:_identify(config) by extensions ['ignore', 'ignore_ament_install']
[0.303s] Level 1:colcon.colcon_core.package_identification:_identify(config) by extension 'ignore'
[0.303s] Level 1:colcon.colcon_core.package_identification:_identify(config) by extension 'ignore_ament_install'
[0.303s] Level 1:colcon.colcon_core.package_identification:_identify(config) by extensions ['colcon_pkg']
[0.303s] Level 1:colcon.colcon_core.package_identification:_identify(config) by extension 'colcon_pkg'
[0.303s] Level 1:colcon.colcon_core.package_identification:_identify(config) by extensions ['colcon_meta']
[0.303s] Level 1:colcon.colcon_core.package_identification:_identify(config) by extension 'colcon_meta'
[0.303s] Level 1:colcon.colcon_core.package_identification:_identify(config) by extensions ['ros']
[0.303s] Level 1:colcon.colcon_core.package_identification:_identify(config) by extension 'ros'
[0.303s] Level 1:colcon.colcon_core.package_identification:_identify(config) by extensions ['cmake', 'python']
[0.303s] Level 1:colcon.colcon_core.package_identification:_identify(config) by extension 'cmake'
[0.304s] Level 1:colcon.colcon_core.package_identification:_identify(config) by extension 'python'
[0.304s] Level 1:colcon.colcon_core.package_identification:_identify(config) by extensions ['python_setup_py']
[0.304s] Level 1:colcon.colcon_core.package_identification:_identify(config) by extension 'python_setup_py'
[0.304s] Level 1:colcon.colcon_core.package_identification:_identify(config/sebot) by extensions ['ignore', 'ignore_ament_install']
[0.304s] Level 1:colcon.colcon_core.package_identification:_identify(config/sebot) by extension 'ignore'
[0.304s] Level 1:colcon.colcon_core.package_identification:_identify(config/sebot) by extension 'ignore_ament_install'
[0.304s] Level 1:colcon.colcon_core.package_identification:_identify(config/sebot) by extensions ['colcon_pkg']
[0.304s] Level 1:colcon.colcon_core.package_identification:_identify(config/sebot) by extension 'colcon_pkg'
[0.304s] Level 1:colcon.colcon_core.package_identification:_identify(config/sebot) by extensions ['colcon_meta']
[0.304s] Level 1:colcon.colcon_core.package_identification:_identify(config/sebot) by extension 'colcon_meta'
[0.304s] Level 1:colcon.colcon_core.package_identification:_identify(config/sebot) by extensions ['ros']
[0.304s] Level 1:colcon.colcon_core.package_identification:_identify(config/sebot) by extension 'ros'
[0.304s] Level 1:colcon.colcon_core.package_identification:_identify(config/sebot) by extensions ['cmake', 'python']
[0.304s] Level 1:colcon.colcon_core.package_identification:_identify(config/sebot) by extension 'cmake'
[0.304s] Level 1:colcon.colcon_core.package_identification:_identify(config/sebot) by extension 'python'
[0.304s] Level 1:colcon.colcon_core.package_identification:_identify(config/sebot) by extensions ['python_setup_py']
[0.304s] Level 1:colcon.colcon_core.package_identification:_identify(config/sebot) by extension 'python_setup_py'
[0.304s] Level 1:colcon.colcon_core.package_identification:_identify(install) by extensions ['ignore', 'ignore_ament_install']
[0.305s] Level 1:colcon.colcon_core.package_identification:_identify(install) by extension 'ignore'
[0.305s] Level 1:colcon.colcon_core.package_identification:_identify(install) ignored
[0.305s] Level 1:colcon.colcon_core.package_identification:_identify(log) by extensions ['ignore', 'ignore_ament_install']
[0.305s] Level 1:colcon.colcon_core.package_identification:_identify(log) by extension 'ignore'
[0.305s] Level 1:colcon.colcon_core.package_identification:_identify(log) ignored
[0.305s] Level 1:colcon.colcon_core.package_identification:_identify(robot_test_data) by extensions ['ignore', 'ignore_ament_install']
[0.305s] Level 1:colcon.colcon_core.package_identification:_identify(robot_test_data) by extension 'ignore'
[0.305s] Level 1:colcon.colcon_core.package_identification:_identify(robot_test_data) by extension 'ignore_ament_install'
[0.305s] Level 1:colcon.colcon_core.package_identification:_identify(robot_test_data) by extensions ['colcon_pkg']
[0.305s] Level 1:colcon.colcon_core.package_identification:_identify(robot_test_data) by extension 'colcon_pkg'
[0.305s] Level 1:colcon.colcon_core.package_identification:_identify(robot_test_data) by extensions ['colcon_meta']
[0.305s] Level 1:colcon.colcon_core.package_identification:_identify(robot_test_data) by extension 'colcon_meta'
[0.305s] Level 1:colcon.colcon_core.package_identification:_identify(robot_test_data) by extensions ['ros']
[0.305s] Level 1:colcon.colcon_core.package_identification:_identify(robot_test_data) by extension 'ros'
[0.305s] Level 1:colcon.colcon_core.package_identification:_identify(robot_test_data) by extensions ['cmake', 'python']
[0.306s] Level 1:colcon.colcon_core.package_identification:_identify(robot_test_data) by extension 'cmake'
[0.306s] Level 1:colcon.colcon_core.package_identification:_identify(robot_test_data) by extension 'python'
[0.306s] Level 1:colcon.colcon_core.package_identification:_identify(robot_test_data) by extensions ['python_setup_py']
[0.306s] Level 1:colcon.colcon_core.package_identification:_identify(robot_test_data) by extension 'python_setup_py'
[0.306s] Level 1:colcon.colcon_core.package_identification:_identify(src) by extensions ['ignore', 'ignore_ament_install']
[0.306s] Level 1:colcon.colcon_core.package_identification:_identify(src) by extension 'ignore'
[0.306s] Level 1:colcon.colcon_core.package_identification:_identify(src) by extension 'ignore_ament_install'
[0.306s] Level 1:colcon.colcon_core.package_identification:_identify(src) by extensions ['colcon_pkg']
[0.306s] Level 1:colcon.colcon_core.package_identification:_identify(src) by extension 'colcon_pkg'
[0.306s] Level 1:colcon.colcon_core.package_identification:_identify(src) by extensions ['colcon_meta']
[0.306s] Level 1:colcon.colcon_core.package_identification:_identify(src) by extension 'colcon_meta'
[0.306s] Level 1:colcon.colcon_core.package_identification:_identify(src) by extensions ['ros']
[0.306s] Level 1:colcon.colcon_core.package_identification:_identify(src) by extension 'ros'
[0.306s] Level 1:colcon.colcon_core.package_identification:_identify(src) by extensions ['cmake', 'python']
[0.306s] Level 1:colcon.colcon_core.package_identification:_identify(src) by extension 'cmake'
[0.306s] Level 1:colcon.colcon_core.package_identification:_identify(src) by extension 'python'
[0.306s] Level 1:colcon.colcon_core.package_identification:_identify(src) by extensions ['python_setup_py']
[0.306s] Level 1:colcon.colcon_core.package_identification:_identify(src) by extension 'python_setup_py'
[0.307s] Level 1:colcon.colcon_core.package_identification:_identify(src/Xsens_MTi_ROS_Driver_and_Ntrip_Client) by extensions ['ignore', 'ignore_ament_install']
[0.307s] Level 1:colcon.colcon_core.package_identification:_identify(src/Xsens_MTi_ROS_Driver_and_Ntrip_Client) by extension 'ignore'
[0.307s] Level 1:colcon.colcon_core.package_identification:_identify(src/Xsens_MTi_ROS_Driver_and_Ntrip_Client) by extension 'ignore_ament_install'
[0.307s] Level 1:colcon.colcon_core.package_identification:_identify(src/Xsens_MTi_ROS_Driver_and_Ntrip_Client) by extensions ['colcon_pkg']
[0.307s] Level 1:colcon.colcon_core.package_identification:_identify(src/Xsens_MTi_ROS_Driver_and_Ntrip_Client) by extension 'colcon_pkg'
[0.307s] Level 1:colcon.colcon_core.package_identification:_identify(src/Xsens_MTi_ROS_Driver_and_Ntrip_Client) by extensions ['colcon_meta']
[0.307s] Level 1:colcon.colcon_core.package_identification:_identify(src/Xsens_MTi_ROS_Driver_and_Ntrip_Client) by extension 'colcon_meta'
[0.307s] Level 1:colcon.colcon_core.package_identification:_identify(src/Xsens_MTi_ROS_Driver_and_Ntrip_Client) by extensions ['ros']
[0.307s] Level 1:colcon.colcon_core.package_identification:_identify(src/Xsens_MTi_ROS_Driver_and_Ntrip_Client) by extension 'ros'
[0.307s] Level 1:colcon.colcon_core.package_identification:_identify(src/Xsens_MTi_ROS_Driver_and_Ntrip_Client) by extensions ['cmake', 'python']
[0.307s] Level 1:colcon.colcon_core.package_identification:_identify(src/Xsens_MTi_ROS_Driver_and_Ntrip_Client) by extension 'cmake'
[0.307s] Level 1:colcon.colcon_core.package_identification:_identify(src/Xsens_MTi_ROS_Driver_and_Ntrip_Client) by extension 'python'
[0.307s] Level 1:colcon.colcon_core.package_identification:_identify(src/Xsens_MTi_ROS_Driver_and_Ntrip_Client) by extensions ['python_setup_py']
[0.307s] Level 1:colcon.colcon_core.package_identification:_identify(src/Xsens_MTi_ROS_Driver_and_Ntrip_Client) by extension 'python_setup_py'
[0.307s] Level 1:colcon.colcon_core.package_identification:_identify(src/Xsens_MTi_ROS_Driver_and_Ntrip_Client/src) by extensions ['ignore', 'ignore_ament_install']
[0.307s] Level 1:colcon.colcon_core.package_identification:_identify(src/Xsens_MTi_ROS_Driver_and_Ntrip_Client/src) by extension 'ignore'
[0.307s] Level 1:colcon.colcon_core.package_identification:_identify(src/Xsens_MTi_ROS_Driver_and_Ntrip_Client/src) by extension 'ignore_ament_install'
[0.307s] Level 1:colcon.colcon_core.package_identification:_identify(src/Xsens_MTi_ROS_Driver_and_Ntrip_Client/src) by extensions ['colcon_pkg']
[0.307s] Level 1:colcon.colcon_core.package_identification:_identify(src/Xsens_MTi_ROS_Driver_and_Ntrip_Client/src) by extension 'colcon_pkg'
[0.308s] Level 1:colcon.colcon_core.package_identification:_identify(src/Xsens_MTi_ROS_Driver_and_Ntrip_Client/src) by extensions ['colcon_meta']
[0.308s] Level 1:colcon.colcon_core.package_identification:_identify(src/Xsens_MTi_ROS_Driver_and_Ntrip_Client/src) by extension 'colcon_meta'
[0.308s] Level 1:colcon.colcon_core.package_identification:_identify(src/Xsens_MTi_ROS_Driver_and_Ntrip_Client/src) by extensions ['ros']
[0.308s] Level 1:colcon.colcon_core.package_identification:_identify(src/Xsens_MTi_ROS_Driver_and_Ntrip_Client/src) by extension 'ros'
[0.308s] Level 1:colcon.colcon_core.package_identification:_identify(src/Xsens_MTi_ROS_Driver_and_Ntrip_Client/src) by extensions ['cmake', 'python']
[0.308s] Level 1:colcon.colcon_core.package_identification:_identify(src/Xsens_MTi_ROS_Driver_and_Ntrip_Client/src) by extension 'cmake'
[0.308s] Level 1:colcon.colcon_core.package_identification:_identify(src/Xsens_MTi_ROS_Driver_and_Ntrip_Client/src) by extension 'python'
[0.308s] Level 1:colcon.colcon_core.package_identification:_identify(src/Xsens_MTi_ROS_Driver_and_Ntrip_Client/src) by extensions ['python_setup_py']
[0.308s] Level 1:colcon.colcon_core.package_identification:_identify(src/Xsens_MTi_ROS_Driver_and_Ntrip_Client/src) by extension 'python_setup_py'
[0.308s] Level 1:colcon.colcon_core.package_identification:_identify(src/Xsens_MTi_ROS_Driver_and_Ntrip_Client/src/ntrip) by extensions ['ignore', 'ignore_ament_install']
[0.308s] Level 1:colcon.colcon_core.package_identification:_identify(src/Xsens_MTi_ROS_Driver_and_Ntrip_Client/src/ntrip) by extension 'ignore'
[0.308s] Level 1:colcon.colcon_core.package_identification:_identify(src/Xsens_MTi_ROS_Driver_and_Ntrip_Client/src/ntrip) by extension 'ignore_ament_install'
[0.308s] Level 1:colcon.colcon_core.package_identification:_identify(src/Xsens_MTi_ROS_Driver_and_Ntrip_Client/src/ntrip) by extensions ['colcon_pkg']
[0.308s] Level 1:colcon.colcon_core.package_identification:_identify(src/Xsens_MTi_ROS_Driver_and_Ntrip_Client/src/ntrip) by extension 'colcon_pkg'
[0.308s] Level 1:colcon.colcon_core.package_identification:_identify(src/Xsens_MTi_ROS_Driver_and_Ntrip_Client/src/ntrip) by extensions ['colcon_meta']
[0.308s] Level 1:colcon.colcon_core.package_identification:_identify(src/Xsens_MTi_ROS_Driver_and_Ntrip_Client/src/ntrip) by extension 'colcon_meta'
[0.308s] Level 1:colcon.colcon_core.package_identification:_identify(src/Xsens_MTi_ROS_Driver_and_Ntrip_Client/src/ntrip) by extensions ['ros']
[0.308s] Level 1:colcon.colcon_core.package_identification:_identify(src/Xsens_MTi_ROS_Driver_and_Ntrip_Client/src/ntrip) by extension 'ros'
[0.312s] DEBUG:colcon.colcon_core.package_identification:Package 'src/Xsens_MTi_ROS_Driver_and_Ntrip_Client/src/ntrip' with type 'ros.ament_cmake' and name 'ntrip'
[0.312s] Level 1:colcon.colcon_core.package_identification:_identify(src/Xsens_MTi_ROS_Driver_and_Ntrip_Client/src/xsens_mti_ros2_driver) by extensions ['ignore', 'ignore_ament_install']
[0.312s] Level 1:colcon.colcon_core.package_identification:_identify(src/Xsens_MTi_ROS_Driver_and_Ntrip_Client/src/xsens_mti_ros2_driver) by extension 'ignore'
[0.312s] Level 1:colcon.colcon_core.package_identification:_identify(src/Xsens_MTi_ROS_Driver_and_Ntrip_Client/src/xsens_mti_ros2_driver) by extension 'ignore_ament_install'
[0.312s] Level 1:colcon.colcon_core.package_identification:_identify(src/Xsens_MTi_ROS_Driver_and_Ntrip_Client/src/xsens_mti_ros2_driver) by extensions ['colcon_pkg']
[0.312s] Level 1:colcon.colcon_core.package_identification:_identify(src/Xsens_MTi_ROS_Driver_and_Ntrip_Client/src/xsens_mti_ros2_driver) by extension 'colcon_pkg'
[0.312s] Level 1:colcon.colcon_core.package_identification:_identify(src/Xsens_MTi_ROS_Driver_and_Ntrip_Client/src/xsens_mti_ros2_driver) by extensions ['colcon_meta']
[0.312s] Level 1:colcon.colcon_core.package_identification:_identify(src/Xsens_MTi_ROS_Driver_and_Ntrip_Client/src/xsens_mti_ros2_driver) by extension 'colcon_meta'
[0.313s] Level 1:colcon.colcon_core.package_identification:_identify(src/Xsens_MTi_ROS_Driver_and_Ntrip_Client/src/xsens_mti_ros2_driver) by extensions ['ros']
[0.313s] Level 1:colcon.colcon_core.package_identification:_identify(src/Xsens_MTi_ROS_Driver_and_Ntrip_Client/src/xsens_mti_ros2_driver) by extension 'ros'
[0.313s] DEBUG:colcon.colcon_core.package_identification:Package 'src/Xsens_MTi_ROS_Driver_and_Ntrip_Client/src/xsens_mti_ros2_driver' with type 'ros.ament_cmake' and name 'xsens_mti_ros2_driver'
[0.314s] Level 1:colcon.colcon_core.package_identification:_identify(src/diffdrive) by extensions ['ignore', 'ignore_ament_install']
[0.314s] Level 1:colcon.colcon_core.package_identification:_identify(src/diffdrive) by extension 'ignore'
[0.314s] Level 1:colcon.colcon_core.package_identification:_identify(src/diffdrive) by extension 'ignore_ament_install'
[0.314s] Level 1:colcon.colcon_core.package_identification:_identify(src/diffdrive) by extensions ['colcon_pkg']
[0.314s] Level 1:colcon.colcon_core.package_identification:_identify(src/diffdrive) by extension 'colcon_pkg'
[0.314s] Level 1:colcon.colcon_core.package_identification:_identify(src/diffdrive) by extensions ['colcon_meta']
[0.314s] Level 1:colcon.colcon_core.package_identification:_identify(src/diffdrive) by extension 'colcon_meta'
[0.314s] Level 1:colcon.colcon_core.package_identification:_identify(src/diffdrive) by extensions ['ros']
[0.314s] Level 1:colcon.colcon_core.package_identification:_identify(src/diffdrive) by extension 'ros'
[0.315s] DEBUG:colcon.colcon_core.package_identification:Package 'src/diffdrive' with type 'ros.ament_python' and name 'diffdrive'
[0.315s] Level 1:colcon.colcon_core.package_identification:_identify(src/motordriver) by extensions ['ignore', 'ignore_ament_install']
[0.315s] Level 1:colcon.colcon_core.package_identification:_identify(src/motordriver) by extension 'ignore'
[0.315s] Level 1:colcon.colcon_core.package_identification:_identify(src/motordriver) by extension 'ignore_ament_install'
[0.315s] Level 1:colcon.colcon_core.package_identification:_identify(src/motordriver) by extensions ['colcon_pkg']
[0.315s] Level 1:colcon.colcon_core.package_identification:_identify(src/motordriver) by extension 'colcon_pkg'
[0.315s] Level 1:colcon.colcon_core.package_identification:_identify(src/motordriver) by extensions ['colcon_meta']
[0.315s] Level 1:colcon.colcon_core.package_identification:_identify(src/motordriver) by extension 'colcon_meta'
[0.315s] Level 1:colcon.colcon_core.package_identification:_identify(src/motordriver) by extensions ['ros']
[0.315s] Level 1:colcon.colcon_core.package_identification:_identify(src/motordriver) by extension 'ros'
[0.316s] DEBUG:colcon.colcon_core.package_identification:Package 'src/motordriver' with type 'ros.ament_python' and name 'motordriver'
[0.316s] Level 1:colcon.colcon_core.package_identification:_identify(src/motordriver_msgs) by extensions ['ignore', 'ignore_ament_install']
[0.316s] Level 1:colcon.colcon_core.package_identification:_identify(src/motordriver_msgs) by extension 'ignore'
[0.316s] Level 1:colcon.colcon_core.package_identification:_identify(src/motordriver_msgs) by extension 'ignore_ament_install'
[0.316s] Level 1:colcon.colcon_core.package_identification:_identify(src/motordriver_msgs) by extensions ['colcon_pkg']
[0.316s] Level 1:colcon.colcon_core.package_identification:_identify(src/motordriver_msgs) by extension 'colcon_pkg'
[0.316s] Level 1:colcon.colcon_core.package_identification:_identify(src/motordriver_msgs) by extensions ['colcon_meta']
[0.316s] Level 1:colcon.colcon_core.package_identification:_identify(src/motordriver_msgs) by extension 'colcon_meta'
[0.316s] Level 1:colcon.colcon_core.package_identification:_identify(src/motordriver_msgs) by extensions ['ros']
[0.316s] Level 1:colcon.colcon_core.package_identification:_identify(src/motordriver_msgs) by extension 'ros'
[0.317s] DEBUG:colcon.colcon_core.package_identification:Package 'src/motordriver_msgs' with type 'ros.ament_cmake' and name 'motordriver_msgs'
[0.317s] Level 1:colcon.colcon_core.package_identification:_identify(src/rplidar_ros) by extensions ['ignore', 'ignore_ament_install']
[0.317s] Level 1:colcon.colcon_core.package_identification:_identify(src/rplidar_ros) by extension 'ignore'
[0.317s] Level 1:colcon.colcon_core.package_identification:_identify(src/rplidar_ros) by extension 'ignore_ament_install'
[0.317s] Level 1:colcon.colcon_core.package_identification:_identify(src/rplidar_ros) by extensions ['colcon_pkg']
[0.317s] Level 1:colcon.colcon_core.package_identification:_identify(src/rplidar_ros) by extension 'colcon_pkg'
[0.317s] Level 1:colcon.colcon_core.package_identification:_identify(src/rplidar_ros) by extensions ['colcon_meta']
[0.317s] Level 1:colcon.colcon_core.package_identification:_identify(src/rplidar_ros) by extension 'colcon_meta'
[0.317s] Level 1:colcon.colcon_core.package_identification:_identify(src/rplidar_ros) by extensions ['ros']
[0.317s] Level 1:colcon.colcon_core.package_identification:_identify(src/rplidar_ros) by extension 'ros'
[0.318s] DEBUG:colcon.colcon_core.package_identification:Package 'src/rplidar_ros' with type 'ros.ament_cmake' and name 'rplidar_ros'
[0.318s] Level 1:colcon.colcon_core.package_identification:_identify(src/sebot_localization ) by extensions ['ignore', 'ignore_ament_install']
[0.318s] Level 1:colcon.colcon_core.package_identification:_identify(src/sebot_localization ) by extension 'ignore'
[0.318s] Level 1:colcon.colcon_core.package_identification:_identify(src/sebot_localization ) by extension 'ignore_ament_install'
[0.318s] Level 1:colcon.colcon_core.package_identification:_identify(src/sebot_localization ) by extensions ['colcon_pkg']
[0.318s] Level 1:colcon.colcon_core.package_identification:_identify(src/sebot_localization ) by extension 'colcon_pkg'
[0.318s] Level 1:colcon.colcon_core.package_identification:_identify(src/sebot_localization ) by extensions ['colcon_meta']
[0.318s] Level 1:colcon.colcon_core.package_identification:_identify(src/sebot_localization ) by extension 'colcon_meta'
[0.318s] Level 1:colcon.colcon_core.package_identification:_identify(src/sebot_localization ) by extensions ['ros']
[0.318s] Level 1:colcon.colcon_core.package_identification:_identify(src/sebot_localization ) by extension 'ros'
[0.319s] DEBUG:colcon.colcon_core.package_identification:Package 'src/sebot_localization ' with type 'ros.ament_cmake' and name 'sebot_localization'
[0.319s] Level 1:colcon.colcon_core.package_identification:_identify(src/sebot_navigation) by extensions ['ignore', 'ignore_ament_install']
[0.319s] Level 1:colcon.colcon_core.package_identification:_identify(src/sebot_navigation) by extension 'ignore'
[0.319s] Level 1:colcon.colcon_core.package_identification:_identify(src/sebot_navigation) by extension 'ignore_ament_install'
[0.320s] Level 1:colcon.colcon_core.package_identification:_identify(src/sebot_navigation) by extensions ['colcon_pkg']
[0.320s] Level 1:colcon.colcon_core.package_identification:_identify(src/sebot_navigation) by extension 'colcon_pkg'
[0.320s] Level 1:colcon.colcon_core.package_identification:_identify(src/sebot_navigation) by extensions ['colcon_meta']
[0.320s] Level 1:colcon.colcon_core.package_identification:_identify(src/sebot_navigation) by extension 'colcon_meta'
[0.320s] Level 1:colcon.colcon_core.package_identification:_identify(src/sebot_navigation) by extensions ['ros']
[0.320s] Level 1:colcon.colcon_core.package_identification:_identify(src/sebot_navigation) by extension 'ros'
[0.320s] DEBUG:colcon.colcon_core.package_identification:Package 'src/sebot_navigation' with type 'ros.ament_python' and name 'sebot_navigation'
[0.320s] Level 1:colcon.colcon_core.package_identification:_identify(src/uwb-tracking-ros) by extensions ['ignore', 'ignore_ament_install']
[0.320s] Level 1:colcon.colcon_core.package_identification:_identify(src/uwb-tracking-ros) by extension 'ignore'
[0.320s] Level 1:colcon.colcon_core.package_identification:_identify(src/uwb-tracking-ros) by extension 'ignore_ament_install'
[0.320s] Level 1:colcon.colcon_core.package_identification:_identify(src/uwb-tracking-ros) by extensions ['colcon_pkg']
[0.321s] Level 1:colcon.colcon_core.package_identification:_identify(src/uwb-tracking-ros) by extension 'colcon_pkg'
[0.321s] Level 1:colcon.colcon_core.package_identification:_identify(src/uwb-tracking-ros) by extensions ['colcon_meta']
[0.321s] Level 1:colcon.colcon_core.package_identification:_identify(src/uwb-tracking-ros) by extension 'colcon_meta'
[0.321s] Level 1:colcon.colcon_core.package_identification:_identify(src/uwb-tracking-ros) by extensions ['ros']
[0.321s] Level 1:colcon.colcon_core.package_identification:_identify(src/uwb-tracking-ros) by extension 'ros'
[0.321s] Level 1:colcon.colcon_core.package_identification:_identify(src/uwb-tracking-ros) by extensions ['cmake', 'python']
[0.321s] Level 1:colcon.colcon_core.package_identification:_identify(src/uwb-tracking-ros) by extension 'cmake'
[0.321s] Level 1:colcon.colcon_core.package_identification:_identify(src/uwb-tracking-ros) by extension 'python'
[0.321s] Level 1:colcon.colcon_core.package_identification:_identify(src/uwb-tracking-ros) by extensions ['python_setup_py']
[0.321s] Level 1:colcon.colcon_core.package_identification:_identify(src/uwb-tracking-ros) by extension 'python_setup_py'
[0.321s] Level 1:colcon.colcon_core.package_identification:_identify(src/uwb-tracking-ros/citrack_ros_msgs) by extensions ['ignore', 'ignore_ament_install']
[0.321s] Level 1:colcon.colcon_core.package_identification:_identify(src/uwb-tracking-ros/citrack_ros_msgs) by extension 'ignore'
[0.321s] Level 1:colcon.colcon_core.package_identification:_identify(src/uwb-tracking-ros/citrack_ros_msgs) by extension 'ignore_ament_install'
[0.321s] Level 1:colcon.colcon_core.package_identification:_identify(src/uwb-tracking-ros/citrack_ros_msgs) by extensions ['colcon_pkg']
[0.321s] Level 1:colcon.colcon_core.package_identification:_identify(src/uwb-tracking-ros/citrack_ros_msgs) by extension 'colcon_pkg'
[0.321s] Level 1:colcon.colcon_core.package_identification:_identify(src/uwb-tracking-ros/citrack_ros_msgs) by extensions ['colcon_meta']
[0.321s] Level 1:colcon.colcon_core.package_identification:_identify(src/uwb-tracking-ros/citrack_ros_msgs) by extension 'colcon_meta'
[0.321s] Level 1:colcon.colcon_core.package_identification:_identify(src/uwb-tracking-ros/citrack_ros_msgs) by extensions ['ros']
[0.321s] Level 1:colcon.colcon_core.package_identification:_identify(src/uwb-tracking-ros/citrack_ros_msgs) by extension 'ros'
[0.323s] DEBUG:colcon.colcon_core.package_identification:Package 'src/uwb-tracking-ros/citrack_ros_msgs' with type 'ros.ament_cmake' and name 'citrack_ros_msgs'
[0.323s] Level 1:colcon.colcon_core.package_identification:_identify(src/uwb-tracking-ros/uwb_tracking_ros2) by extensions ['ignore', 'ignore_ament_install']
[0.323s] Level 1:colcon.colcon_core.package_identification:_identify(src/uwb-tracking-ros/uwb_tracking_ros2) by extension 'ignore'
[0.323s] Level 1:colcon.colcon_core.package_identification:_identify(src/uwb-tracking-ros/uwb_tracking_ros2) by extension 'ignore_ament_install'
[0.323s] Level 1:colcon.colcon_core.package_identification:_identify(src/uwb-tracking-ros/uwb_tracking_ros2) by extensions ['colcon_pkg']
[0.323s] Level 1:colcon.colcon_core.package_identification:_identify(src/uwb-tracking-ros/uwb_tracking_ros2) by extension 'colcon_pkg'
[0.323s] Level 1:colcon.colcon_core.package_identification:_identify(src/uwb-tracking-ros/uwb_tracking_ros2) by extensions ['colcon_meta']
[0.323s] Level 1:colcon.colcon_core.package_identification:_identify(src/uwb-tracking-ros/uwb_tracking_ros2) by extension 'colcon_meta'
[0.323s] Level 1:colcon.colcon_core.package_identification:_identify(src/uwb-tracking-ros/uwb_tracking_ros2) by extensions ['ros']
[0.323s] Level 1:colcon.colcon_core.package_identification:_identify(src/uwb-tracking-ros/uwb_tracking_ros2) by extension 'ros'
[0.324s] DEBUG:colcon.colcon_core.package_identification:Package 'src/uwb-tracking-ros/uwb_tracking_ros2' with type 'ros.ament_python' and name 'uwb_tracking_ros2'
[0.324s] Level 1:colcon.colcon_core.package_discovery:discover_packages(recursive) using defaults
[0.324s] Level 1:colcon.colcon_core.package_discovery:discover_packages(ignore) discover
[0.324s] Level 1:colcon.colcon_core.package_discovery:discover_packages(ignore) using defaults
[0.324s] Level 1:colcon.colcon_core.package_discovery:discover_packages(path) discover
[0.324s] Level 1:colcon.colcon_core.package_discovery:discover_packages(path) using defaults
[0.351s] INFO:colcon.colcon_core.package_selection:Skipping not selected package 'citrack_ros_msgs' in 'src/uwb-tracking-ros/citrack_ros_msgs'
[0.351s] INFO:colcon.colcon_core.package_selection:Skipping not selected package 'diffdrive' in 'src/diffdrive'
[0.352s] INFO:colcon.colcon_core.package_selection:Skipping not selected package 'motordriver' in 'src/motordriver'
[0.352s] INFO:colcon.colcon_core.package_selection:Skipping not selected package 'motordriver_msgs' in 'src/motordriver_msgs'
[0.352s] INFO:colcon.colcon_core.package_selection:Skipping not selected package 'ntrip' in 'src/Xsens_MTi_ROS_Driver_and_Ntrip_Client/src/ntrip'
[0.352s] INFO:colcon.colcon_core.package_selection:Skipping not selected package 'rplidar_ros' in 'src/rplidar_ros'
[0.352s] INFO:colcon.colcon_core.package_selection:Skipping not selected package 'sebot_localization' in 'src/sebot_localization '
[0.352s] INFO:colcon.colcon_core.package_selection:Skipping not selected package 'sebot_navigation' in 'src/sebot_navigation'
[0.352s] INFO:colcon.colcon_core.package_selection:Skipping not selected package 'uwb_tracking_ros2' in 'src/uwb-tracking-ros/uwb_tracking_ros2'
[0.352s] Level 1:colcon.colcon_core.package_discovery:discover_packages(prefix_path) check parameters
[0.352s] Level 1:colcon.colcon_core.package_discovery:discover_packages(prefix_path) discover
[0.355s] DEBUG:colcon.colcon_installed_package_information.package_discovery:Found 10 installed packages in /home/ros2/ros2_ws/install
[0.358s] DEBUG:colcon.colcon_installed_package_information.package_discovery:Found 392 installed packages in /opt/ros/jazzy
[0.359s] Level 1:colcon.colcon_core.package_discovery:discover_packages(prefix_path) using defaults
[0.434s] Level 5:colcon.colcon_core.verb:set package 'xsens_mti_ros2_driver' build argument 'cmake_args' from command line to 'None'
[0.434s] Level 5:colcon.colcon_core.verb:set package 'xsens_mti_ros2_driver' build argument 'cmake_target' from command line to 'None'
[0.434s] Level 5:colcon.colcon_core.verb:set package 'xsens_mti_ros2_driver' build argument 'cmake_target_skip_unavailable' from command line to 'False'
[0.435s] Level 5:colcon.colcon_core.verb:set package 'xsens_mti_ros2_driver' build argument 'cmake_clean_cache' from command line to 'False'
[0.435s] Level 5:colcon.colcon_core.verb:set package 'xsens_mti_ros2_driver' build argument 'cmake_clean_first' from command line to 'False'
[0.435s] Level 5:colcon.colcon_core.verb:set package 'xsens_mti_ros2_driver' build argument 'cmake_force_configure' from command line to 'False'
[0.435s] Level 5:colcon.colcon_core.verb:set package 'xsens_mti_ros2_driver' build argument 'ament_cmake_args' from command line to 'None'
[0.435s] Level 5:colcon.colcon_core.verb:set package 'xsens_mti_ros2_driver' build argument 'catkin_cmake_args' from command line to 'None'
[0.435s] Level 5:colcon.colcon_core.verb:set package 'xsens_mti_ros2_driver' build argument 'catkin_skip_building_tests' from command line to 'False'
[0.435s] DEBUG:colcon.colcon_core.verb:Building package 'xsens_mti_ros2_driver' with the following arguments: {'ament_cmake_args': None, 'build_base': '/home/ros2/ros2_ws/build/xsens_mti_ros2_driver', 'catkin_cmake_args': None, 'catkin_skip_building_tests': False, 'cmake_args': None, 'cmake_clean_cache': False, 'cmake_clean_first': False, 'cmake_force_configure': False, 'cmake_target': None, 'cmake_target_skip_unavailable': False, 'install_base': '/home/ros2/ros2_ws/install/xsens_mti_ros2_driver', 'merge_install': False, 'path': '/home/ros2/ros2_ws/src/Xsens_MTi_ROS_Driver_and_Ntrip_Client/src/xsens_mti_ros2_driver', 'symlink_install': False, 'test_result_base': None}
[0.435s] INFO:colcon.colcon_core.executor:Executing jobs using 'parallel' executor
[0.436s] DEBUG:colcon.colcon_parallel_executor.executor.parallel:run_until_complete
[0.437s] INFO:colcon.colcon_ros.task.ament_cmake.build:Building ROS package in '/home/ros2/ros2_ws/src/Xsens_MTi_ROS_Driver_and_Ntrip_Client/src/xsens_mti_ros2_driver' with build type 'ament_cmake'
[0.437s] INFO:colcon.colcon_cmake.task.cmake.build:Building CMake package in '/home/ros2/ros2_ws/src/Xsens_MTi_ROS_Driver_and_Ntrip_Client/src/xsens_mti_ros2_driver'
[0.440s] INFO:colcon.colcon_core.plugin_system:Skipping extension 'colcon_core.shell.bat': Not used on non-Windows systems
[0.440s] INFO:colcon.colcon_core.shell:Skip shell extension 'powershell' for command environment: Not usable outside of PowerShell
[0.440s] DEBUG:colcon.colcon_core.shell:Skip shell extension 'dsv' for command environment
[0.495s] DEBUG:colcon.colcon_core.event_handler.log_command:Invoking command in '/home/ros2/ros2_ws/build/xsens_mti_ros2_driver': CMAKE_PREFIX_PATH=${CMAKE_PREFIX_PATH}:/home/ros2/ros2_ws/install/uwb_tracking_ros2:/home/ros2/ros2_ws/install/sebot_navigation:/home/ros2/ros2_ws/install/motordriver:/home/ros2/ros2_ws/install/diffdrive:/opt/ros/jazzy DEBUGINFOD_URLS=https://debuginfod.ubuntu.com /usr/bin/cmake --build /home/ros2/ros2_ws/build/xsens_mti_ros2_driver -- -j4 -l4
[16.331s] DEBUG:colcon.colcon_core.event_handler.log_command:Invoked command in '/home/ros2/ros2_ws/build/xsens_mti_ros2_driver' returned '2': CMAKE_PREFIX_PATH=${CMAKE_PREFIX_PATH}:/home/ros2/ros2_ws/install/uwb_tracking_ros2:/home/ros2/ros2_ws/install/sebot_navigation:/home/ros2/ros2_ws/install/motordriver:/home/ros2/ros2_ws/install/diffdrive:/opt/ros/jazzy DEBUGINFOD_URLS=https://debuginfod.ubuntu.com /usr/bin/cmake --build /home/ros2/ros2_ws/build/xsens_mti_ros2_driver -- -j4 -l4
[16.331s] Level 1:colcon.colcon_core.environment:create_environment_scripts_only(xsens_mti_ros2_driver)
[16.334s] Level 1:colcon.colcon_core.environment:checking '/home/ros2/ros2_ws/install/xsens_mti_ros2_driver' for CMake module files
[16.335s] Level 1:colcon.colcon_core.environment:checking '/home/ros2/ros2_ws/install/xsens_mti_ros2_driver' for CMake config files
[16.336s] Level 1:colcon.colcon_core.shell:create_environment_hook('xsens_mti_ros2_driver', 'cmake_prefix_path')
[16.336s] INFO:colcon.colcon_core.shell:Creating environment hook '/home/ros2/ros2_ws/install/xsens_mti_ros2_driver/share/xsens_mti_ros2_driver/hook/cmake_prefix_path.ps1'
[16.337s] INFO:colcon.colcon_core.shell:Creating environment descriptor '/home/ros2/ros2_ws/install/xsens_mti_ros2_driver/share/xsens_mti_ros2_driver/hook/cmake_prefix_path.dsv'
[16.338s] INFO:colcon.colcon_core.shell:Creating environment hook '/home/ros2/ros2_ws/install/xsens_mti_ros2_driver/share/xsens_mti_ros2_driver/hook/cmake_prefix_path.sh'
[16.339s] Level 1:colcon.colcon_core.environment:checking '/home/ros2/ros2_ws/install/xsens_mti_ros2_driver/lib'
[16.340s] Level 1:colcon.colcon_core.shell:create_environment_hook('xsens_mti_ros2_driver', 'ld_library_path_lib')
[16.340s] INFO:colcon.colcon_core.shell:Creating environment hook '/home/ros2/ros2_ws/install/xsens_mti_ros2_driver/share/xsens_mti_ros2_driver/hook/ld_library_path_lib.ps1'
[16.341s] INFO:colcon.colcon_core.shell:Creating environment descriptor '/home/ros2/ros2_ws/install/xsens_mti_ros2_driver/share/xsens_mti_ros2_driver/hook/ld_library_path_lib.dsv'
[16.341s] INFO:colcon.colcon_core.shell:Creating environment hook '/home/ros2/ros2_ws/install/xsens_mti_ros2_driver/share/xsens_mti_ros2_driver/hook/ld_library_path_lib.sh'
[16.342s] Level 1:colcon.colcon_core.environment:checking '/home/ros2/ros2_ws/install/xsens_mti_ros2_driver/bin'
[16.342s] Level 1:colcon.colcon_core.environment:checking '/home/ros2/ros2_ws/install/xsens_mti_ros2_driver/lib/pkgconfig/xsens_mti_ros2_driver.pc'
[16.342s] Level 1:colcon.colcon_core.environment:checking '/home/ros2/ros2_ws/install/xsens_mti_ros2_driver/lib/python3.12/site-packages'
[16.342s] Level 1:colcon.colcon_core.shell:create_environment_hook('xsens_mti_ros2_driver', 'pythonpath')
[16.343s] INFO:colcon.colcon_core.shell:Creating environment hook '/home/ros2/ros2_ws/install/xsens_mti_ros2_driver/share/xsens_mti_ros2_driver/hook/pythonpath.ps1'
[16.343s] INFO:colcon.colcon_core.shell:Creating environment descriptor '/home/ros2/ros2_ws/install/xsens_mti_ros2_driver/share/xsens_mti_ros2_driver/hook/pythonpath.dsv'
[16.344s] INFO:colcon.colcon_core.shell:Creating environment hook '/home/ros2/ros2_ws/install/xsens_mti_ros2_driver/share/xsens_mti_ros2_driver/hook/pythonpath.sh'
[16.344s] Level 1:colcon.colcon_core.environment:checking '/home/ros2/ros2_ws/install/xsens_mti_ros2_driver/bin'
[16.345s] INFO:colcon.colcon_core.shell:Creating package script '/home/ros2/ros2_ws/install/xsens_mti_ros2_driver/share/xsens_mti_ros2_driver/package.ps1'
[16.346s] INFO:colcon.colcon_core.shell:Creating package descriptor '/home/ros2/ros2_ws/install/xsens_mti_ros2_driver/share/xsens_mti_ros2_driver/package.dsv'
[16.347s] INFO:colcon.colcon_core.shell:Creating package script '/home/ros2/ros2_ws/install/xsens_mti_ros2_driver/share/xsens_mti_ros2_driver/package.sh'
[16.348s] INFO:colcon.colcon_core.shell:Creating package script '/home/ros2/ros2_ws/install/xsens_mti_ros2_driver/share/xsens_mti_ros2_driver/package.bash'
[16.349s] INFO:colcon.colcon_core.shell:Creating package script '/home/ros2/ros2_ws/install/xsens_mti_ros2_driver/share/xsens_mti_ros2_driver/package.zsh'
[16.349s] Level 1:colcon.colcon_core.environment:create_file_with_runtime_dependencies(/home/ros2/ros2_ws/install/xsens_mti_ros2_driver/share/colcon-core/packages/xsens_mti_ros2_driver)
[16.361s] DEBUG:colcon.colcon_parallel_executor.executor.parallel:closing loop
[16.361s] DEBUG:colcon.colcon_parallel_executor.executor.parallel:loop closed
[16.361s] DEBUG:colcon.colcon_parallel_executor.executor.parallel:run_until_complete finished with '2'
[16.361s] DEBUG:colcon.colcon_core.event_reactor:joining thread
[16.372s] INFO:colcon.colcon_core.plugin_system:Skipping extension 'colcon_notification.desktop_notification.terminal_notifier': Not used on non-Darwin systems
[16.372s] INFO:colcon.colcon_core.plugin_system:Skipping extension 'colcon_notification.desktop_notification.win32': Not used on non-Windows systems
[16.372s] INFO:colcon.colcon_notification.desktop_notification:Sending desktop notification using 'notify2'
[16.445s] DEBUG:colcon.colcon_core.event_reactor:joined thread
[16.446s] INFO:colcon.colcon_core.shell:Creating prefix script '/home/ros2/ros2_ws/install/local_setup.ps1'
[16.447s] INFO:colcon.colcon_core.shell:Creating prefix util module '/home/ros2/ros2_ws/install/_local_setup_util_ps1.py'
[16.449s] INFO:colcon.colcon_core.shell:Creating prefix chain script '/home/ros2/ros2_ws/install/setup.ps1'
[16.451s] INFO:colcon.colcon_core.shell:Creating prefix script '/home/ros2/ros2_ws/install/local_setup.sh'
[16.452s] INFO:colcon.colcon_core.shell:Creating prefix util module '/home/ros2/ros2_ws/install/_local_setup_util_sh.py'
[16.453s] INFO:colcon.colcon_core.shell:Creating prefix chain script '/home/ros2/ros2_ws/install/setup.sh'
[16.455s] INFO:colcon.colcon_core.shell:Creating prefix script '/home/ros2/ros2_ws/install/local_setup.bash'
[16.456s] INFO:colcon.colcon_core.shell:Creating prefix chain script '/home/ros2/ros2_ws/install/setup.bash'
[16.457s] INFO:colcon.colcon_core.shell:Creating prefix script '/home/ros2/ros2_ws/install/local_setup.zsh'
[16.458s] INFO:colcon.colcon_core.shell:Creating prefix chain script '/home/ros2/ros2_ws/install/setup.zsh'
