[2.701s] Invoking command in '/home/ros2/ros2_ws/build/motordriver': DEBUGINFOD_URLS=https://debuginfod.ubuntu.com PYTHONPATH=/home/ros2/ros2_ws/build/motordriver/prefix_override:/usr/lib/python3/dist-packages/colcon_core/task/python/colcon_distutils_commands:/home/ros2/ros2_ws/install/motordriver/lib/python3.12/site-packages:${PYTHONPATH} /usr/bin/python3 -W ignore:setup.py install is deprecated -W ignore:easy_install command is deprecated setup.py develop --uninstall --editable --build-directory /home/ros2/ros2_ws/build/motordriver/build
[3.480s] running develop
[3.969s] Removing /home/ros2/ros2_ws/install/motordriver/lib/python3.12/site-packages/motordriver.egg-link (link to .)
[4.229s] Invoked command in '/home/ros2/ros2_ws/build/motordriver' returned '0': DEBUGINFOD_URLS=https://debuginfod.ubuntu.com PYTHONPATH=/home/ros2/ros2_ws/build/motordriver/prefix_override:/usr/lib/python3/dist-packages/colcon_core/task/python/colcon_distutils_commands:/home/ros2/ros2_ws/install/motordriver/lib/python3.12/site-packages:${PYTHONPATH} /usr/bin/python3 -W ignore:setup.py install is deprecated -W ignore:easy_install command is deprecated setup.py develop --uninstall --editable --build-directory /home/ros2/ros2_ws/build/motordriver/build
[4.240s] Invoking command in '/home/ros2/ros2_ws/src/motordriver': DEBUGINFOD_URLS=https://debuginfod.ubuntu.com PYTHONPATH=/home/ros2/ros2_ws/build/motordriver/prefix_override:/usr/lib/python3/dist-packages/colcon_core/task/python/colcon_distutils_commands:/home/ros2/ros2_ws/install/motordriver/lib/python3.12/site-packages:${PYTHONPATH} /usr/bin/python3 -W ignore:setup.py install is deprecated -W ignore:easy_install command is deprecated setup.py egg_info --egg-base ../../build/motordriver build --build-base /home/ros2/ros2_ws/build/motordriver/build install --record /home/ros2/ros2_ws/build/motordriver/install.log --single-version-externally-managed install_data --force
[5.417s] running egg_info
[5.535s] writing ../../build/motordriver/motordriver.egg-info/PKG-INFO
[5.536s] writing dependency_links to ../../build/motordriver/motordriver.egg-info/dependency_links.txt
[5.536s] writing entry points to ../../build/motordriver/motordriver.egg-info/entry_points.txt
[5.536s] writing requirements to ../../build/motordriver/motordriver.egg-info/requires.txt
[5.536s] writing top-level names to ../../build/motordriver/motordriver.egg-info/top_level.txt
[5.948s] reading manifest file '../../build/motordriver/motordriver.egg-info/SOURCES.txt'
[5.969s] writing manifest file '../../build/motordriver/motordriver.egg-info/SOURCES.txt'
[5.969s] running build
[5.975s] running build_py
[5.975s] running install
[6.016s] running install_lib
[6.078s] creating /home/ros2/ros2_ws/install/motordriver/lib/python3.12/site-packages/motordriver
[6.080s] copying /home/ros2/ros2_ws/build/motordriver/build/lib/motordriver/__init__.py -> /home/ros2/ros2_ws/install/motordriver/lib/python3.12/site-packages/motordriver
[6.083s] copying /home/ros2/ros2_ws/build/motordriver/build/lib/motordriver/motordriver.py -> /home/ros2/ros2_ws/install/motordriver/lib/python3.12/site-packages/motordriver
[6.096s] copying /home/ros2/ros2_ws/build/motordriver/build/lib/motordriver/simserial.py -> /home/ros2/ros2_ws/install/motordriver/lib/python3.12/site-packages/motordriver
[6.096s] byte-compiling /home/ros2/ros2_ws/install/motordriver/lib/python3.12/site-packages/motordriver/__init__.py to __init__.cpython-312.pyc
[6.096s] byte-compiling /home/ros2/ros2_ws/install/motordriver/lib/python3.12/site-packages/motordriver/motordriver.py to motordriver.cpython-312.pyc
[6.096s] byte-compiling /home/ros2/ros2_ws/install/motordriver/lib/python3.12/site-packages/motordriver/simserial.py to simserial.cpython-312.pyc
[6.100s] running install_data
[6.102s] copying resource/motordriver -> /home/ros2/ros2_ws/install/motordriver/share/ament_index/resource_index/packages
[6.102s] copying package.xml -> /home/ros2/ros2_ws/install/motordriver/share/motordriver
[6.103s] running install_egg_info
[6.238s] Copying ../../build/motordriver/motordriver.egg-info to /home/ros2/ros2_ws/install/motordriver/lib/python3.12/site-packages/motordriver-0.0.0-py3.12.egg-info
[6.243s] running install_scripts
[6.661s] Installing motordriver script to /home/ros2/ros2_ws/install/motordriver/lib/motordriver
[6.662s] writing list of installed files to '/home/ros2/ros2_ws/build/motordriver/install.log'
[6.849s] Invoked command in '/home/ros2/ros2_ws/src/motordriver' returned '0': DEBUGINFOD_URLS=https://debuginfod.ubuntu.com PYTHONPATH=/home/ros2/ros2_ws/build/motordriver/prefix_override:/usr/lib/python3/dist-packages/colcon_core/task/python/colcon_distutils_commands:/home/ros2/ros2_ws/install/motordriver/lib/python3.12/site-packages:${PYTHONPATH} /usr/bin/python3 -W ignore:setup.py install is deprecated -W ignore:easy_install command is deprecated setup.py egg_info --egg-base ../../build/motordriver build --build-base /home/ros2/ros2_ws/build/motordriver/build install --record /home/ros2/ros2_ws/build/motordriver/install.log --single-version-externally-managed install_data --force
