[2.936s] Invoking command in '/home/ros2/ros2_ws/src/motordriver': DEBUGINFOD_URLS=https://debuginfod.ubuntu.com PYTHONPATH=/home/ros2/ros2_ws/build/motordriver/prefix_override:/usr/lib/python3/dist-packages/colcon_core/task/python/colcon_distutils_commands:/home/ros2/ros2_ws/install/motordriver/lib/python3.12/site-packages:${PYTHONPATH} /usr/bin/python3 -W ignore:setup.py install is deprecated -W ignore:easy_install command is deprecated setup.py egg_info --egg-base ../../build/motordriver build --build-base /home/ros2/ros2_ws/build/motordriver/build install --record /home/ros2/ros2_ws/build/motordriver/install.log --single-version-externally-managed install_data
[4.272s] running egg_info
[4.322s] writing ../../build/motordriver/motordriver.egg-info/PKG-INFO
[4.323s] writing dependency_links to ../../build/motordriver/motordriver.egg-info/dependency_links.txt
[4.327s] writing entry points to ../../build/motordriver/motordriver.egg-info/entry_points.txt
[4.328s] writing requirements to ../../build/motordriver/motordriver.egg-info/requires.txt
[4.329s] writing top-level names to ../../build/motordriver/motordriver.egg-info/top_level.txt
[4.575s] reading manifest file '../../build/motordriver/motordriver.egg-info/SOURCES.txt'
[4.576s] writing manifest file '../../build/motordriver/motordriver.egg-info/SOURCES.txt'
[4.576s] running build
[4.580s] running build_py
[4.580s] running install
[4.608s] running install_lib
[4.740s] running install_data
[4.742s] running install_egg_info
[4.806s] removing '/home/ros2/ros2_ws/install/motordriver/lib/python3.12/site-packages/motordriver-0.0.0-py3.12.egg-info' (and everything under it)
[4.807s] Copying ../../build/motordriver/motordriver.egg-info to /home/ros2/ros2_ws/install/motordriver/lib/python3.12/site-packages/motordriver-0.0.0-py3.12.egg-info
[4.807s] running install_scripts
[5.171s] Installing motordriver script to /home/ros2/ros2_ws/install/motordriver/lib/motordriver
[5.171s] writing list of installed files to '/home/ros2/ros2_ws/build/motordriver/install.log'
[5.414s] Invoked command in '/home/ros2/ros2_ws/src/motordriver' returned '0': DEBUGINFOD_URLS=https://debuginfod.ubuntu.com PYTHONPATH=/home/ros2/ros2_ws/build/motordriver/prefix_override:/usr/lib/python3/dist-packages/colcon_core/task/python/colcon_distutils_commands:/home/ros2/ros2_ws/install/motordriver/lib/python3.12/site-packages:${PYTHONPATH} /usr/bin/python3 -W ignore:setup.py install is deprecated -W ignore:easy_install command is deprecated setup.py egg_info --egg-base ../../build/motordriver build --build-base /home/ros2/ros2_ws/build/motordriver/build install --record /home/ros2/ros2_ws/build/motordriver/install.log --single-version-externally-managed install_data
