[2.823s] Invoking command in '/home/ros2/ros2_ws/build/motordriver': DEBUGINFOD_URLS=https://debuginfod.ubuntu.com PYTHONPATH=/home/ros2/ros2_ws/build/motordriver/prefix_override:/usr/lib/python3/dist-packages/colcon_core/task/python/colcon_distutils_commands:/home/ros2/ros2_ws/install/motordriver/lib/python3.12/site-packages:${PYTHONPATH} /usr/bin/python3 -W ignore:setup.py install is deprecated -W ignore:easy_install command is deprecated setup.py develop --uninstall --editable --build-directory /home/ros2/ros2_ws/build/motordriver/build
[3.834s] running develop
[4.289s] Removing /home/ros2/ros2_ws/install/motordriver/lib/python3.12/site-packages/motordriver.egg-link (link to .)
[4.476s] Invoked command in '/home/ros2/ros2_ws/build/motordriver' returned '0': DEBUGINFOD_URLS=https://debuginfod.ubuntu.com PYTHONPATH=/home/ros2/ros2_ws/build/motordriver/prefix_override:/usr/lib/python3/dist-packages/colcon_core/task/python/colcon_distutils_commands:/home/ros2/ros2_ws/install/motordriver/lib/python3.12/site-packages:${PYTHONPATH} /usr/bin/python3 -W ignore:setup.py install is deprecated -W ignore:easy_install command is deprecated setup.py develop --uninstall --editable --build-directory /home/ros2/ros2_ws/build/motordriver/build
[4.477s] Invoking command in '/home/ros2/ros2_ws/src/motordriver': DEBUGINFOD_URLS=https://debuginfod.ubuntu.com PYTHONPATH=/home/ros2/ros2_ws/build/motordriver/prefix_override:/usr/lib/python3/dist-packages/colcon_core/task/python/colcon_distutils_commands:/home/ros2/ros2_ws/install/motordriver/lib/python3.12/site-packages:${PYTHONPATH} /usr/bin/python3 -W ignore:setup.py install is deprecated -W ignore:easy_install command is deprecated setup.py egg_info --egg-base ../../build/motordriver build --build-base /home/ros2/ros2_ws/build/motordriver/build install --record /home/ros2/ros2_ws/build/motordriver/install.log --single-version-externally-managed install_data --force
[5.344s] running egg_info
[5.486s] writing ../../build/motordriver/motordriver.egg-info/PKG-INFO
[5.487s] writing dependency_links to ../../build/motordriver/motordriver.egg-info/dependency_links.txt
[5.488s] writing entry points to ../../build/motordriver/motordriver.egg-info/entry_points.txt
[5.491s] writing requirements to ../../build/motordriver/motordriver.egg-info/requires.txt
[5.492s] writing top-level names to ../../build/motordriver/motordriver.egg-info/top_level.txt
[5.773s] reading manifest file '../../build/motordriver/motordriver.egg-info/SOURCES.txt'
[5.782s] writing manifest file '../../build/motordriver/motordriver.egg-info/SOURCES.txt'
[5.782s] running build
[5.783s] running build_py
[5.783s] running install
[5.833s] running install_lib
[5.906s] creating /home/ros2/ros2_ws/install/motordriver/lib/python3.12/site-packages/motordriver
[5.907s] copying /home/ros2/ros2_ws/build/motordriver/build/lib/motordriver/__init__.py -> /home/ros2/ros2_ws/install/motordriver/lib/python3.12/site-packages/motordriver
[5.908s] copying /home/ros2/ros2_ws/build/motordriver/build/lib/motordriver/motordriver.py -> /home/ros2/ros2_ws/install/motordriver/lib/python3.12/site-packages/motordriver
[5.908s] copying /home/ros2/ros2_ws/build/motordriver/build/lib/motordriver/simserial.py -> /home/ros2/ros2_ws/install/motordriver/lib/python3.12/site-packages/motordriver
[5.912s] byte-compiling /home/ros2/ros2_ws/install/motordriver/lib/python3.12/site-packages/motordriver/__init__.py to __init__.cpython-312.pyc
[5.912s] byte-compiling /home/ros2/ros2_ws/install/motordriver/lib/python3.12/site-packages/motordriver/motordriver.py to motordriver.cpython-312.pyc
[5.912s] byte-compiling /home/ros2/ros2_ws/install/motordriver/lib/python3.12/site-packages/motordriver/simserial.py to simserial.cpython-312.pyc
[5.913s] running install_data
[5.916s] copying resource/motordriver -> /home/ros2/ros2_ws/install/motordriver/share/ament_index/resource_index/packages
[5.916s] copying package.xml -> /home/ros2/ros2_ws/install/motordriver/share/motordriver
[5.917s] running install_egg_info
[5.976s] Copying ../../build/motordriver/motordriver.egg-info to /home/ros2/ros2_ws/install/motordriver/lib/python3.12/site-packages/motordriver-0.0.0-py3.12.egg-info
[5.979s] running install_scripts
[6.929s] Installing motordriver script to /home/ros2/ros2_ws/install/motordriver/lib/motordriver
[6.935s] writing list of installed files to '/home/ros2/ros2_ws/build/motordriver/install.log'
[7.209s] Invoked command in '/home/ros2/ros2_ws/src/motordriver' returned '0': DEBUGINFOD_URLS=https://debuginfod.ubuntu.com PYTHONPATH=/home/ros2/ros2_ws/build/motordriver/prefix_override:/usr/lib/python3/dist-packages/colcon_core/task/python/colcon_distutils_commands:/home/ros2/ros2_ws/install/motordriver/lib/python3.12/site-packages:${PYTHONPATH} /usr/bin/python3 -W ignore:setup.py install is deprecated -W ignore:easy_install command is deprecated setup.py egg_info --egg-base ../../build/motordriver build --build-base /home/ros2/ros2_ws/build/motordriver/build install --record /home/ros2/ros2_ws/build/motordriver/install.log --single-version-externally-managed install_data --force
