[0.049s] Invoking command in '/home/ros2/ros2_ws/build/citrack_ros_msgs': CMAKE_PREFIX_PATH=${CMAKE_PREFIX_PATH}:/home/ros2/ros2_ws/install/uwb_tracking_ros2:/home/ros2/ros2_ws/install/sebot_navigation:/home/ros2/ros2_ws/install/motordriver:/home/ros2/ros2_ws/install/diffdrive:/opt/ros/jazzy DEBUGINFOD_URLS=https://debuginfod.ubuntu.com /usr/bin/cmake --build /home/ros2/ros2_ws/build/citrack_ros_msgs -- -j4 -l4
[1.362s] [  1%] Built target citrack_ros_msgs__rosidl_generator_type_description
[1.363s] [  1%] Built target ament_cmake_python_symlink_citrack_ros_msgs
[1.364s] [  1%] Built target citrack_ros_msgs__cpp
[1.369s] [  2%] [32mBuilding C object CMakeFiles/citrack_ros_msgs__rosidl_generator_c.dir/rosidl_generator_c/citrack_ros_msgs/msg/detail/vicon_position__functions.c.o[0m
[1.370s] [  2%] [32mBuilding C object CMakeFiles/citrack_ros_msgs__rosidl_generator_c.dir/rosidl_generator_c/citrack_ros_msgs/msg/detail/vicon_position__description.c.o[0m
[1.370s] [  3%] [32mBuilding C object CMakeFiles/citrack_ros_msgs__rosidl_generator_c.dir/rosidl_generator_c/citrack_ros_msgs/msg/detail/vicon_position__type_support.c.o[0m
[1.370s] [  3%] [32mBuilding C object CMakeFiles/citrack_ros_msgs__rosidl_generator_c.dir/rosidl_generator_c/citrack_ros_msgs/msg/detail/uwb_anchor__description.c.o[0m
[1.370s] running egg_info
[1.370s] writing citrack_ros_msgs.egg-info/PKG-INFO
[1.373s] writing dependency_links to citrack_ros_msgs.egg-info/dependency_links.txt
[1.373s] writing top-level names to citrack_ros_msgs.egg-info/top_level.txt
[1.374s] [  4%] [32mBuilding C object CMakeFiles/citrack_ros_msgs__rosidl_generator_c.dir/rosidl_generator_c/citrack_ros_msgs/msg/detail/uwb_anchor__functions.c.o[0m
[1.374s] [  5%] [32mBuilding C object CMakeFiles/citrack_ros_msgs__rosidl_generator_c.dir/rosidl_generator_c/citrack_ros_msgs/msg/detail/uwb_anchor__type_support.c.o[0m
[1.378s] reading manifest file 'citrack_ros_msgs.egg-info/SOURCES.txt'
[1.379s] writing manifest file 'citrack_ros_msgs.egg-info/SOURCES.txt'
[1.379s] [  6%] [32mBuilding C object CMakeFiles/citrack_ros_msgs__rosidl_generator_c.dir/rosidl_generator_c/citrack_ros_msgs/msg/detail/uwb_tag__type_support.c.o[0m
[1.379s] [  7%] [32mBuilding C object CMakeFiles/citrack_ros_msgs__rosidl_generator_c.dir/rosidl_generator_c/citrack_ros_msgs/msg/detail/uwb_tag__functions.c.o[0m
[1.379s] [  7%] [32mBuilding C object CMakeFiles/citrack_ros_msgs__rosidl_generator_c.dir/rosidl_generator_c/citrack_ros_msgs/msg/detail/uwb_tag__description.c.o[0m
[1.379s] [  7%] Built target ament_cmake_python_build_citrack_ros_msgs_egg
[1.381s] [  8%] [32mBuilding C object CMakeFiles/citrack_ros_msgs__rosidl_generator_c.dir/rosidl_generator_c/citrack_ros_msgs/msg/detail/uwb_tags__description.c.o[0m
[1.383s] [  8%] [32mBuilding C object CMakeFiles/citrack_ros_msgs__rosidl_generator_c.dir/rosidl_generator_c/citrack_ros_msgs/msg/detail/uwb_tags__functions.c.o[0m
[1.384s] [  9%] [32mBuilding C object CMakeFiles/citrack_ros_msgs__rosidl_generator_c.dir/rosidl_generator_c/citrack_ros_msgs/msg/detail/uwb_tags__type_support.c.o[0m
[1.502s] [ 10%] [32mBuilding C object CMakeFiles/citrack_ros_msgs__rosidl_generator_c.dir/rosidl_generator_c/citrack_ros_msgs/msg/detail/uwb_range__description.c.o[0m
[1.623s] [ 11%] [32mBuilding C object CMakeFiles/citrack_ros_msgs__rosidl_generator_c.dir/rosidl_generator_c/citrack_ros_msgs/msg/detail/uwb_range__type_support.c.o[0m
[1.678s] [ 12%] [32mBuilding C object CMakeFiles/citrack_ros_msgs__rosidl_generator_c.dir/rosidl_generator_c/citrack_ros_msgs/msg/detail/darknet_bounding_box__description.c.o[0m
[1.700s] [ 12%] [32mBuilding C object CMakeFiles/citrack_ros_msgs__rosidl_generator_c.dir/rosidl_generator_c/citrack_ros_msgs/msg/detail/uwb_range__functions.c.o[0m
[1.899s] [ 13%] [32mBuilding C object CMakeFiles/citrack_ros_msgs__rosidl_generator_c.dir/rosidl_generator_c/citrack_ros_msgs/msg/detail/darknet_bounding_box__type_support.c.o[0m
[1.899s] [ 13%] [32mBuilding C object CMakeFiles/citrack_ros_msgs__rosidl_generator_c.dir/rosidl_generator_c/citrack_ros_msgs/msg/detail/darknet_bounding_box__functions.c.o[0m
[2.004s] [ 14%] [32mBuilding C object CMakeFiles/citrack_ros_msgs__rosidl_generator_c.dir/rosidl_generator_c/citrack_ros_msgs/msg/detail/darknet_bounding_boxes__description.c.o[0m
[2.204s] [ 14%] [32mBuilding C object CMakeFiles/citrack_ros_msgs__rosidl_generator_c.dir/rosidl_generator_c/citrack_ros_msgs/msg/detail/darknet_bounding_boxes__functions.c.o[0m
[2.230s] [ 15%] [32mBuilding C object CMakeFiles/citrack_ros_msgs__rosidl_generator_c.dir/rosidl_generator_c/citrack_ros_msgs/msg/detail/darknet_bounding_boxes__type_support.c.o[0m
[2.370s] [ 16%] [32mBuilding C object CMakeFiles/citrack_ros_msgs__rosidl_generator_c.dir/rosidl_generator_c/citrack_ros_msgs/msg/detail/darknet_object_count__description.c.o[0m
[2.455s] [ 17%] [32mBuilding C object CMakeFiles/citrack_ros_msgs__rosidl_generator_c.dir/rosidl_generator_c/citrack_ros_msgs/msg/detail/darknet_object_count__functions.c.o[0m
[2.504s] [ 17%] [32mBuilding C object CMakeFiles/citrack_ros_msgs__rosidl_generator_c.dir/rosidl_generator_c/citrack_ros_msgs/msg/detail/darknet_object_count__type_support.c.o[0m
[2.674s] [ 18%] [32mBuilding C object CMakeFiles/citrack_ros_msgs__rosidl_generator_c.dir/rosidl_generator_c/citrack_ros_msgs/msg/detail/rviz_birds_eye_param__description.c.o[0m
[2.717s] [ 19%] [32mBuilding C object CMakeFiles/citrack_ros_msgs__rosidl_generator_c.dir/rosidl_generator_c/citrack_ros_msgs/msg/detail/rviz_birds_eye_param__functions.c.o[0m
[2.911s] [ 20%] [32mBuilding C object CMakeFiles/citrack_ros_msgs__rosidl_generator_c.dir/rosidl_generator_c/citrack_ros_msgs/msg/detail/custom_tag__description.c.o[0m
[2.916s] [ 20%] [32mBuilding C object CMakeFiles/citrack_ros_msgs__rosidl_generator_c.dir/rosidl_generator_c/citrack_ros_msgs/msg/detail/rviz_birds_eye_param__type_support.c.o[0m
[3.015s] [ 21%] [32mBuilding C object CMakeFiles/citrack_ros_msgs__rosidl_generator_c.dir/rosidl_generator_c/citrack_ros_msgs/msg/detail/custom_tag__functions.c.o[0m
[3.121s] [ 21%] [32mBuilding C object CMakeFiles/citrack_ros_msgs__rosidl_generator_c.dir/rosidl_generator_c/citrack_ros_msgs/msg/detail/custom_tag__type_support.c.o[0m
[3.223s] [ 22%] [32mBuilding C object CMakeFiles/citrack_ros_msgs__rosidl_generator_c.dir/rosidl_generator_c/citrack_ros_msgs/msg/detail/multi_tags__description.c.o[0m
[3.391s] [ 23%] [32mBuilding C object CMakeFiles/citrack_ros_msgs__rosidl_generator_c.dir/rosidl_generator_c/citrack_ros_msgs/msg/detail/multi_tags__functions.c.o[0m
[3.432s] [ 24%] [32mBuilding C object CMakeFiles/citrack_ros_msgs__rosidl_generator_c.dir/rosidl_generator_c/citrack_ros_msgs/msg/detail/multi_tags__type_support.c.o[0m
[3.573s] [ 24%] [32mBuilding C object CMakeFiles/citrack_ros_msgs__rosidl_generator_c.dir/rosidl_generator_c/citrack_ros_msgs/action/detail/darknet_check_for_objects__description.c.o[0m
[3.695s] [ 25%] [32mBuilding C object CMakeFiles/citrack_ros_msgs__rosidl_generator_c.dir/rosidl_generator_c/citrack_ros_msgs/action/detail/darknet_check_for_objects__functions.c.o[0m
[3.834s] [ 26%] [32mBuilding C object CMakeFiles/citrack_ros_msgs__rosidl_generator_c.dir/rosidl_generator_c/citrack_ros_msgs/action/detail/darknet_check_for_objects__type_support.c.o[0m
[4.571s] [ 26%] [32m[1mLinking C shared library libcitrack_ros_msgs__rosidl_generator_c.so[0m
[4.817s] [ 27%] Built target citrack_ros_msgs__rosidl_generator_c
[4.982s] [ 28%] [32mBuilding CXX object CMakeFiles/citrack_ros_msgs__rosidl_typesupport_cpp.dir/rosidl_typesupport_cpp/citrack_ros_msgs/msg/vicon_position__type_support.cpp.o[0m
[5.001s] [ 28%] [32mBuilding C object CMakeFiles/citrack_ros_msgs__rosidl_typesupport_introspection_c.dir/rosidl_typesupport_introspection_c/citrack_ros_msgs/msg/detail/vicon_position__type_support.c.o[0m
[5.152s] [ 29%] [32mBuilding CXX object CMakeFiles/citrack_ros_msgs__rosidl_typesupport_fastrtps_c.dir/rosidl_typesupport_fastrtps_c/citrack_ros_msgs/msg/detail/vicon_position__type_support_c.cpp.o[0m
[5.233s] [ 30%] [32mBuilding CXX object CMakeFiles/citrack_ros_msgs__rosidl_typesupport_fastrtps_cpp.dir/rosidl_typesupport_fastrtps_cpp/citrack_ros_msgs/msg/detail/dds_fastrtps/vicon_position__type_support.cpp.o[0m
[5.394s] [ 31%] [32mBuilding C object CMakeFiles/citrack_ros_msgs__rosidl_typesupport_introspection_c.dir/rosidl_typesupport_introspection_c/citrack_ros_msgs/msg/detail/uwb_anchor__type_support.c.o[0m
[5.603s] [ 32%] [32mBuilding C object CMakeFiles/citrack_ros_msgs__rosidl_typesupport_introspection_c.dir/rosidl_typesupport_introspection_c/citrack_ros_msgs/msg/detail/uwb_tag__type_support.c.o[0m
[5.933s] [ 32%] [32mBuilding C object CMakeFiles/citrack_ros_msgs__rosidl_typesupport_introspection_c.dir/rosidl_typesupport_introspection_c/citrack_ros_msgs/msg/detail/uwb_tags__type_support.c.o[0m
[6.444s] [ 33%] [32mBuilding C object CMakeFiles/citrack_ros_msgs__rosidl_typesupport_introspection_c.dir/rosidl_typesupport_introspection_c/citrack_ros_msgs/msg/detail/uwb_range__type_support.c.o[0m
[7.027s] [ 34%] [32mBuilding C object CMakeFiles/citrack_ros_msgs__rosidl_typesupport_introspection_c.dir/rosidl_typesupport_introspection_c/citrack_ros_msgs/msg/detail/darknet_bounding_box__type_support.c.o[0m
[7.475s] [ 34%] [32mBuilding C object CMakeFiles/citrack_ros_msgs__rosidl_typesupport_introspection_c.dir/rosidl_typesupport_introspection_c/citrack_ros_msgs/msg/detail/darknet_bounding_boxes__type_support.c.o[0m
[7.553s] [ 35%] [32mBuilding CXX object CMakeFiles/citrack_ros_msgs__rosidl_typesupport_cpp.dir/rosidl_typesupport_cpp/citrack_ros_msgs/msg/uwb_anchor__type_support.cpp.o[0m
[8.030s] [ 36%] [32mBuilding C object CMakeFiles/citrack_ros_msgs__rosidl_typesupport_introspection_c.dir/rosidl_typesupport_introspection_c/citrack_ros_msgs/msg/detail/darknet_object_count__type_support.c.o[0m
[8.047s] [ 36%] [32mBuilding CXX object CMakeFiles/citrack_ros_msgs__rosidl_typesupport_fastrtps_cpp.dir/rosidl_typesupport_fastrtps_cpp/citrack_ros_msgs/msg/detail/dds_fastrtps/uwb_anchor__type_support.cpp.o[0m
[8.546s] [ 37%] [32mBuilding C object CMakeFiles/citrack_ros_msgs__rosidl_typesupport_introspection_c.dir/rosidl_typesupport_introspection_c/citrack_ros_msgs/msg/detail/rviz_birds_eye_param__type_support.c.o[0m
[8.849s] [ 38%] [32mBuilding C object CMakeFiles/citrack_ros_msgs__rosidl_typesupport_introspection_c.dir/rosidl_typesupport_introspection_c/citrack_ros_msgs/msg/detail/custom_tag__type_support.c.o[0m
[9.048s] [ 38%] [32mBuilding C object CMakeFiles/citrack_ros_msgs__rosidl_typesupport_introspection_c.dir/rosidl_typesupport_introspection_c/citrack_ros_msgs/msg/detail/multi_tags__type_support.c.o[0m
[9.505s] [ 39%] [32mBuilding C object CMakeFiles/citrack_ros_msgs__rosidl_typesupport_introspection_c.dir/rosidl_typesupport_introspection_c/citrack_ros_msgs/action/detail/darknet_check_for_objects__type_support.c.o[0m
[10.395s] [ 40%] [32mBuilding CXX object CMakeFiles/citrack_ros_msgs__rosidl_typesupport_fastrtps_c.dir/rosidl_typesupport_fastrtps_c/citrack_ros_msgs/msg/detail/uwb_anchor__type_support_c.cpp.o[0m
[10.527s] [ 41%] [32m[1mLinking C shared library libcitrack_ros_msgs__rosidl_typesupport_introspection_c.so[0m
[10.775s] [ 42%] Built target citrack_ros_msgs__rosidl_typesupport_introspection_c
[11.021s] [ 42%] [32mBuilding CXX object CMakeFiles/citrack_ros_msgs__rosidl_typesupport_c.dir/rosidl_typesupport_c/citrack_ros_msgs/msg/vicon_position__type_support.cpp.o[0m
[11.362s] [ 43%] [32mBuilding CXX object CMakeFiles/citrack_ros_msgs__rosidl_typesupport_c.dir/rosidl_typesupport_c/citrack_ros_msgs/msg/uwb_anchor__type_support.cpp.o[0m
[11.380s] [ 44%] [32mBuilding CXX object CMakeFiles/citrack_ros_msgs__rosidl_typesupport_cpp.dir/rosidl_typesupport_cpp/citrack_ros_msgs/msg/uwb_tag__type_support.cpp.o[0m
[11.770s] [ 45%] [32mBuilding CXX object CMakeFiles/citrack_ros_msgs__rosidl_typesupport_c.dir/rosidl_typesupport_c/citrack_ros_msgs/msg/uwb_tag__type_support.cpp.o[0m
[12.045s] [ 45%] [32mBuilding CXX object CMakeFiles/citrack_ros_msgs__rosidl_typesupport_c.dir/rosidl_typesupport_c/citrack_ros_msgs/msg/uwb_tags__type_support.cpp.o[0m
[12.325s] [ 46%] [32mBuilding CXX object CMakeFiles/citrack_ros_msgs__rosidl_typesupport_fastrtps_cpp.dir/rosidl_typesupport_fastrtps_cpp/citrack_ros_msgs/msg/detail/dds_fastrtps/uwb_tag__type_support.cpp.o[0m
[12.367s] [ 47%] [32mBuilding CXX object CMakeFiles/citrack_ros_msgs__rosidl_typesupport_c.dir/rosidl_typesupport_c/citrack_ros_msgs/msg/uwb_range__type_support.cpp.o[0m
[12.846s] [ 48%] [32mBuilding CXX object CMakeFiles/citrack_ros_msgs__rosidl_typesupport_c.dir/rosidl_typesupport_c/citrack_ros_msgs/msg/darknet_bounding_box__type_support.cpp.o[0m
[13.322s] [ 49%] [32mBuilding CXX object CMakeFiles/citrack_ros_msgs__rosidl_typesupport_c.dir/rosidl_typesupport_c/citrack_ros_msgs/msg/darknet_bounding_boxes__type_support.cpp.o[0m
[13.679s] [ 49%] [32mBuilding CXX object CMakeFiles/citrack_ros_msgs__rosidl_typesupport_c.dir/rosidl_typesupport_c/citrack_ros_msgs/msg/darknet_object_count__type_support.cpp.o[0m
[14.318s] [ 50%] [32mBuilding CXX object CMakeFiles/citrack_ros_msgs__rosidl_typesupport_c.dir/rosidl_typesupport_c/citrack_ros_msgs/msg/rviz_birds_eye_param__type_support.cpp.o[0m
[14.514s] [ 51%] [32mBuilding CXX object CMakeFiles/citrack_ros_msgs__rosidl_typesupport_c.dir/rosidl_typesupport_c/citrack_ros_msgs/msg/custom_tag__type_support.cpp.o[0m
[14.867s] [ 51%] [32mBuilding CXX object CMakeFiles/citrack_ros_msgs__rosidl_typesupport_c.dir/rosidl_typesupport_c/citrack_ros_msgs/msg/multi_tags__type_support.cpp.o[0m
[14.985s] [ 51%] [32mBuilding CXX object CMakeFiles/citrack_ros_msgs__rosidl_typesupport_fastrtps_c.dir/rosidl_typesupport_fastrtps_c/citrack_ros_msgs/msg/detail/uwb_tag__type_support_c.cpp.o[0m
[15.096s] [ 52%] [32mBuilding CXX object CMakeFiles/citrack_ros_msgs__rosidl_typesupport_c.dir/rosidl_typesupport_c/citrack_ros_msgs/action/darknet_check_for_objects__type_support.cpp.o[0m
[15.326s] [ 52%] [32mBuilding CXX object CMakeFiles/citrack_ros_msgs__rosidl_typesupport_cpp.dir/rosidl_typesupport_cpp/citrack_ros_msgs/msg/uwb_tags__type_support.cpp.o[0m
[15.649s] [ 53%] [32m[1mLinking CXX shared library libcitrack_ros_msgs__rosidl_typesupport_c.so[0m
[16.019s] [ 54%] Built target citrack_ros_msgs__rosidl_typesupport_c
[16.067s] [ 55%] [32mBuilding CXX object CMakeFiles/citrack_ros_msgs__rosidl_typesupport_fastrtps_c.dir/rosidl_typesupport_fastrtps_c/citrack_ros_msgs/msg/detail/uwb_tags__type_support_c.cpp.o[0m
[16.937s] [ 56%] [32mBuilding CXX object CMakeFiles/citrack_ros_msgs__rosidl_typesupport_fastrtps_cpp.dir/rosidl_typesupport_fastrtps_cpp/citrack_ros_msgs/msg/detail/dds_fastrtps/uwb_tags__type_support.cpp.o[0m
[17.641s] [ 57%] [32mBuilding CXX object CMakeFiles/citrack_ros_msgs__rosidl_typesupport_cpp.dir/rosidl_typesupport_cpp/citrack_ros_msgs/msg/uwb_range__type_support.cpp.o[0m
[18.002s] [ 58%] [32mBuilding CXX object CMakeFiles/citrack_ros_msgs__rosidl_typesupport_fastrtps_c.dir/rosidl_typesupport_fastrtps_c/citrack_ros_msgs/msg/detail/uwb_range__type_support_c.cpp.o[0m
[19.522s] [ 58%] [32mBuilding CXX object CMakeFiles/citrack_ros_msgs__rosidl_typesupport_fastrtps_cpp.dir/rosidl_typesupport_fastrtps_cpp/citrack_ros_msgs/msg/detail/dds_fastrtps/uwb_range__type_support.cpp.o[0m
[19.681s] [ 59%] [32mBuilding CXX object CMakeFiles/citrack_ros_msgs__rosidl_typesupport_cpp.dir/rosidl_typesupport_cpp/citrack_ros_msgs/msg/darknet_bounding_box__type_support.cpp.o[0m
[19.942s] [ 59%] [32mBuilding CXX object CMakeFiles/citrack_ros_msgs__rosidl_typesupport_fastrtps_c.dir/rosidl_typesupport_fastrtps_c/citrack_ros_msgs/msg/detail/darknet_bounding_box__type_support_c.cpp.o[0m
[20.475s] [ 59%] [32mBuilding CXX object CMakeFiles/citrack_ros_msgs__rosidl_typesupport_cpp.dir/rosidl_typesupport_cpp/citrack_ros_msgs/msg/darknet_bounding_boxes__type_support.cpp.o[0m
[21.828s] [ 60%] [32mBuilding CXX object CMakeFiles/citrack_ros_msgs__rosidl_typesupport_fastrtps_cpp.dir/rosidl_typesupport_fastrtps_cpp/citrack_ros_msgs/msg/detail/dds_fastrtps/darknet_bounding_box__type_support.cpp.o[0m
[22.926s] [ 61%] [32mBuilding CXX object CMakeFiles/citrack_ros_msgs__rosidl_typesupport_fastrtps_c.dir/rosidl_typesupport_fastrtps_c/citrack_ros_msgs/msg/detail/darknet_bounding_boxes__type_support_c.cpp.o[0m
[23.375s] [ 62%] [32mBuilding CXX object CMakeFiles/citrack_ros_msgs__rosidl_typesupport_cpp.dir/rosidl_typesupport_cpp/citrack_ros_msgs/msg/darknet_object_count__type_support.cpp.o[0m
[24.077s] [ 63%] [32mBuilding CXX object CMakeFiles/citrack_ros_msgs__rosidl_typesupport_fastrtps_cpp.dir/rosidl_typesupport_fastrtps_cpp/citrack_ros_msgs/msg/detail/dds_fastrtps/darknet_bounding_boxes__type_support.cpp.o[0m
[25.308s] [ 64%] [32mBuilding CXX object CMakeFiles/citrack_ros_msgs__rosidl_typesupport_fastrtps_c.dir/rosidl_typesupport_fastrtps_c/citrack_ros_msgs/msg/detail/darknet_object_count__type_support_c.cpp.o[0m
[25.888s] [ 65%] [32mBuilding CXX object CMakeFiles/citrack_ros_msgs__rosidl_typesupport_cpp.dir/rosidl_typesupport_cpp/citrack_ros_msgs/msg/rviz_birds_eye_param__type_support.cpp.o[0m
[26.913s] [ 65%] [32mBuilding CXX object CMakeFiles/citrack_ros_msgs__rosidl_typesupport_fastrtps_c.dir/rosidl_typesupport_fastrtps_c/citrack_ros_msgs/msg/detail/rviz_birds_eye_param__type_support_c.cpp.o[0m
[27.902s] [ 65%] [32mBuilding CXX object CMakeFiles/citrack_ros_msgs__rosidl_typesupport_fastrtps_cpp.dir/rosidl_typesupport_fastrtps_cpp/citrack_ros_msgs/msg/detail/dds_fastrtps/darknet_object_count__type_support.cpp.o[0m
[28.171s] [ 65%] [32mBuilding CXX object CMakeFiles/citrack_ros_msgs__rosidl_typesupport_cpp.dir/rosidl_typesupport_cpp/citrack_ros_msgs/msg/custom_tag__type_support.cpp.o[0m
[29.205s] [ 66%] [32mBuilding CXX object CMakeFiles/citrack_ros_msgs__rosidl_typesupport_fastrtps_c.dir/rosidl_typesupport_fastrtps_c/citrack_ros_msgs/msg/detail/custom_tag__type_support_c.cpp.o[0m
[30.412s] [ 67%] [32mBuilding CXX object CMakeFiles/citrack_ros_msgs__rosidl_typesupport_fastrtps_c.dir/rosidl_typesupport_fastrtps_c/citrack_ros_msgs/msg/detail/multi_tags__type_support_c.cpp.o[0m
[30.470s] [ 68%] [32mBuilding CXX object CMakeFiles/citrack_ros_msgs__rosidl_typesupport_cpp.dir/rosidl_typesupport_cpp/citrack_ros_msgs/msg/multi_tags__type_support.cpp.o[0m
[31.177s] [ 69%] [32mBuilding CXX object CMakeFiles/citrack_ros_msgs__rosidl_typesupport_fastrtps_cpp.dir/rosidl_typesupport_fastrtps_cpp/citrack_ros_msgs/msg/detail/dds_fastrtps/rviz_birds_eye_param__type_support.cpp.o[0m
[32.545s] [ 70%] [32mBuilding CXX object CMakeFiles/citrack_ros_msgs__rosidl_typesupport_cpp.dir/rosidl_typesupport_cpp/citrack_ros_msgs/action/darknet_check_for_objects__type_support.cpp.o[0m
[33.209s] [ 70%] [32mBuilding CXX object CMakeFiles/citrack_ros_msgs__rosidl_typesupport_fastrtps_c.dir/rosidl_typesupport_fastrtps_c/citrack_ros_msgs/action/detail/darknet_check_for_objects__type_support_c.cpp.o[0m
[34.555s] [ 71%] [32mBuilding CXX object CMakeFiles/citrack_ros_msgs__rosidl_typesupport_fastrtps_cpp.dir/rosidl_typesupport_fastrtps_cpp/citrack_ros_msgs/msg/detail/dds_fastrtps/custom_tag__type_support.cpp.o[0m
[35.454s] [ 72%] [32m[1mLinking CXX shared library libcitrack_ros_msgs__rosidl_typesupport_fastrtps_c.so[0m
[36.244s] [ 73%] Built target citrack_ros_msgs__rosidl_typesupport_fastrtps_c
[36.945s] [ 74%] [32mBuilding CXX object CMakeFiles/citrack_ros_msgs__rosidl_typesupport_fastrtps_cpp.dir/rosidl_typesupport_fastrtps_cpp/citrack_ros_msgs/msg/detail/dds_fastrtps/multi_tags__type_support.cpp.o[0m
[37.656s] [ 74%] [32m[1mLinking CXX shared library libcitrack_ros_msgs__rosidl_typesupport_cpp.so[0m
[38.239s] [ 74%] Built target citrack_ros_msgs__rosidl_typesupport_cpp
[39.437s] [ 74%] [32mBuilding CXX object CMakeFiles/citrack_ros_msgs__rosidl_typesupport_fastrtps_cpp.dir/rosidl_typesupport_fastrtps_cpp/citrack_ros_msgs/action/detail/dds_fastrtps/darknet_check_for_objects__type_support.cpp.o[0m
[42.254s] [ 75%] [32m[1mLinking CXX shared library libcitrack_ros_msgs__rosidl_typesupport_fastrtps_cpp.so[0m
[42.751s] [ 76%] Built target citrack_ros_msgs__rosidl_typesupport_fastrtps_cpp
[42.938s] [ 77%] [32mBuilding CXX object CMakeFiles/citrack_ros_msgs__rosidl_typesupport_introspection_cpp.dir/rosidl_typesupport_introspection_cpp/citrack_ros_msgs/msg/detail/vicon_position__type_support.cpp.o[0m
[44.225s] [ 78%] [32mBuilding CXX object CMakeFiles/citrack_ros_msgs__rosidl_typesupport_introspection_cpp.dir/rosidl_typesupport_introspection_cpp/citrack_ros_msgs/msg/detail/uwb_tags__type_support.cpp.o[0m
[45.403s] [ 79%] [32mBuilding CXX object CMakeFiles/citrack_ros_msgs__rosidl_typesupport_introspection_cpp.dir/rosidl_typesupport_introspection_cpp/citrack_ros_msgs/msg/detail/uwb_range__type_support.cpp.o[0m
[46.645s] [ 79%] [32mBuilding CXX object CMakeFiles/citrack_ros_msgs__rosidl_typesupport_introspection_cpp.dir/rosidl_typesupport_introspection_cpp/citrack_ros_msgs/msg/detail/darknet_bounding_box__type_support.cpp.o[0m
[47.952s] [ 80%] [32mBuilding CXX object CMakeFiles/citrack_ros_msgs__rosidl_typesupport_introspection_cpp.dir/rosidl_typesupport_introspection_cpp/citrack_ros_msgs/msg/detail/darknet_bounding_boxes__type_support.cpp.o[0m
[49.296s] [ 81%] [32mBuilding CXX object CMakeFiles/citrack_ros_msgs__rosidl_typesupport_introspection_cpp.dir/rosidl_typesupport_introspection_cpp/citrack_ros_msgs/msg/detail/darknet_object_count__type_support.cpp.o[0m
[50.787s] [ 82%] [32mBuilding CXX object CMakeFiles/citrack_ros_msgs__rosidl_typesupport_introspection_cpp.dir/rosidl_typesupport_introspection_cpp/citrack_ros_msgs/msg/detail/rviz_birds_eye_param__type_support.cpp.o[0m
[51.894s] [ 82%] [32mBuilding CXX object CMakeFiles/citrack_ros_msgs__rosidl_typesupport_introspection_cpp.dir/rosidl_typesupport_introspection_cpp/citrack_ros_msgs/msg/detail/custom_tag__type_support.cpp.o[0m
[53.266s] [ 83%] [32mBuilding CXX object CMakeFiles/citrack_ros_msgs__rosidl_typesupport_introspection_cpp.dir/rosidl_typesupport_introspection_cpp/citrack_ros_msgs/msg/detail/multi_tags__type_support.cpp.o[0m
[54.619s] [ 84%] [32mBuilding CXX object CMakeFiles/citrack_ros_msgs__rosidl_typesupport_introspection_cpp.dir/rosidl_typesupport_introspection_cpp/citrack_ros_msgs/action/detail/darknet_check_for_objects__type_support.cpp.o[0m
[58.277s] [ 84%] [32mBuilding CXX object CMakeFiles/citrack_ros_msgs__rosidl_typesupport_introspection_cpp.dir/rosidl_typesupport_introspection_cpp/citrack_ros_msgs/msg/detail/uwb_tag__type_support.cpp.o[0m
[59.570s] [ 85%] [32mBuilding CXX object CMakeFiles/citrack_ros_msgs__rosidl_typesupport_introspection_cpp.dir/rosidl_typesupport_introspection_cpp/citrack_ros_msgs/msg/detail/uwb_anchor__type_support.cpp.o[0m
[60.518s] [ 85%] [32m[1mLinking CXX shared library libcitrack_ros_msgs__rosidl_typesupport_introspection_cpp.so[0m
[61.017s] [ 85%] Built target citrack_ros_msgs__rosidl_typesupport_introspection_cpp
[61.139s] [ 85%] Built target citrack_ros_msgs
[61.266s] [ 86%] Built target citrack_ros_msgs__py
[61.406s] [ 87%] [32mBuilding C object CMakeFiles/citrack_ros_msgs__rosidl_generator_py.dir/rosidl_generator_py/citrack_ros_msgs/msg/_vicon_position_s.c.o[0m
[61.754s] [ 88%] [32mBuilding C object CMakeFiles/citrack_ros_msgs__rosidl_generator_py.dir/rosidl_generator_py/citrack_ros_msgs/msg/_uwb_tags_s.c.o[0m
[62.403s] [ 89%] [32mBuilding C object CMakeFiles/citrack_ros_msgs__rosidl_generator_py.dir/rosidl_generator_py/citrack_ros_msgs/msg/_uwb_range_s.c.o[0m
[63.006s] [ 89%] [32mBuilding C object CMakeFiles/citrack_ros_msgs__rosidl_generator_py.dir/rosidl_generator_py/citrack_ros_msgs/msg/_darknet_bounding_box_s.c.o[0m
[63.432s] [ 90%] [32mBuilding C object CMakeFiles/citrack_ros_msgs__rosidl_generator_py.dir/rosidl_generator_py/citrack_ros_msgs/msg/_darknet_bounding_boxes_s.c.o[0m
[63.897s] [ 91%] [32mBuilding C object CMakeFiles/citrack_ros_msgs__rosidl_generator_py.dir/rosidl_generator_py/citrack_ros_msgs/msg/_darknet_object_count_s.c.o[0m
[64.337s] [ 92%] [32mBuilding C object CMakeFiles/citrack_ros_msgs__rosidl_generator_py.dir/rosidl_generator_py/citrack_ros_msgs/msg/_rviz_birds_eye_param_s.c.o[0m
[64.891s] [ 92%] [32mBuilding C object CMakeFiles/citrack_ros_msgs__rosidl_generator_py.dir/rosidl_generator_py/citrack_ros_msgs/msg/_custom_tag_s.c.o[0m
[65.422s] [ 93%] [32mBuilding C object CMakeFiles/citrack_ros_msgs__rosidl_generator_py.dir/rosidl_generator_py/citrack_ros_msgs/msg/_multi_tags_s.c.o[0m
[65.847s] [ 94%] [32mBuilding C object CMakeFiles/citrack_ros_msgs__rosidl_generator_py.dir/rosidl_generator_py/citrack_ros_msgs/action/_darknet_check_for_objects_s.c.o[0m
[66.677s] [ 94%] [32mBuilding C object CMakeFiles/citrack_ros_msgs__rosidl_generator_py.dir/rosidl_generator_py/citrack_ros_msgs/msg/_uwb_tag_s.c.o[0m
[67.046s] [ 95%] [32mBuilding C object CMakeFiles/citrack_ros_msgs__rosidl_generator_py.dir/rosidl_generator_py/citrack_ros_msgs/msg/_uwb_anchor_s.c.o[0m
[67.462s] [ 95%] [32m[1mLinking C shared library libcitrack_ros_msgs__rosidl_generator_py.so[0m
[67.825s] [ 95%] Built target citrack_ros_msgs__rosidl_generator_py
[67.958s] [ 95%] [32mBuilding C object CMakeFiles/citrack_ros_msgs_s__rosidl_typesupport_fastrtps_c.dir/rosidl_generator_py/citrack_ros_msgs/_citrack_ros_msgs_s.ep.rosidl_typesupport_fastrtps_c.c.o[0m
[68.564s] [ 96%] [32m[1mLinking C shared module rosidl_generator_py/citrack_ros_msgs/citrack_ros_msgs_s__rosidl_typesupport_fastrtps_c.so[0m
[68.776s] [ 96%] Built target citrack_ros_msgs_s__rosidl_typesupport_fastrtps_c
[68.903s] [ 97%] [32mBuilding C object CMakeFiles/citrack_ros_msgs_s__rosidl_typesupport_c.dir/rosidl_generator_py/citrack_ros_msgs/_citrack_ros_msgs_s.ep.rosidl_typesupport_c.c.o[0m
[69.429s] [ 98%] [32m[1mLinking C shared module rosidl_generator_py/citrack_ros_msgs/citrack_ros_msgs_s__rosidl_typesupport_c.so[0m
[69.671s] [ 98%] Built target citrack_ros_msgs_s__rosidl_typesupport_c
[69.833s] [ 99%] [32mBuilding C object CMakeFiles/citrack_ros_msgs_s__rosidl_typesupport_introspection_c.dir/rosidl_generator_py/citrack_ros_msgs/_citrack_ros_msgs_s.ep.rosidl_typesupport_introspection_c.c.o[0m
[70.507s] [100%] [32m[1mLinking C shared module rosidl_generator_py/citrack_ros_msgs/citrack_ros_msgs_s__rosidl_typesupport_introspection_c.so[0m
[70.697s] [100%] Built target citrack_ros_msgs_s__rosidl_typesupport_introspection_c
[70.783s] Invoked command in '/home/ros2/ros2_ws/build/citrack_ros_msgs' returned '0': CMAKE_PREFIX_PATH=${CMAKE_PREFIX_PATH}:/home/ros2/ros2_ws/install/uwb_tracking_ros2:/home/ros2/ros2_ws/install/sebot_navigation:/home/ros2/ros2_ws/install/motordriver:/home/ros2/ros2_ws/install/diffdrive:/opt/ros/jazzy DEBUGINFOD_URLS=https://debuginfod.ubuntu.com /usr/bin/cmake --build /home/ros2/ros2_ws/build/citrack_ros_msgs -- -j4 -l4
[70.791s] Invoking command in '/home/ros2/ros2_ws/build/citrack_ros_msgs': CMAKE_PREFIX_PATH=${CMAKE_PREFIX_PATH}:/home/ros2/ros2_ws/install/uwb_tracking_ros2:/home/ros2/ros2_ws/install/sebot_navigation:/home/ros2/ros2_ws/install/motordriver:/home/ros2/ros2_ws/install/diffdrive:/opt/ros/jazzy DEBUGINFOD_URLS=https://debuginfod.ubuntu.com /usr/bin/cmake --install /home/ros2/ros2_ws/build/citrack_ros_msgs
[70.847s] -- Install configuration: ""
[70.850s] -- Execute custom install script
[70.851s] -- Up-to-date symlink: /home/ros2/ros2_ws/install/citrack_ros_msgs/share/ament_index/resource_index/rosidl_interfaces/citrack_ros_msgs
[70.851s] -- Up-to-date symlink: /home/ros2/ros2_ws/install/citrack_ros_msgs/share/citrack_ros_msgs/msg/ViconPosition.json
[70.851s] -- Up-to-date symlink: /home/ros2/ros2_ws/install/citrack_ros_msgs/share/citrack_ros_msgs/msg/UwbAnchor.json
[70.855s] -- Up-to-date symlink: /home/ros2/ros2_ws/install/citrack_ros_msgs/share/citrack_ros_msgs/msg/UwbTag.json
[70.857s] -- Up-to-date symlink: /home/ros2/ros2_ws/install/citrack_ros_msgs/share/citrack_ros_msgs/msg/UwbTags.json
[70.857s] -- Up-to-date symlink: /home/ros2/ros2_ws/install/citrack_ros_msgs/share/citrack_ros_msgs/msg/UwbRange.json
[70.857s] -- Up-to-date symlink: /home/ros2/ros2_ws/install/citrack_ros_msgs/share/citrack_ros_msgs/msg/DarknetBoundingBox.json
[70.858s] -- Up-to-date symlink: /home/ros2/ros2_ws/install/citrack_ros_msgs/share/citrack_ros_msgs/msg/DarknetBoundingBoxes.json
[70.863s] -- Up-to-date symlink: /home/ros2/ros2_ws/install/citrack_ros_msgs/share/citrack_ros_msgs/msg/DarknetObjectCount.json
[70.864s] -- Up-to-date symlink: /home/ros2/ros2_ws/install/citrack_ros_msgs/share/citrack_ros_msgs/msg/RvizBirdsEyeParam.json
[70.864s] -- Up-to-date symlink: /home/ros2/ros2_ws/install/citrack_ros_msgs/share/citrack_ros_msgs/msg/CustomTag.json
[70.864s] -- Up-to-date symlink: /home/ros2/ros2_ws/install/citrack_ros_msgs/share/citrack_ros_msgs/msg/MultiTags.json
[70.864s] -- Up-to-date symlink: /home/ros2/ros2_ws/install/citrack_ros_msgs/share/citrack_ros_msgs/action/DarknetCheckForObjects.json
[70.870s] -- Up-to-date symlink: /home/ros2/ros2_ws/install/citrack_ros_msgs/include/citrack_ros_msgs/citrack_ros_msgs/action/darknet_check_for_objects.h
[70.871s] -- Up-to-date symlink: /home/ros2/ros2_ws/install/citrack_ros_msgs/include/citrack_ros_msgs/citrack_ros_msgs/action/detail/darknet_check_for_objects__functions.h
[70.871s] -- Up-to-date symlink: /home/ros2/ros2_ws/install/citrack_ros_msgs/include/citrack_ros_msgs/citrack_ros_msgs/action/detail/darknet_check_for_objects__struct.h
[70.871s] -- Up-to-date symlink: /home/ros2/ros2_ws/install/citrack_ros_msgs/include/citrack_ros_msgs/citrack_ros_msgs/action/detail/darknet_check_for_objects__type_support.h
[70.877s] -- Up-to-date symlink: /home/ros2/ros2_ws/install/citrack_ros_msgs/include/citrack_ros_msgs/citrack_ros_msgs/msg/custom_tag.h
[70.878s] -- Up-to-date symlink: /home/ros2/ros2_ws/install/citrack_ros_msgs/include/citrack_ros_msgs/citrack_ros_msgs/msg/darknet_bounding_box.h
[70.878s] -- Up-to-date symlink: /home/ros2/ros2_ws/install/citrack_ros_msgs/include/citrack_ros_msgs/citrack_ros_msgs/msg/darknet_bounding_boxes.h
[70.878s] -- Up-to-date symlink: /home/ros2/ros2_ws/install/citrack_ros_msgs/include/citrack_ros_msgs/citrack_ros_msgs/msg/darknet_object_count.h
[70.878s] -- Up-to-date symlink: /home/ros2/ros2_ws/install/citrack_ros_msgs/include/citrack_ros_msgs/citrack_ros_msgs/msg/detail/custom_tag__functions.h
[70.878s] -- Up-to-date symlink: /home/ros2/ros2_ws/install/citrack_ros_msgs/include/citrack_ros_msgs/citrack_ros_msgs/msg/detail/custom_tag__struct.h
[70.878s] -- Up-to-date symlink: /home/ros2/ros2_ws/install/citrack_ros_msgs/include/citrack_ros_msgs/citrack_ros_msgs/msg/detail/custom_tag__type_support.h
[70.879s] -- Up-to-date symlink: /home/ros2/ros2_ws/install/citrack_ros_msgs/include/citrack_ros_msgs/citrack_ros_msgs/msg/detail/darknet_bounding_box__functions.h
[70.879s] -- Up-to-date symlink: /home/ros2/ros2_ws/install/citrack_ros_msgs/include/citrack_ros_msgs/citrack_ros_msgs/msg/detail/darknet_bounding_box__struct.h
[70.880s] -- Up-to-date symlink: /home/ros2/ros2_ws/install/citrack_ros_msgs/include/citrack_ros_msgs/citrack_ros_msgs/msg/detail/darknet_bounding_box__type_support.h
[70.884s] -- Up-to-date symlink: /home/ros2/ros2_ws/install/citrack_ros_msgs/include/citrack_ros_msgs/citrack_ros_msgs/msg/detail/darknet_bounding_boxes__functions.h
[70.885s] -- Up-to-date symlink: /home/ros2/ros2_ws/install/citrack_ros_msgs/include/citrack_ros_msgs/citrack_ros_msgs/msg/detail/darknet_bounding_boxes__struct.h
[70.885s] -- Up-to-date symlink: /home/ros2/ros2_ws/install/citrack_ros_msgs/include/citrack_ros_msgs/citrack_ros_msgs/msg/detail/darknet_bounding_boxes__type_support.h
[70.885s] -- Up-to-date symlink: /home/ros2/ros2_ws/install/citrack_ros_msgs/include/citrack_ros_msgs/citrack_ros_msgs/msg/detail/darknet_object_count__functions.h
[70.886s] -- Up-to-date symlink: /home/ros2/ros2_ws/install/citrack_ros_msgs/include/citrack_ros_msgs/citrack_ros_msgs/msg/detail/darknet_object_count__struct.h
[70.887s] -- Up-to-date symlink: /home/ros2/ros2_ws/install/citrack_ros_msgs/include/citrack_ros_msgs/citrack_ros_msgs/msg/detail/darknet_object_count__type_support.h
[70.888s] -- Up-to-date symlink: /home/ros2/ros2_ws/install/citrack_ros_msgs/include/citrack_ros_msgs/citrack_ros_msgs/msg/detail/multi_tags__functions.h
[70.889s] -- Up-to-date symlink: /home/ros2/ros2_ws/install/citrack_ros_msgs/include/citrack_ros_msgs/citrack_ros_msgs/msg/detail/multi_tags__struct.h
[70.890s] -- Up-to-date symlink: /home/ros2/ros2_ws/install/citrack_ros_msgs/include/citrack_ros_msgs/citrack_ros_msgs/msg/detail/multi_tags__type_support.h
[70.891s] -- Up-to-date symlink: /home/ros2/ros2_ws/install/citrack_ros_msgs/include/citrack_ros_msgs/citrack_ros_msgs/msg/detail/rviz_birds_eye_param__functions.h
[70.893s] -- Up-to-date symlink: /home/ros2/ros2_ws/install/citrack_ros_msgs/include/citrack_ros_msgs/citrack_ros_msgs/msg/detail/rviz_birds_eye_param__struct.h
[70.896s] -- Up-to-date symlink: /home/ros2/ros2_ws/install/citrack_ros_msgs/include/citrack_ros_msgs/citrack_ros_msgs/msg/detail/rviz_birds_eye_param__type_support.h
[70.899s] -- Up-to-date symlink: /home/ros2/ros2_ws/install/citrack_ros_msgs/include/citrack_ros_msgs/citrack_ros_msgs/msg/detail/uwb_anchor__functions.h
[70.899s] -- Up-to-date symlink: /home/ros2/ros2_ws/install/citrack_ros_msgs/include/citrack_ros_msgs/citrack_ros_msgs/msg/detail/uwb_anchor__struct.h
[70.903s] -- Up-to-date symlink: /home/ros2/ros2_ws/install/citrack_ros_msgs/include/citrack_ros_msgs/citrack_ros_msgs/msg/detail/uwb_anchor__type_support.h
[70.903s] -- Up-to-date symlink: /home/ros2/ros2_ws/install/citrack_ros_msgs/include/citrack_ros_msgs/citrack_ros_msgs/msg/detail/uwb_range__functions.h
[70.905s] -- Up-to-date symlink: /home/ros2/ros2_ws/install/citrack_ros_msgs/include/citrack_ros_msgs/citrack_ros_msgs/msg/detail/uwb_range__struct.h
[70.910s] -- Up-to-date symlink: /home/ros2/ros2_ws/install/citrack_ros_msgs/include/citrack_ros_msgs/citrack_ros_msgs/msg/detail/uwb_range__type_support.h
[70.910s] -- Up-to-date symlink: /home/ros2/ros2_ws/install/citrack_ros_msgs/include/citrack_ros_msgs/citrack_ros_msgs/msg/detail/uwb_tag__functions.h
[70.917s] -- Up-to-date symlink: /home/ros2/ros2_ws/install/citrack_ros_msgs/include/citrack_ros_msgs/citrack_ros_msgs/msg/detail/uwb_tag__struct.h
[70.917s] -- Up-to-date symlink: /home/ros2/ros2_ws/install/citrack_ros_msgs/include/citrack_ros_msgs/citrack_ros_msgs/msg/detail/uwb_tag__type_support.h
[70.921s] -- Up-to-date symlink: /home/ros2/ros2_ws/install/citrack_ros_msgs/include/citrack_ros_msgs/citrack_ros_msgs/msg/detail/uwb_tags__functions.h
[70.921s] -- Up-to-date symlink: /home/ros2/ros2_ws/install/citrack_ros_msgs/include/citrack_ros_msgs/citrack_ros_msgs/msg/detail/uwb_tags__struct.h
[70.929s] -- Up-to-date symlink: /home/ros2/ros2_ws/install/citrack_ros_msgs/include/citrack_ros_msgs/citrack_ros_msgs/msg/detail/uwb_tags__type_support.h
[70.931s] -- Up-to-date symlink: /home/ros2/ros2_ws/install/citrack_ros_msgs/include/citrack_ros_msgs/citrack_ros_msgs/msg/detail/vicon_position__functions.h
[70.931s] -- Up-to-date symlink: /home/ros2/ros2_ws/install/citrack_ros_msgs/include/citrack_ros_msgs/citrack_ros_msgs/msg/detail/vicon_position__struct.h
[70.937s] -- Up-to-date symlink: /home/ros2/ros2_ws/install/citrack_ros_msgs/include/citrack_ros_msgs/citrack_ros_msgs/msg/detail/vicon_position__type_support.h
[70.937s] -- Up-to-date symlink: /home/ros2/ros2_ws/install/citrack_ros_msgs/include/citrack_ros_msgs/citrack_ros_msgs/msg/multi_tags.h
[70.947s] -- Up-to-date symlink: /home/ros2/ros2_ws/install/citrack_ros_msgs/include/citrack_ros_msgs/citrack_ros_msgs/msg/rosidl_generator_c__visibility_control.h
[70.947s] -- Up-to-date symlink: /home/ros2/ros2_ws/install/citrack_ros_msgs/include/citrack_ros_msgs/citrack_ros_msgs/msg/rviz_birds_eye_param.h
[70.948s] -- Up-to-date symlink: /home/ros2/ros2_ws/install/citrack_ros_msgs/include/citrack_ros_msgs/citrack_ros_msgs/msg/uwb_anchor.h
[70.948s] -- Up-to-date symlink: /home/ros2/ros2_ws/install/citrack_ros_msgs/include/citrack_ros_msgs/citrack_ros_msgs/msg/uwb_range.h
[70.948s] -- Up-to-date symlink: /home/ros2/ros2_ws/install/citrack_ros_msgs/include/citrack_ros_msgs/citrack_ros_msgs/msg/uwb_tag.h
[70.948s] -- Up-to-date symlink: /home/ros2/ros2_ws/install/citrack_ros_msgs/include/citrack_ros_msgs/citrack_ros_msgs/msg/uwb_tags.h
[70.948s] -- Up-to-date symlink: /home/ros2/ros2_ws/install/citrack_ros_msgs/include/citrack_ros_msgs/citrack_ros_msgs/msg/vicon_position.h
[70.962s] -- Up-to-date symlink: /home/ros2/ros2_ws/install/citrack_ros_msgs/share/citrack_ros_msgs/environment/library_path.sh
[70.963s] -- Up-to-date symlink: /home/ros2/ros2_ws/install/citrack_ros_msgs/share/citrack_ros_msgs/environment/library_path.dsv
[70.968s] -- Up-to-date symlink: /home/ros2/ros2_ws/install/citrack_ros_msgs/include/citrack_ros_msgs/citrack_ros_msgs/action/detail/darknet_check_for_objects__rosidl_typesupport_fastrtps_c.h
[70.969s] -- Up-to-date symlink: /home/ros2/ros2_ws/install/citrack_ros_msgs/include/citrack_ros_msgs/citrack_ros_msgs/msg/detail/custom_tag__rosidl_typesupport_fastrtps_c.h
[70.969s] -- Up-to-date symlink: /home/ros2/ros2_ws/install/citrack_ros_msgs/include/citrack_ros_msgs/citrack_ros_msgs/msg/detail/darknet_bounding_box__rosidl_typesupport_fastrtps_c.h
[70.971s] -- Up-to-date symlink: /home/ros2/ros2_ws/install/citrack_ros_msgs/include/citrack_ros_msgs/citrack_ros_msgs/msg/detail/darknet_bounding_boxes__rosidl_typesupport_fastrtps_c.h
[70.971s] -- Up-to-date symlink: /home/ros2/ros2_ws/install/citrack_ros_msgs/include/citrack_ros_msgs/citrack_ros_msgs/msg/detail/darknet_object_count__rosidl_typesupport_fastrtps_c.h
[70.972s] -- Up-to-date symlink: /home/ros2/ros2_ws/install/citrack_ros_msgs/include/citrack_ros_msgs/citrack_ros_msgs/msg/detail/multi_tags__rosidl_typesupport_fastrtps_c.h
[70.972s] -- Up-to-date symlink: /home/ros2/ros2_ws/install/citrack_ros_msgs/include/citrack_ros_msgs/citrack_ros_msgs/msg/detail/rviz_birds_eye_param__rosidl_typesupport_fastrtps_c.h
[70.972s] -- Up-to-date symlink: /home/ros2/ros2_ws/install/citrack_ros_msgs/include/citrack_ros_msgs/citrack_ros_msgs/msg/detail/uwb_anchor__rosidl_typesupport_fastrtps_c.h
[70.972s] -- Up-to-date symlink: /home/ros2/ros2_ws/install/citrack_ros_msgs/include/citrack_ros_msgs/citrack_ros_msgs/msg/detail/uwb_range__rosidl_typesupport_fastrtps_c.h
[70.972s] -- Up-to-date symlink: /home/ros2/ros2_ws/install/citrack_ros_msgs/include/citrack_ros_msgs/citrack_ros_msgs/msg/detail/uwb_tag__rosidl_typesupport_fastrtps_c.h
[70.974s] -- Up-to-date symlink: /home/ros2/ros2_ws/install/citrack_ros_msgs/include/citrack_ros_msgs/citrack_ros_msgs/msg/detail/uwb_tags__rosidl_typesupport_fastrtps_c.h
[70.974s] -- Up-to-date symlink: /home/ros2/ros2_ws/install/citrack_ros_msgs/include/citrack_ros_msgs/citrack_ros_msgs/msg/detail/vicon_position__rosidl_typesupport_fastrtps_c.h
[70.974s] -- Up-to-date symlink: /home/ros2/ros2_ws/install/citrack_ros_msgs/include/citrack_ros_msgs/citrack_ros_msgs/msg/rosidl_typesupport_fastrtps_c__visibility_control.h
[70.976s] -- Up-to-date symlink: /home/ros2/ros2_ws/install/citrack_ros_msgs/include/citrack_ros_msgs/citrack_ros_msgs/action/darknet_check_for_objects.hpp
[70.977s] -- Up-to-date symlink: /home/ros2/ros2_ws/install/citrack_ros_msgs/include/citrack_ros_msgs/citrack_ros_msgs/action/detail/darknet_check_for_objects__builder.hpp
[70.978s] -- Up-to-date symlink: /home/ros2/ros2_ws/install/citrack_ros_msgs/include/citrack_ros_msgs/citrack_ros_msgs/action/detail/darknet_check_for_objects__struct.hpp
[70.979s] -- Up-to-date symlink: /home/ros2/ros2_ws/install/citrack_ros_msgs/include/citrack_ros_msgs/citrack_ros_msgs/action/detail/darknet_check_for_objects__traits.hpp
[70.979s] -- Up-to-date symlink: /home/ros2/ros2_ws/install/citrack_ros_msgs/include/citrack_ros_msgs/citrack_ros_msgs/action/detail/darknet_check_for_objects__type_support.hpp
[70.980s] -- Up-to-date symlink: /home/ros2/ros2_ws/install/citrack_ros_msgs/include/citrack_ros_msgs/citrack_ros_msgs/msg/custom_tag.hpp
[70.981s] -- Up-to-date symlink: /home/ros2/ros2_ws/install/citrack_ros_msgs/include/citrack_ros_msgs/citrack_ros_msgs/msg/darknet_bounding_box.hpp
[70.982s] -- Up-to-date symlink: /home/ros2/ros2_ws/install/citrack_ros_msgs/include/citrack_ros_msgs/citrack_ros_msgs/msg/darknet_bounding_boxes.hpp
[70.983s] -- Up-to-date symlink: /home/ros2/ros2_ws/install/citrack_ros_msgs/include/citrack_ros_msgs/citrack_ros_msgs/msg/darknet_object_count.hpp
[70.983s] -- Up-to-date symlink: /home/ros2/ros2_ws/install/citrack_ros_msgs/include/citrack_ros_msgs/citrack_ros_msgs/msg/detail/custom_tag__builder.hpp
[70.984s] -- Up-to-date symlink: /home/ros2/ros2_ws/install/citrack_ros_msgs/include/citrack_ros_msgs/citrack_ros_msgs/msg/detail/custom_tag__struct.hpp
[70.984s] -- Up-to-date symlink: /home/ros2/ros2_ws/install/citrack_ros_msgs/include/citrack_ros_msgs/citrack_ros_msgs/msg/detail/custom_tag__traits.hpp
[70.986s] -- Up-to-date symlink: /home/ros2/ros2_ws/install/citrack_ros_msgs/include/citrack_ros_msgs/citrack_ros_msgs/msg/detail/custom_tag__type_support.hpp
[70.986s] -- Up-to-date symlink: /home/ros2/ros2_ws/install/citrack_ros_msgs/include/citrack_ros_msgs/citrack_ros_msgs/msg/detail/darknet_bounding_box__builder.hpp
[70.987s] -- Up-to-date symlink: /home/ros2/ros2_ws/install/citrack_ros_msgs/include/citrack_ros_msgs/citrack_ros_msgs/msg/detail/darknet_bounding_box__struct.hpp
[70.987s] -- Up-to-date symlink: /home/ros2/ros2_ws/install/citrack_ros_msgs/include/citrack_ros_msgs/citrack_ros_msgs/msg/detail/darknet_bounding_box__traits.hpp
[70.989s] -- Up-to-date symlink: /home/ros2/ros2_ws/install/citrack_ros_msgs/include/citrack_ros_msgs/citrack_ros_msgs/msg/detail/darknet_bounding_box__type_support.hpp
[70.989s] -- Up-to-date symlink: /home/ros2/ros2_ws/install/citrack_ros_msgs/include/citrack_ros_msgs/citrack_ros_msgs/msg/detail/darknet_bounding_boxes__builder.hpp
[70.990s] -- Up-to-date symlink: /home/ros2/ros2_ws/install/citrack_ros_msgs/include/citrack_ros_msgs/citrack_ros_msgs/msg/detail/darknet_bounding_boxes__struct.hpp
[70.991s] -- Up-to-date symlink: /home/ros2/ros2_ws/install/citrack_ros_msgs/include/citrack_ros_msgs/citrack_ros_msgs/msg/detail/darknet_bounding_boxes__traits.hpp
[70.992s] -- Up-to-date symlink: /home/ros2/ros2_ws/install/citrack_ros_msgs/include/citrack_ros_msgs/citrack_ros_msgs/msg/detail/darknet_bounding_boxes__type_support.hpp
[70.992s] -- Up-to-date symlink: /home/ros2/ros2_ws/install/citrack_ros_msgs/include/citrack_ros_msgs/citrack_ros_msgs/msg/detail/darknet_object_count__builder.hpp
[70.994s] -- Up-to-date symlink: /home/ros2/ros2_ws/install/citrack_ros_msgs/include/citrack_ros_msgs/citrack_ros_msgs/msg/detail/darknet_object_count__struct.hpp
[70.994s] -- Up-to-date symlink: /home/ros2/ros2_ws/install/citrack_ros_msgs/include/citrack_ros_msgs/citrack_ros_msgs/msg/detail/darknet_object_count__traits.hpp
[70.995s] -- Up-to-date symlink: /home/ros2/ros2_ws/install/citrack_ros_msgs/include/citrack_ros_msgs/citrack_ros_msgs/msg/detail/darknet_object_count__type_support.hpp
[70.996s] -- Up-to-date symlink: /home/ros2/ros2_ws/install/citrack_ros_msgs/include/citrack_ros_msgs/citrack_ros_msgs/msg/detail/multi_tags__builder.hpp
[70.997s] -- Up-to-date symlink: /home/ros2/ros2_ws/install/citrack_ros_msgs/include/citrack_ros_msgs/citrack_ros_msgs/msg/detail/multi_tags__struct.hpp
[70.997s] -- Up-to-date symlink: /home/ros2/ros2_ws/install/citrack_ros_msgs/include/citrack_ros_msgs/citrack_ros_msgs/msg/detail/multi_tags__traits.hpp
[70.998s] -- Up-to-date symlink: /home/ros2/ros2_ws/install/citrack_ros_msgs/include/citrack_ros_msgs/citrack_ros_msgs/msg/detail/multi_tags__type_support.hpp
[70.999s] -- Up-to-date symlink: /home/ros2/ros2_ws/install/citrack_ros_msgs/include/citrack_ros_msgs/citrack_ros_msgs/msg/detail/rviz_birds_eye_param__builder.hpp
[71.000s] -- Up-to-date symlink: /home/ros2/ros2_ws/install/citrack_ros_msgs/include/citrack_ros_msgs/citrack_ros_msgs/msg/detail/rviz_birds_eye_param__struct.hpp
[71.001s] -- Up-to-date symlink: /home/ros2/ros2_ws/install/citrack_ros_msgs/include/citrack_ros_msgs/citrack_ros_msgs/msg/detail/rviz_birds_eye_param__traits.hpp
[71.002s] -- Up-to-date symlink: /home/ros2/ros2_ws/install/citrack_ros_msgs/include/citrack_ros_msgs/citrack_ros_msgs/msg/detail/rviz_birds_eye_param__type_support.hpp
[71.002s] -- Up-to-date symlink: /home/ros2/ros2_ws/install/citrack_ros_msgs/include/citrack_ros_msgs/citrack_ros_msgs/msg/detail/uwb_anchor__builder.hpp
[71.003s] -- Up-to-date symlink: /home/ros2/ros2_ws/install/citrack_ros_msgs/include/citrack_ros_msgs/citrack_ros_msgs/msg/detail/uwb_anchor__struct.hpp
[71.004s] -- Up-to-date symlink: /home/ros2/ros2_ws/install/citrack_ros_msgs/include/citrack_ros_msgs/citrack_ros_msgs/msg/detail/uwb_anchor__traits.hpp
[71.005s] -- Up-to-date symlink: /home/ros2/ros2_ws/install/citrack_ros_msgs/include/citrack_ros_msgs/citrack_ros_msgs/msg/detail/uwb_anchor__type_support.hpp
[71.005s] -- Up-to-date symlink: /home/ros2/ros2_ws/install/citrack_ros_msgs/include/citrack_ros_msgs/citrack_ros_msgs/msg/detail/uwb_range__builder.hpp
[71.007s] -- Up-to-date symlink: /home/ros2/ros2_ws/install/citrack_ros_msgs/include/citrack_ros_msgs/citrack_ros_msgs/msg/detail/uwb_range__struct.hpp
[71.007s] -- Up-to-date symlink: /home/ros2/ros2_ws/install/citrack_ros_msgs/include/citrack_ros_msgs/citrack_ros_msgs/msg/detail/uwb_range__traits.hpp
[71.008s] -- Up-to-date symlink: /home/ros2/ros2_ws/install/citrack_ros_msgs/include/citrack_ros_msgs/citrack_ros_msgs/msg/detail/uwb_range__type_support.hpp
[71.008s] -- Up-to-date symlink: /home/ros2/ros2_ws/install/citrack_ros_msgs/include/citrack_ros_msgs/citrack_ros_msgs/msg/detail/uwb_tag__builder.hpp
[71.009s] -- Up-to-date symlink: /home/ros2/ros2_ws/install/citrack_ros_msgs/include/citrack_ros_msgs/citrack_ros_msgs/msg/detail/uwb_tag__struct.hpp
[71.010s] -- Up-to-date symlink: /home/ros2/ros2_ws/install/citrack_ros_msgs/include/citrack_ros_msgs/citrack_ros_msgs/msg/detail/uwb_tag__traits.hpp
[71.011s] -- Up-to-date symlink: /home/ros2/ros2_ws/install/citrack_ros_msgs/include/citrack_ros_msgs/citrack_ros_msgs/msg/detail/uwb_tag__type_support.hpp
[71.012s] -- Up-to-date symlink: /home/ros2/ros2_ws/install/citrack_ros_msgs/include/citrack_ros_msgs/citrack_ros_msgs/msg/detail/uwb_tags__builder.hpp
[71.012s] -- Up-to-date symlink: /home/ros2/ros2_ws/install/citrack_ros_msgs/include/citrack_ros_msgs/citrack_ros_msgs/msg/detail/uwb_tags__struct.hpp
[71.013s] -- Up-to-date symlink: /home/ros2/ros2_ws/install/citrack_ros_msgs/include/citrack_ros_msgs/citrack_ros_msgs/msg/detail/uwb_tags__traits.hpp
[71.014s] -- Up-to-date symlink: /home/ros2/ros2_ws/install/citrack_ros_msgs/include/citrack_ros_msgs/citrack_ros_msgs/msg/detail/uwb_tags__type_support.hpp
[71.015s] -- Up-to-date symlink: /home/ros2/ros2_ws/install/citrack_ros_msgs/include/citrack_ros_msgs/citrack_ros_msgs/msg/detail/vicon_position__builder.hpp
[71.015s] -- Up-to-date symlink: /home/ros2/ros2_ws/install/citrack_ros_msgs/include/citrack_ros_msgs/citrack_ros_msgs/msg/detail/vicon_position__struct.hpp
[71.016s] -- Up-to-date symlink: /home/ros2/ros2_ws/install/citrack_ros_msgs/include/citrack_ros_msgs/citrack_ros_msgs/msg/detail/vicon_position__traits.hpp
[71.018s] -- Up-to-date symlink: /home/ros2/ros2_ws/install/citrack_ros_msgs/include/citrack_ros_msgs/citrack_ros_msgs/msg/detail/vicon_position__type_support.hpp
[71.019s] -- Up-to-date symlink: /home/ros2/ros2_ws/install/citrack_ros_msgs/include/citrack_ros_msgs/citrack_ros_msgs/msg/multi_tags.hpp
[71.020s] -- Up-to-date symlink: /home/ros2/ros2_ws/install/citrack_ros_msgs/include/citrack_ros_msgs/citrack_ros_msgs/msg/rosidl_generator_cpp__visibility_control.hpp
[71.020s] -- Up-to-date symlink: /home/ros2/ros2_ws/install/citrack_ros_msgs/include/citrack_ros_msgs/citrack_ros_msgs/msg/rviz_birds_eye_param.hpp
[71.021s] -- Up-to-date symlink: /home/ros2/ros2_ws/install/citrack_ros_msgs/include/citrack_ros_msgs/citrack_ros_msgs/msg/uwb_anchor.hpp
[71.022s] -- Up-to-date symlink: /home/ros2/ros2_ws/install/citrack_ros_msgs/include/citrack_ros_msgs/citrack_ros_msgs/msg/uwb_range.hpp
[71.022s] -- Up-to-date symlink: /home/ros2/ros2_ws/install/citrack_ros_msgs/include/citrack_ros_msgs/citrack_ros_msgs/msg/uwb_tag.hpp
[71.023s] -- Up-to-date symlink: /home/ros2/ros2_ws/install/citrack_ros_msgs/include/citrack_ros_msgs/citrack_ros_msgs/msg/uwb_tags.hpp
[71.024s] -- Up-to-date symlink: /home/ros2/ros2_ws/install/citrack_ros_msgs/include/citrack_ros_msgs/citrack_ros_msgs/msg/vicon_position.hpp
[71.026s] -- Up-to-date symlink: /home/ros2/ros2_ws/install/citrack_ros_msgs/include/citrack_ros_msgs/citrack_ros_msgs/action/detail/darknet_check_for_objects__rosidl_typesupport_fastrtps_cpp.hpp
[71.027s] -- Up-to-date symlink: /home/ros2/ros2_ws/install/citrack_ros_msgs/include/citrack_ros_msgs/citrack_ros_msgs/msg/detail/custom_tag__rosidl_typesupport_fastrtps_cpp.hpp
[71.027s] -- Up-to-date symlink: /home/ros2/ros2_ws/install/citrack_ros_msgs/include/citrack_ros_msgs/citrack_ros_msgs/msg/detail/darknet_bounding_box__rosidl_typesupport_fastrtps_cpp.hpp
[71.028s] -- Up-to-date symlink: /home/ros2/ros2_ws/install/citrack_ros_msgs/include/citrack_ros_msgs/citrack_ros_msgs/msg/detail/darknet_bounding_boxes__rosidl_typesupport_fastrtps_cpp.hpp
[71.029s] -- Up-to-date symlink: /home/ros2/ros2_ws/install/citrack_ros_msgs/include/citrack_ros_msgs/citrack_ros_msgs/msg/detail/darknet_object_count__rosidl_typesupport_fastrtps_cpp.hpp
[71.030s] -- Up-to-date symlink: /home/ros2/ros2_ws/install/citrack_ros_msgs/include/citrack_ros_msgs/citrack_ros_msgs/msg/detail/multi_tags__rosidl_typesupport_fastrtps_cpp.hpp
[71.030s] -- Up-to-date symlink: /home/ros2/ros2_ws/install/citrack_ros_msgs/include/citrack_ros_msgs/citrack_ros_msgs/msg/detail/rviz_birds_eye_param__rosidl_typesupport_fastrtps_cpp.hpp
[71.031s] -- Up-to-date symlink: /home/ros2/ros2_ws/install/citrack_ros_msgs/include/citrack_ros_msgs/citrack_ros_msgs/msg/detail/uwb_anchor__rosidl_typesupport_fastrtps_cpp.hpp
[71.031s] -- Up-to-date symlink: /home/ros2/ros2_ws/install/citrack_ros_msgs/include/citrack_ros_msgs/citrack_ros_msgs/msg/detail/uwb_range__rosidl_typesupport_fastrtps_cpp.hpp
[71.033s] -- Up-to-date symlink: /home/ros2/ros2_ws/install/citrack_ros_msgs/include/citrack_ros_msgs/citrack_ros_msgs/msg/detail/uwb_tag__rosidl_typesupport_fastrtps_cpp.hpp
[71.033s] -- Up-to-date symlink: /home/ros2/ros2_ws/install/citrack_ros_msgs/include/citrack_ros_msgs/citrack_ros_msgs/msg/detail/uwb_tags__rosidl_typesupport_fastrtps_cpp.hpp
[71.034s] -- Up-to-date symlink: /home/ros2/ros2_ws/install/citrack_ros_msgs/include/citrack_ros_msgs/citrack_ros_msgs/msg/detail/vicon_position__rosidl_typesupport_fastrtps_cpp.hpp
[71.034s] -- Up-to-date symlink: /home/ros2/ros2_ws/install/citrack_ros_msgs/include/citrack_ros_msgs/citrack_ros_msgs/msg/rosidl_typesupport_fastrtps_cpp__visibility_control.h
[71.037s] -- Up-to-date symlink: /home/ros2/ros2_ws/install/citrack_ros_msgs/include/citrack_ros_msgs/citrack_ros_msgs/action/detail/darknet_check_for_objects__rosidl_typesupport_introspection_c.h
[71.038s] -- Up-to-date symlink: /home/ros2/ros2_ws/install/citrack_ros_msgs/include/citrack_ros_msgs/citrack_ros_msgs/msg/detail/custom_tag__rosidl_typesupport_introspection_c.h
[71.039s] -- Up-to-date symlink: /home/ros2/ros2_ws/install/citrack_ros_msgs/include/citrack_ros_msgs/citrack_ros_msgs/msg/detail/darknet_bounding_box__rosidl_typesupport_introspection_c.h
[71.040s] -- Up-to-date symlink: /home/ros2/ros2_ws/install/citrack_ros_msgs/include/citrack_ros_msgs/citrack_ros_msgs/msg/detail/darknet_bounding_boxes__rosidl_typesupport_introspection_c.h
[71.041s] -- Up-to-date symlink: /home/ros2/ros2_ws/install/citrack_ros_msgs/include/citrack_ros_msgs/citrack_ros_msgs/msg/detail/darknet_object_count__rosidl_typesupport_introspection_c.h
[71.042s] -- Up-to-date symlink: /home/ros2/ros2_ws/install/citrack_ros_msgs/include/citrack_ros_msgs/citrack_ros_msgs/msg/detail/multi_tags__rosidl_typesupport_introspection_c.h
[71.042s] -- Up-to-date symlink: /home/ros2/ros2_ws/install/citrack_ros_msgs/include/citrack_ros_msgs/citrack_ros_msgs/msg/detail/rviz_birds_eye_param__rosidl_typesupport_introspection_c.h
[71.042s] -- Up-to-date symlink: /home/ros2/ros2_ws/install/citrack_ros_msgs/include/citrack_ros_msgs/citrack_ros_msgs/msg/detail/uwb_anchor__rosidl_typesupport_introspection_c.h
[71.042s] -- Up-to-date symlink: /home/ros2/ros2_ws/install/citrack_ros_msgs/include/citrack_ros_msgs/citrack_ros_msgs/msg/detail/uwb_range__rosidl_typesupport_introspection_c.h
[71.043s] -- Up-to-date symlink: /home/ros2/ros2_ws/install/citrack_ros_msgs/include/citrack_ros_msgs/citrack_ros_msgs/msg/detail/uwb_tag__rosidl_typesupport_introspection_c.h
[71.043s] -- Up-to-date symlink: /home/ros2/ros2_ws/install/citrack_ros_msgs/include/citrack_ros_msgs/citrack_ros_msgs/msg/detail/uwb_tags__rosidl_typesupport_introspection_c.h
[71.043s] -- Up-to-date symlink: /home/ros2/ros2_ws/install/citrack_ros_msgs/include/citrack_ros_msgs/citrack_ros_msgs/msg/detail/vicon_position__rosidl_typesupport_introspection_c.h
[71.043s] -- Up-to-date symlink: /home/ros2/ros2_ws/install/citrack_ros_msgs/include/citrack_ros_msgs/citrack_ros_msgs/msg/rosidl_typesupport_introspection_c__visibility_control.h
[71.043s] -- Up-to-date symlink: /home/ros2/ros2_ws/install/citrack_ros_msgs/include/citrack_ros_msgs/citrack_ros_msgs/action/detail/darknet_check_for_objects__rosidl_typesupport_introspection_cpp.hpp
[71.043s] -- Up-to-date symlink: /home/ros2/ros2_ws/install/citrack_ros_msgs/include/citrack_ros_msgs/citrack_ros_msgs/msg/detail/custom_tag__rosidl_typesupport_introspection_cpp.hpp
[71.043s] -- Up-to-date symlink: /home/ros2/ros2_ws/install/citrack_ros_msgs/include/citrack_ros_msgs/citrack_ros_msgs/msg/detail/darknet_bounding_box__rosidl_typesupport_introspection_cpp.hpp
[71.043s] -- Up-to-date symlink: /home/ros2/ros2_ws/install/citrack_ros_msgs/include/citrack_ros_msgs/citrack_ros_msgs/msg/detail/darknet_bounding_boxes__rosidl_typesupport_introspection_cpp.hpp
[71.044s] -- Up-to-date symlink: /home/ros2/ros2_ws/install/citrack_ros_msgs/include/citrack_ros_msgs/citrack_ros_msgs/msg/detail/darknet_object_count__rosidl_typesupport_introspection_cpp.hpp
[71.045s] -- Up-to-date symlink: /home/ros2/ros2_ws/install/citrack_ros_msgs/include/citrack_ros_msgs/citrack_ros_msgs/msg/detail/multi_tags__rosidl_typesupport_introspection_cpp.hpp
[71.045s] -- Up-to-date symlink: /home/ros2/ros2_ws/install/citrack_ros_msgs/include/citrack_ros_msgs/citrack_ros_msgs/msg/detail/rviz_birds_eye_param__rosidl_typesupport_introspection_cpp.hpp
[71.046s] -- Up-to-date symlink: /home/ros2/ros2_ws/install/citrack_ros_msgs/include/citrack_ros_msgs/citrack_ros_msgs/msg/detail/uwb_anchor__rosidl_typesupport_introspection_cpp.hpp
[71.046s] -- Up-to-date symlink: /home/ros2/ros2_ws/install/citrack_ros_msgs/include/citrack_ros_msgs/citrack_ros_msgs/msg/detail/uwb_range__rosidl_typesupport_introspection_cpp.hpp
[71.047s] -- Up-to-date symlink: /home/ros2/ros2_ws/install/citrack_ros_msgs/include/citrack_ros_msgs/citrack_ros_msgs/msg/detail/uwb_tag__rosidl_typesupport_introspection_cpp.hpp
[71.047s] -- Up-to-date symlink: /home/ros2/ros2_ws/install/citrack_ros_msgs/include/citrack_ros_msgs/citrack_ros_msgs/msg/detail/uwb_tags__rosidl_typesupport_introspection_cpp.hpp
[71.047s] -- Up-to-date symlink: /home/ros2/ros2_ws/install/citrack_ros_msgs/include/citrack_ros_msgs/citrack_ros_msgs/msg/detail/vicon_position__rosidl_typesupport_introspection_cpp.hpp
[71.048s] -- Up-to-date symlink: /home/ros2/ros2_ws/install/citrack_ros_msgs/share/citrack_ros_msgs/environment/pythonpath.sh
[71.048s] -- Up-to-date symlink: /home/ros2/ros2_ws/install/citrack_ros_msgs/share/citrack_ros_msgs/environment/pythonpath.dsv
[71.049s] -- Up-to-date symlink: /home/ros2/ros2_ws/install/citrack_ros_msgs/lib/python3.12/site-packages/citrack_ros_msgs-0.1.0-py3.12.egg-info/PKG-INFO
[71.049s] -- Up-to-date symlink: /home/ros2/ros2_ws/install/citrack_ros_msgs/lib/python3.12/site-packages/citrack_ros_msgs-0.1.0-py3.12.egg-info/SOURCES.txt
[71.050s] -- Up-to-date symlink: /home/ros2/ros2_ws/install/citrack_ros_msgs/lib/python3.12/site-packages/citrack_ros_msgs-0.1.0-py3.12.egg-info/dependency_links.txt
[71.051s] -- Up-to-date symlink: /home/ros2/ros2_ws/install/citrack_ros_msgs/lib/python3.12/site-packages/citrack_ros_msgs-0.1.0-py3.12.egg-info/top_level.txt
[71.052s] -- Up-to-date symlink: /home/ros2/ros2_ws/install/citrack_ros_msgs/lib/python3.12/site-packages/citrack_ros_msgs/__init__.py
[71.052s] -- Up-to-date symlink: /home/ros2/ros2_ws/install/citrack_ros_msgs/lib/python3.12/site-packages/citrack_ros_msgs/_citrack_ros_msgs_s.ep.rosidl_typesupport_c.c
[71.053s] -- Up-to-date symlink: /home/ros2/ros2_ws/install/citrack_ros_msgs/lib/python3.12/site-packages/citrack_ros_msgs/_citrack_ros_msgs_s.ep.rosidl_typesupport_fastrtps_c.c
[71.053s] -- Up-to-date symlink: /home/ros2/ros2_ws/install/citrack_ros_msgs/lib/python3.12/site-packages/citrack_ros_msgs/_citrack_ros_msgs_s.ep.rosidl_typesupport_introspection_c.c
[71.054s] -- Up-to-date symlink: /home/ros2/ros2_ws/install/citrack_ros_msgs/lib/python3.12/site-packages/citrack_ros_msgs/action/__init__.py
[71.055s] -- Up-to-date symlink: /home/ros2/ros2_ws/install/citrack_ros_msgs/lib/python3.12/site-packages/citrack_ros_msgs/action/_darknet_check_for_objects.py
[71.055s] -- Up-to-date symlink: /home/ros2/ros2_ws/install/citrack_ros_msgs/lib/python3.12/site-packages/citrack_ros_msgs/action/_darknet_check_for_objects_s.c
[71.055s] -- Up-to-date symlink: /home/ros2/ros2_ws/install/citrack_ros_msgs/lib/python3.12/site-packages/citrack_ros_msgs/citrack_ros_msgs_s__rosidl_typesupport_c.so
[71.057s] -- Up-to-date symlink: /home/ros2/ros2_ws/install/citrack_ros_msgs/lib/python3.12/site-packages/citrack_ros_msgs/citrack_ros_msgs_s__rosidl_typesupport_fastrtps_c.so
[71.057s] -- Up-to-date symlink: /home/ros2/ros2_ws/install/citrack_ros_msgs/lib/python3.12/site-packages/citrack_ros_msgs/citrack_ros_msgs_s__rosidl_typesupport_introspection_c.so
[71.058s] -- Up-to-date symlink: /home/ros2/ros2_ws/install/citrack_ros_msgs/lib/python3.12/site-packages/citrack_ros_msgs/msg/__init__.py
[71.058s] -- Up-to-date symlink: /home/ros2/ros2_ws/install/citrack_ros_msgs/lib/python3.12/site-packages/citrack_ros_msgs/msg/_custom_tag.py
[71.059s] -- Up-to-date symlink: /home/ros2/ros2_ws/install/citrack_ros_msgs/lib/python3.12/site-packages/citrack_ros_msgs/msg/_custom_tag_s.c
[71.060s] -- Up-to-date symlink: /home/ros2/ros2_ws/install/citrack_ros_msgs/lib/python3.12/site-packages/citrack_ros_msgs/msg/_darknet_bounding_box.py
[71.060s] -- Up-to-date symlink: /home/ros2/ros2_ws/install/citrack_ros_msgs/lib/python3.12/site-packages/citrack_ros_msgs/msg/_darknet_bounding_box_s.c
[71.061s] -- Up-to-date symlink: /home/ros2/ros2_ws/install/citrack_ros_msgs/lib/python3.12/site-packages/citrack_ros_msgs/msg/_darknet_bounding_boxes.py
[71.061s] -- Up-to-date symlink: /home/ros2/ros2_ws/install/citrack_ros_msgs/lib/python3.12/site-packages/citrack_ros_msgs/msg/_darknet_bounding_boxes_s.c
[71.062s] -- Up-to-date symlink: /home/ros2/ros2_ws/install/citrack_ros_msgs/lib/python3.12/site-packages/citrack_ros_msgs/msg/_darknet_object_count.py
[71.063s] -- Up-to-date symlink: /home/ros2/ros2_ws/install/citrack_ros_msgs/lib/python3.12/site-packages/citrack_ros_msgs/msg/_darknet_object_count_s.c
[71.063s] -- Up-to-date symlink: /home/ros2/ros2_ws/install/citrack_ros_msgs/lib/python3.12/site-packages/citrack_ros_msgs/msg/_multi_tags.py
[71.065s] -- Up-to-date symlink: /home/ros2/ros2_ws/install/citrack_ros_msgs/lib/python3.12/site-packages/citrack_ros_msgs/msg/_multi_tags_s.c
[71.065s] -- Up-to-date symlink: /home/ros2/ros2_ws/install/citrack_ros_msgs/lib/python3.12/site-packages/citrack_ros_msgs/msg/_rviz_birds_eye_param.py
[71.066s] -- Up-to-date symlink: /home/ros2/ros2_ws/install/citrack_ros_msgs/lib/python3.12/site-packages/citrack_ros_msgs/msg/_rviz_birds_eye_param_s.c
[71.066s] -- Up-to-date symlink: /home/ros2/ros2_ws/install/citrack_ros_msgs/lib/python3.12/site-packages/citrack_ros_msgs/msg/_uwb_anchor.py
[71.068s] -- Up-to-date symlink: /home/ros2/ros2_ws/install/citrack_ros_msgs/lib/python3.12/site-packages/citrack_ros_msgs/msg/_uwb_anchor_s.c
[71.068s] -- Up-to-date symlink: /home/ros2/ros2_ws/install/citrack_ros_msgs/lib/python3.12/site-packages/citrack_ros_msgs/msg/_uwb_range.py
[71.069s] -- Up-to-date symlink: /home/ros2/ros2_ws/install/citrack_ros_msgs/lib/python3.12/site-packages/citrack_ros_msgs/msg/_uwb_range_s.c
[71.069s] -- Up-to-date symlink: /home/ros2/ros2_ws/install/citrack_ros_msgs/lib/python3.12/site-packages/citrack_ros_msgs/msg/_uwb_tag.py
[71.070s] -- Up-to-date symlink: /home/ros2/ros2_ws/install/citrack_ros_msgs/lib/python3.12/site-packages/citrack_ros_msgs/msg/_uwb_tag_s.c
[71.071s] -- Up-to-date symlink: /home/ros2/ros2_ws/install/citrack_ros_msgs/lib/python3.12/site-packages/citrack_ros_msgs/msg/_uwb_tags.py
[71.072s] -- Up-to-date symlink: /home/ros2/ros2_ws/install/citrack_ros_msgs/lib/python3.12/site-packages/citrack_ros_msgs/msg/_uwb_tags_s.c
[71.073s] -- Up-to-date symlink: /home/ros2/ros2_ws/install/citrack_ros_msgs/lib/python3.12/site-packages/citrack_ros_msgs/msg/_vicon_position.py
[71.073s] -- Up-to-date symlink: /home/ros2/ros2_ws/install/citrack_ros_msgs/lib/python3.12/site-packages/citrack_ros_msgs/msg/_vicon_position_s.c
[71.263s] -- Up-to-date symlink: /home/ros2/ros2_ws/install/citrack_ros_msgs/lib/python3.12/site-packages/citrack_ros_msgs/citrack_ros_msgs_s__rosidl_typesupport_fastrtps_c.so
[71.448s] -- Up-to-date symlink: /home/ros2/ros2_ws/install/citrack_ros_msgs/lib/python3.12/site-packages/citrack_ros_msgs/citrack_ros_msgs_s__rosidl_typesupport_introspection_c.so
[71.580s] -- Up-to-date symlink: /home/ros2/ros2_ws/install/citrack_ros_msgs/lib/python3.12/site-packages/citrack_ros_msgs/citrack_ros_msgs_s__rosidl_typesupport_c.so
[71.586s] -- Up-to-date symlink: /home/ros2/ros2_ws/install/citrack_ros_msgs/share/citrack_ros_msgs/msg/ViconPosition.idl
[71.587s] -- Up-to-date symlink: /home/ros2/ros2_ws/install/citrack_ros_msgs/share/citrack_ros_msgs/msg/UwbAnchor.idl
[71.587s] -- Up-to-date symlink: /home/ros2/ros2_ws/install/citrack_ros_msgs/share/citrack_ros_msgs/msg/UwbTag.idl
[71.587s] -- Up-to-date symlink: /home/ros2/ros2_ws/install/citrack_ros_msgs/share/citrack_ros_msgs/msg/UwbTags.idl
[71.587s] -- Up-to-date symlink: /home/ros2/ros2_ws/install/citrack_ros_msgs/share/citrack_ros_msgs/msg/UwbRange.idl
[71.587s] -- Up-to-date symlink: /home/ros2/ros2_ws/install/citrack_ros_msgs/share/citrack_ros_msgs/msg/DarknetBoundingBox.idl
[71.587s] -- Up-to-date symlink: /home/ros2/ros2_ws/install/citrack_ros_msgs/share/citrack_ros_msgs/msg/DarknetBoundingBoxes.idl
[71.588s] -- Up-to-date symlink: /home/ros2/ros2_ws/install/citrack_ros_msgs/share/citrack_ros_msgs/msg/DarknetObjectCount.idl
[71.588s] -- Up-to-date symlink: /home/ros2/ros2_ws/install/citrack_ros_msgs/share/citrack_ros_msgs/msg/RvizBirdsEyeParam.idl
[71.588s] -- Up-to-date symlink: /home/ros2/ros2_ws/install/citrack_ros_msgs/share/citrack_ros_msgs/msg/CustomTag.idl
[71.588s] -- Up-to-date symlink: /home/ros2/ros2_ws/install/citrack_ros_msgs/share/citrack_ros_msgs/msg/MultiTags.idl
[71.588s] -- Up-to-date symlink: /home/ros2/ros2_ws/install/citrack_ros_msgs/share/citrack_ros_msgs/action/DarknetCheckForObjects.idl
[71.588s] -- Up-to-date symlink: /home/ros2/ros2_ws/install/citrack_ros_msgs/share/citrack_ros_msgs/msg/ViconPosition.msg
[71.588s] -- Up-to-date symlink: /home/ros2/ros2_ws/install/citrack_ros_msgs/share/citrack_ros_msgs/msg/UwbAnchor.msg
[71.589s] -- Up-to-date symlink: /home/ros2/ros2_ws/install/citrack_ros_msgs/share/citrack_ros_msgs/msg/UwbTag.msg
[71.590s] -- Up-to-date symlink: /home/ros2/ros2_ws/install/citrack_ros_msgs/share/citrack_ros_msgs/msg/UwbTags.msg
[71.590s] -- Up-to-date symlink: /home/ros2/ros2_ws/install/citrack_ros_msgs/share/citrack_ros_msgs/msg/UwbRange.msg
[71.593s] -- Up-to-date symlink: /home/ros2/ros2_ws/install/citrack_ros_msgs/share/citrack_ros_msgs/msg/DarknetBoundingBox.msg
[71.593s] -- Up-to-date symlink: /home/ros2/ros2_ws/install/citrack_ros_msgs/share/citrack_ros_msgs/msg/DarknetBoundingBoxes.msg
[71.593s] -- Up-to-date symlink: /home/ros2/ros2_ws/install/citrack_ros_msgs/share/citrack_ros_msgs/msg/DarknetObjectCount.msg
[71.593s] -- Up-to-date symlink: /home/ros2/ros2_ws/install/citrack_ros_msgs/share/citrack_ros_msgs/msg/RvizBirdsEyeParam.msg
[71.593s] -- Up-to-date symlink: /home/ros2/ros2_ws/install/citrack_ros_msgs/share/citrack_ros_msgs/msg/CustomTag.msg
[71.593s] -- Up-to-date symlink: /home/ros2/ros2_ws/install/citrack_ros_msgs/share/citrack_ros_msgs/msg/MultiTags.msg
[71.594s] -- Up-to-date symlink: /home/ros2/ros2_ws/install/citrack_ros_msgs/share/citrack_ros_msgs/action/DarknetCheckForObjects.action
[71.594s] -- Up-to-date symlink: /home/ros2/ros2_ws/install/citrack_ros_msgs/share/ament_index/resource_index/package_run_dependencies/citrack_ros_msgs
[71.594s] -- Up-to-date symlink: /home/ros2/ros2_ws/install/citrack_ros_msgs/share/ament_index/resource_index/parent_prefix_path/citrack_ros_msgs
[71.594s] -- Up-to-date symlink: /home/ros2/ros2_ws/install/citrack_ros_msgs/share/citrack_ros_msgs/environment/ament_prefix_path.sh
[71.594s] -- Up-to-date symlink: /home/ros2/ros2_ws/install/citrack_ros_msgs/share/citrack_ros_msgs/environment/ament_prefix_path.dsv
[71.594s] -- Up-to-date symlink: /home/ros2/ros2_ws/install/citrack_ros_msgs/share/citrack_ros_msgs/environment/path.sh
[71.595s] -- Up-to-date symlink: /home/ros2/ros2_ws/install/citrack_ros_msgs/share/citrack_ros_msgs/environment/path.dsv
[71.595s] -- Up-to-date symlink: /home/ros2/ros2_ws/install/citrack_ros_msgs/share/citrack_ros_msgs/local_setup.bash
[71.595s] -- Up-to-date symlink: /home/ros2/ros2_ws/install/citrack_ros_msgs/share/citrack_ros_msgs/local_setup.sh
[71.595s] -- Up-to-date symlink: /home/ros2/ros2_ws/install/citrack_ros_msgs/share/citrack_ros_msgs/local_setup.zsh
[71.595s] -- Up-to-date symlink: /home/ros2/ros2_ws/install/citrack_ros_msgs/share/citrack_ros_msgs/local_setup.dsv
[71.595s] -- Symlinking: /home/ros2/ros2_ws/install/citrack_ros_msgs/share/citrack_ros_msgs/package.dsv
[71.858s] -- Up-to-date symlink: /home/ros2/ros2_ws/install/citrack_ros_msgs/share/ament_index/resource_index/packages/citrack_ros_msgs
[71.861s] -- Up-to-date symlink: /home/ros2/ros2_ws/install/citrack_ros_msgs/share/citrack_ros_msgs/cmake/rosidl_cmake-extras.cmake
[71.861s] -- Up-to-date symlink: /home/ros2/ros2_ws/install/citrack_ros_msgs/share/citrack_ros_msgs/cmake/ament_cmake_export_dependencies-extras.cmake
[71.861s] -- Up-to-date symlink: /home/ros2/ros2_ws/install/citrack_ros_msgs/share/citrack_ros_msgs/cmake/ament_cmake_export_include_directories-extras.cmake
[71.861s] -- Up-to-date symlink: /home/ros2/ros2_ws/install/citrack_ros_msgs/share/citrack_ros_msgs/cmake/ament_cmake_export_libraries-extras.cmake
[71.861s] -- Up-to-date symlink: /home/ros2/ros2_ws/install/citrack_ros_msgs/share/citrack_ros_msgs/cmake/ament_cmake_export_targets-extras.cmake
[71.861s] -- Up-to-date symlink: /home/ros2/ros2_ws/install/citrack_ros_msgs/share/citrack_ros_msgs/cmake/rosidl_cmake_export_typesupport_targets-extras.cmake
[71.862s] -- Up-to-date symlink: /home/ros2/ros2_ws/install/citrack_ros_msgs/share/citrack_ros_msgs/cmake/rosidl_cmake_export_typesupport_libraries-extras.cmake
[71.868s] -- Up-to-date symlink: /home/ros2/ros2_ws/install/citrack_ros_msgs/share/citrack_ros_msgs/cmake/citrack_ros_msgsConfig.cmake
[71.868s] -- Up-to-date symlink: /home/ros2/ros2_ws/install/citrack_ros_msgs/share/citrack_ros_msgs/cmake/citrack_ros_msgsConfig-version.cmake
[71.868s] -- Up-to-date symlink: /home/ros2/ros2_ws/install/citrack_ros_msgs/share/citrack_ros_msgs/package.xml
[71.868s] -- Installing: /home/ros2/ros2_ws/install/citrack_ros_msgs/lib/libcitrack_ros_msgs__rosidl_generator_c.so
[71.868s] -- Set non-toolchain portion of runtime path of "/home/ros2/ros2_ws/install/citrack_ros_msgs/lib/libcitrack_ros_msgs__rosidl_generator_c.so" to ""
[71.870s] -- Installing: /home/ros2/ros2_ws/install/citrack_ros_msgs/lib/libcitrack_ros_msgs__rosidl_typesupport_fastrtps_c.so
[71.876s] -- Set non-toolchain portion of runtime path of "/home/ros2/ros2_ws/install/citrack_ros_msgs/lib/libcitrack_ros_msgs__rosidl_typesupport_fastrtps_c.so" to ""
[71.946s] -- Installing: /home/ros2/ros2_ws/install/citrack_ros_msgs/lib/libcitrack_ros_msgs__rosidl_typesupport_fastrtps_cpp.so
[71.955s] -- Set non-toolchain portion of runtime path of "/home/ros2/ros2_ws/install/citrack_ros_msgs/lib/libcitrack_ros_msgs__rosidl_typesupport_fastrtps_cpp.so" to ""
[71.958s] -- Installing: /home/ros2/ros2_ws/install/citrack_ros_msgs/lib/libcitrack_ros_msgs__rosidl_typesupport_introspection_c.so
[71.959s] -- Set non-toolchain portion of runtime path of "/home/ros2/ros2_ws/install/citrack_ros_msgs/lib/libcitrack_ros_msgs__rosidl_typesupport_introspection_c.so" to ""
[71.959s] -- Installing: /home/ros2/ros2_ws/install/citrack_ros_msgs/lib/libcitrack_ros_msgs__rosidl_typesupport_c.so
[71.974s] -- Set non-toolchain portion of runtime path of "/home/ros2/ros2_ws/install/citrack_ros_msgs/lib/libcitrack_ros_msgs__rosidl_typesupport_c.so" to ""
[71.987s] -- Installing: /home/ros2/ros2_ws/install/citrack_ros_msgs/lib/libcitrack_ros_msgs__rosidl_typesupport_introspection_cpp.so
[71.990s] -- Set non-toolchain portion of runtime path of "/home/ros2/ros2_ws/install/citrack_ros_msgs/lib/libcitrack_ros_msgs__rosidl_typesupport_introspection_cpp.so" to ""
[72.021s] -- Installing: /home/ros2/ros2_ws/install/citrack_ros_msgs/lib/libcitrack_ros_msgs__rosidl_typesupport_cpp.so
[72.027s] -- Set non-toolchain portion of runtime path of "/home/ros2/ros2_ws/install/citrack_ros_msgs/lib/libcitrack_ros_msgs__rosidl_typesupport_cpp.so" to ""
[72.217s] Listing '/home/ros2/ros2_ws/install/citrack_ros_msgs/lib/python3.12/site-packages/citrack_ros_msgs'...
[72.218s] Listing '/home/ros2/ros2_ws/install/citrack_ros_msgs/lib/python3.12/site-packages/citrack_ros_msgs/action'...
[72.219s] Listing '/home/ros2/ros2_ws/install/citrack_ros_msgs/lib/python3.12/site-packages/citrack_ros_msgs/msg'...
[72.275s] -- Installing: /home/ros2/ros2_ws/install/citrack_ros_msgs/lib/libcitrack_ros_msgs__rosidl_generator_py.so
[72.276s] -- Set non-toolchain portion of runtime path of "/home/ros2/ros2_ws/install/citrack_ros_msgs/lib/libcitrack_ros_msgs__rosidl_generator_py.so" to ""
[72.283s] -- Up-to-date: /home/ros2/ros2_ws/install/citrack_ros_msgs/share/citrack_ros_msgs/cmake/export_citrack_ros_msgs__rosidl_generator_cExport.cmake
[72.286s] -- Up-to-date: /home/ros2/ros2_ws/install/citrack_ros_msgs/share/citrack_ros_msgs/cmake/export_citrack_ros_msgs__rosidl_generator_cExport-noconfig.cmake
[72.288s] -- Up-to-date: /home/ros2/ros2_ws/install/citrack_ros_msgs/share/citrack_ros_msgs/cmake/export_citrack_ros_msgs__rosidl_typesupport_fastrtps_cExport.cmake
[72.293s] -- Up-to-date: /home/ros2/ros2_ws/install/citrack_ros_msgs/share/citrack_ros_msgs/cmake/export_citrack_ros_msgs__rosidl_typesupport_fastrtps_cExport-noconfig.cmake
[72.294s] -- Up-to-date: /home/ros2/ros2_ws/install/citrack_ros_msgs/share/citrack_ros_msgs/cmake/export_citrack_ros_msgs__rosidl_generator_cppExport.cmake
[72.296s] -- Up-to-date: /home/ros2/ros2_ws/install/citrack_ros_msgs/share/citrack_ros_msgs/cmake/export_citrack_ros_msgs__rosidl_typesupport_fastrtps_cppExport.cmake
[72.297s] -- Up-to-date: /home/ros2/ros2_ws/install/citrack_ros_msgs/share/citrack_ros_msgs/cmake/export_citrack_ros_msgs__rosidl_typesupport_fastrtps_cppExport-noconfig.cmake
[72.299s] -- Up-to-date: /home/ros2/ros2_ws/install/citrack_ros_msgs/share/citrack_ros_msgs/cmake/citrack_ros_msgs__rosidl_typesupport_introspection_cExport.cmake
[72.300s] -- Up-to-date: /home/ros2/ros2_ws/install/citrack_ros_msgs/share/citrack_ros_msgs/cmake/citrack_ros_msgs__rosidl_typesupport_introspection_cExport-noconfig.cmake
[72.306s] -- Up-to-date: /home/ros2/ros2_ws/install/citrack_ros_msgs/share/citrack_ros_msgs/cmake/citrack_ros_msgs__rosidl_typesupport_cExport.cmake
[72.307s] -- Up-to-date: /home/ros2/ros2_ws/install/citrack_ros_msgs/share/citrack_ros_msgs/cmake/citrack_ros_msgs__rosidl_typesupport_cExport-noconfig.cmake
[72.309s] -- Up-to-date: /home/ros2/ros2_ws/install/citrack_ros_msgs/share/citrack_ros_msgs/cmake/citrack_ros_msgs__rosidl_typesupport_introspection_cppExport.cmake
[72.310s] -- Up-to-date: /home/ros2/ros2_ws/install/citrack_ros_msgs/share/citrack_ros_msgs/cmake/citrack_ros_msgs__rosidl_typesupport_introspection_cppExport-noconfig.cmake
[72.312s] -- Up-to-date: /home/ros2/ros2_ws/install/citrack_ros_msgs/share/citrack_ros_msgs/cmake/citrack_ros_msgs__rosidl_typesupport_cppExport.cmake
[72.316s] -- Up-to-date: /home/ros2/ros2_ws/install/citrack_ros_msgs/share/citrack_ros_msgs/cmake/citrack_ros_msgs__rosidl_typesupport_cppExport-noconfig.cmake
[72.321s] -- Up-to-date: /home/ros2/ros2_ws/install/citrack_ros_msgs/share/citrack_ros_msgs/cmake/export_citrack_ros_msgs__rosidl_generator_pyExport.cmake
[72.324s] -- Up-to-date: /home/ros2/ros2_ws/install/citrack_ros_msgs/share/citrack_ros_msgs/cmake/export_citrack_ros_msgs__rosidl_generator_pyExport-noconfig.cmake
[72.334s] Invoked command in '/home/ros2/ros2_ws/build/citrack_ros_msgs' returned '0': CMAKE_PREFIX_PATH=${CMAKE_PREFIX_PATH}:/home/ros2/ros2_ws/install/uwb_tracking_ros2:/home/ros2/ros2_ws/install/sebot_navigation:/home/ros2/ros2_ws/install/motordriver:/home/ros2/ros2_ws/install/diffdrive:/opt/ros/jazzy DEBUGINFOD_URLS=https://debuginfod.ubuntu.com /usr/bin/cmake --install /home/ros2/ros2_ws/build/citrack_ros_msgs
