running develop
Removing /home/ros2/ros2_ws/install/motordriver/lib/python3.12/site-packages/motordriver.egg-link (link to .)
running egg_info
writing ../../build/motordriver/motordriver.egg-info/PKG-INFO
writing dependency_links to ../../build/motordriver/motordriver.egg-info/dependency_links.txt
writing entry points to ../../build/motordriver/motordriver.egg-info/entry_points.txt
writing requirements to ../../build/motordriver/motordriver.egg-info/requires.txt
writing top-level names to ../../build/motordriver/motordriver.egg-info/top_level.txt
reading manifest file '../../build/motordriver/motordriver.egg-info/SOURCES.txt'
writing manifest file '../../build/motordriver/motordriver.egg-info/SOURCES.txt'
running build
running build_py
creating /home/ros2/ros2_ws/build/motordriver/build
creating /home/ros2/ros2_ws/build/motordriver/build/lib
creating /home/ros2/ros2_ws/build/motordriver/build/lib/motordriver
copying motordriver/__init__.py -> /home/ros2/ros2_ws/build/motordriver/build/lib/motordriver
copying motordriver/motordriver.py -> /home/ros2/ros2_ws/build/motordriver/build/lib/motordriver
copying motordriver/simserial.py -> /home/ros2/ros2_ws/build/motordriver/build/lib/motordriver
running install
running install_lib
creating /home/ros2/ros2_ws/install/motordriver/lib/python3.12/site-packages/motordriver
copying /home/ros2/ros2_ws/build/motordriver/build/lib/motordriver/__init__.py -> /home/ros2/ros2_ws/install/motordriver/lib/python3.12/site-packages/motordriver
copying /home/ros2/ros2_ws/build/motordriver/build/lib/motordriver/motordriver.py -> /home/ros2/ros2_ws/install/motordriver/lib/python3.12/site-packages/motordriver
copying /home/ros2/ros2_ws/build/motordriver/build/lib/motordriver/simserial.py -> /home/ros2/ros2_ws/install/motordriver/lib/python3.12/site-packages/motordriver
byte-compiling /home/ros2/ros2_ws/install/motordriver/lib/python3.12/site-packages/motordriver/__init__.py to __init__.cpython-312.pyc
byte-compiling /home/ros2/ros2_ws/install/motordriver/lib/python3.12/site-packages/motordriver/motordriver.py to motordriver.cpython-312.pyc
byte-compiling /home/ros2/ros2_ws/install/motordriver/lib/python3.12/site-packages/motordriver/simserial.py to simserial.cpython-312.pyc
running install_data
copying resource/motordriver -> /home/ros2/ros2_ws/install/motordriver/share/ament_index/resource_index/packages
copying package.xml -> /home/ros2/ros2_ws/install/motordriver/share/motordriver
running install_egg_info
Copying ../../build/motordriver/motordriver.egg-info to /home/ros2/ros2_ws/install/motordriver/lib/python3.12/site-packages/motordriver-0.0.0-py3.12.egg-info
running install_scripts
Installing motordriver script to /home/ros2/ros2_ws/install/motordriver/lib/motordriver
writing list of installed files to '/home/ros2/ros2_ws/build/motordriver/install.log'
