[2.575s] Invoking command in '/home/ros2/ros2_ws/build/uwb_tracking_ros2': DEBUGINFOD_URLS=https://debuginfod.ubuntu.com PYTHONPATH=/home/ros2/ros2_ws/build/uwb_tracking_ros2/prefix_override:/usr/lib/python3/dist-packages/colcon_core/task/python/colcon_distutils_commands:/home/ros2/ros2_ws/install/uwb_tracking_ros2/lib/python3.12/site-packages:${PYTHONPATH} /usr/bin/python3 -W ignore:setup.py install is deprecated -W ignore:easy_install command is deprecated setup.py develop --uninstall --editable --build-directory /home/ros2/ros2_ws/build/uwb_tracking_ros2/build
[3.403s] running develop
[3.722s] Removing /home/ros2/ros2_ws/install/uwb_tracking_ros2/lib/python3.12/site-packages/uwb-tracking-ros2.egg-link (link to .)
[3.834s] Invoked command in '/home/ros2/ros2_ws/build/uwb_tracking_ros2' returned '0': DEBUGINFOD_URLS=https://debuginfod.ubuntu.com PYTHONPATH=/home/ros2/ros2_ws/build/uwb_tracking_ros2/prefix_override:/usr/lib/python3/dist-packages/colcon_core/task/python/colcon_distutils_commands:/home/ros2/ros2_ws/install/uwb_tracking_ros2/lib/python3.12/site-packages:${PYTHONPATH} /usr/bin/python3 -W ignore:setup.py install is deprecated -W ignore:easy_install command is deprecated setup.py develop --uninstall --editable --build-directory /home/ros2/ros2_ws/build/uwb_tracking_ros2/build
[3.836s] Invoking command in '/home/ros2/ros2_ws/src/uwb-tracking-ros/uwb_tracking_ros2': DEBUGINFOD_URLS=https://debuginfod.ubuntu.com PYTHONPATH=/home/ros2/ros2_ws/build/uwb_tracking_ros2/prefix_override:/usr/lib/python3/dist-packages/colcon_core/task/python/colcon_distutils_commands:/home/ros2/ros2_ws/install/uwb_tracking_ros2/lib/python3.12/site-packages:${PYTHONPATH} /usr/bin/python3 -W ignore:setup.py install is deprecated -W ignore:easy_install command is deprecated setup.py egg_info --egg-base ../../../build/uwb_tracking_ros2 build --build-base /home/ros2/ros2_ws/build/uwb_tracking_ros2/build install --record /home/ros2/ros2_ws/build/uwb_tracking_ros2/install.log --single-version-externally-managed install_data --force
[4.412s] running egg_info
[4.451s] writing ../../../build/uwb_tracking_ros2/uwb_tracking_ros2.egg-info/PKG-INFO
[4.451s] writing dependency_links to ../../../build/uwb_tracking_ros2/uwb_tracking_ros2.egg-info/dependency_links.txt
[4.452s] writing entry points to ../../../build/uwb_tracking_ros2/uwb_tracking_ros2.egg-info/entry_points.txt
[4.452s] writing requirements to ../../../build/uwb_tracking_ros2/uwb_tracking_ros2.egg-info/requires.txt
[4.453s] writing top-level names to ../../../build/uwb_tracking_ros2/uwb_tracking_ros2.egg-info/top_level.txt
[4.534s] reading manifest file '../../../build/uwb_tracking_ros2/uwb_tracking_ros2.egg-info/SOURCES.txt'
[4.536s] adding license file 'LICENSE'
[4.537s] writing manifest file '../../../build/uwb_tracking_ros2/uwb_tracking_ros2.egg-info/SOURCES.txt'
[4.538s] running build
[4.538s] running build_py
[4.538s] running install
[4.551s] running install_lib
[4.599s] creating /home/ros2/ros2_ws/install/uwb_tracking_ros2/lib/python3.12/site-packages/uwb_tracking_ros2
[4.599s] copying /home/ros2/ros2_ws/build/uwb_tracking_ros2/build/lib/uwb_tracking_ros2/KalmanFilter.py -> /home/ros2/ros2_ws/install/uwb_tracking_ros2/lib/python3.12/site-packages/uwb_tracking_ros2
[4.599s] copying /home/ros2/ros2_ws/build/uwb_tracking_ros2/build/lib/uwb_tracking_ros2/__init__.py -> /home/ros2/ros2_ws/install/uwb_tracking_ros2/lib/python3.12/site-packages/uwb_tracking_ros2
[4.602s] copying /home/ros2/ros2_ws/build/uwb_tracking_ros2/build/lib/uwb_tracking_ros2/dwm1001_apiCommands.py -> /home/ros2/ros2_ws/install/uwb_tracking_ros2/lib/python3.12/site-packages/uwb_tracking_ros2
[4.602s] copying /home/ros2/ros2_ws/build/uwb_tracking_ros2/build/lib/uwb_tracking_ros2/DataLogger.py -> /home/ros2/ros2_ws/install/uwb_tracking_ros2/lib/python3.12/site-packages/uwb_tracking_ros2
[4.602s] copying /home/ros2/ros2_ws/build/uwb_tracking_ros2/build/lib/uwb_tracking_ros2/LeastSquare.py -> /home/ros2/ros2_ws/install/uwb_tracking_ros2/lib/python3.12/site-packages/uwb_tracking_ros2
[4.604s] copying /home/ros2/ros2_ws/build/uwb_tracking_ros2/build/lib/uwb_tracking_ros2/uwb_tracking_dwm1001.py -> /home/ros2/ros2_ws/install/uwb_tracking_ros2/lib/python3.12/site-packages/uwb_tracking_ros2
[4.604s] copying /home/ros2/ros2_ws/build/uwb_tracking_ros2/build/lib/uwb_tracking_ros2/viz_dwm1001.py -> /home/ros2/ros2_ws/install/uwb_tracking_ros2/lib/python3.12/site-packages/uwb_tracking_ros2
[4.604s] copying /home/ros2/ros2_ws/build/uwb_tracking_ros2/build/lib/uwb_tracking_ros2/plot.py -> /home/ros2/ros2_ws/install/uwb_tracking_ros2/lib/python3.12/site-packages/uwb_tracking_ros2
[4.604s] copying /home/ros2/ros2_ws/build/uwb_tracking_ros2/build/lib/uwb_tracking_ros2/log_to_csv.py -> /home/ros2/ros2_ws/install/uwb_tracking_ros2/lib/python3.12/site-packages/uwb_tracking_ros2
[4.604s] copying /home/ros2/ros2_ws/build/uwb_tracking_ros2/build/lib/uwb_tracking_ros2/Helpers.py -> /home/ros2/ros2_ws/install/uwb_tracking_ros2/lib/python3.12/site-packages/uwb_tracking_ros2
[4.605s] copying /home/ros2/ros2_ws/build/uwb_tracking_ros2/build/lib/uwb_tracking_ros2/plot_uwb_encoder.py -> /home/ros2/ros2_ws/install/uwb_tracking_ros2/lib/python3.12/site-packages/uwb_tracking_ros2
[4.605s] byte-compiling /home/ros2/ros2_ws/install/uwb_tracking_ros2/lib/python3.12/site-packages/uwb_tracking_ros2/KalmanFilter.py to KalmanFilter.cpython-312.pyc
[4.607s] byte-compiling /home/ros2/ros2_ws/install/uwb_tracking_ros2/lib/python3.12/site-packages/uwb_tracking_ros2/__init__.py to __init__.cpython-312.pyc
[4.607s] byte-compiling /home/ros2/ros2_ws/install/uwb_tracking_ros2/lib/python3.12/site-packages/uwb_tracking_ros2/dwm1001_apiCommands.py to dwm1001_apiCommands.cpython-312.pyc
[4.608s] byte-compiling /home/ros2/ros2_ws/install/uwb_tracking_ros2/lib/python3.12/site-packages/uwb_tracking_ros2/DataLogger.py to DataLogger.cpython-312.pyc
[4.611s] byte-compiling /home/ros2/ros2_ws/install/uwb_tracking_ros2/lib/python3.12/site-packages/uwb_tracking_ros2/LeastSquare.py to LeastSquare.cpython-312.pyc
[4.611s] byte-compiling /home/ros2/ros2_ws/install/uwb_tracking_ros2/lib/python3.12/site-packages/uwb_tracking_ros2/uwb_tracking_dwm1001.py to uwb_tracking_dwm1001.cpython-312.pyc
[4.612s] byte-compiling /home/ros2/ros2_ws/install/uwb_tracking_ros2/lib/python3.12/site-packages/uwb_tracking_ros2/viz_dwm1001.py to viz_dwm1001.cpython-312.pyc
[4.614s] byte-compiling /home/ros2/ros2_ws/install/uwb_tracking_ros2/lib/python3.12/site-packages/uwb_tracking_ros2/plot.py to plot.cpython-312.pyc
[4.617s] byte-compiling /home/ros2/ros2_ws/install/uwb_tracking_ros2/lib/python3.12/site-packages/uwb_tracking_ros2/log_to_csv.py to log_to_csv.cpython-312.pyc
[4.618s] byte-compiling /home/ros2/ros2_ws/install/uwb_tracking_ros2/lib/python3.12/site-packages/uwb_tracking_ros2/Helpers.py to Helpers.cpython-312.pyc
[4.620s] byte-compiling /home/ros2/ros2_ws/install/uwb_tracking_ros2/lib/python3.12/site-packages/uwb_tracking_ros2/plot_uwb_encoder.py to plot_uwb_encoder.cpython-312.pyc
[4.621s] running install_data
[4.621s] copying resource/uwb_tracking_ros2 -> /home/ros2/ros2_ws/install/uwb_tracking_ros2/share/ament_index/resource_index/packages
[4.623s] copying package.xml -> /home/ros2/ros2_ws/install/uwb_tracking_ros2/share/uwb_tracking_ros2
[4.623s] copying launch/uwb_tracking_dwm1001.launch.py -> /home/ros2/ros2_ws/install/uwb_tracking_ros2/share/uwb_tracking_ros2/launch
[4.623s] copying config/params_dwm1001.yaml -> /home/ros2/ros2_ws/install/uwb_tracking_ros2/share/uwb_tracking_ros2/config
[4.628s] copying config/params_trek1000.yaml -> /home/ros2/ros2_ws/install/uwb_tracking_ros2/share/uwb_tracking_ros2/config
[4.629s] running install_egg_info
[4.666s] Copying ../../../build/uwb_tracking_ros2/uwb_tracking_ros2.egg-info to /home/ros2/ros2_ws/install/uwb_tracking_ros2/lib/python3.12/site-packages/uwb_tracking_ros2-0.0.0-py3.12.egg-info
[4.682s] running install_scripts
[5.047s] Installing data_logger script to /home/ros2/ros2_ws/install/uwb_tracking_ros2/lib/uwb_tracking_ros2
[5.104s] Installing uwb_tracking_dwm1001 script to /home/ros2/ros2_ws/install/uwb_tracking_ros2/lib/uwb_tracking_ros2
[5.107s] Installing viz_dwm1001 script to /home/ros2/ros2_ws/install/uwb_tracking_ros2/lib/uwb_tracking_ros2
[5.109s] writing list of installed files to '/home/ros2/ros2_ws/build/uwb_tracking_ros2/install.log'
[5.241s] Invoked command in '/home/ros2/ros2_ws/src/uwb-tracking-ros/uwb_tracking_ros2' returned '0': DEBUGINFOD_URLS=https://debuginfod.ubuntu.com PYTHONPATH=/home/ros2/ros2_ws/build/uwb_tracking_ros2/prefix_override:/usr/lib/python3/dist-packages/colcon_core/task/python/colcon_distutils_commands:/home/ros2/ros2_ws/install/uwb_tracking_ros2/lib/python3.12/site-packages:${PYTHONPATH} /usr/bin/python3 -W ignore:setup.py install is deprecated -W ignore:easy_install command is deprecated setup.py egg_info --egg-base ../../../build/uwb_tracking_ros2 build --build-base /home/ros2/ros2_ws/build/uwb_tracking_ros2/build install --record /home/ros2/ros2_ws/build/uwb_tracking_ros2/install.log --single-version-externally-managed install_data --force
