-- Found ament_cmake: 2.5.3 (/opt/ros/jazzy/share/ament_cmake/cmake)
-- Found Python3: /usr/bin/python3 (found version "3.12.3") found components: Interpreter 
-- Override CMake install command with custom implementation using symlinks instead of copying resources
-- Found builtin_interfaces: 2.0.2 (/opt/ros/jazzy/share/builtin_interfaces/cmake)
-- Found rosidl_generator_c: 4.6.5 (/opt/ros/jazzy/share/rosidl_generator_c/cmake)
-- Found rosidl_generator_cpp: 4.6.5 (/opt/ros/jazzy/share/rosidl_generator_cpp/cmake)
-- Using all available rosidl_typesupport_c: rosidl_typesupport_fastrtps_c;rosidl_typesupport_introspection_c
-- Using all available rosidl_typesupport_cpp: rosidl_typesupport_fastrtps_cpp;rosidl_typesupport_introspection_cpp
-- Found rosidl_default_generators: 1.6.0 (/opt/ros/jazzy/share/rosidl_default_generators/cmake)
-- Found rosidl_adapter: 4.6.5 (/opt/ros/jazzy/share/rosidl_adapter/cmake)
-- Found std_msgs: 5.3.5 (/opt/ros/jazzy/share/std_msgs/cmake)
-- Found geometry_msgs: 5.3.5 (/opt/ros/jazzy/share/geometry_msgs/cmake)
-- Found sensor_msgs: 5.3.5 (/opt/ros/jazzy/share/sensor_msgs/cmake)
-- Found action_msgs: 2.0.2 (/opt/ros/jazzy/share/action_msgs/cmake)
-- Found ament_cmake_cppcheck: 0.17.1 (/opt/ros/jazzy/share/ament_cmake_cppcheck/cmake)
-- Found ament_cmake_cpplint: 0.17.1 (/opt/ros/jazzy/share/ament_cmake_cpplint/cmake)
-- Found ament_cmake_uncrustify: 0.17.1 (/opt/ros/jazzy/share/ament_cmake_uncrustify/cmake)
-- Found ament_cmake_ros: 0.12.0 (/opt/ros/jazzy/share/ament_cmake_ros/cmake)
-- Using all available rosidl_typesupport_c: rosidl_typesupport_fastrtps_c;rosidl_typesupport_introspection_c
-- Using all available rosidl_typesupport_cpp: rosidl_typesupport_fastrtps_cpp;rosidl_typesupport_introspection_cpp
-- Found python_cmake_module: 0.11.1 (/opt/ros/jazzy/share/python_cmake_module/cmake)
-- Found Python3: /usr/bin/python3 (found version "3.12.3") found components: Interpreter Development NumPy Development.Module Development.Embed 
-- Found ament_cmake_flake8: 0.17.1 (/opt/ros/jazzy/share/ament_cmake_flake8/cmake)
-- Found ament_cmake_pep257: 0.17.1 (/opt/ros/jazzy/share/ament_cmake_pep257/cmake)
-- Found ament_lint_auto: 0.17.1 (/opt/ros/jazzy/share/ament_lint_auto/cmake)
-- Added test 'lint_cmake' to check CMake code style
-- Added test 'xmllint' to check XML markup files
-- Configuring done (4.4s)
-- Generating done (0.7s)
-- Build files have been written to: /home/ros2/ros2_ws/build/citrack_ros_msgs
[  1%] Built target citrack_ros_msgs__rosidl_generator_type_description
[  1%] Built target citrack_ros_msgs__cpp
[  1%] Built target ament_cmake_python_symlink_citrack_ros_msgs
[ 27%] Built target citrack_ros_msgs__rosidl_generator_c
[ 37%] Built target citrack_ros_msgs__rosidl_typesupport_fastrtps_cpp
[ 46%] Built target citrack_ros_msgs__rosidl_typesupport_cpp
[ 56%] Built target citrack_ros_msgs__rosidl_typesupport_fastrtps_c
[ 66%] Built target citrack_ros_msgs__rosidl_typesupport_introspection_c
[ 76%] Built target citrack_ros_msgs__rosidl_typesupport_c
[ 85%] Built target citrack_ros_msgs__rosidl_typesupport_introspection_cpp
[ 85%] Built target citrack_ros_msgs
[ 86%] Built target citrack_ros_msgs__py
[ 95%] Built target citrack_ros_msgs__rosidl_generator_py
[ 97%] Built target citrack_ros_msgs_s__rosidl_typesupport_c
[ 99%] Built target citrack_ros_msgs_s__rosidl_typesupport_introspection_c
[100%] Built target citrack_ros_msgs_s__rosidl_typesupport_fastrtps_c
running egg_info
writing citrack_ros_msgs.egg-info/PKG-INFO
writing dependency_links to citrack_ros_msgs.egg-info/dependency_links.txt
writing top-level names to citrack_ros_msgs.egg-info/top_level.txt
reading manifest file 'citrack_ros_msgs.egg-info/SOURCES.txt'
writing manifest file 'citrack_ros_msgs.egg-info/SOURCES.txt'
[100%] Built target ament_cmake_python_build_citrack_ros_msgs_egg
-- Install configuration: ""
-- Execute custom install script
-- Up-to-date symlink: /home/ros2/ros2_ws/install/citrack_ros_msgs/share/ament_index/resource_index/rosidl_interfaces/citrack_ros_msgs
-- Up-to-date symlink: /home/ros2/ros2_ws/install/citrack_ros_msgs/share/citrack_ros_msgs/msg/ViconPosition.json
-- Up-to-date symlink: /home/ros2/ros2_ws/install/citrack_ros_msgs/share/citrack_ros_msgs/msg/UwbAnchor.json
-- Up-to-date symlink: /home/ros2/ros2_ws/install/citrack_ros_msgs/share/citrack_ros_msgs/msg/UwbTag.json
-- Up-to-date symlink: /home/ros2/ros2_ws/install/citrack_ros_msgs/share/citrack_ros_msgs/msg/UwbTags.json
-- Up-to-date symlink: /home/ros2/ros2_ws/install/citrack_ros_msgs/share/citrack_ros_msgs/msg/UwbRange.json
-- Up-to-date symlink: /home/ros2/ros2_ws/install/citrack_ros_msgs/share/citrack_ros_msgs/msg/DarknetBoundingBox.json
-- Up-to-date symlink: /home/ros2/ros2_ws/install/citrack_ros_msgs/share/citrack_ros_msgs/msg/DarknetBoundingBoxes.json
-- Up-to-date symlink: /home/ros2/ros2_ws/install/citrack_ros_msgs/share/citrack_ros_msgs/msg/DarknetObjectCount.json
-- Up-to-date symlink: /home/ros2/ros2_ws/install/citrack_ros_msgs/share/citrack_ros_msgs/msg/RvizBirdsEyeParam.json
-- Up-to-date symlink: /home/ros2/ros2_ws/install/citrack_ros_msgs/share/citrack_ros_msgs/msg/CustomTag.json
-- Up-to-date symlink: /home/ros2/ros2_ws/install/citrack_ros_msgs/share/citrack_ros_msgs/msg/MultiTags.json
-- Up-to-date symlink: /home/ros2/ros2_ws/install/citrack_ros_msgs/share/citrack_ros_msgs/action/DarknetCheckForObjects.json
-- Up-to-date symlink: /home/ros2/ros2_ws/install/citrack_ros_msgs/include/citrack_ros_msgs/citrack_ros_msgs/action/darknet_check_for_objects.h
-- Up-to-date symlink: /home/ros2/ros2_ws/install/citrack_ros_msgs/include/citrack_ros_msgs/citrack_ros_msgs/action/detail/darknet_check_for_objects__functions.h
-- Up-to-date symlink: /home/ros2/ros2_ws/install/citrack_ros_msgs/include/citrack_ros_msgs/citrack_ros_msgs/action/detail/darknet_check_for_objects__struct.h
-- Up-to-date symlink: /home/ros2/ros2_ws/install/citrack_ros_msgs/include/citrack_ros_msgs/citrack_ros_msgs/action/detail/darknet_check_for_objects__type_support.h
-- Up-to-date symlink: /home/ros2/ros2_ws/install/citrack_ros_msgs/include/citrack_ros_msgs/citrack_ros_msgs/msg/custom_tag.h
-- Up-to-date symlink: /home/ros2/ros2_ws/install/citrack_ros_msgs/include/citrack_ros_msgs/citrack_ros_msgs/msg/darknet_bounding_box.h
-- Up-to-date symlink: /home/ros2/ros2_ws/install/citrack_ros_msgs/include/citrack_ros_msgs/citrack_ros_msgs/msg/darknet_bounding_boxes.h
-- Up-to-date symlink: /home/ros2/ros2_ws/install/citrack_ros_msgs/include/citrack_ros_msgs/citrack_ros_msgs/msg/darknet_object_count.h
-- Up-to-date symlink: /home/ros2/ros2_ws/install/citrack_ros_msgs/include/citrack_ros_msgs/citrack_ros_msgs/msg/detail/custom_tag__functions.h
-- Up-to-date symlink: /home/ros2/ros2_ws/install/citrack_ros_msgs/include/citrack_ros_msgs/citrack_ros_msgs/msg/detail/custom_tag__struct.h
-- Up-to-date symlink: /home/ros2/ros2_ws/install/citrack_ros_msgs/include/citrack_ros_msgs/citrack_ros_msgs/msg/detail/custom_tag__type_support.h
-- Up-to-date symlink: /home/ros2/ros2_ws/install/citrack_ros_msgs/include/citrack_ros_msgs/citrack_ros_msgs/msg/detail/darknet_bounding_box__functions.h
-- Up-to-date symlink: /home/ros2/ros2_ws/install/citrack_ros_msgs/include/citrack_ros_msgs/citrack_ros_msgs/msg/detail/darknet_bounding_box__struct.h
-- Up-to-date symlink: /home/ros2/ros2_ws/install/citrack_ros_msgs/include/citrack_ros_msgs/citrack_ros_msgs/msg/detail/darknet_bounding_box__type_support.h
-- Up-to-date symlink: /home/ros2/ros2_ws/install/citrack_ros_msgs/include/citrack_ros_msgs/citrack_ros_msgs/msg/detail/darknet_bounding_boxes__functions.h
-- Up-to-date symlink: /home/ros2/ros2_ws/install/citrack_ros_msgs/include/citrack_ros_msgs/citrack_ros_msgs/msg/detail/darknet_bounding_boxes__struct.h
-- Up-to-date symlink: /home/ros2/ros2_ws/install/citrack_ros_msgs/include/citrack_ros_msgs/citrack_ros_msgs/msg/detail/darknet_bounding_boxes__type_support.h
-- Up-to-date symlink: /home/ros2/ros2_ws/install/citrack_ros_msgs/include/citrack_ros_msgs/citrack_ros_msgs/msg/detail/darknet_object_count__functions.h
-- Up-to-date symlink: /home/ros2/ros2_ws/install/citrack_ros_msgs/include/citrack_ros_msgs/citrack_ros_msgs/msg/detail/darknet_object_count__struct.h
-- Up-to-date symlink: /home/ros2/ros2_ws/install/citrack_ros_msgs/include/citrack_ros_msgs/citrack_ros_msgs/msg/detail/darknet_object_count__type_support.h
-- Up-to-date symlink: /home/ros2/ros2_ws/install/citrack_ros_msgs/include/citrack_ros_msgs/citrack_ros_msgs/msg/detail/multi_tags__functions.h
-- Up-to-date symlink: /home/ros2/ros2_ws/install/citrack_ros_msgs/include/citrack_ros_msgs/citrack_ros_msgs/msg/detail/multi_tags__struct.h
-- Up-to-date symlink: /home/ros2/ros2_ws/install/citrack_ros_msgs/include/citrack_ros_msgs/citrack_ros_msgs/msg/detail/multi_tags__type_support.h
-- Up-to-date symlink: /home/ros2/ros2_ws/install/citrack_ros_msgs/include/citrack_ros_msgs/citrack_ros_msgs/msg/detail/rviz_birds_eye_param__functions.h
-- Up-to-date symlink: /home/ros2/ros2_ws/install/citrack_ros_msgs/include/citrack_ros_msgs/citrack_ros_msgs/msg/detail/rviz_birds_eye_param__struct.h
-- Up-to-date symlink: /home/ros2/ros2_ws/install/citrack_ros_msgs/include/citrack_ros_msgs/citrack_ros_msgs/msg/detail/rviz_birds_eye_param__type_support.h
-- Up-to-date symlink: /home/ros2/ros2_ws/install/citrack_ros_msgs/include/citrack_ros_msgs/citrack_ros_msgs/msg/detail/uwb_anchor__functions.h
-- Up-to-date symlink: /home/ros2/ros2_ws/install/citrack_ros_msgs/include/citrack_ros_msgs/citrack_ros_msgs/msg/detail/uwb_anchor__struct.h
-- Up-to-date symlink: /home/ros2/ros2_ws/install/citrack_ros_msgs/include/citrack_ros_msgs/citrack_ros_msgs/msg/detail/uwb_anchor__type_support.h
-- Up-to-date symlink: /home/ros2/ros2_ws/install/citrack_ros_msgs/include/citrack_ros_msgs/citrack_ros_msgs/msg/detail/uwb_range__functions.h
-- Up-to-date symlink: /home/ros2/ros2_ws/install/citrack_ros_msgs/include/citrack_ros_msgs/citrack_ros_msgs/msg/detail/uwb_range__struct.h
-- Up-to-date symlink: /home/ros2/ros2_ws/install/citrack_ros_msgs/include/citrack_ros_msgs/citrack_ros_msgs/msg/detail/uwb_range__type_support.h
-- Up-to-date symlink: /home/ros2/ros2_ws/install/citrack_ros_msgs/include/citrack_ros_msgs/citrack_ros_msgs/msg/detail/uwb_tag__functions.h
-- Up-to-date symlink: /home/ros2/ros2_ws/install/citrack_ros_msgs/include/citrack_ros_msgs/citrack_ros_msgs/msg/detail/uwb_tag__struct.h
-- Up-to-date symlink: /home/ros2/ros2_ws/install/citrack_ros_msgs/include/citrack_ros_msgs/citrack_ros_msgs/msg/detail/uwb_tag__type_support.h
-- Up-to-date symlink: /home/ros2/ros2_ws/install/citrack_ros_msgs/include/citrack_ros_msgs/citrack_ros_msgs/msg/detail/uwb_tags__functions.h
-- Up-to-date symlink: /home/ros2/ros2_ws/install/citrack_ros_msgs/include/citrack_ros_msgs/citrack_ros_msgs/msg/detail/uwb_tags__struct.h
-- Up-to-date symlink: /home/ros2/ros2_ws/install/citrack_ros_msgs/include/citrack_ros_msgs/citrack_ros_msgs/msg/detail/uwb_tags__type_support.h
-- Up-to-date symlink: /home/ros2/ros2_ws/install/citrack_ros_msgs/include/citrack_ros_msgs/citrack_ros_msgs/msg/detail/vicon_position__functions.h
-- Up-to-date symlink: /home/ros2/ros2_ws/install/citrack_ros_msgs/include/citrack_ros_msgs/citrack_ros_msgs/msg/detail/vicon_position__struct.h
-- Up-to-date symlink: /home/ros2/ros2_ws/install/citrack_ros_msgs/include/citrack_ros_msgs/citrack_ros_msgs/msg/detail/vicon_position__type_support.h
-- Up-to-date symlink: /home/ros2/ros2_ws/install/citrack_ros_msgs/include/citrack_ros_msgs/citrack_ros_msgs/msg/multi_tags.h
-- Up-to-date symlink: /home/ros2/ros2_ws/install/citrack_ros_msgs/include/citrack_ros_msgs/citrack_ros_msgs/msg/rosidl_generator_c__visibility_control.h
-- Up-to-date symlink: /home/ros2/ros2_ws/install/citrack_ros_msgs/include/citrack_ros_msgs/citrack_ros_msgs/msg/rviz_birds_eye_param.h
-- Up-to-date symlink: /home/ros2/ros2_ws/install/citrack_ros_msgs/include/citrack_ros_msgs/citrack_ros_msgs/msg/uwb_anchor.h
-- Up-to-date symlink: /home/ros2/ros2_ws/install/citrack_ros_msgs/include/citrack_ros_msgs/citrack_ros_msgs/msg/uwb_range.h
-- Up-to-date symlink: /home/ros2/ros2_ws/install/citrack_ros_msgs/include/citrack_ros_msgs/citrack_ros_msgs/msg/uwb_tag.h
-- Up-to-date symlink: /home/ros2/ros2_ws/install/citrack_ros_msgs/include/citrack_ros_msgs/citrack_ros_msgs/msg/uwb_tags.h
-- Up-to-date symlink: /home/ros2/ros2_ws/install/citrack_ros_msgs/include/citrack_ros_msgs/citrack_ros_msgs/msg/vicon_position.h
-- Up-to-date symlink: /home/ros2/ros2_ws/install/citrack_ros_msgs/share/citrack_ros_msgs/environment/library_path.sh
-- Up-to-date symlink: /home/ros2/ros2_ws/install/citrack_ros_msgs/share/citrack_ros_msgs/environment/library_path.dsv
-- Up-to-date symlink: /home/ros2/ros2_ws/install/citrack_ros_msgs/include/citrack_ros_msgs/citrack_ros_msgs/action/detail/darknet_check_for_objects__rosidl_typesupport_fastrtps_c.h
-- Up-to-date symlink: /home/ros2/ros2_ws/install/citrack_ros_msgs/include/citrack_ros_msgs/citrack_ros_msgs/msg/detail/custom_tag__rosidl_typesupport_fastrtps_c.h
-- Up-to-date symlink: /home/ros2/ros2_ws/install/citrack_ros_msgs/include/citrack_ros_msgs/citrack_ros_msgs/msg/detail/darknet_bounding_box__rosidl_typesupport_fastrtps_c.h
-- Up-to-date symlink: /home/ros2/ros2_ws/install/citrack_ros_msgs/include/citrack_ros_msgs/citrack_ros_msgs/msg/detail/darknet_bounding_boxes__rosidl_typesupport_fastrtps_c.h
-- Up-to-date symlink: /home/ros2/ros2_ws/install/citrack_ros_msgs/include/citrack_ros_msgs/citrack_ros_msgs/msg/detail/darknet_object_count__rosidl_typesupport_fastrtps_c.h
-- Up-to-date symlink: /home/ros2/ros2_ws/install/citrack_ros_msgs/include/citrack_ros_msgs/citrack_ros_msgs/msg/detail/multi_tags__rosidl_typesupport_fastrtps_c.h
-- Up-to-date symlink: /home/ros2/ros2_ws/install/citrack_ros_msgs/include/citrack_ros_msgs/citrack_ros_msgs/msg/detail/rviz_birds_eye_param__rosidl_typesupport_fastrtps_c.h
-- Up-to-date symlink: /home/ros2/ros2_ws/install/citrack_ros_msgs/include/citrack_ros_msgs/citrack_ros_msgs/msg/detail/uwb_anchor__rosidl_typesupport_fastrtps_c.h
-- Up-to-date symlink: /home/ros2/ros2_ws/install/citrack_ros_msgs/include/citrack_ros_msgs/citrack_ros_msgs/msg/detail/uwb_range__rosidl_typesupport_fastrtps_c.h
-- Up-to-date symlink: /home/ros2/ros2_ws/install/citrack_ros_msgs/include/citrack_ros_msgs/citrack_ros_msgs/msg/detail/uwb_tag__rosidl_typesupport_fastrtps_c.h
-- Up-to-date symlink: /home/ros2/ros2_ws/install/citrack_ros_msgs/include/citrack_ros_msgs/citrack_ros_msgs/msg/detail/uwb_tags__rosidl_typesupport_fastrtps_c.h
-- Up-to-date symlink: /home/ros2/ros2_ws/install/citrack_ros_msgs/include/citrack_ros_msgs/citrack_ros_msgs/msg/detail/vicon_position__rosidl_typesupport_fastrtps_c.h
-- Up-to-date symlink: /home/ros2/ros2_ws/install/citrack_ros_msgs/include/citrack_ros_msgs/citrack_ros_msgs/msg/rosidl_typesupport_fastrtps_c__visibility_control.h
-- Up-to-date symlink: /home/ros2/ros2_ws/install/citrack_ros_msgs/include/citrack_ros_msgs/citrack_ros_msgs/action/darknet_check_for_objects.hpp
-- Up-to-date symlink: /home/ros2/ros2_ws/install/citrack_ros_msgs/include/citrack_ros_msgs/citrack_ros_msgs/action/detail/darknet_check_for_objects__builder.hpp
-- Up-to-date symlink: /home/ros2/ros2_ws/install/citrack_ros_msgs/include/citrack_ros_msgs/citrack_ros_msgs/action/detail/darknet_check_for_objects__struct.hpp
-- Up-to-date symlink: /home/ros2/ros2_ws/install/citrack_ros_msgs/include/citrack_ros_msgs/citrack_ros_msgs/action/detail/darknet_check_for_objects__traits.hpp
-- Up-to-date symlink: /home/ros2/ros2_ws/install/citrack_ros_msgs/include/citrack_ros_msgs/citrack_ros_msgs/action/detail/darknet_check_for_objects__type_support.hpp
-- Up-to-date symlink: /home/ros2/ros2_ws/install/citrack_ros_msgs/include/citrack_ros_msgs/citrack_ros_msgs/msg/custom_tag.hpp
-- Up-to-date symlink: /home/ros2/ros2_ws/install/citrack_ros_msgs/include/citrack_ros_msgs/citrack_ros_msgs/msg/darknet_bounding_box.hpp
-- Up-to-date symlink: /home/ros2/ros2_ws/install/citrack_ros_msgs/include/citrack_ros_msgs/citrack_ros_msgs/msg/darknet_bounding_boxes.hpp
-- Up-to-date symlink: /home/ros2/ros2_ws/install/citrack_ros_msgs/include/citrack_ros_msgs/citrack_ros_msgs/msg/darknet_object_count.hpp
-- Up-to-date symlink: /home/ros2/ros2_ws/install/citrack_ros_msgs/include/citrack_ros_msgs/citrack_ros_msgs/msg/detail/custom_tag__builder.hpp
-- Up-to-date symlink: /home/ros2/ros2_ws/install/citrack_ros_msgs/include/citrack_ros_msgs/citrack_ros_msgs/msg/detail/custom_tag__struct.hpp
-- Up-to-date symlink: /home/ros2/ros2_ws/install/citrack_ros_msgs/include/citrack_ros_msgs/citrack_ros_msgs/msg/detail/custom_tag__traits.hpp
-- Up-to-date symlink: /home/ros2/ros2_ws/install/citrack_ros_msgs/include/citrack_ros_msgs/citrack_ros_msgs/msg/detail/custom_tag__type_support.hpp
-- Up-to-date symlink: /home/ros2/ros2_ws/install/citrack_ros_msgs/include/citrack_ros_msgs/citrack_ros_msgs/msg/detail/darknet_bounding_box__builder.hpp
-- Up-to-date symlink: /home/ros2/ros2_ws/install/citrack_ros_msgs/include/citrack_ros_msgs/citrack_ros_msgs/msg/detail/darknet_bounding_box__struct.hpp
-- Up-to-date symlink: /home/ros2/ros2_ws/install/citrack_ros_msgs/include/citrack_ros_msgs/citrack_ros_msgs/msg/detail/darknet_bounding_box__traits.hpp
-- Up-to-date symlink: /home/ros2/ros2_ws/install/citrack_ros_msgs/include/citrack_ros_msgs/citrack_ros_msgs/msg/detail/darknet_bounding_box__type_support.hpp
-- Up-to-date symlink: /home/ros2/ros2_ws/install/citrack_ros_msgs/include/citrack_ros_msgs/citrack_ros_msgs/msg/detail/darknet_bounding_boxes__builder.hpp
-- Up-to-date symlink: /home/ros2/ros2_ws/install/citrack_ros_msgs/include/citrack_ros_msgs/citrack_ros_msgs/msg/detail/darknet_bounding_boxes__struct.hpp
-- Up-to-date symlink: /home/ros2/ros2_ws/install/citrack_ros_msgs/include/citrack_ros_msgs/citrack_ros_msgs/msg/detail/darknet_bounding_boxes__traits.hpp
-- Up-to-date symlink: /home/ros2/ros2_ws/install/citrack_ros_msgs/include/citrack_ros_msgs/citrack_ros_msgs/msg/detail/darknet_bounding_boxes__type_support.hpp
-- Up-to-date symlink: /home/ros2/ros2_ws/install/citrack_ros_msgs/include/citrack_ros_msgs/citrack_ros_msgs/msg/detail/darknet_object_count__builder.hpp
-- Up-to-date symlink: /home/ros2/ros2_ws/install/citrack_ros_msgs/include/citrack_ros_msgs/citrack_ros_msgs/msg/detail/darknet_object_count__struct.hpp
-- Up-to-date symlink: /home/ros2/ros2_ws/install/citrack_ros_msgs/include/citrack_ros_msgs/citrack_ros_msgs/msg/detail/darknet_object_count__traits.hpp
-- Up-to-date symlink: /home/ros2/ros2_ws/install/citrack_ros_msgs/include/citrack_ros_msgs/citrack_ros_msgs/msg/detail/darknet_object_count__type_support.hpp
-- Up-to-date symlink: /home/ros2/ros2_ws/install/citrack_ros_msgs/include/citrack_ros_msgs/citrack_ros_msgs/msg/detail/multi_tags__builder.hpp
-- Up-to-date symlink: /home/ros2/ros2_ws/install/citrack_ros_msgs/include/citrack_ros_msgs/citrack_ros_msgs/msg/detail/multi_tags__struct.hpp
-- Up-to-date symlink: /home/ros2/ros2_ws/install/citrack_ros_msgs/include/citrack_ros_msgs/citrack_ros_msgs/msg/detail/multi_tags__traits.hpp
-- Up-to-date symlink: /home/ros2/ros2_ws/install/citrack_ros_msgs/include/citrack_ros_msgs/citrack_ros_msgs/msg/detail/multi_tags__type_support.hpp
-- Up-to-date symlink: /home/ros2/ros2_ws/install/citrack_ros_msgs/include/citrack_ros_msgs/citrack_ros_msgs/msg/detail/rviz_birds_eye_param__builder.hpp
-- Up-to-date symlink: /home/ros2/ros2_ws/install/citrack_ros_msgs/include/citrack_ros_msgs/citrack_ros_msgs/msg/detail/rviz_birds_eye_param__struct.hpp
-- Up-to-date symlink: /home/ros2/ros2_ws/install/citrack_ros_msgs/include/citrack_ros_msgs/citrack_ros_msgs/msg/detail/rviz_birds_eye_param__traits.hpp
-- Up-to-date symlink: /home/ros2/ros2_ws/install/citrack_ros_msgs/include/citrack_ros_msgs/citrack_ros_msgs/msg/detail/rviz_birds_eye_param__type_support.hpp
-- Up-to-date symlink: /home/ros2/ros2_ws/install/citrack_ros_msgs/include/citrack_ros_msgs/citrack_ros_msgs/msg/detail/uwb_anchor__builder.hpp
-- Up-to-date symlink: /home/ros2/ros2_ws/install/citrack_ros_msgs/include/citrack_ros_msgs/citrack_ros_msgs/msg/detail/uwb_anchor__struct.hpp
-- Up-to-date symlink: /home/ros2/ros2_ws/install/citrack_ros_msgs/include/citrack_ros_msgs/citrack_ros_msgs/msg/detail/uwb_anchor__traits.hpp
-- Up-to-date symlink: /home/ros2/ros2_ws/install/citrack_ros_msgs/include/citrack_ros_msgs/citrack_ros_msgs/msg/detail/uwb_anchor__type_support.hpp
-- Up-to-date symlink: /home/ros2/ros2_ws/install/citrack_ros_msgs/include/citrack_ros_msgs/citrack_ros_msgs/msg/detail/uwb_range__builder.hpp
-- Up-to-date symlink: /home/ros2/ros2_ws/install/citrack_ros_msgs/include/citrack_ros_msgs/citrack_ros_msgs/msg/detail/uwb_range__struct.hpp
-- Up-to-date symlink: /home/ros2/ros2_ws/install/citrack_ros_msgs/include/citrack_ros_msgs/citrack_ros_msgs/msg/detail/uwb_range__traits.hpp
-- Up-to-date symlink: /home/ros2/ros2_ws/install/citrack_ros_msgs/include/citrack_ros_msgs/citrack_ros_msgs/msg/detail/uwb_range__type_support.hpp
-- Up-to-date symlink: /home/ros2/ros2_ws/install/citrack_ros_msgs/include/citrack_ros_msgs/citrack_ros_msgs/msg/detail/uwb_tag__builder.hpp
-- Up-to-date symlink: /home/ros2/ros2_ws/install/citrack_ros_msgs/include/citrack_ros_msgs/citrack_ros_msgs/msg/detail/uwb_tag__struct.hpp
-- Up-to-date symlink: /home/ros2/ros2_ws/install/citrack_ros_msgs/include/citrack_ros_msgs/citrack_ros_msgs/msg/detail/uwb_tag__traits.hpp
-- Up-to-date symlink: /home/ros2/ros2_ws/install/citrack_ros_msgs/include/citrack_ros_msgs/citrack_ros_msgs/msg/detail/uwb_tag__type_support.hpp
-- Up-to-date symlink: /home/ros2/ros2_ws/install/citrack_ros_msgs/include/citrack_ros_msgs/citrack_ros_msgs/msg/detail/uwb_tags__builder.hpp
-- Up-to-date symlink: /home/ros2/ros2_ws/install/citrack_ros_msgs/include/citrack_ros_msgs/citrack_ros_msgs/msg/detail/uwb_tags__struct.hpp
-- Up-to-date symlink: /home/ros2/ros2_ws/install/citrack_ros_msgs/include/citrack_ros_msgs/citrack_ros_msgs/msg/detail/uwb_tags__traits.hpp
-- Up-to-date symlink: /home/ros2/ros2_ws/install/citrack_ros_msgs/include/citrack_ros_msgs/citrack_ros_msgs/msg/detail/uwb_tags__type_support.hpp
-- Up-to-date symlink: /home/ros2/ros2_ws/install/citrack_ros_msgs/include/citrack_ros_msgs/citrack_ros_msgs/msg/detail/vicon_position__builder.hpp
-- Up-to-date symlink: /home/ros2/ros2_ws/install/citrack_ros_msgs/include/citrack_ros_msgs/citrack_ros_msgs/msg/detail/vicon_position__struct.hpp
-- Up-to-date symlink: /home/ros2/ros2_ws/install/citrack_ros_msgs/include/citrack_ros_msgs/citrack_ros_msgs/msg/detail/vicon_position__traits.hpp
-- Up-to-date symlink: /home/ros2/ros2_ws/install/citrack_ros_msgs/include/citrack_ros_msgs/citrack_ros_msgs/msg/detail/vicon_position__type_support.hpp
-- Up-to-date symlink: /home/ros2/ros2_ws/install/citrack_ros_msgs/include/citrack_ros_msgs/citrack_ros_msgs/msg/multi_tags.hpp
-- Up-to-date symlink: /home/ros2/ros2_ws/install/citrack_ros_msgs/include/citrack_ros_msgs/citrack_ros_msgs/msg/rosidl_generator_cpp__visibility_control.hpp
-- Up-to-date symlink: /home/ros2/ros2_ws/install/citrack_ros_msgs/include/citrack_ros_msgs/citrack_ros_msgs/msg/rviz_birds_eye_param.hpp
-- Up-to-date symlink: /home/ros2/ros2_ws/install/citrack_ros_msgs/include/citrack_ros_msgs/citrack_ros_msgs/msg/uwb_anchor.hpp
-- Up-to-date symlink: /home/ros2/ros2_ws/install/citrack_ros_msgs/include/citrack_ros_msgs/citrack_ros_msgs/msg/uwb_range.hpp
-- Up-to-date symlink: /home/ros2/ros2_ws/install/citrack_ros_msgs/include/citrack_ros_msgs/citrack_ros_msgs/msg/uwb_tag.hpp
-- Up-to-date symlink: /home/ros2/ros2_ws/install/citrack_ros_msgs/include/citrack_ros_msgs/citrack_ros_msgs/msg/uwb_tags.hpp
-- Up-to-date symlink: /home/ros2/ros2_ws/install/citrack_ros_msgs/include/citrack_ros_msgs/citrack_ros_msgs/msg/vicon_position.hpp
-- Up-to-date symlink: /home/ros2/ros2_ws/install/citrack_ros_msgs/include/citrack_ros_msgs/citrack_ros_msgs/action/detail/darknet_check_for_objects__rosidl_typesupport_fastrtps_cpp.hpp
-- Up-to-date symlink: /home/ros2/ros2_ws/install/citrack_ros_msgs/include/citrack_ros_msgs/citrack_ros_msgs/msg/detail/custom_tag__rosidl_typesupport_fastrtps_cpp.hpp
-- Up-to-date symlink: /home/ros2/ros2_ws/install/citrack_ros_msgs/include/citrack_ros_msgs/citrack_ros_msgs/msg/detail/darknet_bounding_box__rosidl_typesupport_fastrtps_cpp.hpp
-- Up-to-date symlink: /home/ros2/ros2_ws/install/citrack_ros_msgs/include/citrack_ros_msgs/citrack_ros_msgs/msg/detail/darknet_bounding_boxes__rosidl_typesupport_fastrtps_cpp.hpp
-- Up-to-date symlink: /home/ros2/ros2_ws/install/citrack_ros_msgs/include/citrack_ros_msgs/citrack_ros_msgs/msg/detail/darknet_object_count__rosidl_typesupport_fastrtps_cpp.hpp
-- Up-to-date symlink: /home/ros2/ros2_ws/install/citrack_ros_msgs/include/citrack_ros_msgs/citrack_ros_msgs/msg/detail/multi_tags__rosidl_typesupport_fastrtps_cpp.hpp
-- Up-to-date symlink: /home/ros2/ros2_ws/install/citrack_ros_msgs/include/citrack_ros_msgs/citrack_ros_msgs/msg/detail/rviz_birds_eye_param__rosidl_typesupport_fastrtps_cpp.hpp
-- Up-to-date symlink: /home/ros2/ros2_ws/install/citrack_ros_msgs/include/citrack_ros_msgs/citrack_ros_msgs/msg/detail/uwb_anchor__rosidl_typesupport_fastrtps_cpp.hpp
-- Up-to-date symlink: /home/ros2/ros2_ws/install/citrack_ros_msgs/include/citrack_ros_msgs/citrack_ros_msgs/msg/detail/uwb_range__rosidl_typesupport_fastrtps_cpp.hpp
-- Up-to-date symlink: /home/ros2/ros2_ws/install/citrack_ros_msgs/include/citrack_ros_msgs/citrack_ros_msgs/msg/detail/uwb_tag__rosidl_typesupport_fastrtps_cpp.hpp
-- Up-to-date symlink: /home/ros2/ros2_ws/install/citrack_ros_msgs/include/citrack_ros_msgs/citrack_ros_msgs/msg/detail/uwb_tags__rosidl_typesupport_fastrtps_cpp.hpp
-- Up-to-date symlink: /home/ros2/ros2_ws/install/citrack_ros_msgs/include/citrack_ros_msgs/citrack_ros_msgs/msg/detail/vicon_position__rosidl_typesupport_fastrtps_cpp.hpp
-- Up-to-date symlink: /home/ros2/ros2_ws/install/citrack_ros_msgs/include/citrack_ros_msgs/citrack_ros_msgs/msg/rosidl_typesupport_fastrtps_cpp__visibility_control.h
-- Up-to-date symlink: /home/ros2/ros2_ws/install/citrack_ros_msgs/include/citrack_ros_msgs/citrack_ros_msgs/action/detail/darknet_check_for_objects__rosidl_typesupport_introspection_c.h
-- Up-to-date symlink: /home/ros2/ros2_ws/install/citrack_ros_msgs/include/citrack_ros_msgs/citrack_ros_msgs/msg/detail/custom_tag__rosidl_typesupport_introspection_c.h
-- Up-to-date symlink: /home/ros2/ros2_ws/install/citrack_ros_msgs/include/citrack_ros_msgs/citrack_ros_msgs/msg/detail/darknet_bounding_box__rosidl_typesupport_introspection_c.h
-- Up-to-date symlink: /home/ros2/ros2_ws/install/citrack_ros_msgs/include/citrack_ros_msgs/citrack_ros_msgs/msg/detail/darknet_bounding_boxes__rosidl_typesupport_introspection_c.h
-- Up-to-date symlink: /home/ros2/ros2_ws/install/citrack_ros_msgs/include/citrack_ros_msgs/citrack_ros_msgs/msg/detail/darknet_object_count__rosidl_typesupport_introspection_c.h
-- Up-to-date symlink: /home/ros2/ros2_ws/install/citrack_ros_msgs/include/citrack_ros_msgs/citrack_ros_msgs/msg/detail/multi_tags__rosidl_typesupport_introspection_c.h
-- Up-to-date symlink: /home/ros2/ros2_ws/install/citrack_ros_msgs/include/citrack_ros_msgs/citrack_ros_msgs/msg/detail/rviz_birds_eye_param__rosidl_typesupport_introspection_c.h
-- Up-to-date symlink: /home/ros2/ros2_ws/install/citrack_ros_msgs/include/citrack_ros_msgs/citrack_ros_msgs/msg/detail/uwb_anchor__rosidl_typesupport_introspection_c.h
-- Up-to-date symlink: /home/ros2/ros2_ws/install/citrack_ros_msgs/include/citrack_ros_msgs/citrack_ros_msgs/msg/detail/uwb_range__rosidl_typesupport_introspection_c.h
-- Up-to-date symlink: /home/ros2/ros2_ws/install/citrack_ros_msgs/include/citrack_ros_msgs/citrack_ros_msgs/msg/detail/uwb_tag__rosidl_typesupport_introspection_c.h
-- Up-to-date symlink: /home/ros2/ros2_ws/install/citrack_ros_msgs/include/citrack_ros_msgs/citrack_ros_msgs/msg/detail/uwb_tags__rosidl_typesupport_introspection_c.h
-- Up-to-date symlink: /home/ros2/ros2_ws/install/citrack_ros_msgs/include/citrack_ros_msgs/citrack_ros_msgs/msg/detail/vicon_position__rosidl_typesupport_introspection_c.h
-- Up-to-date symlink: /home/ros2/ros2_ws/install/citrack_ros_msgs/include/citrack_ros_msgs/citrack_ros_msgs/msg/rosidl_typesupport_introspection_c__visibility_control.h
-- Up-to-date symlink: /home/ros2/ros2_ws/install/citrack_ros_msgs/include/citrack_ros_msgs/citrack_ros_msgs/action/detail/darknet_check_for_objects__rosidl_typesupport_introspection_cpp.hpp
-- Up-to-date symlink: /home/ros2/ros2_ws/install/citrack_ros_msgs/include/citrack_ros_msgs/citrack_ros_msgs/msg/detail/custom_tag__rosidl_typesupport_introspection_cpp.hpp
-- Up-to-date symlink: /home/ros2/ros2_ws/install/citrack_ros_msgs/include/citrack_ros_msgs/citrack_ros_msgs/msg/detail/darknet_bounding_box__rosidl_typesupport_introspection_cpp.hpp
-- Up-to-date symlink: /home/ros2/ros2_ws/install/citrack_ros_msgs/include/citrack_ros_msgs/citrack_ros_msgs/msg/detail/darknet_bounding_boxes__rosidl_typesupport_introspection_cpp.hpp
-- Up-to-date symlink: /home/ros2/ros2_ws/install/citrack_ros_msgs/include/citrack_ros_msgs/citrack_ros_msgs/msg/detail/darknet_object_count__rosidl_typesupport_introspection_cpp.hpp
-- Up-to-date symlink: /home/ros2/ros2_ws/install/citrack_ros_msgs/include/citrack_ros_msgs/citrack_ros_msgs/msg/detail/multi_tags__rosidl_typesupport_introspection_cpp.hpp
-- Up-to-date symlink: /home/ros2/ros2_ws/install/citrack_ros_msgs/include/citrack_ros_msgs/citrack_ros_msgs/msg/detail/rviz_birds_eye_param__rosidl_typesupport_introspection_cpp.hpp
-- Up-to-date symlink: /home/ros2/ros2_ws/install/citrack_ros_msgs/include/citrack_ros_msgs/citrack_ros_msgs/msg/detail/uwb_anchor__rosidl_typesupport_introspection_cpp.hpp
-- Up-to-date symlink: /home/ros2/ros2_ws/install/citrack_ros_msgs/include/citrack_ros_msgs/citrack_ros_msgs/msg/detail/uwb_range__rosidl_typesupport_introspection_cpp.hpp
-- Up-to-date symlink: /home/ros2/ros2_ws/install/citrack_ros_msgs/include/citrack_ros_msgs/citrack_ros_msgs/msg/detail/uwb_tag__rosidl_typesupport_introspection_cpp.hpp
-- Up-to-date symlink: /home/ros2/ros2_ws/install/citrack_ros_msgs/include/citrack_ros_msgs/citrack_ros_msgs/msg/detail/uwb_tags__rosidl_typesupport_introspection_cpp.hpp
-- Up-to-date symlink: /home/ros2/ros2_ws/install/citrack_ros_msgs/include/citrack_ros_msgs/citrack_ros_msgs/msg/detail/vicon_position__rosidl_typesupport_introspection_cpp.hpp
-- Up-to-date symlink: /home/ros2/ros2_ws/install/citrack_ros_msgs/share/citrack_ros_msgs/environment/pythonpath.sh
-- Up-to-date symlink: /home/ros2/ros2_ws/install/citrack_ros_msgs/share/citrack_ros_msgs/environment/pythonpath.dsv
-- Up-to-date symlink: /home/ros2/ros2_ws/install/citrack_ros_msgs/lib/python3.12/site-packages/citrack_ros_msgs-0.1.0-py3.12.egg-info/PKG-INFO
-- Up-to-date symlink: /home/ros2/ros2_ws/install/citrack_ros_msgs/lib/python3.12/site-packages/citrack_ros_msgs-0.1.0-py3.12.egg-info/SOURCES.txt
-- Up-to-date symlink: /home/ros2/ros2_ws/install/citrack_ros_msgs/lib/python3.12/site-packages/citrack_ros_msgs-0.1.0-py3.12.egg-info/dependency_links.txt
-- Up-to-date symlink: /home/ros2/ros2_ws/install/citrack_ros_msgs/lib/python3.12/site-packages/citrack_ros_msgs-0.1.0-py3.12.egg-info/top_level.txt
-- Up-to-date symlink: /home/ros2/ros2_ws/install/citrack_ros_msgs/lib/python3.12/site-packages/citrack_ros_msgs/__init__.py
-- Up-to-date symlink: /home/ros2/ros2_ws/install/citrack_ros_msgs/lib/python3.12/site-packages/citrack_ros_msgs/_citrack_ros_msgs_s.ep.rosidl_typesupport_c.c
-- Up-to-date symlink: /home/ros2/ros2_ws/install/citrack_ros_msgs/lib/python3.12/site-packages/citrack_ros_msgs/_citrack_ros_msgs_s.ep.rosidl_typesupport_fastrtps_c.c
-- Up-to-date symlink: /home/ros2/ros2_ws/install/citrack_ros_msgs/lib/python3.12/site-packages/citrack_ros_msgs/_citrack_ros_msgs_s.ep.rosidl_typesupport_introspection_c.c
-- Up-to-date symlink: /home/ros2/ros2_ws/install/citrack_ros_msgs/lib/python3.12/site-packages/citrack_ros_msgs/action/__init__.py
-- Up-to-date symlink: /home/ros2/ros2_ws/install/citrack_ros_msgs/lib/python3.12/site-packages/citrack_ros_msgs/action/_darknet_check_for_objects.py
-- Up-to-date symlink: /home/ros2/ros2_ws/install/citrack_ros_msgs/lib/python3.12/site-packages/citrack_ros_msgs/action/_darknet_check_for_objects_s.c
-- Up-to-date symlink: /home/ros2/ros2_ws/install/citrack_ros_msgs/lib/python3.12/site-packages/citrack_ros_msgs/citrack_ros_msgs_s__rosidl_typesupport_c.so
-- Up-to-date symlink: /home/ros2/ros2_ws/install/citrack_ros_msgs/lib/python3.12/site-packages/citrack_ros_msgs/citrack_ros_msgs_s__rosidl_typesupport_fastrtps_c.so
-- Up-to-date symlink: /home/ros2/ros2_ws/install/citrack_ros_msgs/lib/python3.12/site-packages/citrack_ros_msgs/citrack_ros_msgs_s__rosidl_typesupport_introspection_c.so
-- Up-to-date symlink: /home/ros2/ros2_ws/install/citrack_ros_msgs/lib/python3.12/site-packages/citrack_ros_msgs/msg/__init__.py
-- Up-to-date symlink: /home/ros2/ros2_ws/install/citrack_ros_msgs/lib/python3.12/site-packages/citrack_ros_msgs/msg/_custom_tag.py
-- Up-to-date symlink: /home/ros2/ros2_ws/install/citrack_ros_msgs/lib/python3.12/site-packages/citrack_ros_msgs/msg/_custom_tag_s.c
-- Up-to-date symlink: /home/ros2/ros2_ws/install/citrack_ros_msgs/lib/python3.12/site-packages/citrack_ros_msgs/msg/_darknet_bounding_box.py
-- Up-to-date symlink: /home/ros2/ros2_ws/install/citrack_ros_msgs/lib/python3.12/site-packages/citrack_ros_msgs/msg/_darknet_bounding_box_s.c
-- Up-to-date symlink: /home/ros2/ros2_ws/install/citrack_ros_msgs/lib/python3.12/site-packages/citrack_ros_msgs/msg/_darknet_bounding_boxes.py
-- Up-to-date symlink: /home/ros2/ros2_ws/install/citrack_ros_msgs/lib/python3.12/site-packages/citrack_ros_msgs/msg/_darknet_bounding_boxes_s.c
-- Up-to-date symlink: /home/ros2/ros2_ws/install/citrack_ros_msgs/lib/python3.12/site-packages/citrack_ros_msgs/msg/_darknet_object_count.py
-- Up-to-date symlink: /home/ros2/ros2_ws/install/citrack_ros_msgs/lib/python3.12/site-packages/citrack_ros_msgs/msg/_darknet_object_count_s.c
-- Up-to-date symlink: /home/ros2/ros2_ws/install/citrack_ros_msgs/lib/python3.12/site-packages/citrack_ros_msgs/msg/_multi_tags.py
-- Up-to-date symlink: /home/ros2/ros2_ws/install/citrack_ros_msgs/lib/python3.12/site-packages/citrack_ros_msgs/msg/_multi_tags_s.c
-- Up-to-date symlink: /home/ros2/ros2_ws/install/citrack_ros_msgs/lib/python3.12/site-packages/citrack_ros_msgs/msg/_rviz_birds_eye_param.py
-- Up-to-date symlink: /home/ros2/ros2_ws/install/citrack_ros_msgs/lib/python3.12/site-packages/citrack_ros_msgs/msg/_rviz_birds_eye_param_s.c
-- Up-to-date symlink: /home/ros2/ros2_ws/install/citrack_ros_msgs/lib/python3.12/site-packages/citrack_ros_msgs/msg/_uwb_anchor.py
-- Up-to-date symlink: /home/ros2/ros2_ws/install/citrack_ros_msgs/lib/python3.12/site-packages/citrack_ros_msgs/msg/_uwb_anchor_s.c
-- Up-to-date symlink: /home/ros2/ros2_ws/install/citrack_ros_msgs/lib/python3.12/site-packages/citrack_ros_msgs/msg/_uwb_range.py
-- Up-to-date symlink: /home/ros2/ros2_ws/install/citrack_ros_msgs/lib/python3.12/site-packages/citrack_ros_msgs/msg/_uwb_range_s.c
-- Up-to-date symlink: /home/ros2/ros2_ws/install/citrack_ros_msgs/lib/python3.12/site-packages/citrack_ros_msgs/msg/_uwb_tag.py
-- Up-to-date symlink: /home/ros2/ros2_ws/install/citrack_ros_msgs/lib/python3.12/site-packages/citrack_ros_msgs/msg/_uwb_tag_s.c
-- Up-to-date symlink: /home/ros2/ros2_ws/install/citrack_ros_msgs/lib/python3.12/site-packages/citrack_ros_msgs/msg/_uwb_tags.py
-- Up-to-date symlink: /home/ros2/ros2_ws/install/citrack_ros_msgs/lib/python3.12/site-packages/citrack_ros_msgs/msg/_uwb_tags_s.c
-- Up-to-date symlink: /home/ros2/ros2_ws/install/citrack_ros_msgs/lib/python3.12/site-packages/citrack_ros_msgs/msg/_vicon_position.py
-- Up-to-date symlink: /home/ros2/ros2_ws/install/citrack_ros_msgs/lib/python3.12/site-packages/citrack_ros_msgs/msg/_vicon_position_s.c
-- Up-to-date symlink: /home/ros2/ros2_ws/install/citrack_ros_msgs/lib/python3.12/site-packages/citrack_ros_msgs/citrack_ros_msgs_s__rosidl_typesupport_fastrtps_c.so
-- Up-to-date symlink: /home/ros2/ros2_ws/install/citrack_ros_msgs/lib/python3.12/site-packages/citrack_ros_msgs/citrack_ros_msgs_s__rosidl_typesupport_introspection_c.so
-- Up-to-date symlink: /home/ros2/ros2_ws/install/citrack_ros_msgs/lib/python3.12/site-packages/citrack_ros_msgs/citrack_ros_msgs_s__rosidl_typesupport_c.so
-- Up-to-date symlink: /home/ros2/ros2_ws/install/citrack_ros_msgs/share/citrack_ros_msgs/msg/ViconPosition.idl
-- Up-to-date symlink: /home/ros2/ros2_ws/install/citrack_ros_msgs/share/citrack_ros_msgs/msg/UwbAnchor.idl
-- Up-to-date symlink: /home/ros2/ros2_ws/install/citrack_ros_msgs/share/citrack_ros_msgs/msg/UwbTag.idl
-- Up-to-date symlink: /home/ros2/ros2_ws/install/citrack_ros_msgs/share/citrack_ros_msgs/msg/UwbTags.idl
-- Up-to-date symlink: /home/ros2/ros2_ws/install/citrack_ros_msgs/share/citrack_ros_msgs/msg/UwbRange.idl
-- Up-to-date symlink: /home/ros2/ros2_ws/install/citrack_ros_msgs/share/citrack_ros_msgs/msg/DarknetBoundingBox.idl
-- Up-to-date symlink: /home/ros2/ros2_ws/install/citrack_ros_msgs/share/citrack_ros_msgs/msg/DarknetBoundingBoxes.idl
-- Up-to-date symlink: /home/ros2/ros2_ws/install/citrack_ros_msgs/share/citrack_ros_msgs/msg/DarknetObjectCount.idl
-- Up-to-date symlink: /home/ros2/ros2_ws/install/citrack_ros_msgs/share/citrack_ros_msgs/msg/RvizBirdsEyeParam.idl
-- Up-to-date symlink: /home/ros2/ros2_ws/install/citrack_ros_msgs/share/citrack_ros_msgs/msg/CustomTag.idl
-- Up-to-date symlink: /home/ros2/ros2_ws/install/citrack_ros_msgs/share/citrack_ros_msgs/msg/MultiTags.idl
-- Up-to-date symlink: /home/ros2/ros2_ws/install/citrack_ros_msgs/share/citrack_ros_msgs/action/DarknetCheckForObjects.idl
-- Up-to-date symlink: /home/ros2/ros2_ws/install/citrack_ros_msgs/share/citrack_ros_msgs/msg/ViconPosition.msg
-- Up-to-date symlink: /home/ros2/ros2_ws/install/citrack_ros_msgs/share/citrack_ros_msgs/msg/UwbAnchor.msg
-- Up-to-date symlink: /home/ros2/ros2_ws/install/citrack_ros_msgs/share/citrack_ros_msgs/msg/UwbTag.msg
-- Up-to-date symlink: /home/ros2/ros2_ws/install/citrack_ros_msgs/share/citrack_ros_msgs/msg/UwbTags.msg
-- Up-to-date symlink: /home/ros2/ros2_ws/install/citrack_ros_msgs/share/citrack_ros_msgs/msg/UwbRange.msg
-- Up-to-date symlink: /home/ros2/ros2_ws/install/citrack_ros_msgs/share/citrack_ros_msgs/msg/DarknetBoundingBox.msg
-- Up-to-date symlink: /home/ros2/ros2_ws/install/citrack_ros_msgs/share/citrack_ros_msgs/msg/DarknetBoundingBoxes.msg
-- Up-to-date symlink: /home/ros2/ros2_ws/install/citrack_ros_msgs/share/citrack_ros_msgs/msg/DarknetObjectCount.msg
-- Up-to-date symlink: /home/ros2/ros2_ws/install/citrack_ros_msgs/share/citrack_ros_msgs/msg/RvizBirdsEyeParam.msg
-- Up-to-date symlink: /home/ros2/ros2_ws/install/citrack_ros_msgs/share/citrack_ros_msgs/msg/CustomTag.msg
-- Up-to-date symlink: /home/ros2/ros2_ws/install/citrack_ros_msgs/share/citrack_ros_msgs/msg/MultiTags.msg
-- Up-to-date symlink: /home/ros2/ros2_ws/install/citrack_ros_msgs/share/citrack_ros_msgs/action/DarknetCheckForObjects.action
-- Up-to-date symlink: /home/ros2/ros2_ws/install/citrack_ros_msgs/share/ament_index/resource_index/package_run_dependencies/citrack_ros_msgs
-- Up-to-date symlink: /home/ros2/ros2_ws/install/citrack_ros_msgs/share/ament_index/resource_index/parent_prefix_path/citrack_ros_msgs
-- Up-to-date symlink: /home/ros2/ros2_ws/install/citrack_ros_msgs/share/citrack_ros_msgs/environment/ament_prefix_path.sh
-- Up-to-date symlink: /home/ros2/ros2_ws/install/citrack_ros_msgs/share/citrack_ros_msgs/environment/ament_prefix_path.dsv
-- Up-to-date symlink: /home/ros2/ros2_ws/install/citrack_ros_msgs/share/citrack_ros_msgs/environment/path.sh
-- Up-to-date symlink: /home/ros2/ros2_ws/install/citrack_ros_msgs/share/citrack_ros_msgs/environment/path.dsv
-- Up-to-date symlink: /home/ros2/ros2_ws/install/citrack_ros_msgs/share/citrack_ros_msgs/local_setup.bash
-- Up-to-date symlink: /home/ros2/ros2_ws/install/citrack_ros_msgs/share/citrack_ros_msgs/local_setup.sh
-- Up-to-date symlink: /home/ros2/ros2_ws/install/citrack_ros_msgs/share/citrack_ros_msgs/local_setup.zsh
-- Up-to-date symlink: /home/ros2/ros2_ws/install/citrack_ros_msgs/share/citrack_ros_msgs/local_setup.dsv
-- Symlinking: /home/ros2/ros2_ws/install/citrack_ros_msgs/share/citrack_ros_msgs/package.dsv
-- Up-to-date symlink: /home/ros2/ros2_ws/install/citrack_ros_msgs/share/ament_index/resource_index/packages/citrack_ros_msgs
-- Up-to-date symlink: /home/ros2/ros2_ws/install/citrack_ros_msgs/share/citrack_ros_msgs/cmake/rosidl_cmake-extras.cmake
-- Up-to-date symlink: /home/ros2/ros2_ws/install/citrack_ros_msgs/share/citrack_ros_msgs/cmake/ament_cmake_export_dependencies-extras.cmake
-- Up-to-date symlink: /home/ros2/ros2_ws/install/citrack_ros_msgs/share/citrack_ros_msgs/cmake/ament_cmake_export_include_directories-extras.cmake
-- Up-to-date symlink: /home/ros2/ros2_ws/install/citrack_ros_msgs/share/citrack_ros_msgs/cmake/ament_cmake_export_libraries-extras.cmake
-- Up-to-date symlink: /home/ros2/ros2_ws/install/citrack_ros_msgs/share/citrack_ros_msgs/cmake/ament_cmake_export_targets-extras.cmake
-- Up-to-date symlink: /home/ros2/ros2_ws/install/citrack_ros_msgs/share/citrack_ros_msgs/cmake/rosidl_cmake_export_typesupport_targets-extras.cmake
-- Up-to-date symlink: /home/ros2/ros2_ws/install/citrack_ros_msgs/share/citrack_ros_msgs/cmake/rosidl_cmake_export_typesupport_libraries-extras.cmake
-- Up-to-date symlink: /home/ros2/ros2_ws/install/citrack_ros_msgs/share/citrack_ros_msgs/cmake/citrack_ros_msgsConfig.cmake
-- Up-to-date symlink: /home/ros2/ros2_ws/install/citrack_ros_msgs/share/citrack_ros_msgs/cmake/citrack_ros_msgsConfig-version.cmake
-- Up-to-date symlink: /home/ros2/ros2_ws/install/citrack_ros_msgs/share/citrack_ros_msgs/package.xml
-- Up-to-date: /home/ros2/ros2_ws/install/citrack_ros_msgs/lib/libcitrack_ros_msgs__rosidl_generator_c.so
-- Up-to-date: /home/ros2/ros2_ws/install/citrack_ros_msgs/lib/libcitrack_ros_msgs__rosidl_typesupport_fastrtps_c.so
-- Up-to-date: /home/ros2/ros2_ws/install/citrack_ros_msgs/lib/libcitrack_ros_msgs__rosidl_typesupport_fastrtps_cpp.so
-- Up-to-date: /home/ros2/ros2_ws/install/citrack_ros_msgs/lib/libcitrack_ros_msgs__rosidl_typesupport_introspection_c.so
-- Up-to-date: /home/ros2/ros2_ws/install/citrack_ros_msgs/lib/libcitrack_ros_msgs__rosidl_typesupport_c.so
-- Up-to-date: /home/ros2/ros2_ws/install/citrack_ros_msgs/lib/libcitrack_ros_msgs__rosidl_typesupport_introspection_cpp.so
-- Up-to-date: /home/ros2/ros2_ws/install/citrack_ros_msgs/lib/libcitrack_ros_msgs__rosidl_typesupport_cpp.so
Listing '/home/ros2/ros2_ws/install/citrack_ros_msgs/lib/python3.12/site-packages/citrack_ros_msgs'...
Compiling '/home/ros2/ros2_ws/install/citrack_ros_msgs/lib/python3.12/site-packages/citrack_ros_msgs/__init__.py'...
Listing '/home/ros2/ros2_ws/install/citrack_ros_msgs/lib/python3.12/site-packages/citrack_ros_msgs/action'...
Listing '/home/ros2/ros2_ws/install/citrack_ros_msgs/lib/python3.12/site-packages/citrack_ros_msgs/msg'...
-- Up-to-date: /home/ros2/ros2_ws/install/citrack_ros_msgs/lib/libcitrack_ros_msgs__rosidl_generator_py.so
-- Up-to-date: /home/ros2/ros2_ws/install/citrack_ros_msgs/share/citrack_ros_msgs/cmake/export_citrack_ros_msgs__rosidl_generator_cExport.cmake
-- Up-to-date: /home/ros2/ros2_ws/install/citrack_ros_msgs/share/citrack_ros_msgs/cmake/export_citrack_ros_msgs__rosidl_generator_cExport-noconfig.cmake
-- Up-to-date: /home/ros2/ros2_ws/install/citrack_ros_msgs/share/citrack_ros_msgs/cmake/export_citrack_ros_msgs__rosidl_typesupport_fastrtps_cExport.cmake
-- Up-to-date: /home/ros2/ros2_ws/install/citrack_ros_msgs/share/citrack_ros_msgs/cmake/export_citrack_ros_msgs__rosidl_typesupport_fastrtps_cExport-noconfig.cmake
-- Up-to-date: /home/ros2/ros2_ws/install/citrack_ros_msgs/share/citrack_ros_msgs/cmake/export_citrack_ros_msgs__rosidl_generator_cppExport.cmake
-- Up-to-date: /home/ros2/ros2_ws/install/citrack_ros_msgs/share/citrack_ros_msgs/cmake/export_citrack_ros_msgs__rosidl_typesupport_fastrtps_cppExport.cmake
-- Up-to-date: /home/ros2/ros2_ws/install/citrack_ros_msgs/share/citrack_ros_msgs/cmake/export_citrack_ros_msgs__rosidl_typesupport_fastrtps_cppExport-noconfig.cmake
-- Up-to-date: /home/ros2/ros2_ws/install/citrack_ros_msgs/share/citrack_ros_msgs/cmake/citrack_ros_msgs__rosidl_typesupport_introspection_cExport.cmake
-- Up-to-date: /home/ros2/ros2_ws/install/citrack_ros_msgs/share/citrack_ros_msgs/cmake/citrack_ros_msgs__rosidl_typesupport_introspection_cExport-noconfig.cmake
-- Up-to-date: /home/ros2/ros2_ws/install/citrack_ros_msgs/share/citrack_ros_msgs/cmake/citrack_ros_msgs__rosidl_typesupport_cExport.cmake
-- Up-to-date: /home/ros2/ros2_ws/install/citrack_ros_msgs/share/citrack_ros_msgs/cmake/citrack_ros_msgs__rosidl_typesupport_cExport-noconfig.cmake
-- Up-to-date: /home/ros2/ros2_ws/install/citrack_ros_msgs/share/citrack_ros_msgs/cmake/citrack_ros_msgs__rosidl_typesupport_introspection_cppExport.cmake
-- Up-to-date: /home/ros2/ros2_ws/install/citrack_ros_msgs/share/citrack_ros_msgs/cmake/citrack_ros_msgs__rosidl_typesupport_introspection_cppExport-noconfig.cmake
-- Up-to-date: /home/ros2/ros2_ws/install/citrack_ros_msgs/share/citrack_ros_msgs/cmake/citrack_ros_msgs__rosidl_typesupport_cppExport.cmake
-- Up-to-date: /home/ros2/ros2_ws/install/citrack_ros_msgs/share/citrack_ros_msgs/cmake/citrack_ros_msgs__rosidl_typesupport_cppExport-noconfig.cmake
-- Up-to-date: /home/ros2/ros2_ws/install/citrack_ros_msgs/share/citrack_ros_msgs/cmake/export_citrack_ros_msgs__rosidl_generator_pyExport.cmake
-- Up-to-date: /home/ros2/ros2_ws/install/citrack_ros_msgs/share/citrack_ros_msgs/cmake/export_citrack_ros_msgs__rosidl_generator_pyExport-noconfig.cmake
