[0.043s] Invoking command in '/home/ros2/ros2_ws/build/sebot_localization': CMAKE_PREFIX_PATH=${CMAKE_PREFIX_PATH}:/home/ros2/ros2_ws/install/uwb_tracking_ros2:/home/ros2/ros2_ws/install/sebot_navigation:/home/ros2/ros2_ws/install/motordriver:/home/ros2/ros2_ws/install/diffdrive:/opt/ros/jazzy DEBUGINFOD_URLS=https://debuginfod.ubuntu.com /usr/bin/cmake /home/ros2/ros2_ws/src/sebot_localization  -DAMENT_CMAKE_SYMLINK_INSTALL=1 -DCMAKE_INSTALL_PREFIX=/home/ros2/ros2_ws/install/sebot_localization
[0.237s] -- Found ament_cmake: 2.5.3 (/opt/ros/jazzy/share/ament_cmake/cmake)
[0.920s] -- Override CMake install command with custom implementation using symlinks instead of copying resources
[0.955s] -- Found rclcpp: 28.1.6 (/opt/ros/jazzy/share/rclcpp/cmake)
[1.176s] -- Found rosidl_generator_c: 4.6.5 (/opt/ros/jazzy/share/rosidl_generator_c/cmake)
[1.233s] -- Found rosidl_generator_cpp: 4.6.5 (/opt/ros/jazzy/share/rosidl_generator_cpp/cmake)
[1.306s] -- Using all available rosidl_typesupport_c: rosidl_typesupport_fastrtps_c;rosidl_typesupport_introspection_c
[1.382s] -- Using all available rosidl_typesupport_cpp: rosidl_typesupport_fastrtps_cpp;rosidl_typesupport_introspection_cpp
[1.502s] -- Found rmw_implementation_cmake: 7.3.1 (/opt/ros/jazzy/share/rmw_implementation_cmake/cmake)
[1.503s] -- Found rmw_fastrtps_cpp: 8.4.1 (/opt/ros/jazzy/share/rmw_fastrtps_cpp/cmake)
[1.639s] -- Using RMW implementation 'rmw_fastrtps_cpp' as default
[1.817s] -- Found std_msgs: 5.3.5 (/opt/ros/jazzy/share/std_msgs/cmake)
[1.865s] -- Found sensor_msgs: 5.3.5 (/opt/ros/jazzy/share/sensor_msgs/cmake)
[2.070s] -- Found nav_msgs: 5.3.5 (/opt/ros/jazzy/share/nav_msgs/cmake)
[2.597s] -- Found tf2: 0.36.7 (/opt/ros/jazzy/share/tf2/cmake)
[2.612s] -- Found tf2_ros: 0.36.7 (/opt/ros/jazzy/share/tf2_ros/cmake)
[3.187s] -- Found tf2_geometry_msgs: 0.36.7 (/opt/ros/jazzy/share/tf2_geometry_msgs/cmake)
[3.221s] -- Found eigen3_cmake_module: 0.3.0 (/opt/ros/jazzy/share/eigen3_cmake_module/cmake)
[3.237s] -- Ensuring Eigen3 include directory is part of orocos-kdl CMake target
[3.274s] -- Found ament_lint_auto: 0.17.1 (/opt/ros/jazzy/share/ament_lint_auto/cmake)
[3.757s] -- Added test 'cppcheck' to perform static code analysis on C / C++ code
[3.757s] -- Configured cppcheck include dirs: /home/ros2/ros2_ws/src/sebot_localization /include;$<BUILD_INTERFACE:/home/ros2/ros2_ws/src/sebot_localization /include>
[3.757s] -- Configured cppcheck exclude dirs and/or files: 
[3.763s] -- Added test 'flake8' to check Python code syntax and style conventions
[3.763s] -- Configured 'flake8' exclude dirs and/or files: 
[3.766s] -- Added test 'lint_cmake' to check CMake code style
[3.769s] -- Added test 'pep257' to check Python code against some of the docstring style conventions in PEP 257
[3.778s] -- Added test 'uncrustify' to check C / C++ code style
[3.778s] -- Configured uncrustify additional arguments: 
[3.788s] -- Added test 'xmllint' to check XML markup files
[3.796s] -- Configuring done (3.7s)
[4.062s] -- Generating done (0.2s)
[4.114s] -- Build files have been written to: /home/ros2/ros2_ws/build/sebot_localization
[4.199s] Invoked command in '/home/ros2/ros2_ws/build/sebot_localization' returned '0': CMAKE_PREFIX_PATH=${CMAKE_PREFIX_PATH}:/home/ros2/ros2_ws/install/uwb_tracking_ros2:/home/ros2/ros2_ws/install/sebot_navigation:/home/ros2/ros2_ws/install/motordriver:/home/ros2/ros2_ws/install/diffdrive:/opt/ros/jazzy DEBUGINFOD_URLS=https://debuginfod.ubuntu.com /usr/bin/cmake /home/ros2/ros2_ws/src/sebot_localization  -DAMENT_CMAKE_SYMLINK_INSTALL=1 -DCMAKE_INSTALL_PREFIX=/home/ros2/ros2_ws/install/sebot_localization
[4.205s] Invoking command in '/home/ros2/ros2_ws/build/sebot_localization': CMAKE_PREFIX_PATH=${CMAKE_PREFIX_PATH}:/home/ros2/ros2_ws/install/uwb_tracking_ros2:/home/ros2/ros2_ws/install/sebot_navigation:/home/ros2/ros2_ws/install/motordriver:/home/ros2/ros2_ws/install/diffdrive:/opt/ros/jazzy DEBUGINFOD_URLS=https://debuginfod.ubuntu.com /usr/bin/cmake --build /home/ros2/ros2_ws/build/sebot_localization -- -j4 -l4
[4.662s] [ 33%] Built target ekf_node
[4.674s] [ 66%] Built target uwb_transform_node
[4.691s] [100%] Built target uwb_transform_dual_ekf_node
[4.747s] Invoked command in '/home/ros2/ros2_ws/build/sebot_localization' returned '0': CMAKE_PREFIX_PATH=${CMAKE_PREFIX_PATH}:/home/ros2/ros2_ws/install/uwb_tracking_ros2:/home/ros2/ros2_ws/install/sebot_navigation:/home/ros2/ros2_ws/install/motordriver:/home/ros2/ros2_ws/install/diffdrive:/opt/ros/jazzy DEBUGINFOD_URLS=https://debuginfod.ubuntu.com /usr/bin/cmake --build /home/ros2/ros2_ws/build/sebot_localization -- -j4 -l4
[4.752s] Invoking command in '/home/ros2/ros2_ws/build/sebot_localization': CMAKE_PREFIX_PATH=${CMAKE_PREFIX_PATH}:/home/ros2/ros2_ws/install/uwb_tracking_ros2:/home/ros2/ros2_ws/install/sebot_navigation:/home/ros2/ros2_ws/install/motordriver:/home/ros2/ros2_ws/install/diffdrive:/opt/ros/jazzy DEBUGINFOD_URLS=https://debuginfod.ubuntu.com /usr/bin/cmake --install /home/ros2/ros2_ws/build/sebot_localization
[4.800s] -- Install configuration: ""
[4.800s] -- Execute custom install script
[4.803s] -- Up-to-date symlink: /home/ros2/ros2_ws/install/sebot_localization/lib/sebot_localization/ekf_node
[4.803s] -- Up-to-date symlink: /home/ros2/ros2_ws/install/sebot_localization/lib/sebot_localization/uwb_transform_node
[4.805s] -- Up-to-date symlink: /home/ros2/ros2_ws/install/sebot_localization/lib/sebot_localization/uwb_transform_dual_ekf_node
[4.805s] -- Up-to-date symlink: /home/ros2/ros2_ws/install/sebot_localization/share/sebot_localization/launch/ekf.launch.py
[4.805s] -- Up-to-date symlink: /home/ros2/ros2_ws/install/sebot_localization/share/sebot_localization/launch/ekf_dual.launch.py
[4.806s] -- Up-to-date symlink: /home/ros2/ros2_ws/install/sebot_localization/share/sebot_localization/config/ekf.yaml
[4.807s] -- Up-to-date symlink: /home/ros2/ros2_ws/install/sebot_localization/share/sebot_localization/config/ekf_dual.yaml
[4.807s] -- Up-to-date symlink: /home/ros2/ros2_ws/install/sebot_localization/share/ament_index/resource_index/package_run_dependencies/sebot_localization
[4.807s] -- Up-to-date symlink: /home/ros2/ros2_ws/install/sebot_localization/share/ament_index/resource_index/parent_prefix_path/sebot_localization
[4.807s] -- Up-to-date symlink: /home/ros2/ros2_ws/install/sebot_localization/share/sebot_localization/environment/ament_prefix_path.sh
[4.808s] -- Up-to-date symlink: /home/ros2/ros2_ws/install/sebot_localization/share/sebot_localization/environment/ament_prefix_path.dsv
[4.809s] -- Up-to-date symlink: /home/ros2/ros2_ws/install/sebot_localization/share/sebot_localization/environment/path.sh
[4.809s] -- Up-to-date symlink: /home/ros2/ros2_ws/install/sebot_localization/share/sebot_localization/environment/path.dsv
[4.809s] -- Up-to-date symlink: /home/ros2/ros2_ws/install/sebot_localization/share/sebot_localization/local_setup.bash
[4.814s] -- Up-to-date symlink: /home/ros2/ros2_ws/install/sebot_localization/share/sebot_localization/local_setup.sh
[4.814s] -- Up-to-date symlink: /home/ros2/ros2_ws/install/sebot_localization/share/sebot_localization/local_setup.zsh
[4.814s] -- Up-to-date symlink: /home/ros2/ros2_ws/install/sebot_localization/share/sebot_localization/local_setup.dsv
[4.815s] -- Symlinking: /home/ros2/ros2_ws/install/sebot_localization/share/sebot_localization/package.dsv
[4.843s] -- Up-to-date symlink: /home/ros2/ros2_ws/install/sebot_localization/share/ament_index/resource_index/packages/sebot_localization
[4.844s] -- Up-to-date symlink: /home/ros2/ros2_ws/install/sebot_localization/share/sebot_localization/cmake/sebot_localizationConfig.cmake
[4.848s] -- Up-to-date symlink: /home/ros2/ros2_ws/install/sebot_localization/share/sebot_localization/cmake/sebot_localizationConfig-version.cmake
[4.849s] -- Up-to-date symlink: /home/ros2/ros2_ws/install/sebot_localization/share/sebot_localization/package.xml
[4.863s] Invoked command in '/home/ros2/ros2_ws/build/sebot_localization' returned '0': CMAKE_PREFIX_PATH=${CMAKE_PREFIX_PATH}:/home/ros2/ros2_ws/install/uwb_tracking_ros2:/home/ros2/ros2_ws/install/sebot_navigation:/home/ros2/ros2_ws/install/motordriver:/home/ros2/ros2_ws/install/diffdrive:/opt/ros/jazzy DEBUGINFOD_URLS=https://debuginfod.ubuntu.com /usr/bin/cmake --install /home/ros2/ros2_ws/build/sebot_localization
