In file included from [01m[K/usr/include/c++/13/memory:78[m[K,
                 from [01m[K/opt/ros/jazzy/include/rclcpp/rclcpp/rclcpp.hpp:169[m[K,
                 from [01m[K/home/ros2/ros2_ws/src/sebot_localization /src/ekf_node.cpp:1[m[K:
/usr/include/c++/13/bits/unique_ptr.h: In instantiation of ‘[01m[Kstd::__detail::__unique_ptr_t<_Tp> std::[01;32m[Kmake_unique[m[K(_Args&& ...) [35m[K[with _Tp = ExtendedKalmanFilter; _Args = {double, double, double, double, double}; __detail::__unique_ptr_t<_Tp> = __detail::__unique_ptr_t<ExtendedKalmanFilter>][m[K[m[K’:
[01m[K/home/ros2/ros2_ws/src/sebot_localization /src/ekf_node.cpp:15:54:[m[K   required from here
[01m[K/usr/include/c++/13/bits/unique_ptr.h:1070:30:[m[K [01;31m[Kerror: [m[Kno matching function for call to ‘[01m[KExtendedKalmanFilter::ExtendedKalmanFilter(double, double, double, double, double)[m[K’
 1070 |     { return unique_ptr<_Tp>([01;31m[Knew _Tp(std::forward<_Args>(__args)...)[m[K); }
      |                              [01;31m[K^~~~~~~~~~~~~~~~~~~~~~~~~~~~~~~~~~~~~~~[m[K
In file included from [01m[K/home/ros2/ros2_ws/src/sebot_localization /src/ekf_node.cpp:5[m[K:
[01m[K/home/ros2/ros2_ws/src/sebot_localization /src/ekf.hpp:20:5:[m[K [01;36m[Knote: [m[Kcandidate: ‘[01m[KExtendedKalmanFilter::[01;32m[KExtendedKalmanFilter[m[K(double, double, double, double)[m[K’
   20 |     [01;36m[KExtendedKalmanFilter[m[K(double x0 = 0, double y0 = 0, double theta0 = 0, double wz0 = 0) {
      |     [01;36m[K^~~~~~~~~~~~~~~~~~~~[m[K
[01m[K/home/ros2/ros2_ws/src/sebot_localization /src/ekf.hpp:20:5:[m[K [01;36m[Knote: [m[K  candidate expects 4 arguments, 5 provided
[01m[K/home/ros2/ros2_ws/src/sebot_localization /src/ekf.hpp:5:7:[m[K [01;36m[Knote: [m[Kcandidate: ‘[01m[KExtendedKalmanFilter::[01;32m[KExtendedKalmanFilter[m[K(const ExtendedKalmanFilter&)[m[K’
    5 | class [01;36m[KExtendedKalmanFilter[m[K {
      |       [01;36m[K^~~~~~~~~~~~~~~~~~~~[m[K
[01m[K/home/ros2/ros2_ws/src/sebot_localization /src/ekf.hpp:5:7:[m[K [01;36m[Knote: [m[K  candidate expects 1 argument, 5 provided
[01m[K/home/ros2/ros2_ws/src/sebot_localization /src/ekf.hpp:5:7:[m[K [01;36m[Knote: [m[Kcandidate: ‘[01m[KExtendedKalmanFilter::[01;32m[KExtendedKalmanFilter[m[K(ExtendedKalmanFilter&&)[m[K’
[01m[K/home/ros2/ros2_ws/src/sebot_localization /src/ekf.hpp:5:7:[m[K [01;36m[Knote: [m[K  candidate expects 1 argument, 5 provided
gmake[2]: *** [CMakeFiles/ekf_node.dir/build.make:76: CMakeFiles/ekf_node.dir/src/ekf_node.cpp.o] Error 1
gmake[1]: *** [CMakeFiles/Makefile2:141: CMakeFiles/ekf_node.dir/all] Error 2
gmake: *** [Makefile:146: all] Error 2
