[3.645s] Invoking command in '/home/ros2/ros2_ws/build/diffdrive': DEBUGINFOD_URLS=https://debuginfod.ubuntu.com PYTHONPATH=/home/ros2/ros2_ws/build/diffdrive/prefix_override:/usr/lib/python3/dist-packages/colcon_core/task/python/colcon_distutils_commands:/home/ros2/ros2_ws/install/diffdrive/lib/python3.12/site-packages:${PYTHONPATH} /usr/bin/python3 -W ignore:setup.py install is deprecated -W ignore:easy_install command is deprecated setup.py develop --editable --build-directory /home/ros2/ros2_ws/build/diffdrive/build --no-deps symlink_data
[4.816s] running develop
[5.610s] running egg_info
[5.713s] writing diffdrive.egg-info/PKG-INFO
[5.713s] writing dependency_links to diffdrive.egg-info/dependency_links.txt
[5.715s] writing entry points to diffdrive.egg-info/entry_points.txt
[5.719s] writing requirements to diffdrive.egg-info/requires.txt
[5.720s] writing top-level names to diffdrive.egg-info/top_level.txt
[5.896s] reading manifest file 'diffdrive.egg-info/SOURCES.txt'
[5.898s] writing manifest file 'diffdrive.egg-info/SOURCES.txt'
[5.967s] running build_ext
[5.969s] Creating /home/ros2/ros2_ws/install/diffdrive/lib/python3.12/site-packages/diffdrive.egg-link (link to .)
[5.971s] Installing DataLogger script to /home/ros2/ros2_ws/install/diffdrive/lib/diffdrive
[5.974s] Installing cmd_vel script to /home/ros2/ros2_ws/install/diffdrive/lib/diffdrive
[5.975s] Installing odom script to /home/ros2/ros2_ws/install/diffdrive/lib/diffdrive
[5.975s] Installing odom_imu script to /home/ros2/ros2_ws/install/diffdrive/lib/diffdrive
[5.984s] 
[5.984s] Installed /home/ros2/ros2_ws/build/diffdrive
[5.988s] running symlink_data
[6.192s] Invoked command in '/home/ros2/ros2_ws/build/diffdrive' returned '0': DEBUGINFOD_URLS=https://debuginfod.ubuntu.com PYTHONPATH=/home/ros2/ros2_ws/build/diffdrive/prefix_override:/usr/lib/python3/dist-packages/colcon_core/task/python/colcon_distutils_commands:/home/ros2/ros2_ws/install/diffdrive/lib/python3.12/site-packages:${PYTHONPATH} /usr/bin/python3 -W ignore:setup.py install is deprecated -W ignore:easy_install command is deprecated setup.py develop --editable --build-directory /home/ros2/ros2_ws/build/diffdrive/build --no-deps symlink_data
