[3.080s] Invoking command in '/home/ros2/ros2_ws/build/diffdrive': DEBUGINFOD_URLS=https://debuginfod.ubuntu.com PYTHONPATH=/home/ros2/ros2_ws/build/diffdrive/prefix_override:/usr/lib/python3/dist-packages/colcon_core/task/python/colcon_distutils_commands:/home/ros2/ros2_ws/install/diffdrive/lib/python3.12/site-packages:${PYTHONPATH} /usr/bin/python3 -W ignore:setup.py install is deprecated -W ignore:easy_install command is deprecated setup.py develop --uninstall --editable --build-directory /home/ros2/ros2_ws/build/diffdrive/build
[3.873s] running develop
[4.315s] Removing /home/ros2/ros2_ws/install/diffdrive/lib/python3.12/site-packages/diffdrive.egg-link (link to .)
[4.497s] Invoked command in '/home/ros2/ros2_ws/build/diffdrive' returned '0': DEBUGINFOD_URLS=https://debuginfod.ubuntu.com PYTHONPATH=/home/ros2/ros2_ws/build/diffdrive/prefix_override:/usr/lib/python3/dist-packages/colcon_core/task/python/colcon_distutils_commands:/home/ros2/ros2_ws/install/diffdrive/lib/python3.12/site-packages:${PYTHONPATH} /usr/bin/python3 -W ignore:setup.py install is deprecated -W ignore:easy_install command is deprecated setup.py develop --uninstall --editable --build-directory /home/ros2/ros2_ws/build/diffdrive/build
[4.497s] Invoking command in '/home/ros2/ros2_ws/src/diffdrive': DEBUGINFOD_URLS=https://debuginfod.ubuntu.com PYTHONPATH=/home/ros2/ros2_ws/build/diffdrive/prefix_override:/usr/lib/python3/dist-packages/colcon_core/task/python/colcon_distutils_commands:/home/ros2/ros2_ws/install/diffdrive/lib/python3.12/site-packages:${PYTHONPATH} /usr/bin/python3 -W ignore:setup.py install is deprecated -W ignore:easy_install command is deprecated setup.py egg_info --egg-base ../../build/diffdrive build --build-base /home/ros2/ros2_ws/build/diffdrive/build install --record /home/ros2/ros2_ws/build/diffdrive/install.log --single-version-externally-managed install_data --force
[5.332s] running egg_info
[5.468s] writing ../../build/diffdrive/diffdrive.egg-info/PKG-INFO
[5.468s] writing dependency_links to ../../build/diffdrive/diffdrive.egg-info/dependency_links.txt
[5.468s] writing entry points to ../../build/diffdrive/diffdrive.egg-info/entry_points.txt
[5.471s] writing requirements to ../../build/diffdrive/diffdrive.egg-info/requires.txt
[5.471s] writing top-level names to ../../build/diffdrive/diffdrive.egg-info/top_level.txt
[5.709s] reading manifest file '../../build/diffdrive/diffdrive.egg-info/SOURCES.txt'
[5.719s] writing manifest file '../../build/diffdrive/diffdrive.egg-info/SOURCES.txt'
[5.722s] running build
[5.723s] running build_py
[5.724s] copying diffdrive/odom_origin.py -> /home/ros2/ros2_ws/build/diffdrive/build/lib/diffdrive
[5.729s] running install
[5.773s] running install_lib
[5.902s] creating /home/ros2/ros2_ws/install/diffdrive/lib/python3.12/site-packages/diffdrive
[5.903s] copying /home/ros2/ros2_ws/build/diffdrive/build/lib/diffdrive/odom_origin.py -> /home/ros2/ros2_ws/install/diffdrive/lib/python3.12/site-packages/diffdrive
[5.904s] copying /home/ros2/ros2_ws/build/diffdrive/build/lib/diffdrive/encoder.py -> /home/ros2/ros2_ws/install/diffdrive/lib/python3.12/site-packages/diffdrive
[5.905s] copying /home/ros2/ros2_ws/build/diffdrive/build/lib/diffdrive/__init__.py -> /home/ros2/ros2_ws/install/diffdrive/lib/python3.12/site-packages/diffdrive
[5.905s] copying /home/ros2/ros2_ws/build/diffdrive/build/lib/diffdrive/DataLogger.py -> /home/ros2/ros2_ws/install/diffdrive/lib/python3.12/site-packages/diffdrive
[5.906s] copying /home/ros2/ros2_ws/build/diffdrive/build/lib/diffdrive/odom_imu.py -> /home/ros2/ros2_ws/install/diffdrive/lib/python3.12/site-packages/diffdrive
[5.913s] copying /home/ros2/ros2_ws/build/diffdrive/build/lib/diffdrive/odom.py -> /home/ros2/ros2_ws/install/diffdrive/lib/python3.12/site-packages/diffdrive
[5.914s] copying /home/ros2/ros2_ws/build/diffdrive/build/lib/diffdrive/cmd_vel.py -> /home/ros2/ros2_ws/install/diffdrive/lib/python3.12/site-packages/diffdrive
[5.921s] byte-compiling /home/ros2/ros2_ws/install/diffdrive/lib/python3.12/site-packages/diffdrive/odom_origin.py to odom_origin.cpython-312.pyc
[5.927s] byte-compiling /home/ros2/ros2_ws/install/diffdrive/lib/python3.12/site-packages/diffdrive/encoder.py to encoder.cpython-312.pyc
[5.927s] byte-compiling /home/ros2/ros2_ws/install/diffdrive/lib/python3.12/site-packages/diffdrive/__init__.py to __init__.cpython-312.pyc
[5.931s] byte-compiling /home/ros2/ros2_ws/install/diffdrive/lib/python3.12/site-packages/diffdrive/DataLogger.py to DataLogger.cpython-312.pyc
[5.936s] byte-compiling /home/ros2/ros2_ws/install/diffdrive/lib/python3.12/site-packages/diffdrive/odom_imu.py to odom_imu.cpython-312.pyc
[5.945s] byte-compiling /home/ros2/ros2_ws/install/diffdrive/lib/python3.12/site-packages/diffdrive/odom.py to odom.cpython-312.pyc
[5.953s] byte-compiling /home/ros2/ros2_ws/install/diffdrive/lib/python3.12/site-packages/diffdrive/cmd_vel.py to cmd_vel.cpython-312.pyc
[5.959s] running install_data
[5.960s] copying resource/diffdrive -> /home/ros2/ros2_ws/install/diffdrive/share/ament_index/resource_index/packages
[5.963s] copying package.xml -> /home/ros2/ros2_ws/install/diffdrive/share/diffdrive
[5.964s] copying launch/odom.launch.py -> /home/ros2/ros2_ws/install/diffdrive/share/diffdrive/launch
[5.965s] copying launch/diffdrive.launch.py -> /home/ros2/ros2_ws/install/diffdrive/share/diffdrive/launch
[5.965s] running install_egg_info
[6.062s] Copying ../../build/diffdrive/diffdrive.egg-info to /home/ros2/ros2_ws/install/diffdrive/lib/python3.12/site-packages/diffdrive-0.0.0-py3.12.egg-info
[6.067s] running install_scripts
[6.828s] Installing DataLogger script to /home/ros2/ros2_ws/install/diffdrive/lib/diffdrive
[6.829s] Installing cmd_vel script to /home/ros2/ros2_ws/install/diffdrive/lib/diffdrive
[6.831s] Installing odom script to /home/ros2/ros2_ws/install/diffdrive/lib/diffdrive
[6.832s] Installing odom_imu script to /home/ros2/ros2_ws/install/diffdrive/lib/diffdrive
[6.832s] Installing odom_origin script to /home/ros2/ros2_ws/install/diffdrive/lib/diffdrive
[6.834s] writing list of installed files to '/home/ros2/ros2_ws/build/diffdrive/install.log'
[7.082s] Invoked command in '/home/ros2/ros2_ws/src/diffdrive' returned '0': DEBUGINFOD_URLS=https://debuginfod.ubuntu.com PYTHONPATH=/home/ros2/ros2_ws/build/diffdrive/prefix_override:/usr/lib/python3/dist-packages/colcon_core/task/python/colcon_distutils_commands:/home/ros2/ros2_ws/install/diffdrive/lib/python3.12/site-packages:${PYTHONPATH} /usr/bin/python3 -W ignore:setup.py install is deprecated -W ignore:easy_install command is deprecated setup.py egg_info --egg-base ../../build/diffdrive build --build-base /home/ros2/ros2_ws/build/diffdrive/build install --record /home/ros2/ros2_ws/build/diffdrive/install.log --single-version-externally-managed install_data --force
