[5.951s] Invoking command in '/home/ros2/ros2_ws/build/diffdrive': DEBUGINFOD_URLS=https://debuginfod.ubuntu.com PYTHONPATH=/home/ros2/ros2_ws/build/diffdrive/prefix_override:/usr/lib/python3/dist-packages/colcon_core/task/python/colcon_distutils_commands:/home/ros2/ros2_ws/install/diffdrive/lib/python3.12/site-packages:${PYTHONPATH} /usr/bin/python3 -W ignore:setup.py install is deprecated -W ignore:easy_install command is deprecated setup.py develop --editable --build-directory /home/ros2/ros2_ws/build/diffdrive/build --no-deps symlink_data
[7.234s] running develop
[7.929s] running egg_info
[7.972s] writing diffdrive.egg-info/PKG-INFO
[7.974s] writing dependency_links to diffdrive.egg-info/dependency_links.txt
[7.974s] writing entry points to diffdrive.egg-info/entry_points.txt
[7.974s] writing requirements to diffdrive.egg-info/requires.txt
[7.978s] writing top-level names to diffdrive.egg-info/top_level.txt
[8.076s] reading manifest file 'diffdrive.egg-info/SOURCES.txt'
[8.080s] writing manifest file 'diffdrive.egg-info/SOURCES.txt'
[8.126s] running build_ext
[8.127s] Creating /home/ros2/ros2_ws/install/diffdrive/lib/python3.12/site-packages/diffdrive.egg-link (link to .)
[8.129s] Installing DataLogger script to /home/ros2/ros2_ws/install/diffdrive/lib/diffdrive
[8.129s] Installing cmd_vel script to /home/ros2/ros2_ws/install/diffdrive/lib/diffdrive
[8.129s] Installing odom script to /home/ros2/ros2_ws/install/diffdrive/lib/diffdrive
[8.129s] Installing odom_imu script to /home/ros2/ros2_ws/install/diffdrive/lib/diffdrive
[8.129s] Installing odom_origin script to /home/ros2/ros2_ws/install/diffdrive/lib/diffdrive
[8.130s] 
[8.130s] Installed /home/ros2/ros2_ws/build/diffdrive
[8.136s] running symlink_data
[8.491s] Invoked command in '/home/ros2/ros2_ws/build/diffdrive' returned '0': DEBUGINFOD_URLS=https://debuginfod.ubuntu.com PYTHONPATH=/home/ros2/ros2_ws/build/diffdrive/prefix_override:/usr/lib/python3/dist-packages/colcon_core/task/python/colcon_distutils_commands:/home/ros2/ros2_ws/install/diffdrive/lib/python3.12/site-packages:${PYTHONPATH} /usr/bin/python3 -W ignore:setup.py install is deprecated -W ignore:easy_install command is deprecated setup.py develop --editable --build-directory /home/ros2/ros2_ws/build/diffdrive/build --no-deps symlink_data
